2026-06-12T00:30:01Z|172da6e5-f264-48fe-a407-b3dda523ea5c|cdced8aa647360ba57a4e87ac91fe595c3a7f432e3df7e565f6d0447a51c9deb|baseball_mlb|spread|2026-06-12T23:10:00Z
2026-06-12T00:30:01Z|674c52c9-60e8-4cc5-ba9c-fcf95b5e7cb3|3737a8c4020ef718a4f8addac5d0e8943d2449250e7dcd706feb65bd698f3f1c|baseball_mlb|spread|2026-06-12T23:10:00Z
2026-06-12T00:30:01Z|abe5de6c-db1f-4639-bccb-b768e735e60e|7c2a86d962c7b11ebae880c0461acfd2035df9e81a7bbe9062193cadf10412b2|baseball_mlb|spread|2026-06-12T23:40:00Z
2026-06-12T01:00:01Z|8211977a-bb58-4357-b020-0184a0953bb9|9b141804636a6b3c50d57563405735e3927f0f98f6a69245b270ab5a12570054|baseball_mlb|spread|2026-06-12T23:05:00Z
2026-06-12T01:00:01Z|d3acdbd9-c77a-4b29-80bf-fe982fd65a79|bc294f66aaa0b7ba7e773e781341c6ce57e9e7a14066df18eb82b301d6b077e4|baseball_mlb|spread|2026-06-12T22:45:00Z
2026-06-12T02:00:01Z|a7eb79af-282b-42df-bf78-8b752872cfc6|96845d48045ab72a7547a553000a0e6ce31056e29ead5c91be92ea8944bd6718|baseball_mlb|spread|2026-06-12T23:40:00Z
2026-06-12T02:00:01Z|df80145e-d9eb-4f97-b841-9c0bcc748884|be20c04cf826d669b94dc332b2b5fe0f22ecf8d9255d5c344e4623d8b1bad85d|baseball_mlb|spread|2026-06-12T23:37:00Z
2026-06-12T02:00:01Z|29fc8bd6-9144-4cfc-9c16-2e39a9861ec0|5810540cf2b19f18b966ac78f17857cc28c74cac0725bd05fdab636b8651144d|baseball_mlb|moneyline|2026-06-12T23:40:00Z
2026-06-12T02:00:01Z|6353d66f-a17a-47c7-b4a3-e80940bdc20a|65a8ee023c971daa1dc10cdc0ac763a1f3fedf0c821e7dc78420a0ad52d33460|baseball_mlb|total|2026-06-12T23:37:00Z
2026-06-12T02:30:02Z|6b598de3-994e-465a-8f50-219969691544|489463a0628c863e00a559cefd6dbd5190388a29a297878667459cb12ef04f6e|baseball_mlb|spread|2026-06-12T22:40:00Z
2026-06-12T04:00:01Z|b94e0c31-f66b-433e-a4dc-a540a965bf16|03b2927f70ed030749b19873c42436c7d44e39627469ab4ecd77a224b0f1a21a|baseball_mlb|spread|2026-06-12T23:40:00Z
2026-06-12T04:30:01Z|d5a21c95-b7be-4f50-a29d-46a8496841c6|7da2f6787b2e4b2b1296af7bba8d376971db742b5ea6a89fd1660085d766587c|baseball_mlb|moneyline|2026-06-13T00:10:00Z
2026-06-12T04:30:01Z|1195eef6-3995-43b6-b0a6-a2c25ed5d270|7904c28216c122c084e277dea31f0c707439833fbcf55b3f0f2ecaf612fde374|baseball_mlb|spread|2026-06-12T23:10:00Z
2026-06-12T04:30:01Z|d59bce42-b485-4ec8-98c4-ecc97f35b6d3|e7d1630a0ea594336305e974456fe6297e82899cb95a3597da99212e23845258|basketball_nba|spread|2026-06-14T00:30:00Z
2026-06-12T04:30:01Z|04afc3d2-2ce9-4127-9165-3e4022968938|26cf6f6e2ba5629873a4b37eff1bfeb66da9f55b9deba35168452c229abb037e|baseball_mlb|moneyline|2026-06-13T02:05:00Z
2026-06-12T04:30:01Z|c55f5d3d-4558-4ff7-b744-29b14988e6e9|b70ccf6c7c470d3353af4cda7672fc4ff21cf591b8a4b2f6c43bdfdcaff8d3c2|baseball_mlb|spread|2026-06-13T00:10:00Z
2026-06-12T04:30:01Z|b10bb05c-32db-407c-9665-4502304ab6c2|fdb437b6d957c98bb5c13acb8533518f9811939ce54ce902349c2da84b29bde4|baseball_mlb|spread|2026-06-13T00:10:00Z
2026-06-12T04:30:01Z|297fdfc5-0dda-413a-a812-24d2bb0e7337|8645dfae265548db37ccfcacf8908518ffe50dbca1a4673c1b71d9a7e74d74da|baseball_mlb|spread|2026-06-13T02:05:00Z
2026-06-12T04:30:01Z|fea07884-b23b-4a93-b2eb-5ad5cad603c5|eebc0f9f2496730f9a224f9375786c1eb129ce9cd76cf4fafbed1220ca6d28a6|baseball_mlb|spread|2026-06-13T02:15:00Z
2026-06-12T05:00:01Z|3083e8c6-f55f-478d-acb9-d1a9753fc901|cf42c12760e28e37edcff9ef3abcf8c0abfb70eff6288be9c7da5e2bc9b71443|baseball_mlb|spread|2026-06-12T23:10:00Z
2026-06-12T05:00:01Z|489a33e0-f85a-4359-86d6-4e2850d6c0a8|ea88fcae5946ce34c017e3f1a5b637e11f0aad0f6036ddfa60b4ea06cbd39405|baseball_mlb|spread|2026-06-13T01:38:00Z
2026-06-12T05:00:01Z|83c15bd9-c0ee-428e-8c29-fc0fd2b83246|49fb97307fda72c967c28573932408cdd7075d204f832e65bf52a1d28d6700b3|baseball_mlb|spread|2026-06-12T23:10:00Z
2026-06-12T05:00:01Z|eb4338f3-7534-45f3-9aa8-66c72f1a11d9|ffd712f16db90362105a1af71963083fdd14c09dad4bb42ebd825d0dde586f90|baseball_mlb|moneyline|2026-06-13T00:10:00Z
