2026-05-20T02:00:02Z|f8bfd359-79cf-44f2-868a-8f897a0c4158|85f3bad66711d755578d077066a7a5c276a6f623671d3863c74390d1ccf90e5d|baseball_mlb|spread|2026-05-20T23:05:00Z
2026-05-20T02:30:02Z|0873bf9f-ec91-4327-8d83-b294a54cbcb6|796843a4bdb802d8a789bd3a5604c942847392453f618937a8d4009260c3e8c4|baseball_mlb|spread|2026-05-20T23:40:00Z
2026-05-20T04:30:01Z|393735ee-20cf-4249-a45a-8e74a72570de|e024e3f34475937205909d37317fcff96c26a64601d6b7730a7a498a55d1f678|baseball_mlb|spread|2026-05-20T17:40:00Z
2026-05-20T04:30:01Z|ea1f9ae7-85b4-4a1c-a6b8-241a6da99bc1|18b579a9bcec6396595e1ead73066a05d7a5ae7ef78b273368ad44677938d539|basketball_nba|spread|2026-05-22T00:00:00Z
2026-05-20T04:30:01Z|159af2d0-d33e-4550-a39c-69539be6ae22|824a2507af4f2f3ca003b4cfe2a409a3a449cdca28268416e6c5e5bbdfae7528|icehockey_nhl|spread|2026-05-22T00:00:00Z
2026-05-20T04:30:01Z|74901fd2-e5e1-409b-a851-eb5e923b5c4c|a2246118a7f641ad99cf48fd5c78d67db831fd19150f7345b1f4aa60eca60e5e|baseball_mlb|moneyline|2026-05-21T01:38:00Z
2026-05-20T04:30:01Z|0ba1ade6-35f9-43ec-a04a-7305e8d3a91a|be592b069e289d86a543eb251d8afdfdce3d5566141e1272f0dce7d91ff0b2d3|baseball_mlb|moneyline|2026-05-21T00:40:00Z
2026-05-20T04:30:01Z|44b0ada0-4278-42bd-8492-719befe1853a|ac281bf9921d63cafd8a9d4ec543d05d07694c674c67beb311c824995b468fe1|baseball_mlb|spread|2026-05-20T20:10:00Z
2026-05-20T04:30:01Z|65f8d9ee-b0fa-40dd-9bb1-ea33410f866e|5f33119b190fb8e0b675c6cb3b9dbb918a94a4b7f189bf00c26ba61c94b73144|baseball_mlb|spread|2026-05-20T23:40:00Z
2026-05-20T04:30:01Z|499cea2f-2cae-440b-b7d3-b5d78655b2ea|4345ae5fb09d8b53cf1afe6d33361f043bf3e263a8b182116976dc36dc62659f|baseball_mlb|spread|2026-05-21T01:38:00Z
2026-05-20T04:30:01Z|661638f3-debe-477b-82fb-58c30653d205|896480d09f35c55d64a28a18f70189462f21019827d9569991e07f4cc77f1a54|icehockey_nhl|moneyline|2026-05-22T00:00:00Z
2026-05-20T05:00:02Z|cd522e93-339d-47c9-a43d-41a1ed26473f|23abb31fd3febc4b5388f91a2f9a6c06455befda34202be9dcd3ec0ee282746c|baseball_mlb|spread|2026-05-20T22:40:00Z
2026-05-20T05:00:02Z|69e2c373-6a83-478a-bdf8-432dcd32921d|aca2d7b6c28b736f64497cdf3c0777c313721682ab49aae7c06aa67fd19dce09|basketball_nba|moneyline|2026-05-22T00:00:00Z
2026-05-20T05:30:01Z|91b7282a-0552-409e-b4ce-4fa18eb4c01a|8896235c2af6ad6681a42c5c3f78721e6d71886c9a940e147af0e94d4a3e5136|baseball_mlb|spread|2026-05-20T22:45:00Z
2026-05-20T05:30:01Z|b7a0e46d-bde1-4e98-993e-37b76c837b20|f699a17d4fad3bf47b3b783717a395d76ed44254bd19f20bcfcb739b4ac96f3e|baseball_mlb|spread|2026-05-20T22:40:00Z
2026-05-20T05:30:01Z|0aaac7e7-c2ab-4640-b9d9-2ca1b9c270f3|aaef4b2ccc729a003a911f693ac7a6572a4506ce635fbf3c254842bb32ffa891|baseball_mlb|spread|2026-05-20T19:10:00Z
2026-05-20T05:30:01Z|192c8ead-a826-495a-9e15-932305e85f60|86917a3369a27f32584f95f0cebe124d32ed829ad6c4c72768ada6923c6dfe3f|baseball_mlb|spread|2026-05-20T17:05:00Z
2026-05-20T05:30:01Z|ded8c11c-f220-44ae-80f2-fc785bf2de29|2d0eae1c980955da5d9efa90597978e154129231230bd82d35affbb1aa8c927e|baseball_mlb|spread|2026-05-21T00:40:00Z
2026-05-20T05:30:01Z|0e9b7c9d-775d-49c4-9af9-9472db6be5dd|c7e821219f4856c708893b4e0726b7a1392287bb5837aed5b3491ebb7ca33c36|baseball_mlb|moneyline|2026-05-20T22:40:00Z
2026-05-20T06:30:01Z|e9297caf-4508-4bf5-9c56-5e7a3496c979|a4a17d258f97030092c9f916d0a4c13817d155354a4e92f0afefb4277d8ac072|baseball_mlb|spread|2026-05-20T23:40:00Z
2026-05-20T06:30:01Z|67f97e85-4d5b-4370-a859-8ec62abb990b|7297de483581684b9e42bcd184f8966726d9539884ca8442f9e17fc2053873a7|baseball_mlb|spread|2026-05-20T23:05:00Z
2026-05-20T08:30:01Z|34d98b18-fd6e-45f1-9fae-da6fafbd46f2|73f9a58e949c72b5d58e0d73d18b2e5ac2c3550e1b597528e81926b61b86db6c|basketball_nba|spread|2026-05-22T00:00:00Z
2026-05-20T08:30:01Z|a27d4ab8-c68a-4dba-a6d2-6532b09e02e5|e6d770fb58d54ed966e37c151a8ee16e1fae1510c81b7133cdfb1845aff61249|baseball_mlb|spread|2026-05-20T19:10:00Z
2026-05-20T08:30:01Z|4457af63-59ac-4ca0-9b14-d4a34245e7bd|12e9984a48795f0e895e4568584b7e3d623567c8dfafe3915c21cf8fa38f8174|baseball_mlb|spread|2026-05-20T17:40:00Z
2026-05-20T08:30:01Z|b179cdbd-895d-4ba7-a343-e6e68bb3de95|a86ebc0b71e2bfbc1d97ce36d263b138204262082c9ed204af5f2fea66db0125|baseball_mlb|spread|2026-05-21T00:40:00Z
2026-05-20T08:30:01Z|236fd9ab-eb50-4c58-94d2-d95681d12964|bff7ae33c6be96b85f31b72f6cc68b15feb8c6e48d3840dd37abe755e40d7a71|baseball_mlb|spread|2026-05-20T20:10:00Z
2026-05-20T08:30:01Z|d0995b2c-a0e9-481f-a13a-511707418cef|cadd6e944c1812a2a0a041e28c0c15d4a414554242956ae4419aff9010cfd86c|baseball_mlb|spread|2026-05-20T23:45:00Z
2026-05-20T09:00:02Z|7117de7b-4a7a-42cc-a76b-0aeffe2e9de2|c831b0b0e3430b36c0b0b53226f687042a911bfbef90f32e2677ddac6ace166a|baseball_mlb|spread|2026-05-20T22:40:00Z
2026-05-20T09:30:01Z|d84453ff-b1f7-43b6-b754-f8b19d304213|200773d96c0eb7183ac407e3a84b73027cd71bc01fe01ed1795f95ae531bc4ac|baseball_mlb|spread|2026-05-20T17:10:00Z
2026-05-20T09:30:01Z|443ded82-6df8-4388-9d63-7b00ccd6d34c|81187bec380e8209344d39f74cde696554ac2d47ac67cbccddd4b99d67241702|baseball_mlb|spread|2026-05-20T19:40:00Z
2026-05-20T09:30:01Z|abbda493-6c2d-4aae-be6b-a63f554acd4a|551d0775aebd62510a4340eb2d0a91d88c02ab336720193cb00ca5bc0d63b1a3|baseball_mlb|spread|2026-05-20T17:05:00Z
2026-05-20T09:30:01Z|88eb523f-fe64-41e7-99c0-86256b6a27cd|d71407a38b4db778ae311a86340c0abdeb20bc7be719392efab9ac519f271bd9|baseball_mlb|spread|2026-05-20T22:40:00Z
2026-05-20T09:30:01Z|f165ce86-c71d-471a-a8ed-e6fb99f109f5|be9dc5c6b02fb9b14d79856859cea9b5dffb02e8214927cf89ceb653ff4e904d|baseball_mlb|spread|2026-05-21T01:38:00Z
2026-05-20T09:30:01Z|bec2ca72-4cac-4633-b46a-3fff1ff9212d|eb017169ed2ae53d1fe782628c2af01af9393f1ee88917c0c7469072c971e6bc|baseball_mlb|spread|2026-05-20T22:45:00Z
2026-05-20T10:30:02Z|d5a6437f-a567-464a-9688-771ab11a6050|1be2a9ecc560745a056ddf5a39ca267c2f9ea1e945ffe781eb2bd8a640659594|baseball_mlb|spread|2026-05-20T23:05:00Z
2026-05-20T10:30:02Z|2487b0c4-997a-4c8a-8228-ff1a45741ac1|66b6452f44a3f73b04e7c97cbc3dbd5ede2f0f7ac6da19358e726aadf28b0a01|baseball_mlb|spread|2026-05-20T23:40:00Z
2026-05-20T12:30:01Z|b07d3e32-6292-4ccf-b564-d5ad7a9b88b5|1ea867ac2aeba05a91eee9fe37e30c4bee8a2898fb691deab81415b15233df94|baseball_mlb|spread|2026-05-20T19:40:00Z
2026-05-20T12:30:01Z|09f26be2-4851-4151-bc75-e7cb0a56e03c|a606090de4f7fc09d72b2ccbd4fa2ef5e291df20074f18ecb63ccb875a52ae30|baseball_mlb|spread|2026-05-20T23:45:00Z
2026-05-20T13:30:01Z|a2b84c42-d93b-4e3d-b2ec-44b143954b24|52a432644d057d79c018901d645cb5c0cfd2dbb9451fe2c73d14d128139d376a|baseball_mlb|spread|2026-05-20T17:40:00Z
2026-05-20T13:30:01Z|cba587c1-f43e-48ee-9c6d-4e3a136c1676|9e2b55b353516536315584a14bd6f41f15acc249a4cc110338a6f26ec0a970ff|baseball_mlb|spread|2026-05-20T19:10:00Z
2026-05-20T13:30:01Z|e4703309-ba6b-457d-b555-6575351ec536|2f5f8af79bf05b02f0686f8b63e846b28d715170b6bb60896711f42fbc787482|baseball_mlb|spread|2026-05-20T17:05:00Z
2026-05-20T13:30:01Z|35814e30-6e17-4f7e-8561-6cd25c80e4f5|6be394d7e4be829bb1f5b8f08ebae904354fd82dbe1a1651a7887c102de82831|baseball_mlb|spread|2026-05-20T22:40:00Z
2026-05-20T13:30:01Z|20aaa8e6-da14-48ff-9eca-fc16b4bfff6e|5406b220a10504cb34799967123c560d5abaecd72d104963773b106204dd4dc9|baseball_mlb|spread|2026-05-20T22:40:00Z
2026-05-20T13:30:01Z|a9caac39-ca8c-4c86-a7bf-5dab14cefbec|fc541b3ee47cc13678b3b1ee7d3e69ac39a29e322ba5435658c87d1fb2e3f1b2|baseball_mlb|spread|2026-05-21T00:40:00Z
2026-05-20T13:30:01Z|4504eb26-fc9d-4687-b438-d60c939e5f9b|f7e3304a2edcb15f1c6efef5153a71c826a3c3ce386073717d0ff8f7758c7316|baseball_mlb|spread|2026-05-21T01:38:00Z
2026-05-20T14:00:01Z|9de7d552-1c58-4eb8-97a6-a249bb0ade78|da87094a6e30fd916bb7d4a36036ed6f27da5c0fa96e9e54799f3fdae5fc4797|baseball_mlb|spread|2026-05-20T22:45:00Z
2026-05-20T14:30:01Z|fec9b184-ae8a-4361-afa1-caca0e886416|70058a88bc734832e009e94cfa10a1dc20cd05d15a5a06e33fccdfd9c61d1edd|baseball_mlb|spread|2026-05-20T23:05:00Z
2026-05-20T14:30:01Z|eaad2209-7dc9-4001-9601-9e76c9831696|412616b2dcd710e6f255219cfa62e5e3c902556061c6b94c42e3109d79c7542c|baseball_mlb|spread|2026-05-20T23:40:00Z
2026-05-20T15:30:02Z|76ce0133-938a-49c7-884d-9ed77bbc36a4|f9c948ee66b1555881396a682c00e640a982a10b5f1027c303485a4f46f5c781|baseball_mlb|spread|2026-05-20T17:10:00Z
