2026-05-22T01:00:01Z|408a7752-ae4b-4245-a77a-85dc2ab8dfa3|79220f23289e56093b9d60d494dabdb4b1c775ec60f7ccfa2e90450810291e2b|baseball_mlb|spread|2026-05-22T23:05:00Z
2026-05-22T02:30:02Z|069e4089-47ec-4c3c-8231-09dd97200333|22be4f0736a764606e4c582ce41956528b1bd90c77a4e1ac757c68b0d94c810f|baseball_mlb|spread|2026-05-22T18:20:00Z
2026-05-22T03:30:01Z|2f4e71c6-016d-4b9a-b14e-d3f5cba4d424|b9cf03738f2962f25c6913c70a942afabb788c30cbd7681060a58c8b27cc4afa|baseball_mlb|moneyline|2026-05-22T23:15:00Z
2026-05-22T03:30:01Z|7dc07769-bb7d-4252-a81f-ae98e6b4f122|3438297fc71d093296549ef940a7f68e63f4d23c3805d7e5a92fe30ee3367863|baseball_mlb|spread|2026-05-22T22:40:00Z
2026-05-22T03:30:01Z|a1841ee5-272b-4bc4-9bd6-09ed46d9a66f|fddb3d0852e081f77490fd4a404ab170952c93e4581db40dee1023d7fb036021|baseball_mlb|spread|2026-05-22T23:10:00Z
2026-05-22T03:30:01Z|0298c600-38a8-486a-980a-32bf08c0c316|ca6f7d2430cdfcd2db821d9fa6e9a42b5ae04f3b0e762d8dd6f6cdcaf644c548|baseball_mlb|spread|2026-05-22T22:40:00Z
2026-05-22T03:30:01Z|9d77541d-a543-476b-a64c-7510a8bd808e|edda9b5a0c1cc56435346b45ae64bb0a5b91a87130189ad5a697a3ea0d0330dd|baseball_mlb|spread|2026-05-22T23:40:00Z
2026-05-22T03:30:01Z|2bf41ae0-a5d6-4319-a29c-4081c39dbebd|3654869070d3c402c2234bcfeb5e714e9f302c5c45032a2ca5aad742b1be7647|baseball_mlb|spread|2026-05-22T23:15:00Z
2026-05-22T04:30:01Z|f5735278-7d3f-445b-a40f-eb591241bc98|6a694891b5890275f5f66ec413d61ae326f81c91d65c06396bbab406dc47cb37|icehockey_nhl|spread|2026-05-23T23:00:00Z
2026-05-22T04:30:01Z|8376b3f3-2f7f-4f4b-b69d-7d697c62d33f|4d786f13e9b0732341c0ba97999bb63e227180dded608f0f27bcdb92a1368922|baseball_mlb|spread|2026-05-22T23:05:00Z
2026-05-22T04:30:01Z|2cfff378-f983-49bb-93a1-bf5656fbc787|6008656ca15b1db94c48f06ecb9985c7dfdbe94ebeb5fbd70f5afa990fdf1f90|basketball_nba|spread|2026-05-24T00:00:00Z
2026-05-22T04:30:01Z|253965b6-875a-4326-896b-ae3453fc1cfc|d2c21a64ed0e91f8370704e829c6f211c79d13b7e28ed23ebbaec66d7f8291c1|baseball_mlb|moneyline|2026-05-23T01:40:00Z
2026-05-22T04:30:01Z|0b6eed45-d3c5-47a3-989d-41d443747cef|3b192dc5eb861af9ea414848f1784102b8068d33a684c72b554114c46e9744bd|baseball_mlb|spread|2026-05-22T23:05:00Z
2026-05-22T04:30:01Z|f8b4c2e5-4005-4ab1-b6aa-3b8b255c2d99|5431b21587e374edc480dd85139c135c30ddb4414c34569d7fc3b83e5e33f274|baseball_mlb|moneyline|2026-05-23T01:38:00Z
2026-05-22T04:30:01Z|a0174505-20cb-4e03-ad27-f2526e52e2b2|b71302f971825754b748046ded2937e9b86b8299a7683126eeeaff7a24b121e8|baseball_mlb|moneyline|2026-05-23T02:15:00Z
2026-05-22T04:30:01Z|8a8b6caf-9023-420d-bb09-67f8cf07ef85|45edf97601ba3da8ef9ec67009b0f60575c6de9ef44e4eea8600e3a1f3637be8|baseball_mlb|moneyline|2026-05-23T01:40:00Z
2026-05-22T04:30:01Z|d895ad3e-462f-46f4-8fc8-be53a7b26896|334896e06f3cb175cb84c844cb6259defda6f2c414ebd2d1c288bce30136c745|baseball_mlb|spread|2026-05-22T23:15:00Z
2026-05-22T04:30:01Z|78ef5714-9da7-4f62-a49b-059348ac52ae|ad067cde2cedebfa0b4bea778d26d9c1702c67da3997d09e7afb607d66fb8cd3|baseball_mlb|spread|2026-05-22T23:40:00Z
2026-05-22T04:30:01Z|524244b8-5a64-492b-9fc6-610b8a836e30|316eca417d049606c27565eeac66bcf7884659c4644db09d836b7c682efa1c5e|baseball_mlb|spread|2026-05-23T01:38:00Z
2026-05-22T04:30:01Z|e3498674-e0cf-4488-9ea3-8915bfd365a8|2b62165db7e98692539b0580fe50427c8fbaf60f1669b7ce41009c17869cd5f7|baseball_mlb|spread|2026-05-23T01:40:00Z
2026-05-22T04:30:01Z|6d24c0bb-32b9-4909-b0aa-3190ce42a14d|b5aee614c3ed399317c021f0bac6b4d2ad7f16a6955d37915da24c6da84b6c3d|baseball_mlb|spread|2026-05-23T02:15:00Z
2026-05-22T04:30:01Z|3afd12f8-7208-4dba-9579-daeef461e5bb|24ffe652c6fbc8d82debb1a8facb2bb5ed7a0c0efdcc9a1ca5446b06fa327334|icehockey_nhl|moneyline|2026-05-23T23:00:00Z
2026-05-22T04:30:01Z|79b2f420-d46b-49d6-8a35-031c605a0549|17c3150bcde7db831fb23cf349f0a5761d5c1137366df39d4f860c11e3b1861f|basketball_nba|moneyline|2026-05-24T00:00:00Z
2026-05-22T06:30:01Z|e9a5c93d-6078-4740-8eb1-33a76c8fdc60|6160cce234df4950a8466d9b929b7c1583e463eb85e88b6bf205ac931d47b03f|baseball_mlb|spread|2026-05-22T23:10:00Z
2026-05-22T06:30:01Z|ffccdda4-2083-4a35-ab5e-4441f61aa52b|b19e7be61c521bce0bdd1768fa3ca99696636cbd0eeed4e74514e2f8987ae66b|baseball_mlb|spread|2026-05-22T18:20:00Z
2026-05-22T08:30:01Z|380caf87-8de6-49c5-8f12-c1f4b2d9e74b|5517f16d857dd4605d081f8f74fb0892544aae1c87a9d678829e95a72cdd1319|baseball_mlb|spread|2026-05-23T01:38:00Z
2026-05-22T08:30:01Z|372ebc25-2adc-4c7b-9698-d2c0cb923b55|f55099cc51066eb17669fbf0316b5f4780cb02a4f1a5a68924b093b7a5e683e8|basketball_nba|spread|2026-05-24T00:00:00Z
2026-05-22T08:30:01Z|4a346fe7-473d-48bd-9c1b-01af379e53f8|e617ec80d21f022ff1d6cc5bea26a55f0d4a9282a0b54550636ee2b3dc612225|baseball_mlb|spread|2026-05-22T23:05:00Z
2026-05-22T08:30:01Z|cfd40ea4-bf45-49b3-a8cb-a1c338843767|1399a94ee9ccdf30072fb1cdfd7da740764091eb5f2c396182a0694ddb609538|baseball_mlb|spread|2026-05-23T02:15:00Z
2026-05-22T09:00:01Z|03c08d28-74b0-416b-8ab6-02f37bf2ef83|299edc7d3c7f640784eba0fa3b7355a5a58e311461f3d7d6779c32c2863277f5|baseball_mlb|spread|2026-05-22T23:07:00Z
2026-05-22T10:30:01Z|f8c766c6-b0b1-4152-9a3c-885e136d0d60|1fd02ccaabb0972d99dad7af4bb85d076157cb561b918c91a85b9b49fd65449e|baseball_mlb|spread|2026-05-22T18:20:00Z
2026-05-22T10:30:01Z|3ba13038-eeb5-4ca5-8cdd-9cd9a45baa76|ad18a0060fdaefce5bf09f7d5acf2f4f6ed720b4ad323a49c50b4e5fadc45042|baseball_mlb|spread|2026-05-22T23:10:00Z
2026-05-22T11:00:02Z|bb360d69-b8d6-4b56-b9b7-ffba7c8d9a6d|62bcebbb471f3e929603f973421edc1c94051a1914aa33a4bf10abeb3770e7a2|baseball_mlb|spread|2026-05-23T01:40:00Z
2026-05-22T11:30:02Z|712629d0-487d-4841-9fcf-fed187c9a0e0|a0ff4f75732f3df26f32e08d36bb31930dab8ef1d030fb46aa8657105fca8dfb|baseball_mlb|spread|2026-05-22T22:40:00Z
2026-05-22T11:30:02Z|a4bb78a8-26d1-4cb3-85db-7f1c102588b5|cb2da866d851974c79cf820bc7547dfcb62f6a5797d6f5e9674700edee5bee3f|baseball_mlb|spread|2026-05-22T23:07:00Z
2026-05-22T12:30:01Z|785274fd-b60b-4c63-81e3-2ff4797b449c|e95fe4258e4876a866580cfd48fb2075e822f414905c65b09e31d24d95ec741f|baseball_mlb|spread|2026-05-22T23:05:00Z
2026-05-22T12:30:01Z|03494ebd-6686-41a9-a6c7-6c6abf19f11e|f9ad88fe76a438b7758a0fd749e190e82b134680de1b34f4ecb8503bddc3b9c0|baseball_mlb|spread|2026-05-22T22:40:00Z
2026-05-22T12:30:01Z|ea9f06d1-bd4e-4fbe-95c3-189104eaa64a|90c17cbfc272f13efc56e18b8e36445e319ed909d3227710784e047d3a87de26|baseball_mlb|spread|2026-05-22T23:15:00Z
2026-05-22T12:30:01Z|c7b563e0-733d-4aab-ac8c-6d4e79a6420d|cbf812fa02b6578ad7c5a707d46dac8fdf32fc2d3533f17e0a1259ec602f1fd1|baseball_mlb|spread|2026-05-22T23:10:00Z
2026-05-22T12:30:01Z|675efb19-65ff-4c73-9a7a-55da26e21517|bb41f55517e8d36ed23fd65605bc2aef91be6bea058b03728d9b7137a8cf4c21|baseball_mlb|spread|2026-05-23T01:38:00Z
2026-05-22T12:30:01Z|9102c1d6-7e4a-4e7a-abdb-5cb29f37c9bc|c7e9eb0282b6e01750b8dba8e54b0c6b2f01d128a6962ab74bfdb8c2b040c502|baseball_mlb|spread|2026-05-22T23:40:00Z
2026-05-22T12:30:01Z|60787cb3-7643-4aa2-b555-44db7cfffb84|0129062e5aaf0a18c79f76706f784be343daaf4e880b37f3c82c9169bc8b001e|baseball_mlb|spread|2026-05-22T23:40:00Z
2026-05-22T12:30:01Z|f2316a62-37a8-42a5-8daf-894ea4095cd4|66ef5326ff282d7292afdfb74345c53579d96d3cffe4bc2a4815a58ff7d9513f|baseball_mlb|spread|2026-05-23T01:40:00Z
2026-05-22T13:00:01Z|8040f2e8-35fc-48c5-b101-69834fcfc135|48b2fb411ba0bbb83c078dc85349b1795fd9c861153e513d02e341519389f41b|baseball_mlb|spread|2026-05-23T02:15:00Z
2026-05-22T13:30:01Z|2cceca35-b49c-4969-9224-828bdecf4524|74fed86ef8179930322baca13fbd9d4819a17a5925216d3525e713016603267c|baseball_mlb|spread|2026-05-23T01:40:00Z
2026-05-22T15:00:01Z|8241554c-7d0d-4dd5-87ae-775eed28c0a6|99dd106184a9ccafe3e87b290bea6633a96674fdecacdcd15a2ab39bb4e52c93|baseball_mlb|spread|2026-05-22T23:10:00Z
2026-05-22T15:30:01Z|12010292-a8a4-43a5-a2a6-aa8ba467d89d|ec0ec66726e0079066355288a20ab1d25a29b76c9f937e34f2a7ba6413e86c16|baseball_mlb|spread|2026-05-22T23:07:00Z
2026-05-22T15:30:01Z|9deb201b-2507-4bf1-a616-9554277533fd|1365670743bbb3861dcd0f7cf1a35a89c14507ad3e3c3e687e6a7c8d6b528196|baseball_mlb|spread|2026-05-22T18:20:00Z
2026-05-22T16:30:02Z|772d63de-41c0-4096-9ff7-c2b398b5e1d5|3988ba0f68400627f810a7f13dfe1fcbfe654448d7c8b6434916cd38a43cd41f|baseball_mlb|spread|2026-05-22T23:40:00Z
2026-05-22T17:30:01Z|92220908-8e83-4151-8554-cd0e73afcd88|8679edc4c5f85b5ddf0a802dd2571756b0243ded225ff17a4ff1ec89f49a73a8|baseball_mlb|spread|2026-05-23T01:40:00Z
2026-05-22T17:30:01Z|7aa03424-27de-4452-9d10-5a9067876300|02a22d8f782738e7c3dc0794a373cd409c00787e08aa38cac673343c29c8ea7c|icehockey_nhl|spread|2026-05-23T23:00:00Z
2026-05-22T17:30:01Z|559f44ff-175a-4be7-be6e-9afbad6a063a|f5c82b729b3b34068860fc08cf935d85f4e67c2ce2080c993cb1de73beb818e3|baseball_mlb|spread|2026-05-23T01:38:00Z
2026-05-22T17:30:01Z|6159a83b-65b0-4819-966c-9d2bb3e0935d|966e4ccd341deae78df371c93beaf645b1d34c31848d64a342d140ab436e3d56|baseball_mlb|spread|2026-05-22T23:15:00Z
2026-05-22T17:30:01Z|9386947b-ec56-4453-8faf-f9193104fa15|2dfd1bf7bb4de29a20d052499e764f0f1ee10adf1bf679a5470bee153cf8796c|baseball_mlb|spread|2026-05-23T01:40:00Z
2026-05-22T18:00:01Z|9877746c-c5f3-4a6b-9092-d843fd9fd144|a6d878c96dd3f7bb6d96a34b5d96c2cc6aa8bdc33cc7f621e9ab5e98c3203320|baseball_mlb|spread|2026-05-23T02:15:00Z
2026-05-22T18:30:01Z|1be04740-1f30-4c90-ab2a-fd3a97485cf9|ae19d46e07f2a077e4ca27145f2a6082c7ff64bee518987770979ffd11899511|baseball_mlb|spread|2026-05-23T18:20:00Z
2026-05-22T18:30:01Z|ee5da099-dddb-4ba3-a524-f576d1d2c15a|f92c2f343c370e39f0b5bebe0932cfc27d6c5296ce17f725f4fc75d2462ab516|baseball_mlb|spread|2026-05-23T19:07:00Z
2026-05-22T18:30:01Z|aad5a933-237c-4dcb-a71f-56a9997e0638|621686c233de21dd336069c580414bbe2365e2b12d1dc1ad82f0268904c14258|baseball_mlb|spread|2026-05-23T20:05:00Z
2026-05-22T18:30:01Z|05fa36ff-2427-4585-9679-40c328b061c2|bd4fa5409938d3b945cbc104e9dacdc41e0421aca93058998c9b74f81222fcf1|baseball_mlb|moneyline|2026-05-23T20:05:00Z
2026-05-22T18:30:01Z|358b6cbb-983a-47c9-acbc-8df4b19d1611|b922738606d679e489b34ecce4fa7bf10b75c081c65cb4fc014b79881acbb8a3|baseball_mlb|spread|2026-05-23T20:05:00Z
2026-05-22T18:30:01Z|f75a4943-bca9-4f97-910e-a0251f802c39|a70c294bde08cd47bac8f21c6ad535f902e1a7bd2eef43e3861ac2cc3362305e|baseball_mlb|spread|2026-05-23T20:10:00Z
2026-05-22T18:30:01Z|3db4397b-680b-45b6-bd36-83e73abb9b32|726cee305ab741ee67ab8582e04e285cc139de3e665ca8587eff9ec061ecf0be|baseball_mlb|spread|2026-05-23T20:05:00Z
2026-05-22T18:30:01Z|8e10a4fe-ec0d-4197-a28f-b5da396bb0d9|465def9539a4a799d5b2a8c76998fdfc56481f81c4cf5dcb364cd90ae2af2533|baseball_mlb|moneyline|2026-05-23T18:20:00Z
2026-05-22T18:30:01Z|dd954d0f-9dac-4f4f-b612-24e359db5dbe|e45a90e031bdc1c02cf079ded3ced0ff15378348392130df2ec76d3961f4536f|baseball_mlb|moneyline|2026-05-23T19:07:00Z
2026-05-22T18:30:01Z|650e16a6-cbe4-4a7d-90e1-586554e4dd2e|e3431ecfbcde77054c770ff5c73738fd3b49df7ceaef5777c0e8dc2bf045d6e5|baseball_mlb|moneyline|2026-05-23T20:05:00Z
2026-05-22T18:30:01Z|3a2088e0-dc06-496d-82c4-19bc2d2f406c|9513f00c3cd2efcdd6cc24e06a646d42057198f72ca2e968edeb5ad7fe4da072|baseball_mlb|moneyline|2026-05-23T20:05:00Z
2026-05-22T18:30:01Z|c1e8a6f5-c783-4e1b-b350-40a6712a6aed|a70076d0855eacc9e50fb332ccb3aa88c668169f8ff84732c6240fe8476654e1|baseball_mlb|spread|2026-05-23T23:15:00Z
2026-05-22T18:30:01Z|60a42f14-835e-4249-afe9-0fee5f9f38b5|fb4b8ba366ea1012efbb2a5b1fc4f93c280985ac59ab55b954bafcb7d874556b|baseball_mlb|spread|2026-05-23T23:15:00Z
2026-05-22T18:30:01Z|72db0e99-c20e-45ce-9216-1d8e494bc638|5f778b1b676f2c15af765fbe3913dfc2448a79eb630b1f329defad603027f249|baseball_mlb|moneyline|2026-05-23T20:10:00Z
2026-05-22T18:30:01Z|89efc02e-6e99-44f8-9591-6e5c1b91b3fb|454f836ca52fdc261948351d816cd1b0dfb466fa74f3605ed9575598a3ffc8f8|baseball_mlb|moneyline|2026-05-23T23:15:00Z
2026-05-22T18:30:01Z|481292e2-9aa2-49a8-a344-8152705ba992|d659ad0acb87dc2037f7d06ed905a7cc137281539887cefad4516f014d4cdb53|baseball_mlb|moneyline|2026-05-23T23:15:00Z
2026-05-22T21:30:01Z|41350c35-3ada-41fe-a590-7607350b79e3|c3061f1a36004e4312fd78df088db1070cdd13697c757b1a4a2aa1fd5c9dc850|baseball_mlb|spread|2026-05-23T17:10:00Z
2026-05-22T21:30:01Z|9a7f8387-1b94-4f38-8156-6bfe5d6b3888|a779a746d29ae6d4886622089bc6216e79a1901a00e36020e87a48ff5c371e3e|baseball_mlb|moneyline|2026-05-23T17:10:00Z
2026-05-22T22:00:01Z|d43dd305-dbf0-4b0d-a555-1169082cd9a8|3466ff17134d3bdd3d440afa5f5faf610a29ee939733dd53ba0cbde31131aba2|baseball_mlb|spread|2026-05-23T18:20:00Z
2026-05-22T22:00:01Z|4217148e-c00d-412d-8667-84ccb2591d46|d4d321b9e2b8a612018fc8b1ccacfba74b3442b8f1e060adb9a6ce6c008fd9dc|baseball_mlb|spread|2026-05-23T20:10:00Z
2026-05-22T22:00:01Z|6c5293ac-a417-481b-b3e4-15ba6a03a46b|94c39e36ecff55aa9668ecd02cda218ab279c215981c87134203eed26d03e05e|baseball_mlb|moneyline|2026-05-23T20:10:00Z
