2026-05-21T03:30:01Z|151b94fc-4e97-4b48-bd61-188540d5f58f|82c6176c09701411aab2da70a5a1dbef9c6bba1a1212c14fc0c183250073c900|baseball_mlb|spread|2026-05-21T20:05:00Z
2026-05-21T03:30:01Z|c93183f3-58e1-4146-bf64-007fd0bc5086|ab518ea07a62a7c885166250df20e4df447ad53bdeb092e39c39e6e2a5c8d888|baseball_mlb|spread|2026-05-21T17:10:00Z
2026-05-21T04:00:01Z|60f03eac-45a6-4acb-9587-94f6ea9c1c6d|4ecc698a59f0cc3a8620fb26441b6bd194cc0e2e2f67fc798503d299ff5f523e|baseball_mlb|spread|2026-05-21T22:40:00Z
2026-05-21T04:30:01Z|d38adcb4-727f-4e6a-a982-eabd3e5a74c6|bce1dc5e16bdb0421405cb019e11327059d1ba87222043a5c13618bc2dbd546f|basketball_nba|spread|2026-05-23T00:30:00Z
2026-05-21T04:30:01Z|17bec1da-435e-438c-b45b-23fdf1ba67c3|a8381fe72fced398ae4c2bf15a145264965c683c9ec698bdefe1686c37d0608b|icehockey_nhl|spread|2026-05-23T00:00:00Z
2026-05-21T04:30:01Z|c0c4999b-3eb8-4d16-a423-42cc78df4861|9edad593650ccb907d74e45bbe3768884e047e34c35e71378007afdd15a16516|baseball_mlb|spread|2026-05-22T01:38:00Z
2026-05-21T04:30:01Z|d8dbd1dd-74ac-42dc-a8a0-f3e41cf7be22|1c5b1511171e660d9d3516f4df0cb4e6fc14ec4363eb5502d54b92408d3a5665|baseball_mlb|spread|2026-05-21T17:15:00Z
2026-05-21T04:30:01Z|0e170bf9-b089-4914-811e-99e77cb6c50b|87bc89d614d42a4b9289739d224c48984f1c8f804858b7974cbc5725f1f36380|baseball_mlb|moneyline|2026-05-22T01:40:00Z
2026-05-21T04:30:01Z|4c9c4826-d4a5-4326-b9a4-3c1ba9ecd46a|8df7b83adce197460dd36d817d1ce20d4cee52803e700f2e142cf8f95ca35016|baseball_mlb|spread|2026-05-22T01:40:00Z
2026-05-21T04:30:01Z|1106ab35-3763-4219-9e2e-6acdcd586e0c|786c563ad2bcd0378103aadf23a8fbffe30c02fde4bc199233f20b36e7c0407c|baseball_mlb|moneyline|2026-05-22T01:38:00Z
2026-05-21T04:30:01Z|d3fa7781-f40b-41ed-b700-52054c7f6b7a|57277a46ea1ac186508409c1af8109794e97780310e96ec5b8f28f593472e481|basketball_nba|moneyline|2026-05-23T00:30:00Z
2026-05-21T04:30:01Z|a0949cf6-d902-4906-b610-76a466488ef2|97c4edebc28637c9cf3524358d3a8759bfbea4b5ed038a8217f25a2dba9a4165|icehockey_nhl|moneyline|2026-05-23T00:00:00Z
2026-05-21T05:30:01Z|2c5ea18a-13cb-42b8-b85a-3f0738aaf4c4|c7a7ed5cc5e3730fceceb11ccd5884921608de97239d76d121c3b1d94fd1c99d|baseball_mlb|spread|2026-05-22T01:40:00Z
2026-05-21T05:30:01Z|26a88e93-b213-4d33-a52c-dd80e3ab7cfc|897b59f6475e4e993cb9227739a4c36b8153f7eae736106ceb448c5f15fcc419|baseball_mlb|spread|2026-05-21T23:05:00Z
2026-05-21T07:30:01Z|1e79a9c3-11ee-43fd-9d3e-2bd3314bbe4d|c0d5804645806fde636c2fa5a4f96419e5e36c55023ff521e3d3ae7731284b51|baseball_mlb|spread|2026-05-21T17:10:00Z
2026-05-21T08:00:01Z|b4f56c10-8e74-4486-b0d7-208c40c487d8|24903fd1f3296766565d9e86b7b93c7d6e35afe0defa14ba8d7ef758df127bf4|baseball_mlb|spread|2026-05-21T17:15:00Z
2026-05-21T08:30:02Z|edda4043-4b96-4f4a-9f8c-8cee361aee18|3118a04645ba1988d0d7a6baba2423cb19bd187fcf33e63dbae81627b460d4e6|baseball_mlb|spread|2026-05-22T01:38:00Z
2026-05-21T08:30:02Z|f199ad51-9c38-412b-855e-ac91cf6472dd|38c5f0b715af57df43bbacb8d33416cd44335b72d1efe1c1c137859efeb502b2|basketball_nba|spread|2026-05-23T00:30:00Z
2026-05-21T09:30:01Z|f9d9387c-a4ae-4c7b-906c-d65732b81c4f|75a5e48bf20750e938cab74ead823ae1f413c1ccd45e4b049fad790ac9359a94|baseball_mlb|spread|2026-05-21T20:05:00Z
2026-05-21T09:30:01Z|ffee080f-e16e-4ce2-a7f3-e5385a9cd230|510323e78110800fd2b05908e27dea03c9cc7084e16e1412e117af15596d0adc|baseball_mlb|spread|2026-05-22T01:40:00Z
2026-05-21T09:30:01Z|109a84a5-68f8-48d5-8ee2-7f71d167128a|e41cc617ace2dc69ca23d4afa1e9dc58db0c775bfd98e365666f50183de80e7c|baseball_mlb|spread|2026-05-21T23:05:00Z
2026-05-21T11:30:02Z|8decfc50-6657-4a38-b7b4-8193d879dd47|ab5a01594108b2766a3e3108d21e98087ddbae63cbafe2b0e104d2761ff89943|baseball_mlb|spread|2026-05-21T17:15:00Z
2026-05-21T11:30:02Z|1bdca970-21bd-4e7b-9423-5532890e3bb4|d5137eeb30c93603f48243581d03b56e08329ec13d9a0e2f24c538447996699b|baseball_mlb|spread|2026-05-21T20:05:00Z
2026-05-21T12:30:01Z|e1d01d9e-c908-48cc-8ec0-db86fac06b7a|4a0f88d651b763a8d0cfd457dad0b6e2734bf81f3d23d5e83bb431ebad636b29|baseball_mlb|spread|2026-05-21T17:10:00Z
2026-05-21T13:30:02Z|db13f5d5-9b4c-4671-8913-a2363b916cb6|c41869f253b4e0f3a80911d22ae4f69da5ac54c790f0f381c7acba14638e690d|baseball_mlb|spread|2026-05-22T01:40:00Z
2026-05-21T13:30:02Z|c830e987-75ff-40c8-b0d8-e221861e1bc7|261e3626d1582b6acbc01b1f1a6597c441ca65598cacecb8e59a41be42dcb5c1|baseball_mlb|spread|2026-05-22T01:38:00Z
2026-05-21T14:30:01Z|5f86d538-86fa-44fc-a32c-f093d65a329f|17e7dfe240fba5b886a3fe7391366805b5f44c5de019ca0f8627f6efe9537ce6|baseball_mlb|spread|2026-05-21T23:05:00Z
2026-05-21T18:00:02Z|86d26fc9-87f3-450f-a835-120debf4bab9|4ec50e0715b24c91808b1eaa91ab5b04ebc18eebc1f614606aaaad97516ddc7b|icehockey_nhl|spread|2026-05-23T00:00:00Z
2026-05-21T18:30:02Z|0dedf92d-388f-4e62-97c7-4e0b6713d133|e963070113bfa059ddb8b2959e8401fd659bc7b614fc40de8d7daa19a91da103|baseball_mlb|spread|2026-05-22T22:40:00Z
2026-05-21T18:30:02Z|60ba83cf-4c83-4311-a8ca-4ee37ac7daa2|c280f1cc992cd21fb96113e0f0c36234733a6c63e5ec049a0881f5ab1cd8fbf6|baseball_mlb|spread|2026-05-22T23:05:00Z
2026-05-21T18:30:02Z|f4062c25-17ea-4521-86b7-cc35203bee10|7b35f7c9a8fa6010cf9a9574d1f17bb26d3fe517cf757f6aa7305192c8ad75f2|baseball_mlb|spread|2026-05-22T22:40:00Z
2026-05-21T18:30:02Z|d6cc4607-f7ca-48a6-9e2f-7fc3fc2f3689|d77db90a90d1347da74b9626d3b6a8851d75d419c9205c5305eaeb9a5cd8308f|baseball_mlb|spread|2026-05-22T18:20:00Z
2026-05-21T18:30:02Z|8c94d127-d65a-48fe-b1af-cbffa2e64ee1|58be0e756409e6ef6a58ea62926272bbc1585d1513ac7765febb1f84bfbc4a7f|baseball_mlb|spread|2026-05-22T23:05:00Z
2026-05-21T18:30:02Z|62eed6a9-6918-4fbc-a8b0-26762b167bc2|2f32b4769883d3be10d454588772727a1964c517b12f4af9204f6094920d2f82|baseball_mlb|moneyline|2026-05-22T23:05:00Z
2026-05-21T18:30:02Z|72c27796-b5a3-42e0-a130-99bbfc317645|053d0bcd608c9ca865d1760302772bf3005d13a0d3b46ecbca836e049ddac041|baseball_mlb|moneyline|2026-05-22T18:20:00Z
2026-05-21T18:30:02Z|72810c00-66cf-448f-b10c-093d21af87fc|af37d76e506babd90efb25f4accfca9b159f902e31231701d5ad74de3e07d905|baseball_mlb|spread|2026-05-22T23:10:00Z
2026-05-21T18:30:02Z|857981cb-7bd8-462f-96b9-e498ea1444f9|c637cfcb1c199b70ac1f98ef02e5510c65b560c98942e1ecfc64e1211edb22ba|baseball_mlb|moneyline|2026-05-22T22:40:00Z
2026-05-21T18:30:02Z|b987541c-65f6-4a48-a251-4edee52c166d|f01d81482cca45d581eba357b28da2006c6c8391e79bbd7c599d321a980d09e2|baseball_mlb|moneyline|2026-05-22T22:40:00Z
2026-05-21T18:30:02Z|2bbdfb3a-6200-4ff9-80ab-1109116d7d37|e3e0bf22d6bc29ccf5dc4b9b9edf18b7cf2e92d78c45bcb17f1dcc4dba2d8837|baseball_mlb|moneyline|2026-05-22T23:05:00Z
2026-05-21T18:30:02Z|159b0676-8164-4637-b980-ce4b8f4b8f94|f93025b18dc542d7109b610277ed4c7f9a50b87dd905995f5bc2b69c83678712|baseball_mlb|spread|2026-05-22T23:10:00Z
2026-05-21T18:30:02Z|1b59051e-6605-4b38-be78-d3e8bf306efd|74c5f39ef94ed30901b17779f2a046f94935e2fd02c3dacffc743051a29ed199|baseball_mlb|spread|2026-05-22T23:40:00Z
2026-05-21T18:30:02Z|3144bf9c-680f-4874-9b49-d9f894dbe551|11fa008a63fda05281915761c7a2f8499c136e2a279be948e1789d86a85288d6|baseball_mlb|moneyline|2026-05-22T23:10:00Z
2026-05-21T18:30:02Z|ed99dca0-905e-4721-801f-42cc47d1e353|ce048dbb8baffb50f059d3faab3cfb88e0a3c48cb9ff41b85f6929f7b9bec7d2|baseball_mlb|moneyline|2026-05-22T23:40:00Z
2026-05-21T18:30:02Z|88567d64-b947-4220-abf8-4c96fa98dba7|49c443c65d3ab55fb3a178a68433cf792a37bea1e0e2fa46c35ead44aa814144|baseball_mlb|moneyline|2026-05-22T23:10:00Z
