2026-06-10T00:00:01Z|595977ab-7aa0-49ad-82c0-f2ad0f06a0db|ecf48b66f325064de595c6a6f21a16afb5d5ec41874df0d3fc90c68f96fd9a07|baseball_mlb|spread|2026-06-10T19:45:00Z
2026-06-10T02:30:02Z|40199a9f-daa7-46c6-b7dd-3e2f887c3e11|f1169306a4a59bb1ac5cfe2d8626c0dc03e6ba89a7f87be88368094305ad24de|baseball_mlb|moneyline|2026-06-10T17:10:00Z
2026-06-10T02:30:02Z|f18641a5-c306-4f11-9d41-06d914dac7a8|e4672722f0e9370f477d7b461e21fb5927e28f6af1c5d980a43e77c28c72d2b9|baseball_mlb|spread|2026-06-10T17:10:00Z
2026-06-10T03:00:02Z|6ae91884-c2c2-433f-8493-999edd7101e3|9b9ddc0562db3a10c96eed9b70eb1a60e6571ce3819c3964f207240f6709274a|baseball_mlb|spread|2026-06-10T19:45:00Z
2026-06-10T03:00:02Z|9f499eba-a735-4002-9a72-bbb148381016|2021791aba0619009e392f96d5499a436ea21a1dfb3df40694cd789fbf0c1ca9|baseball_mlb|spread|2026-06-10T23:40:00Z
2026-06-10T03:00:02Z|69421ed3-3a88-4a47-892c-072a4e31690d|390522dc838171a5e2eaf7ddf68d1d63a34e13cfbb84dee3611e01c02f257082|basketball_nba|spread|2026-06-11T00:30:00Z
2026-06-10T03:30:01Z|8c47dbc0-125b-4f0d-8d7c-84c08d0edabf|8b4cb49535d7bfd153b51fd595f37b6c0780faf6eea87e8bd3a076a0e36b8cc3|baseball_mlb|spread|2026-06-10T17:10:00Z
2026-06-10T03:30:01Z|ba7daf68-aa7b-4072-8300-1844774fa9fb|1dc96c63038ccf7ce7079211ffb54cb2f165627bb0499f921bc6a2d77398e54d|baseball_mlb|spread|2026-06-10T23:07:00Z
2026-06-10T04:30:02Z|7c7ca91f-b0b1-4ce1-ad83-7f4cafed913f|001f03ff00c3768ce84383e99ffa41641abd0eea958849c26ebf6985264c2c5f|baseball_mlb|moneyline|2026-06-11T01:38:00Z
2026-06-10T04:30:02Z|60ddfa76-1bc1-4657-b90b-acf05ce79d02|e03dd32589d161f84a057de05901af483a910a61b80d0e3cbd43e5c1c4f13a71|baseball_mlb|moneyline|2026-06-11T00:40:00Z
2026-06-10T04:30:02Z|19ae803a-38fc-4cba-ac45-40a84fa22137|4d86b3e0af5b9a376c21413499b275bc7cd589aaeb2f0735b3a41e0021b5f464|baseball_mlb|moneyline|2026-06-11T01:05:00Z
2026-06-10T04:30:02Z|e73da238-3555-424c-87ca-b851ad8c3423|80a17d5d1f3395260ed76b3eefede7d5395b45dabb271338bc28d5f16ec9cbe0|icehockey_nhl|spread|2026-06-12T00:00:00Z
2026-06-10T04:30:02Z|1cf5d941-3eae-4d59-864a-88b81ffc40cf|6863d7052427cf546806767a833cf09e61ea8d871f9221c6f009f3cbbe2810ff|baseball_mlb|spread|2026-06-10T20:10:00Z
2026-06-10T04:30:02Z|5ea82079-e2d4-40d7-85ac-0a49f6f5bdef|77137673eb6613dfd6ed6e50cda683469e1216f9bbbebcc34902105ea503422a|baseball_mlb|spread|2026-06-10T22:40:00Z
2026-06-10T04:30:02Z|e9bcb52c-9be2-4c4a-8909-8f6de5d72020|671fb7ce91c14b0152b7f23fad995caccbd182fa6e3f9f3857df3786a3fbd193|baseball_mlb|spread|2026-06-10T23:10:00Z
2026-06-10T04:30:02Z|2571d9c4-3e6c-4c4a-919f-cfe31083a0fa|58ebd96afe68775923d8bb50f2e6a81ec0a2ed245d9a781a7909908035a2389b|baseball_mlb|spread|2026-06-10T23:40:00Z
2026-06-10T04:30:02Z|a2c29c2e-49c5-4ed1-9a87-e9b4c1129df5|abf8130e54786049bc8f997ded1b7cf4392f11f90619c03abeb0c8f8c263a865|baseball_mlb|spread|2026-06-11T01:05:00Z
2026-06-10T04:30:02Z|91f2fce8-60b6-40b1-a695-38b4d9b60c10|36077148cb38c5796ce8c15c64b568306ead8bb84813d5abd17a88fe50fd49af|baseball_mlb|spread|2026-06-11T00:40:00Z
2026-06-10T05:00:01Z|31b5329b-9baa-47fe-a3c8-e7759a4ec2e3|0442ef6ee3a0776b13d7916afec610cdebade5b836c7c69cf8b9e3e0eb00ea90|baseball_mlb|spread|2026-06-10T22:35:00Z
2026-06-10T05:00:01Z|2b9910bc-42ca-46c9-accd-51cb342b2c10|d391ec9cf881d75bc1b2cef63c5da15859e0adf274846ae7e50712edfa299857|baseball_mlb|spread|2026-06-11T01:38:00Z
2026-06-10T05:30:01Z|360bf455-3f6a-4b5b-ad01-b5bb26e48938|d912981f416f647d1f2049547b128b9e4e56389c2b6a7bf6da47b2a38086470b|baseball_mlb|spread|2026-06-10T22:40:00Z
2026-06-10T06:00:01Z|9de40e65-191d-4a72-a345-509dd46bc93b|160d11a7eeb595d631972d693308befa1260a08148203b95fa79034cd62f2cff|baseball_mlb|total|2026-06-10T22:40:00Z
2026-06-10T06:00:01Z|c2ab3a4d-d2df-46b8-b17b-cb99c5273e4e|494068dd07e1d1506a4e40cc4bf127d1330df7c6eb32e7e3bfde3df8f3799e99|icehockey_nhl|total|2026-06-12T00:00:00Z
2026-06-10T06:30:01Z|2cff0a47-2af9-448c-9833-b2850c8f6018|a1d1b076d822b9edc4141cc5bc97c115a7505cbd07bef875b2c3fd5592a92f88|baseball_mlb|spread|2026-06-10T17:10:00Z
2026-06-10T06:30:01Z|8a0f37eb-a709-4e38-9bcc-4e9d28bd8088|4cc7e89cfaa969c4844a5f2aee0c6832203b444fb45d553394f1afef715d39b3|baseball_mlb|spread|2026-06-10T23:40:00Z
2026-06-10T07:00:01Z|1d77ab4d-3c11-43ff-be41-9d5bc84d3b70|ca9355fb27699159884de2a60cd978eba54e167bf74feeb71923c746499520b1|baseball_mlb|spread|2026-06-10T19:45:00Z
2026-06-10T07:00:01Z|14580cc6-c187-444a-b395-6afa02c23156|f758c9f8e08e7078bc1738f829903874006f6e51cdfdd68d5812e2e6916ca5dc|baseball_mlb|moneyline|2026-06-10T22:40:00Z
2026-06-10T07:30:02Z|fadeb66f-8687-45f2-9f9a-8f864dc553f6|5f9b5b7cbd030e29fd07dba8393cbbe5dd9e59656b5833756f6d88b9a09a9768|baseball_mlb|spread|2026-06-10T17:10:00Z
2026-06-10T07:30:02Z|86618930-e9c3-4b1d-95b4-def808c93ce8|79fa207292841dd0082b0e9a62bcef173a0343a9de75da4d03e1bb18536b0c05|baseball_mlb|spread|2026-06-10T23:07:00Z
2026-06-10T08:30:02Z|8d28ab4b-bd16-452f-9798-d6507ca474c8|5d336143790361649b36ea2465ffb0e3d2be43d91c530dbb30246bf30d0e1abc|baseball_mlb|spread|2026-06-10T19:45:00Z
2026-06-10T08:30:02Z|9e5646ed-650b-4623-9084-05769d959d95|b65c418624ad506fbafd9fca3f27f379f6c59248613c92776eeae26636b40cf7|baseball_mlb|spread|2026-06-10T22:40:00Z
2026-06-10T08:30:02Z|bbfc30b4-9ead-4b8a-a1df-366e6d596fc5|6f6b01b7f287ff62c71f4ce04fe28e07efb98655ecaa7ff333e6eb8d680b3517|baseball_mlb|spread|2026-06-11T01:05:00Z
2026-06-10T09:00:01Z|84d5d8c1-666f-4a08-aa92-056be14089b9|a32172c9847db7459eadc8f565ac2d2b55af413bafc27aa14e66265ea2306421|icehockey_nhl|spread|2026-06-12T00:00:00Z
2026-06-10T09:00:01Z|dc9d1e62-d58a-41ea-a494-32ff471548dd|afa71656a2608b644c2dda49aa51397052ae03f412d24cc8a3ff485ce540131a|baseball_mlb|spread|2026-06-10T23:10:00Z
2026-06-10T09:00:01Z|9abe7bf6-e862-49d7-98fd-1783fd34e405|b21f87e92556564ea5979d3a43d24e6bf4f2413f7a8fca5919e38fc5d1a2966c|baseball_mlb|spread|2026-06-10T23:40:00Z
2026-06-10T09:00:01Z|2ee4160d-b456-45d3-ad9a-d0f3898b2f01|1bf377eab0ccc01333e2ee3393a3cec79c3b457009a887204372d52056a1b0de|baseball_mlb|spread|2026-06-11T00:40:00Z
2026-06-10T09:00:01Z|e5569b0c-f196-4602-bc22-0609dfb8925e|3940020a15723886ecb6c73192a357ad83f04a1f20144494b2d42df6fc3247ed|baseball_mlb|spread|2026-06-10T22:40:00Z
2026-06-10T09:30:01Z|5a7e5a10-ae10-40dd-bd7a-59ed03fc9fcc|79318b88aec3433e29574665887a5306fc52c7cfb9850c39cb34f420d90bbb94|baseball_mlb|spread|2026-06-10T22:40:00Z
2026-06-10T09:30:01Z|1ec2c54f-fa6b-479c-9763-0e66b9be9d0b|592d87a8cd700ffc3671df93290ef50dd42aef432740f45263e01c117bf9d971|baseball_mlb|spread|2026-06-10T17:10:00Z
2026-06-10T09:30:01Z|d11893a4-19ea-4a90-818f-0f474e637f69|a81967abca679a75a4b4b486b93e45ada6bd5111f8a42b07d24c59697ac881b8|baseball_mlb|spread|2026-06-10T22:40:00Z
2026-06-10T09:30:01Z|2519f279-fb3b-449d-aa82-eacad512e8ec|90b7cf2a00267f2f63f4e80be86d76eac0fdbb6b2ad436d67d9f0cb41ded380e|baseball_mlb|spread|2026-06-11T01:38:00Z
