2026-05-10T01:30:01Z|20326220-ff68-4986-b7c0-f6d2b0cedc1f|404e270085a6ef661a78aae520a61583cdad5e6bd48fe8fa45a91f62b8912bc2|baseball_mlb|spread|2026-05-10T20:10:00Z
2026-05-10T01:30:01Z|32c7347d-483b-4546-a2e6-43e24e56316b|d2032608a8d273bfe4ff132f9d771b4008413282b95f4865732cef379786b694|baseball_mlb|spread|2026-05-10T17:35:00Z
2026-05-10T03:00:01Z|84c5af49-5501-4ba1-823f-19d8a7f4cf1e|70ddaf75f1e2ed0b41ec41f5f4690d89675d6eb066da73164d31b44c36585761|baseball_mlb|spread|2026-05-10T16:10:00Z
2026-05-10T04:30:01Z|26061f79-5395-4f77-81b9-1bcf4a7a6348|c244bfd72543fe74f74c4e38e8a16741cd0267190d30144ed9d5e887cb465c95|icehockey_nhl|moneyline|2026-05-11T23:00:00Z
2026-05-10T04:30:01Z|e0f7c2fe-b68e-4a5a-94df-0fe749fbe8a4|6fa38d805c594c7ee432c477b9de268fa68de945551d7bb6d1c0218ca19ce22b|basketball_nba|spread|2026-05-12T02:30:00Z
2026-05-10T04:30:01Z|88e6eeed-780a-45a4-928e-a988349ed37a|2f181776b65845b4173c71e351e0a9b7051ffcbdfdc9f369ae5ce2b6476b0737|icehockey_nhl|spread|2026-05-11T16:00:00Z
2026-05-10T04:30:01Z|a18369ef-5a0f-4935-92c9-2c76db8bb60e|112d7a91d3bb2119cd86277e1f7c7d3ec77ebf60ec8ab5e3a7a0e351c1a1db7d|soccer_epl|moneyline|2026-05-11T19:00:00Z
2026-05-10T04:30:01Z|297baa3a-c561-4afc-b277-c3fab59abf53|7250dae0d2e1de0fd4678a4f4e16276d79881994150bd0330f35923079bd46c3|baseball_mlb|spread|2026-05-10T17:35:00Z
2026-05-10T04:30:01Z|bdd4946a-c7b6-443d-9a71-b512ccf5cb98|e033c8d08ad4bdec802baad31c563c3fa07db17164ac6d454b7fc855ffa311b5|baseball_mlb|spread|2026-05-10T17:35:00Z
2026-05-10T04:30:01Z|b0c61e57-4996-417c-a29b-68d44d6bad5c|3dcf718bb3cb0072a481f25c5e516831fd75800006a128247126e86dfc1d1179|baseball_mlb|spread|2026-05-10T17:40:00Z
2026-05-10T04:30:01Z|ca2f45cc-acc7-4c55-be81-e78738975f1e|3c69c350f9c1e270ff94a90b38b65fa8489fa7683f9f3ee0896819ab50a74b1b|baseball_mlb|spread|2026-05-10T18:10:00Z
2026-05-10T04:30:01Z|c5721b13-62bd-4af9-a500-4e4acc1d9189|bf44a05a833856d0f690c39982ec5998db75c1cae1d8f695cf5d1a2eb75bca77|baseball_mlb|moneyline|2026-05-11T22:10:00Z
2026-05-10T04:30:01Z|5bf5abac-812f-492d-ba03-781bca5089bc|3fb1189e4150d6d3f1f6a33ce9e33ac79ff7c2f58375c2b42fe04fd70ca28286|baseball_mlb|moneyline|2026-05-11T22:35:00Z
2026-05-10T04:30:01Z|c53443c1-9faf-40e1-be5b-84727856f9aa|5e733c7e9314d410952ac62c92142d64ee809ec2e906675ecdee5b98919d9bbf|baseball_mlb|moneyline|2026-05-11T23:07:00Z
2026-05-10T04:30:01Z|99c27902-bca6-4187-b3fe-5673e6fbca56|f050120ad796dfcff6b9a433c8b10d620a0db6e2077b4f542e18b735282aa293|icehockey_nhl|moneyline|2026-05-11T16:00:00Z
2026-05-10T04:30:01Z|f9fc8740-8e51-413c-8c5e-b85fece3eebf|89a0da439cf7677c3ca6eaccc97303b1aef893166a4ad606c5e630b784c1bb07|basketball_nba|moneyline|2026-05-12T00:00:00Z
2026-05-10T04:30:01Z|83c80508-425f-4685-8253-c035d95af475|8641b15fb0eaf6d50758f9c7577ecbb00f8d3ba72212e41a95c9b731ff577f73|basketball_nba|moneyline|2026-05-12T02:30:00Z
2026-05-10T04:30:01Z|abd74f45-4d8e-45d4-a067-8ce4eef346de|4fc4121787441702fcce522db55d1667df213d1dabd6773db312d94ed552f115|soccer_epl|spread|2026-05-11T19:00:00Z
2026-05-10T05:30:01Z|d6a7dbec-90eb-4ea2-b75a-037434d958b7|8d0b29defd8a3a348a61d1bddcff29e2fc25c9ce165d1f969ae978e1e0f103ac|basketball_nba|spread|2026-05-12T00:00:00Z
2026-05-10T12:30:02Z|595a5021-237e-4d70-adfb-ecad3a86d4d5|387c6884ee225b4575baea35fed69aab268b6623c5515ade550f10dc62234b2e|icehockey_nhl|moneyline|2026-05-11T23:00:00Z
2026-05-10T14:00:01Z|bb3686db-3f7e-450b-8abd-4adf3622ac49|90c0f6577c861d10c27868358f07323c9e83f8e80718e0b9fbfaaa434ec8bc5e|basketball_nba|spread|2026-05-12T02:30:00Z
2026-05-10T14:00:01Z|1ea6325c-fe4f-4072-9e14-a1a3881de686|812927baf1b496d72c29572dba142328a2d2630814336b8cb04c61f42d51490a|icehockey_nhl|spread|2026-05-11T16:00:00Z
2026-05-10T14:00:01Z|42e0316a-7ed9-41be-b959-f536b3be6f51|f78aa359d418335f07e0a3a555cba603a063bf751ce8d315e6d094b77b3b62f4|baseball_mlb|spread|2026-05-10T16:10:00Z
2026-05-10T14:00:01Z|18c726ca-df3f-45cd-976c-1ada394cdc92|20f5aa66e1df2c222d1b394bb0ec40508cf1aaa46852c7be58780799cafe1134|icehockey_nhl|spread|2026-05-11T01:30:00Z
2026-05-10T14:00:01Z|4db25c1b-cc93-47b5-9c79-a34cf7a7a650|4ce124d4c315fde9f3b6ed6ba40cbc1b4cec461f5047ea74f9f82b0d677098e0|baseball_mlb|spread|2026-05-10T17:35:00Z
2026-05-10T14:00:01Z|57d0a38b-d513-4fdb-8cea-c1f002ab36a5|8752f38402c854e0b7dc8559c9e635e6ea248da0256e1786f745fd95d18db4e0|baseball_mlb|spread|2026-05-10T17:35:00Z
2026-05-10T14:00:01Z|3e076580-034c-4f4b-81f8-8a15b0572406|e5909e39bf364b26c97986dd5751cad91b4d65292a394225559fcce1b6e0635f|baseball_mlb|spread|2026-05-10T17:35:00Z
2026-05-10T14:00:01Z|1c8f2bf7-4362-4427-b685-a41dcefb32d2|a0b84a812189c50441dcc75f12dca3e73541a3f8c0804f296846726dee3999a5|baseball_mlb|spread|2026-05-10T17:37:00Z
2026-05-10T14:00:01Z|ddbcae25-701e-4fd1-b1f1-b482dbf2c9c1|4dbd704733c97b5b3d58a5c3be907ad3f87a546ea1919adfd26cf7474d250fd9|baseball_mlb|spread|2026-05-10T17:40:00Z
2026-05-10T14:00:01Z|c65f5ed7-35fb-4b4e-9820-3100d9db4a8d|7bef8a91cb8325aa85d1e9adc2370e00698d75a7da5faf1e64ee2719c74d8cc4|baseball_mlb|spread|2026-05-10T18:10:00Z
2026-05-10T14:00:01Z|f619b8c3-a99b-47e5-a45d-3bab283741b0|2acd38e81419583ae19a7096aee268c5ba8d8b58ffccd5c680c8b3a374ebc568|baseball_mlb|spread|2026-05-10T18:35:00Z
2026-05-10T14:00:01Z|4be62ef0-fb3a-4147-9125-99c5932af48f|99284377dc167fa321c5b952c86740a95d1242361f6f128fb139558bb852866b|baseball_mlb|spread|2026-05-10T17:40:00Z
2026-05-10T14:00:01Z|9554643e-8e70-4962-bf11-ba4859943f16|290efb4455c793a2224579fb152996a4142459d86f7dd5c941ef9640a336a923|baseball_mlb|spread|2026-05-10T20:05:00Z
2026-05-10T14:00:01Z|2de5c5bd-6d33-4fe5-a15b-71b12c25dcea|02d5203bfd3637cb083b890c5b565e22ad1caa76b42335f7b2e31dba48d7f0d0|baseball_mlb|spread|2026-05-10T20:10:00Z
2026-05-10T14:00:01Z|31ba545d-2699-49d1-b3b5-42195233aa35|70fa7cbf98eaea43cff74000a322624f55350c94e799c3a6197946a808dde359|baseball_mlb|spread|2026-05-10T20:10:00Z
2026-05-10T14:00:01Z|e1ac2673-05cf-47ba-bdbd-f866247f7f6d|c1af92273af541a82f8b08b974c45a5c805550a4e352b06e9e7d380092c05f6c|baseball_mlb|spread|2026-05-10T20:10:00Z
2026-05-10T14:00:01Z|bd2c75d9-0621-45ac-bd3c-06f699d97046|3d92edc4b857a8decfabc674ebf11f3b7f51a3fb2a385f2cc22e8f36279276eb|baseball_mlb|spread|2026-05-10T23:20:00Z
2026-05-10T14:30:02Z|ecf0ddb7-f80d-4f41-9cec-c56d3a2c5a9d|c5e0c004d12556bc0ef12f3d7f0c38fde1d9a6c68c2180d501b856c2c73854c4|baseball_mlb|spread|2026-05-10T17:40:00Z
2026-05-10T14:30:02Z|f799c195-13b6-4e27-a10f-939b47379bad|ea15c97807d7a15839a14c0cd81126a9fb363c3dbd0c6af117b3c9570276551e|baseball_mlb|spread|2026-05-10T17:35:00Z
2026-05-10T14:30:02Z|d1c972a2-60e6-4050-926e-a8a034959205|58c5c09c2ef4d9749bb55d8ff0f55869ba4d0db6a488aa04c183e40d6076fa51|baseball_mlb|spread|2026-05-10T18:10:00Z
2026-05-10T14:30:02Z|539428b4-b146-4ef6-9f3c-7a43537413ec|648471a60abb7ce2410ef8f56e31e578c01ae8b3f8e4e0cbd83f5b4ea0819b97|baseball_mlb|spread|2026-05-10T18:35:00Z
2026-05-10T15:00:01Z|c3d11bb5-9b9a-42a1-90e9-b9bee1c1e7fa|31f1ace3db749b73c99d0d1d0ec245f510f548323cc5dad4684f783bd170f30f|baseball_mlb|spread|2026-05-10T20:05:00Z
2026-05-10T15:30:01Z|48e41422-c649-4277-bf8d-afffa67ca256|d596f109b4b23dca57134282bd2de43e5d59f50606a370ab960316e71a6a6e8b|baseball_mlb|spread|2026-05-10T20:10:00Z
2026-05-10T15:30:01Z|c7409ef0-fcdb-477f-b2cb-8c2f9aa93ba7|ec811954bb8b31f571daf0da1a22a10610196fdbe780a9777d997c809ca20205|baseball_mlb|spread|2026-05-10T20:10:00Z
