2026-07-04T02:30:01Z|26a4b5da-12f8-436c-858e-e004332ad271|b51e4107126cbd916211b5b5759aaf29e81f7b9370516af29fda69faa5c24a9e|baseball_mlb|spread|2026-07-04T23:10:00Z
2026-07-04T03:30:01Z|8ae0cd0b-19ca-41ec-93ed-cf7b5510817f|62764daa47a8d7b8ff1894e5a8370711d5c0467e115c2df03534061a6ee3f1ea|baseball_mlb|spread|2026-07-04T23:10:00Z
2026-07-04T03:30:01Z|63eb5c6c-8d2b-4b5d-a488-8eab997e48f7|df29d6849b9505cbc00d09a9047bccdc6887f26723b49a4942ab6e175661a7d2|baseball_mlb|spread|2026-07-04T20:05:00Z
2026-07-04T04:30:02Z|236f507e-a55c-4aa8-bee8-fd37c83c2e60|7187365b04851a8225c8f931774c6764522d43339be48009399713fc02a24439|baseball_mlb|spread|2026-07-04T15:05:00Z
2026-07-04T04:30:02Z|7454c75d-58c9-46dd-9b5f-2d29e82967b7|d83ecb7386b65cdaf6ea8579150087063229cdcdcd4c613833030680ffc86958|baseball_mlb|spread|2026-07-04T20:10:00Z
2026-07-04T04:30:02Z|6cfaf087-2116-4659-8872-d427a0bb8558|d8412163f0bbe55d80527af19eea4538bd860d47ac949c6f43e28ecbff788cee|baseball_mlb|spread|2026-07-04T17:35:00Z
2026-07-04T04:30:02Z|dae7ed56-46ba-41c2-a44c-1bde2d6d97d7|f5df61e7f938d16fc8d8592728b634c78d60a3b09e2bff8d577cadcdcf2de922|baseball_mlb|spread|2026-07-05T00:08:00Z
2026-07-04T04:30:02Z|ee2a2a5e-932a-4f94-964f-6aa3f88172e4|cb6fa92ce87dd6b708a955bcf3233db9617ddac060e8f7a6bc751569c758959b|baseball_mlb|spread|2026-07-05T00:10:00Z
2026-07-04T04:30:02Z|f66a7765-a6ea-4f5f-854a-c5260eafa3e5|76866b539851b08751e9ee94d4bf54a221185ef38ffcd149f56c832331e1cebe|baseball_mlb|spread|2026-07-05T00:08:00Z
2026-07-04T04:30:02Z|3800f72c-5969-49ce-a24a-8fb5e24bfa1c|eb5bb1135099821326b89f5111088c1666735dad8f26756b80f01ccd684955b4|baseball_mlb|spread|2026-07-05T00:10:00Z
2026-07-04T04:30:02Z|2100c930-cc90-4f4b-8b3d-28f8d759cfd7|d702e1d02686d7fa9235056694321c5e8c850225b99424c3d9a4f56e9d94f113|baseball_mlb|spread|2026-07-05T01:38:00Z
2026-07-04T04:30:02Z|11f42703-1dfd-44cd-9266-2fede46968f3|fa27133819087a76dd8b8b3cb54e7bd3c29d036cb52927e2d14a57a26d4ea20b|baseball_mlb|spread|2026-07-05T01:40:00Z
2026-07-04T04:30:02Z|6d50a554-2b21-41b8-b535-ef7dbfdabbef|c018367f7712b5cebd5e38f2a802f95044f60cb04f64617d1f40c15c20d73867|baseball_mlb|spread|2026-07-05T01:40:00Z
2026-07-04T04:30:02Z|dd2e34ce-246a-464e-a14f-9bbeb17793fe|6ab74a53510fc7562017d371f55c52da193cfc54bb94f9a49ec8061ede931eaa|baseball_mlb|spread|2026-07-05T02:10:00Z
2026-07-04T05:00:02Z|ff903d3a-94c9-40d2-b66a-1379ce3be75c|f717c649f168ede03e4800852442b5688a7a72422f6a2409902c6ea871124d3e|baseball_mlb|moneyline|2026-07-05T00:10:00Z
2026-07-04T05:00:02Z|d0fb2c70-1287-4ad3-857f-9de80c43453f|8c471d4c6b00e5020052f1ec9b9691bd5dcc0fb926743c7fa08ab69b5d9882b8|baseball_mlb|moneyline|2026-07-05T00:08:00Z
2026-07-04T05:00:02Z|4b54b41e-9784-48ed-9b35-fd52df0090d7|2b12b065d9498688e518ee6e63c0c9921d649b29cfb24b00eb236fbdd8d285b8|baseball_mlb|moneyline|2026-07-05T00:10:00Z
2026-07-04T05:00:02Z|493d1f44-f197-4042-afbf-79d0e7ffb3bc|3838400875b2c94befa5c17a59f0c287502161e3136641dec21328e405390c2a|baseball_mlb|moneyline|2026-07-05T00:08:00Z
2026-07-04T05:00:02Z|8a3d3c85-a2d4-45d1-85fe-0c19eba089bd|6b1b79ea5c9f0d442b2f71eb13994ba857992f6924721e0a9504bc87056bd00c|baseball_mlb|moneyline|2026-07-05T01:40:00Z
2026-07-04T05:00:02Z|a6c81969-bde3-4ad5-839a-86a0350e59cf|6a190a24f398be08c13c92ecb5462865d99139cd4aa39033636545c128472a5b|baseball_mlb|moneyline|2026-07-05T01:40:00Z
2026-07-04T05:00:02Z|c67e3b0e-e1d0-4929-9c8e-cafe17dc2f93|46ad37e883a32faaa608702238eb27dd22941b1993ba8823a4cdb14bd7590887|baseball_mlb|total|2026-07-05T01:38:00Z
2026-07-04T05:30:01Z|056538eb-70b0-4f97-b024-43d824bc4065|c765f854e8b9f94b6052991fa5f2e155b99cf8a16154760610bd0cffd0891008|baseball_mlb|spread|2026-07-04T20:10:00Z
2026-07-04T05:30:01Z|ad0e97a1-cb0c-45ea-bae9-ce3c462b975d|8a9d1348cd1f7a706f14dbc455049648e5a8e9a7ebeda3612b6bee2dace95986|baseball_mlb|spread|2026-07-05T01:40:00Z
2026-07-04T05:30:01Z|f200e2c3-d648-42ee-8c5d-605efdcc5afd|0c253b4561953bc6b8fe28806cdff02535e6a162afdf9a1965d7396fc7864d0e|baseball_mlb|moneyline|2026-07-05T01:38:00Z
2026-07-04T05:30:01Z|e68a0aa3-cdba-46a8-ab4e-2b88e055aaa0|49db262e73dc3232b78e97b09ad6e82488dd261a75db8440d72d07fe67ae667a|baseball_mlb|total|2026-07-05T02:10:00Z
2026-07-04T05:30:01Z|3f0de838-99fd-460f-9406-9946bac44e78|ccee654d540a8200222ae48469881aed41ca7200ebbfa466930c3824d8410a2e|baseball_mlb|spread|2026-07-05T01:40:00Z
2026-07-04T05:30:01Z|9924ba64-4364-40ed-a5b8-806f2d3e1c85|61be6002da62fb62729041cd4124173bd07c305100c40847075f014000ce215d|baseball_mlb|spread|2026-07-05T00:10:00Z
2026-07-04T06:30:02Z|25f24186-6274-4fba-ac92-80e43c82d6c2|bfcfb555a3c7749e0a745ed286b3b79e66ef7069b7225e54e812fadf8e82b3d4|baseball_mlb|moneyline|2026-07-05T02:10:00Z
2026-07-04T06:30:02Z|9cbdfb52-ca8c-4529-a1d7-ca970a30d45b|b6e96c6138abc6d13a3ab212fd7861664b605ac4942b9b2cdfc6dbc52fc5fc65|baseball_mlb|spread|2026-07-04T23:10:00Z
2026-07-04T08:00:01Z|134bc082-14d0-4571-ad0d-18de07d5f88d|2c8f9a8cdba969b6e59e401a351c05ce554e21045bbdae700760c65b7155cc24|baseball_mlb|spread|2026-07-04T15:05:00Z
2026-07-04T08:30:01Z|548829b1-da26-4f4f-8b64-3c3779b631cb|6fc567a72f90f156e9347520d789bded45935ce9b34f40b15a6b01a3bd1e4717|baseball_mlb|spread|2026-07-04T17:35:00Z
2026-07-04T09:30:01Z|77a75e8d-741c-4f76-98d3-4aba5c3d9c98|025f618090dbc92511da4f0ca7e0f213f66d869e6954bd0412790e45a5a72895|baseball_mlb|spread|2026-07-05T01:40:00Z
2026-07-04T09:30:01Z|75e3659b-fb24-482c-b741-86ecf364b771|be7524d94e3d1e2b5e57115632851b757106562435fda51351754f0a04897a33|baseball_mlb|spread|2026-07-05T00:10:00Z
2026-07-04T09:30:01Z|844a8da5-4bb5-4aa6-8c0d-c77ae4914a06|9fc2a6127f23260070b1e21968a9db15e5920a9a29f19af922cedda0160aa81f|baseball_mlb|spread|2026-07-05T01:40:00Z
2026-07-04T09:30:01Z|ecfacbea-8ce4-4b87-9fc2-fbf02dfeb339|bd55ca0a17a46dbeb561558025b8f09cf5fdc2345c1501694bf885900e060eb7|baseball_mlb|spread|2026-07-05T02:10:00Z
2026-07-04T11:00:01Z|5ed250cb-7712-4b19-8dbc-5c0a2e5a30de|daf97660510a093cb3998e4a54d763468771d7f57e3e7c2ff63d6a3d311d2158|baseball_mlb|spread|2026-07-04T20:10:00Z
2026-07-04T11:00:01Z|12e2478d-6018-49d0-8af2-159c10c67722|6a0c8c2da858d15a86098ee22cfb0db9c0c1e810c6cf5e582563bb033e8040a9|baseball_mlb|spread|2026-07-04T15:05:00Z
2026-07-04T11:30:02Z|50f37e29-2a7a-4714-a86f-ece1c529ba64|9cb536318591ec8952489b782da873d59aa6d1d2a354eec22e041a597f8c99fd|baseball_mlb|spread|2026-07-04T23:10:00Z
2026-07-04T12:30:01Z|5e2f09e8-1323-4896-a83d-b1b9247c5c16|d938e27ce82da830fdca5e285fcd8fab6647ee427cfbfb2d7b380b1503ef65b0|baseball_mlb|spread|2026-07-04T20:05:00Z
2026-07-04T12:30:01Z|b9282031-bfd2-412c-a80a-159412b4f18f|995d0ecbd07ba17122496ce030ae35f088b0202c8b9b5f2e8dd0b4abc752b36e|baseball_mlb|spread|2026-07-04T17:35:00Z
2026-07-04T13:30:01Z|3c41eb00-7837-4f9a-8ab1-e7d52febb945|e3a8e85428db7f58cf60ce6da0dfe440a87d3e3f74dcae6b76f1f5d976cec561|baseball_mlb|spread|2026-07-05T00:08:00Z
2026-07-04T13:30:01Z|e5fa5e1e-a90c-49f1-b195-5dd04ac325cc|260f1fb4237d2c99e83c7876642ca878c275fd0c02d432f36d1cba70b9481134|baseball_mlb|spread|2026-07-05T00:10:00Z
2026-07-04T13:30:01Z|8aed45b5-a284-4106-b565-b0ccd9fb5b2d|7e34814ae76bafeae979e9d8f735322288553fdc289258a256c73fbcc4a6b89b|baseball_mlb|spread|2026-07-05T00:08:00Z
2026-07-04T21:30:01Z|477e7d5b-1dbc-4a33-9d77-f1d6131897b5|f1c2ce64ca164331c01df22b3daee0cbd4b161d1ee07fa532d022a8e9b49fde5|baseball_mlb|spread|2026-07-05T16:30:00Z
2026-07-04T21:30:01Z|6e946d4e-1bda-43d5-8fc7-270e143226b8|565004271ec7196b5cf7c404894e3e8db0b415eaa7a061e467218e0d4941c831|baseball_mlb|spread|2026-07-05T17:05:00Z
2026-07-04T21:30:01Z|063e8969-4477-4771-a6ef-0928377c50fd|a390f60bf6d63f9f134eb00bc736a85cd33f1547e8e7d1225400fe495713a3cf|baseball_mlb|spread|2026-07-05T17:35:00Z
2026-07-04T21:30:01Z|632ae4d1-da0f-481b-a9a6-17bc6f6a20d2|c3401e8ca3b6481799533f4cc9bd929ad8ffff87b5640de8d288889b3785e422|baseball_mlb|spread|2026-07-05T18:00:00Z
2026-07-04T21:30:01Z|3d63c8a6-4101-406e-ab8f-502fd2c18b75|1f862854b6a1b420484fd246d4ac6e20c7cdda2bb698da6ab81c67dda0da9e87|baseball_mlb|moneyline|2026-07-05T18:30:00Z
2026-07-04T21:30:01Z|0dea0b91-e45f-4215-94a6-ad5ccbafcd3e|d22170818ce1fb6e1ebf550aeac87c1836b1329af6b6acd98ea7bb0c79c9909b|baseball_mlb|spread|2026-07-05T19:00:00Z
2026-07-04T21:30:01Z|4598c1ef-7ad5-437f-9c03-cd8e542b3cb5|7ab1b587e4050415cd22bd06886f6b8f8837324e9084e6c6a17befeb308ac07a|baseball_mlb|spread|2026-07-05T19:30:00Z
2026-07-04T21:30:01Z|06097dfe-c821-47a4-8358-5f0c76dfc74c|dd59442f7a0b532867c26eacd4d82637a204a5f7919c046fd2b1a4550159c8ca|baseball_mlb|spread|2026-07-05T20:00:00Z
2026-07-04T21:30:01Z|0d9ec7e4-cb4b-4e9e-8b91-765e5aac3ab0|d84b116602e228acbed16669ec36dde5e16a2d0398db80f15a4c34744731053e|baseball_mlb|spread|2026-07-05T20:30:00Z
2026-07-04T21:30:01Z|f3e88608-5ee7-4c11-be73-168006b91a07|b461279c98d3bc1d9ad16cc6faaf8e01ad57f47396cbcde33fd85fde8606b549|baseball_mlb|spread|2026-07-05T23:20:00Z
2026-07-04T21:30:01Z|3daf9b73-29cc-46df-a8b3-540c1896bf7e|cc448be34963bb1d7da4c7f793e95bcb8a698d352c90aaffbe0a878fb262c139|baseball_mlb|spread|2026-07-05T20:10:00Z
2026-07-04T22:00:01Z|1c965f60-0c88-4bce-bf94-7698535c7c2c|4dfd8e0927c081e01a0e65e0b4e3dc4cac3ae0bbd86eaa6b677a3b403aa9627f|baseball_mlb|moneyline|2026-07-05T17:35:00Z
2026-07-04T22:00:01Z|ec1aa833-6354-477b-b8c7-d3dc8bc69429|d0cbc0d2ad402e99d21b01a2397f3ef824b06b97df032bd2253d42ed9f6ae768|baseball_mlb|moneyline|2026-07-05T18:00:00Z
2026-07-04T22:00:01Z|02e0fda7-f9ed-4a9b-9f23-80d0b53617c9|3200a6bff9820fe9c0958cbc524f008f0f389e547dcdd4667acdcf0bc115962a|baseball_mlb|moneyline|2026-07-05T19:00:00Z
2026-07-04T22:00:01Z|cc9ee666-aab1-49b4-b62b-5f729e5b1788|84f1535bceef0decfd63ba3d65d799a7f22e0779bf250c417b6edcdab78fc609|baseball_mlb|moneyline|2026-07-05T16:30:00Z
2026-07-04T22:00:01Z|6cf0b9e5-4b8f-48f3-9bc1-812acd58e04d|e8b04062b2bcc86c56f9e01ee5367a3c3e359c16629d7090b1fda3a32ccd3d65|baseball_mlb|total|2026-07-05T19:30:00Z
2026-07-04T22:00:01Z|3aa83e3e-e72a-4d2c-8979-c0bb34718f62|3dae2ece1ee33943d303fef34fdf94b7094453d7a997be2b56780973698c76e8|baseball_mlb|moneyline|2026-07-05T17:05:00Z
2026-07-04T22:00:01Z|a879c94d-804a-4a9d-aa7f-7997425d058d|5e3e311a20e2dd2ed7e67278b0d28ce814a3604e7024ae9f163ac2e0a1fb2420|baseball_mlb|moneyline|2026-07-05T20:00:00Z
2026-07-04T22:00:01Z|f9043536-bf11-44a1-9233-5e0412438fdd|09b7d7d4b3a72f6b4b80e7770878abbbf40750408bc94066c8ee98dcbe42182a|baseball_mlb|moneyline|2026-07-05T23:20:00Z
2026-07-04T22:00:01Z|26376088-59c1-4c0d-b121-1a9e7dcf9a02|e04940f7e642646ef0345c52bbcaedcbabdd2b87973db9b2c9941b69a86597f3|baseball_mlb|moneyline|2026-07-05T20:30:00Z
2026-07-04T22:00:01Z|3fefb6b2-2d47-4e38-8940-a96736761197|cbc07769fc3d2d229766fc3851a5628afc2af9b28a230298b8527d5acfb01b47|baseball_mlb|moneyline|2026-07-05T20:10:00Z
2026-07-04T22:30:02Z|8f2becaf-f0b3-402d-ad2a-06dd947c5eb8|0307223f745259f738d10e0323f7f97740d1142da5a846b4eb36ff115e89b528|baseball_mlb|moneyline|2026-07-05T19:30:00Z
2026-07-04T22:30:02Z|dfb3ab78-2c23-4879-8981-ebcce94dda2b|350308c383e5fe1456f4e16ee3d453f75e6eb744f55859e27d09095f2183671d|baseball_mlb|spread|2026-07-05T21:00:00Z
