2026-05-15T00:30:02Z|afae2fcd-d06f-4e05-9730-288733698071|d59c3b9d3dbfb37a5ca267854bf095cd3d20fe8cd06218971c3a4eb24856eb7f|baseball_mlb|spread|2026-05-15T22:45:00Z
2026-05-15T00:30:02Z|7ad7e2fc-8119-468d-93dd-043aa6aee6fb|b3ab7ed0fa1acfc354300a5f0d904e8f0e1977b2f7bc01b0d019f7d9daa4c60f|baseball_mlb|spread|2026-05-15T22:40:00Z
2026-05-15T00:30:02Z|82a8f154-6542-4d9b-bd73-843214990fc8|11f5588660f809b0ac46a80a5a88e142ba9c0c01104eb3fcfc7736c89d7c66c5|baseball_mlb|spread|2026-05-15T23:15:00Z
2026-05-15T00:30:02Z|983ce3a8-884a-4a34-a66d-5be56832c99f|9a33a9a934841de7ed679c589f91c7af873caea8304c250fa05b8b64d503f668|baseball_mlb|moneyline|2026-05-15T23:15:00Z
2026-05-15T02:30:01Z|e97ba551-ba9d-4871-8e17-9deb87885df3|b85913b03887b7ce11d6d21d4a818352effe1bb461cdb1262a54d8a8af5f3475|baseball_mlb|spread|2026-05-15T23:10:00Z
2026-05-15T03:30:01Z|7c21a7d1-226a-4e80-9079-ff387a6195e3|feefd2373b2e99be2787143a3b587f589f35ddf9099cf650d5bc13f91548ae48|baseball_mlb|spread|2026-05-15T22:40:00Z
2026-05-15T03:30:01Z|7534c99d-ea4c-498e-b331-9d4f254af984|645420323b30168103e4c470053342aa1d7fc4f32ab5b5999386b8b319c32c02|baseball_mlb|spread|2026-05-15T23:40:00Z
2026-05-15T04:00:02Z|1d34a7a4-2b8c-4c41-8a3e-19bbb0e5c654|723d59dcfee92668f7a4d6219efb8e119bdaaf21fdf04535674cc52f62e74d68|baseball_mlb|spread|2026-05-15T22:45:00Z
2026-05-15T04:00:02Z|e95729ed-b206-433a-afa6-b03b433ab9d1|814ce0a20155f05682980933c670b339834932da037c094dc4cbc4894a144583|baseball_mlb|spread|2026-05-15T23:10:00Z
2026-05-15T04:30:01Z|617756e6-5ff4-43d6-b495-735a3d3172e8|5064108093385fdb81feac04251819ac808fd4679cc46e239a6aac55bc370ea2|baseball_mlb|spread|2026-05-15T22:40:00Z
2026-05-15T04:30:01Z|3d1828ad-0203-4820-a4eb-2dcd482a4db6|86f7b6e3a4d1da9f5fe1eb0227d99da10317608330364b88093695f613ee742c|icehockey_nhl|spread|2026-05-17T00:00:00Z
2026-05-15T04:30:01Z|65f59866-e7ac-47c4-8823-c589af62b332|c9bbfc8482fa68f404c30bf255b127c771c534f078216ba08a6128c77aab1e99|baseball_mlb|spread|2026-05-16T00:15:00Z
2026-05-15T04:30:01Z|844ce0b9-ff12-43e1-ad7c-c1f8a4be3eaa|484819d9ee5a0b33d9daf6aafd0a987d0cc2b7486cc4be02d43f8f711a66cbd9|baseball_mlb|spread|2026-05-16T00:10:00Z
2026-05-15T04:30:01Z|b8f8325f-21dd-42ee-afc9-b275c25728aa|8cbaec75dd1640daa4ff52627b45d013b45c1edc1311473dba35703e5a2299bf|baseball_mlb|spread|2026-05-16T00:40:00Z
2026-05-15T04:30:01Z|bfec6737-c036-4fb7-8498-35bd67f3f919|ad74f8346b8ed74ac7aac2b926cf1a20a325a12ebcbd16e978c4098c72ba861f|baseball_mlb|spread|2026-05-16T01:38:00Z
2026-05-15T04:30:01Z|27bcf3b3-1273-4afc-a558-5ae96ca9b211|f9e12d13bf2f5e8365d6351b797f84116c4452e823fdc00cef09a1a406cc5e01|baseball_mlb|spread|2026-05-16T01:40:00Z
2026-05-15T04:30:01Z|e444aa65-e9df-4971-bda6-2da4b1f77b32|a93b1e7c345102436d3079c290a2251e54e643a9ad4aca4c7722fee5ed44f8e0|baseball_mlb|spread|2026-05-16T01:40:00Z
2026-05-15T04:30:01Z|e765015a-fb5a-44c9-a4b1-b31363c65694|62287ce608183748215a8e2d96f50d5d51f37350bb05bca05ea953c04fd5eba9|baseball_mlb|moneyline|2026-05-16T00:40:00Z
2026-05-15T04:30:01Z|311d716d-265b-499b-8ec4-7b09b1d5ac1f|9760ce5bfcb4e30d276a9ee5da551dcd4521c84585aff608ccda072494850326|baseball_mlb|moneyline|2026-05-16T00:10:00Z
2026-05-15T04:30:01Z|1b80d23b-406f-4c81-9b89-9b285884eb06|707c37b3f9c51f25b77dcc057a28254d399246b27a16011e38b0559014dc1a01|baseball_mlb|moneyline|2026-05-16T00:15:00Z
2026-05-15T04:30:01Z|797bd75d-d4b4-4eda-9a39-a75a624a968b|d9e6dc3d3c8cdeda7535b33a1974be4ff34c03c77d7bfb624f42d8405c9290b8|baseball_mlb|moneyline|2026-05-16T01:40:00Z
2026-05-15T04:30:01Z|b2d6ab39-3968-40b4-8fb1-03c8e948f99c|33635982643bcfc449b62924dbe8f99943920fd4c153680b6500c1935dcb6a92|baseball_mlb|moneyline|2026-05-16T01:38:00Z
2026-05-15T04:30:01Z|0538dcd0-fde5-461e-b84f-4e490d0d250c|1debde96efc705ce71a1e277633e4361c654558af0060200822233baf82df16f|baseball_mlb|moneyline|2026-05-16T01:40:00Z
2026-05-15T05:30:01Z|9dcc98bc-43e2-41d4-96b7-df22b00f65fb|c50c7794d190cffc4a49f6c664027987450bb66fb0119dbc9f10b84d6fefb00d|baseball_mlb|spread|2026-05-16T01:40:00Z
2026-05-15T05:30:01Z|1d8ad861-d2f8-40b5-8f8e-db93476e2df7|375339a12131ce255e9886c8f0d78d1d0eddb76c026b78023b795bc015461403|icehockey_nhl|moneyline|2026-05-17T00:00:00Z
2026-05-15T06:30:02Z|b74a0737-b0a8-41a6-a35a-f31ccebca52b|f8f089d51a282d64786ec236d40c6ac865bac1bf34c1837e57021d838c5836de|baseball_mlb|spread|2026-05-15T23:10:00Z
2026-05-15T07:30:01Z|e962c676-b45f-4bd8-9a9e-2f0161f01637|888d42bf18f4baf46bf5f8509abf6f3afde0c3dcec9cfa7abdced1fbc9591dc9|baseball_mlb|spread|2026-05-15T23:40:00Z
2026-05-15T07:30:01Z|e71ce1c5-9b31-45b3-89c0-756cf5b4a39f|361271b52776e52780b317886ceb35be66c5518bcfb1dfede7e4827fdd41e80c|baseball_mlb|spread|2026-05-15T22:40:00Z
2026-05-15T08:30:01Z|a5e1b8cb-e7cf-4bcd-90f4-df162e051bb3|b2ef8b2b87129d6490a4bc7d972ce361949b4a550a4b1efd74f67a45b1e5184f|baseball_mlb|spread|2026-05-15T22:45:00Z
2026-05-15T08:30:01Z|68f08d15-b530-4e49-ba81-5ecac973863e|3f5ffcac9b7a6329193db89852347ad46f3049e58f199737fad17b3dd86af310|baseball_mlb|spread|2026-05-16T00:10:00Z
2026-05-15T09:30:01Z|539d9be1-dbc2-400d-b791-1bf0566e7421|b49d0489743efa3dc9a925f25a901e70df38612f60ef4dec8031982dd55c1c2b|baseball_mlb|spread|2026-05-15T22:40:00Z
2026-05-15T09:30:01Z|e69464fc-dc50-4220-a1a7-d1fd11b8f978|546346f9c59d911d8a8e34e215aeab02f2bf2ddfa0ac10e70f9b98bff4e6f4d7|baseball_mlb|spread|2026-05-15T23:15:00Z
2026-05-15T09:30:01Z|cf7a85d8-3a17-43ff-8254-fe19dba7223f|7fa527a32a88d4691420a2d6196d9700806295e93fd7bbdf8c9fbfcdb3857feb|baseball_mlb|spread|2026-05-16T01:40:00Z
2026-05-15T10:30:02Z|9c57ab0f-1e00-4e69-a221-0db87b69bdc4|ee947f1ef7cc8e3efe10a5c8e6d5410e22145fb77acf3c76a13bf7238d00f426|baseball_mlb|spread|2026-05-15T23:10:00Z
2026-05-15T10:30:02Z|19ca8f5e-2711-4a9d-bd31-9a0c87fec5ef|3ee85dbf4de7ce93711f5d57f6402f8cd2385f80924150d6c96e6aecf4324690|baseball_mlb|spread|2026-05-15T23:10:00Z
2026-05-15T10:30:02Z|9ac20584-b3a3-41f3-9761-83464bf6384f|9d4755576b39b2a39be5d2ee88b4b2db5e16a2183549274cf31f5ebd68166174|baseball_mlb|spread|2026-05-15T23:40:00Z
2026-05-15T12:00:01Z|39d03302-57f5-4be4-949a-84712e013256|37c2f14842416bdd38484e511062a0cc0392d15706e1bc7876df6285321462fe|baseball_mlb|spread|2026-05-15T23:10:00Z
2026-05-15T12:00:01Z|4ec9fa82-775b-4de7-8cec-e7f7d8b8afad|87086f3064efeb2e4b200316a5034c269ce2a569cbaf57658ffb8af681c1710f|baseball_mlb|moneyline|2026-05-15T23:10:00Z
2026-05-15T12:30:02Z|72dde1e4-2427-41e8-932e-6daef95c2f36|1753ded4ba53601fd9918c2cbe3b5820e45a68771723742823d050790274a1e3|baseball_mlb|spread|2026-05-15T22:40:00Z
2026-05-15T12:30:02Z|c0941a59-70f9-4263-9f36-431088e8b0bf|dc94c03750eac6cedefa6307c5e12963a0aa261b4507b22a2810e94c93e6b121|baseball_mlb|spread|2026-05-15T23:10:00Z
2026-05-15T12:30:02Z|3129a54a-bc57-424d-99d8-26ca5b8707a9|ff1854f859e0a7ff0a670726352d580e146fe822d25304d84950d655809dd18b|baseball_mlb|spread|2026-05-15T22:45:00Z
2026-05-15T13:00:02Z|45c9ec27-52ea-4425-abfc-f6aa430be14b|9036601a61058b8f2536ddc900c7e246d778897175226c0ff25545c7ed10fb94|baseball_mlb|spread|2026-05-16T00:10:00Z
2026-05-15T13:00:02Z|5040ec06-1653-4985-b342-894644a85355|693edb6770d8f4db8ddda844206a0a28092799c6425da997b546141b02628c5d|baseball_mlb|spread|2026-05-16T01:38:00Z
2026-05-15T13:00:02Z|42c84b71-a1b4-485b-949f-29289a296f79|2faa76cc289c40a592e275cbb292bdb15aece96779a58fb191a26f04b5a37b67|baseball_mlb|spread|2026-05-15T22:40:00Z
