2026-07-19T00:00:01Z|1c0ba536-c4f9-44ce-ad0a-47340089c2f8|4d2dc74ae2f1500dbcef19dbec4dde057b13f428eac8a946a51920d00721d153|baseball_mlb|moneyline|2026-07-19T17:35:00Z
2026-07-19T00:30:01Z|97ab2e91-bbbd-49e0-bc36-78ef586deaaa|5c87af9bb9016ac49a3593e008f2ed6b445d1ae3ca2fb21c4a39aa536964ac97|baseball_mlb|spread|2026-07-19T17:35:00Z
2026-07-19T01:00:02Z|bdf888c5-73b8-423a-80ff-1820362a0b8b|e1fce39d67132c1f37237ca7b0224d41519e4ef166beb6932dc64021871963de|baseball_mlb|spread|2026-07-19T16:35:00Z
2026-07-19T01:00:02Z|78490332-eae9-47b7-b4c9-ade09400daee|3e7ef107f6e06f873536d4b1c4a5fb061728373e3012a7e5e83bd2b7c1034214|baseball_mlb|spread|2026-07-19T20:10:00Z
2026-07-19T01:00:02Z|fec45e3f-536e-41e0-9c80-6adbd99fd0b2|a514979b3191c60c1960f7bab6658a33124684508168e374b39c801a18a8f9c5|baseball_mlb|spread|2026-07-19T17:35:00Z
2026-07-19T01:30:01Z|b0602e23-0897-496e-b42a-523231b343a7|fcd7c4245b0bac194ce0daf24874907bd20e8f5e0d7fdfddcf9d28906597aff2|baseball_mlb|spread|2026-07-19T18:10:00Z
2026-07-19T01:30:01Z|8ae79591-96c7-447a-afc1-a1249d355865|b2d99264b394bde41b4490e7a1efb1f0bf6812b455a6a8bd51d76e34c8db5fbc|baseball_mlb|moneyline|2026-07-19T16:35:00Z
2026-07-19T02:30:02Z|c757cf55-7a77-43d8-a7bd-3fb5c9c20924|fe5971fcb209507dd839e4848d95e655823f991b0a16d343b788946223ae6f2c|baseball_mlb|spread|2026-07-19T18:20:00Z
2026-07-19T02:30:02Z|18f26360-fef5-479c-a138-41acc1f7cd3f|22d2d4bd607c7aed9e77a367d8614aa56a7f3a044242d5e616b0f4c8c6dbdfc4|baseball_mlb|spread|2026-07-19T20:10:00Z
2026-07-19T03:00:01Z|ae144ccb-71f6-4e0c-a919-49a1ce16bb67|37a0089f4bccb779f3b8e28eae6e14ee091858ed56c8087c99ceeb3b2cbef859|baseball_mlb|spread|2026-07-19T16:35:00Z
2026-07-19T03:30:01Z|abbfe675-6aee-48c9-b36d-127d6c9709f1|7d20fcbef4f5618243e3198c0e8682d1eb915edae1cfca563912335fdc01cd0f|baseball_mlb|spread|2026-07-19T18:10:00Z
2026-07-19T03:30:01Z|246c4311-098a-4a2c-a013-3ce6509ef7d7|053f27e2f98ea1689603ad9f873b5c2acf701ac77850548b6c4b54ff5acbd5fa|baseball_mlb|spread|2026-07-19T20:05:00Z
2026-07-19T03:30:01Z|667743aa-3ffd-468b-8f22-a65634f0c84f|aae9d7ac1df415538022aa08222eb6e46336edd4dac4463bf006d03a02d1bfbd|baseball_mlb|spread|2026-07-19T18:10:00Z
2026-07-19T04:30:02Z|38f7a4d8-72e4-490d-b2fc-d29f62d8749a|aa55e64f730220c1b25fb5a61bde1839cd9a9aeb9c76ca6de97dc60c55a8b043|baseball_mlb|spread|2026-07-19T19:10:00Z
2026-07-19T04:30:02Z|de7b4869-492f-4d1d-9548-a7b180a491ef|d588b9a5c9185b473726b5baad92cc7e0d8b7a0011ec3e86615b6684743abc46|baseball_mlb|spread|2026-07-19T17:35:00Z
2026-07-19T05:00:02Z|fafc7a3f-494d-47b8-aa5d-e102622eca9d|7faf28ca98e0ca441133e515712b662714546701ba4c8ef7894d5c55c83e4b1b|baseball_mlb|spread|2026-07-19T17:35:00Z
2026-07-19T05:30:01Z|e82e80a8-bc2c-4af1-8d38-222f2b79dc9a|1a50ca6ac7d3f144b925dfc76b4fa54a7ea444ccbcbe081718b5aa3552d95f71|baseball_mlb|spread|2026-07-19T18:10:00Z
2026-07-19T06:00:01Z|834abf53-4887-451d-990a-c78bc6818ebc|ce077802c43b8014163d726a094b76669d6d0a132c1214b17baf3add11993797|baseball_mlb|spread|2026-07-19T20:07:00Z
2026-07-19T06:30:01Z|d6c58c70-fd13-42b1-beac-042d8b7fe86e|e9eda697f31c17a4aafa4ff3e1fc64e50c5aeeefbb6f6be9cf1f078051596a00|baseball_mlb|spread|2026-07-19T18:20:00Z
2026-07-19T08:00:01Z|902995c3-e582-404c-8bc7-89344d388a0f|ae5010562c7434032bc137538f62e5a80ca0a74e6d55553d309482240ee50d42|baseball_mlb|spread|2026-07-19T17:40:00Z
2026-07-19T08:30:01Z|f1e59f7e-c622-422a-a4b3-e6279fd87ebf|73cc62a3e71c962744de274917c7a26786d27de638e4b817e56032c97092025f|baseball_mlb|spread|2026-07-19T18:10:00Z
2026-07-19T08:30:01Z|2d69f6f8-7df6-4480-bf74-8b4b416db818|ea20663c3825c488271fc7f67cf6c88cdd46a39241948b328f7bcaa2a4bf163e|baseball_mlb|spread|2026-07-19T17:35:00Z
2026-07-19T08:30:01Z|8c956c70-e4a7-42ad-aece-3d7bf9025454|d36168cfaf160b58ec9933088b5dc9570284c3b0531b094ac05c612856254a44|baseball_mlb|spread|2026-07-19T19:10:00Z
2026-07-19T08:30:01Z|5ccee0e9-732d-44ed-8303-1000eda44162|2b540a1c4bf2418d6e7b3cda080f4acb6d130d437e8bc5cbf865da67f5901ab2|baseball_mlb|spread|2026-07-19T20:05:00Z
2026-07-19T09:00:02Z|7060aa08-62b5-443c-946f-d626b94fcb92|2dd10014bfe15bc522c211ce5d151617a6d58b92b96ea385420acfaf54d475e3|baseball_mlb|spread|2026-07-19T17:35:00Z
2026-07-19T09:30:01Z|c1634f18-9a9c-4af5-89f3-7d43f98ef803|49d958956825b9e72f9bfb484a3202653ca7b1f319218d25d19f9cd59cda342d|baseball_mlb|spread|2026-07-19T18:10:00Z
2026-07-19T10:30:02Z|f0517a1f-0358-4ee9-9629-f3e22686cf72|cacc7d23111ad707c12b3c69d791ae63e97be5ee4465d900e9fdd416638e54f9|baseball_mlb|spread|2026-07-19T16:35:00Z
2026-07-19T11:30:02Z|6dae9d04-3684-4d71-8a01-42d6829e1418|5b50cb5da49bbcefc4985001b0d28187e9113236797c5cd410a510aa79572813|baseball_mlb|spread|2026-07-19T18:10:00Z
2026-07-19T11:30:02Z|19eb0f03-6d43-451e-9273-50103f784bed|d4bc6c7c8e9147f72681580368140b0515621ce7b95540b6fc535e495dfb1ffc|baseball_mlb|spread|2026-07-19T18:20:00Z
2026-07-19T11:30:02Z|f265f9ba-a0f3-47b7-b7f0-10e7b93d7ad4|37bce194950be50af7c8cf67a626d10ad78d83ddc51882eb20b0fa6f535dac99|baseball_mlb|spread|2026-07-19T20:10:00Z
2026-07-19T12:30:01Z|b3521c9e-1948-4dcf-bcf0-6f8c90b4ecb2|511d4d2731bf135ebd14bdcc8106b6997616abf86de095732cab53b2c365628a|baseball_mlb|spread|2026-07-19T20:05:00Z
2026-07-19T12:30:01Z|48e89c1d-98f0-4626-a99a-0e6c66b598ba|78ec5460cd47a1b3bfc0faddbe34553c6162b9ab1e2fb6e2164fdeaa445bf10b|baseball_mlb|spread|2026-07-19T18:10:00Z
2026-07-19T14:30:01Z|3523f85e-48f6-4933-98a8-df26acb5fa71|099e9de196dd9e9aeb32b442c48f5036f43c52a33fba422962366782afcb2be6|baseball_mlb|spread|2026-07-19T20:10:00Z
2026-07-19T17:30:01Z|241086b4-6954-4a07-979c-6718957ad748|7d205dab0ad36e68a0d651e7b2f05edd9e8ed9fdc84b55b8c278c4ed0ffd8331|baseball_mlb|spread|2026-07-19T18:10:00Z
2026-07-19T18:30:01Z|3549a831-8a90-4233-a637-cb6ff7806baf|6f1c6c3bf75385672965fea16d9180e0dcb63df12e003a6672d619c9a002062c|baseball_mlb|spread|2026-07-20T23:00:00Z
2026-07-19T18:30:01Z|77209a2b-3724-47f0-8507-480b1f2185d5|e77fbace590fe1296e3b675800f5c1a0fa96b31172fe0415c6bd13c6c343d5dc|baseball_mlb|spread|2026-07-20T23:05:00Z
2026-07-19T18:30:01Z|77d5fe2b-f797-4b6e-9c8a-2b62a106489b|6550508ea379b6d35a8185df8c7bf718e1fc2986548175205cb40f144831fa88|baseball_mlb|spread|2026-07-20T22:40:00Z
2026-07-19T18:30:01Z|948ba466-4c05-4c06-826c-a14eeefebef6|cc3039a999a9cf98b4f4e63e84dd4b7f282a6e4dd07660f00410d2e22a9565cb|baseball_mlb|spread|2026-07-20T23:10:00Z
2026-07-19T18:30:01Z|5186454b-2820-44e2-914b-c25d83519e21|7a90e33b634cf43982995b46b380ddf34599571b407b870f12047970bb851e8c|baseball_mlb|spread|2026-07-20T23:07:00Z
2026-07-19T18:30:01Z|a364aff8-652d-4cb1-9406-ae2fc6df6b46|eba974a5bd3dcc3a22cbee9a58ac74631e7b1a3f93cba7b4602feca78d76c1d3|baseball_mlb|spread|2026-07-20T23:15:00Z
2026-07-19T18:30:01Z|50d0a088-6fc4-4632-80d6-3ab274f8f2b8|30a3807a13d23937cc4816debf5f121a2d84048b9576069e84dd3bc2f3c4ad7e|baseball_mlb|spread|2026-07-20T23:40:00Z
2026-07-19T19:00:01Z|25b813ab-0615-403a-8cb4-9a4e217af22c|e553ca044b47cd3760a39a316a3053082e3ecc669532a3568a08e9cf47da7be9|baseball_mlb|moneyline|2026-07-20T23:07:00Z
2026-07-19T19:00:01Z|164c6587-6547-4118-940c-35b434d217b8|6828108429792f82aeda2b29cb2af20b477f675b9a615db0cd849986d45ec28a|baseball_mlb|total|2026-07-20T23:05:00Z
2026-07-19T19:00:01Z|1347ac61-555b-4bc4-b267-33bbde5a440f|a5890f6fe677360b27d28ffebb339f36f8f4913b96cea1fd422fdb6e9b40efb3|baseball_mlb|moneyline|2026-07-20T23:40:00Z
2026-07-19T19:00:01Z|bd8a8d61-aed1-4b1e-9236-111c6f7deb58|f2f989e5cbf88745102b1fbefebe6f7cb4ffcdf586d26d8a3ff709a37bc3182b|baseball_mlb|moneyline|2026-07-20T23:15:00Z
2026-07-19T19:30:02Z|ce53f124-60f4-4d97-9e9e-b25de4e4e21f|e1a58e6f8b11ff58240a81f68b6f3782a4862a7977641832cddde564ffd74102|baseball_mlb|moneyline|2026-07-20T22:40:00Z
2026-07-19T19:30:02Z|0f2fc14b-b8e7-49bc-8f43-cb7b82be36e7|f64d2ddfc364323a3d0136b1a0e78d40a85098751f83cbb3b706e29a6eb5660c|baseball_mlb|moneyline|2026-07-20T23:00:00Z
2026-07-19T19:30:02Z|ead94ca1-c8e4-4c47-9947-885a2fc593ad|0dad4e586920c23c594fecae36f08434adef90755b0268bd6174b6ec5543148d|baseball_mlb|total|2026-07-20T23:10:00Z
2026-07-19T20:00:02Z|5f17d724-6b64-4c4a-8606-d8f635211bcc|4455da0875b3689d036a37edb3e11cd74b94d86dce555fb2154333bda04cb9c3|baseball_mlb|moneyline|2026-07-20T23:05:00Z
2026-07-19T20:30:01Z|969f8d5b-4746-42b4-a5ec-703e2eef39bf|a61e12546f89e838f4a74135b92543a540c15a070321a8d73c8e7391cbe84f3e|baseball_mlb|spread|2026-07-20T23:40:00Z
2026-07-19T21:00:02Z|8461f8c5-b01e-42bf-be4d-87a060a3e71b|a1bf205abf47758355c34c4865780c94e066de9165c61024a1ee8474a63fe60e|baseball_mlb|moneyline|2026-07-20T23:10:00Z
2026-07-19T21:00:02Z|a5c139f7-6585-43da-ae2b-f5032d4e9eb4|b83af6907b3843ca99747c8d78fc3c216e3ca65a7f3326939256a0f36063e3bb|baseball_mlb|total|2026-07-20T23:40:00Z
2026-07-19T21:30:02Z|190052fa-12e1-490d-9674-df2ada8209b5|06a159b2a5556bb7c4d90134902e426ca1413c1a02b4b4c45cb51fc1e706cf8e|baseball_mlb|spread|2026-07-19T23:20:00Z
2026-07-19T22:00:02Z|1be79f98-7890-42de-b929-9031afec40c7|25b52625e311bcf9f95bd0207ca33a95fa988d6c6fa88de1ef68a248887b499a|baseball_mlb|moneyline|2026-07-20T23:40:00Z
