2026-06-06T00:30:02Z|b3207352-8a16-499e-806d-d05213ec3ccc|ec8aa9b0fef4035b0d53c3adb9a8cb1fae4ac1f829ce4ebc9cd26486f2c38bd6|baseball_mlb|total|2026-06-06T20:10:00Z
2026-06-06T00:30:02Z|b3ccf236-98c5-4fe9-99c7-a1d359d56354|b18bc47acc409d111954470fa20f9d89489b94faaa45ba1b83b3fe68a3ccd8d2|baseball_mlb|spread|2026-06-06T20:10:00Z
2026-06-06T00:30:02Z|a6f86465-9b56-474c-95e5-255048e18626|891caa54735b22cf4c0ddf5dc695901947bdeb03f7bc06bc4e1a9ff95646a075|baseball_mlb|spread|2026-06-06T18:20:00Z
2026-06-06T01:00:02Z|18c65d99-0d37-4403-8431-7bd252c0dae7|1dbf79b116c12d563c6a126525c8fd3b30f8c0318dc2ad59050c7981c752f6f7|baseball_mlb|moneyline|2026-06-06T20:10:00Z
2026-06-06T03:00:01Z|7857ae99-f72d-4439-9a79-dfa6859aa960|07d291097a28ac2d884cfa6aaed696f64cd8123f145d4397195d7a0a8f4c84ed|baseball_mlb|spread|2026-06-06T18:10:00Z
2026-06-06T04:00:01Z|fb40b339-1dec-4f81-8cbc-5ce33c847494|15f7d770733923246d913b5f8ba0b87035ec98c948a51cd37e05d14e731ba42b|baseball_mlb|spread|2026-06-06T20:05:00Z
2026-06-06T04:00:01Z|7ac738cb-e491-4643-801f-715a2e01aa91|27ea0f21148b39a90083e51eaf71ae18329c248d3fa53bbea008ea32fa7cbcc3|baseball_mlb|spread|2026-06-06T23:35:00Z
2026-06-06T04:00:01Z|34bede21-94d6-43b8-8469-f95680218a79|0fa88a8cac456eaaf2eccb26757958cb81a84fbd73e1d02fa9ee8cd38c02d5ce|baseball_mlb|spread|2026-06-06T20:10:00Z
2026-06-06T04:30:01Z|67469b7c-8f0d-4a92-ab66-b13ce173d4fa|7edb25c11f92674cda594486d21edc00dbdad821c38d977688d7f021639d750e|baseball_mlb|moneyline|2026-06-07T02:10:00Z
2026-06-06T04:30:01Z|9de66f2f-0cf0-45cf-a5d2-5c9688cd73a2|512ca854beaf90bb3a8138297c880bc2bcb5a66c7012ff895aaaebc5cf71e514|baseball_mlb|spread|2026-06-06T17:10:00Z
2026-06-06T04:30:01Z|116f96ab-3255-4d53-ac18-2275c08aca31|1ec7d7ae6f8986cc5ece675c0146e5540c15f143060f41f7b6fefda3773e9f24|baseball_mlb|spread|2026-06-06T18:20:00Z
2026-06-06T04:30:01Z|ea9a7abd-5ce0-4f45-8a60-3af67ff6a575|0481c5cbc709485afab8ec366bbd95c06c08d1aae6053d3dd9ad9299561b4710|baseball_mlb|spread|2026-06-06T20:10:00Z
2026-06-06T04:30:01Z|0dff3ae8-869a-4bc5-a1a2-07eae463edc7|cf5e1711e3d5a7e10ffab9e5a25061ea34700312ecde8f49b1abe8c01be7aa38|baseball_mlb|spread|2026-06-06T20:10:00Z
2026-06-06T04:30:01Z|542ab28c-fda1-4675-8cfd-b994c1268446|1dd927d50a89584613e2ae810ba3f2f0a2d4c461314c5e02222a5bc44f0197c5|baseball_mlb|spread|2026-06-06T23:35:00Z
2026-06-06T04:30:01Z|19eec451-491c-4ac3-952f-21101ff44d3a|f17858c3b1fc3450ad32cbdb2f5526a4859fe0142a4fb8b65504d477da11b39d|baseball_mlb|spread|2026-06-07T02:10:00Z
2026-06-06T04:30:01Z|08e8969f-1fa8-4da3-ae1b-0873039b5833|9a2b473d349ab0fa25de8fe1d8087750c9f84b5637dc5a754d439aedd355abbc|baseball_mlb|spread|2026-06-07T02:10:00Z
2026-06-06T04:30:01Z|24adb8ef-9c05-4c5b-be93-936bef904022|76509db6665dd3f5ee81a7f4d2865c9055d18f773703e62a9ba53ae67e4ae1a4|baseball_mlb|spread|2026-06-07T01:10:00Z
2026-06-06T05:30:01Z|506b927b-79ba-41ac-9c2d-9d5f6eac6151|d8d4f216261feab3f03a19bc276dbe3cc88672c48e0d073f86bdb841c4d49c35|baseball_mlb|total|2026-06-07T02:10:00Z
2026-06-06T05:30:01Z|101b2123-a8b3-4761-b006-7c87b688f668|a7be41ff0d6ee51cd917c56121c49169106bc1f899227f8b53adf1555c3a70b6|baseball_mlb|spread|2026-06-06T20:10:00Z
2026-06-06T05:30:01Z|4d413a80-3ed1-48ed-b962-a686b16391ec|cb81b03f84b9dd8878885dbf7314b0e3e1626efbae4c679529bf1dec31fb41fc|baseball_mlb|spread|2026-06-06T19:07:00Z
2026-06-06T06:00:01Z|faf62258-701f-4f2d-8a01-5dd315f5ac6d|f98ce1a5acf4ae20e29379e1e6b516850de8ca49153a4ebf0434129939303f69|baseball_mlb|spread|2026-06-07T01:10:00Z
2026-06-06T06:00:01Z|208fbeb1-d673-4b96-bcc2-856ae74d3caf|d474ea4054f4c336aff9fe50a46d289d89bf6028f94612ed7ee70da0040bd643|baseball_mlb|moneyline|2026-06-07T02:10:00Z
2026-06-06T07:00:01Z|f55c3d0c-b709-4cc4-a53f-11ee26050d91|bde70fa6c11268d44076e7c81af870aa9cb226a86d15a415ce813f1933b414b9|baseball_mlb|spread|2026-06-06T20:10:00Z
2026-06-06T07:00:01Z|00ad1ced-cce2-4cbb-b418-085841f00b80|e3b9f38ddd242c460042ce1e41d929de3f08c953b5e17dd6c31a252244a16e99|baseball_mlb|spread|2026-06-06T20:10:00Z
2026-06-06T07:30:01Z|70ef7f71-9be3-4ba0-8dbb-86a3fa55baac|02cf32be4230d05aae54013830791dff310ab92023a724786cd5f3c15d8ae01b|baseball_mlb|total|2026-06-07T01:10:00Z
2026-06-06T07:30:01Z|1779c3a0-71ac-49ca-b40a-59c73056e523|928f86292930194217739ee6cbb021ba1336e282922f96ae47c8cfb268136fde|baseball_mlb|spread|2026-06-06T18:10:00Z
2026-06-06T07:30:01Z|bd2793f9-a7d5-4b67-acf9-ae7234171314|280b63eefcfcbe685892c038fc715d4ea94cc87b15c4b29b0bdb5bb046089445|baseball_mlb|spread|2026-06-06T17:10:00Z
2026-06-06T07:30:01Z|4e4a9250-684e-46ed-a4f4-8ee53fc0272a|0a1a347e37fb3c6dfb4338e7b235eb7296645fcd5a956c993f977a515112b575|baseball_mlb|spread|2026-06-06T20:05:00Z
2026-06-06T08:00:01Z|fe3ac8b9-d4fa-40fe-8110-81951f084b93|72d717806b38b24a0b8a7aabcdbce959eadc19d964f838bd12d53aff8c4635ee|baseball_mlb|spread|2026-06-06T23:35:00Z
2026-06-06T08:00:01Z|03a4d15e-bbf9-4ffd-a167-7ef33004a02b|880989caedf358fb58b1a838fabadb8581fada3b96b072b1003c103c937c3110|baseball_mlb|spread|2026-06-06T20:10:00Z
2026-06-06T08:30:01Z|8986c513-cdba-4166-b86e-1abc4e14db19|bd6339209f69ae31e63e48d20c0fd64bfc0bd148d7ea64d14af30ea5bc639030|baseball_mlb|spread|2026-06-07T02:10:00Z
2026-06-06T09:00:01Z|e06c577a-2b1b-4920-956a-d8428e017fdd|aa31df7ace36ba4dfba4f7cae94279ae3b621664c0420d536138339ff9bc1c5f|baseball_mlb|spread|2026-06-06T23:35:00Z
2026-06-06T09:00:01Z|d105401a-e962-4884-8aea-71510e1baff3|488fcc070f12da6785480eb744bbbb3cdd5c14048c61d490aeef48f1e101a7da|baseball_mlb|spread|2026-06-06T20:10:00Z
2026-06-06T09:00:01Z|022efcd6-125e-46aa-9a72-3c4877f8b444|e1922c0a1fcecd72acadec5074c24584d64b17e9695061dd6cb4bc0c249a6cc9|baseball_mlb|spread|2026-06-06T20:10:00Z
2026-06-06T10:00:02Z|52ce8769-f157-4e7c-bf23-37746607b6d4|7ff35b0fd9ab9202de5f8be781f02f5f3eab45714d87d6756c55beb996f7d28b|baseball_mlb|spread|2026-06-06T18:15:00Z
2026-06-06T10:00:02Z|4308bd98-2940-4c8d-8d8d-d8c22f614db1|d2740a5197def081247b4024d477fc6fada8ab5a8c86a58c45138483e389da2f|baseball_mlb|spread|2026-06-06T18:20:00Z
2026-06-06T10:00:02Z|9909b003-f8ac-4849-a32b-7cbd1bee1122|9102ceeb0e3fa914251b4c6550459db7de3c8fdf45dbbb9b93bd29785cee46c4|baseball_mlb|spread|2026-06-07T01:10:00Z
2026-06-06T10:00:02Z|468800cd-c3d0-4395-b9ff-710ea7e439dc|5cd6540db998ffeea94b9d424677942442a8aef5950e26aaedd5deea44438000|baseball_mlb|spread|2026-06-07T02:10:00Z
2026-06-06T10:30:02Z|1dc439b4-8b77-46f9-ad74-d812ceab7be6|7d6ec95de12549b967aad5d0c30d6379931eb0d99033fb7cba6cd91eab3f20f5|baseball_mlb|spread|2026-06-06T20:10:00Z
2026-06-06T10:30:02Z|d290c54f-5353-4777-b9de-7744f7ec6b1b|f760cc98ebb7e78e6e75e211cc1cb21473702f304c1338797b4fb0b37935e0db|baseball_mlb|spread|2026-06-06T17:10:00Z
2026-06-06T10:30:02Z|b8ea87f9-c5b3-49e4-928f-04df0e3e5e96|58dac4400b8f8ed1b7cc4ad092bbdd8bbae9d42e6312c3600c81936de2b31ea2|baseball_mlb|spread|2026-06-06T19:07:00Z
2026-06-06T11:30:02Z|b3fe5790-d9f4-42c0-816f-5178f459a23c|6b14858fe0b9fada3174f5436baf971b4948e030d01702d433856fb619e3e62d|baseball_mlb|spread|2026-06-06T20:10:00Z
2026-06-06T12:00:01Z|8512ca29-b3a7-4591-84ba-d47ccd5d8e55|0dda7c5a03ef64cd61a749bf74c9b530cb498c27ca77fc011a56353e891f8ce3|baseball_mlb|spread|2026-06-06T18:10:00Z
2026-06-06T12:00:01Z|374bda32-95b2-42e5-8d69-40463af1403c|0059df8a295334f4db441020575b9aa61c269e76c008c20445a2e3db6957d607|baseball_mlb|spread|2026-06-06T23:35:00Z
2026-06-06T12:30:01Z|8e5c1ef4-845d-42e5-992f-72d1e88f6e02|6410de45fbb498d42cfcc2c86958ea27c5a0fda7052b7f4890f89217bb6a620b|baseball_mlb|spread|2026-06-06T20:05:00Z
2026-06-06T12:30:01Z|ce433d26-7c69-4742-aed7-2c3ba2416882|6360412bc6f5e0f632d705d456b487ac024dffa534eaba196cc442492b733462|baseball_mlb|spread|2026-06-06T18:15:00Z
2026-06-06T12:30:01Z|81443382-4d2c-4d1b-9e3d-53ce956aec22|996468dcb0483582a7c31c595f1c3a64a3cfe0bd637f358768187466f6085d3b|baseball_mlb|spread|2026-06-06T20:10:00Z
2026-06-06T12:30:01Z|556a196f-a650-4af2-8306-15cd02ced16a|7df03c362b75b33c43b03faca04e0cf5346f4866a439b207481b6cf4a1748b39|baseball_mlb|spread|2026-06-06T20:10:00Z
2026-06-06T13:00:01Z|0f612b61-f567-422e-870d-e5c9f4847889|69cb0ab8a15b758f3bc283398d4f57b611aa198ef74892871abd9a73b787c5de|baseball_mlb|spread|2026-06-07T01:10:00Z
2026-06-06T13:30:01Z|147e1cf5-23ce-43bf-858c-8d6302aa7a47|cbfcb59029235490fb2454e77f6bb66c613d7566731ae59f82e46a32d7ceb328|baseball_mlb|spread|2026-06-06T23:35:00Z
2026-06-06T13:30:01Z|fb068d74-d155-4020-a0d0-61c2dfa1eee8|d21e6ef8dff07b0bbc118e93e7d3d52371e770e1380d50293a50964020240161|baseball_mlb|spread|2026-06-06T18:20:00Z
2026-06-06T13:30:01Z|a086550e-f691-4a09-b162-65695d0e15b9|be926d59aefe483382b3e73ea317b1f56eab0f8c7666a2c21c3a5383a14c3d7d|baseball_mlb|spread|2026-06-07T02:10:00Z
2026-06-06T15:00:01Z|217c9e58-7826-4db8-bcac-dd5b33e020d4|871ac820572f3d52e397f562c87ae57b2f2e013fe78c1287e00e9137a1a54e42|baseball_mlb|spread|2026-06-06T20:10:00Z
2026-06-06T15:00:01Z|f34cf6fc-66b0-4afb-a498-94fe462f9bc6|96ccecea75718470a70052e0960c11ec339a61205d629af84a6838d2e1ba4a9b|baseball_mlb|moneyline|2026-06-07T01:10:00Z
2026-06-06T15:00:01Z|7b5b633e-b8dc-4f5c-a46f-755437de3a3c|2feadd61bd3cd0dbfd308ed319b492989b6aa04175bcb8a99aec7befabe89432|baseball_mlb|spread|2026-06-06T23:35:00Z
2026-06-06T15:00:01Z|623148da-d6a9-4c2d-918f-c84cbb531059|cad91c63168cd94fee1282e7d7fbf5322ac3bf60ca1fc6f47c7accbfd552a54c|baseball_mlb|spread|2026-06-06T19:07:00Z
2026-06-06T15:30:01Z|8d754ace-43b7-4871-bfa0-8fbecd60be9b|5cd7cc5ff3a03cc3b7ca02ff18b5dfcd36dcd52cb2bebe16adf195c8a16d2406|baseball_mlb|spread|2026-06-06T20:10:00Z
2026-06-06T16:00:01Z|cdb3e6ff-29cd-4e7a-befa-4cee1dcb7a2b|4511d56be65f0ade7f28aa967587078b803b1997d24f48ca489d55a8092c7d02|baseball_mlb|spread|2026-06-06T20:10:00Z
2026-06-06T16:30:01Z|3a12c4bd-62a8-487b-88c1-055ec7635c8c|bb6ac01f8a443a47cc7e95fe549e9e363a445b4c1eec53c4e70ae9a748b7fe20|baseball_mlb|spread|2026-06-06T20:10:00Z
2026-06-06T18:00:01Z|c9ba2705-2179-46c1-85e5-0eb6452b119c|3f86c558635e6db98e21b5c964d7c9cf90b5498c586315a99bf5413b4be5b763|baseball_mlb|spread|2026-06-06T20:10:00Z
2026-06-06T18:00:01Z|7aedb13e-443e-44a8-acad-67cd761ed4ce|cb09bcedcfee51dcc0443ffdcb9894b86edb2e1e15e79e7a5fd5dd5cc7377155|baseball_mlb|spread|2026-06-06T23:35:00Z
2026-06-06T19:00:01Z|efacde5e-5cf4-466c-8f7c-574c824d83da|f8caa0d3bb67ca942b8b5a979e59adbfbf742c81fab3362c25058adcf28df1d1|baseball_mlb|moneyline|2026-06-07T17:35:00Z
2026-06-06T19:00:01Z|562f2b5e-19ec-45a5-9876-80cff573aad8|e7ba64b35fc0ddf9dd9271aa8c42eafc104006395565062aad310669672ed55b|baseball_mlb|spread|2026-06-07T17:35:00Z
2026-06-06T19:00:01Z|8fb53e58-cb22-4ab8-bab1-933bcd01e6b6|68ad3a236de7b493c7242febeae6e5aab4f784f8bd949fa4d191c327a97d0b62|baseball_mlb|spread|2026-06-06T23:35:00Z
2026-06-06T20:00:01Z|d352f2f6-183b-4c18-9a15-b1995b33cd2f|0cb1cdf428c891378c4053ab913ee1b19a2d985947b50a75fc773b1d01da436f|baseball_mlb|moneyline|2026-06-07T17:37:00Z
2026-06-06T20:00:01Z|3ce9ce13-b580-49db-8970-8d685673c060|10a933a3def79320f65a340bf71f946f5f25f3b2c2d17b47ccd34f6c501fb674|baseball_mlb|total|2026-06-07T17:35:00Z
2026-06-06T20:00:01Z|1096b2e6-a96a-42ac-981b-f92ff3a86370|590a6f642da3338b1ab982cbe56c2a249de98be8fae4b6d76c6e7b16da4a4771|baseball_mlb|total|2026-06-07T17:40:00Z
2026-06-06T20:00:01Z|2fac9ef8-a560-49aa-ad8a-0eab8690bc80|4fee822c5370e11c0ef9a13b07540ebc218e43efcfc1922b7a92ac45f94e5bac|baseball_mlb|moneyline|2026-06-07T17:40:00Z
2026-06-06T20:00:01Z|690180df-97be-43a9-a1fc-3c418ec00bc5|792e9dd46c39e800f0a6a5b2c39da0b37da7349b13ae4c217253095772b9c61d|baseball_mlb|moneyline|2026-06-07T18:10:00Z
2026-06-06T20:00:01Z|b0e11ea9-e82d-4c8d-9b7b-fb144e5d5e1b|21b4f04bf1aa84f456ac586bc9276cfeec925f4371d419c3a9baaded2240644e|baseball_mlb|moneyline|2026-06-07T18:15:00Z
2026-06-06T20:00:01Z|e6848505-53d2-4b8b-be76-c72d39600fb7|84f2829cdd6f4fecfbdf7901f7f4fdf4ee345b4b7d93609b8317f456f8d2ec0d|baseball_mlb|moneyline|2026-06-07T18:35:00Z
2026-06-06T20:00:01Z|31426378-ff4d-4610-9ef3-da47d6986894|6f124c7503143072f3f05df9ebe5dd30e1e63deed486a80f432bdd8e9604a463|baseball_mlb|moneyline|2026-06-07T20:10:00Z
2026-06-06T20:00:01Z|43080cd3-4caf-44ec-ab20-29535834cec9|b6b2607e2f4b52080982e296b12aeb78b2e85377b350f1478c052d3e170805da|baseball_mlb|moneyline|2026-06-07T19:10:00Z
2026-06-06T20:00:01Z|f430bbe8-00b2-411e-835d-69c68bfe1bda|f0e0cf16e380cc2c61cd2fc2e191d8db4ce0d98a0c5d32dfd14ab1606443c334|baseball_mlb|moneyline|2026-06-07T19:15:00Z
2026-06-06T20:00:01Z|891ccb91-f545-447e-8fa0-81a7d2ebab84|22aff0919e6f7d41c4d9365d046a05e13f66354bd7a99c25d0f5cf67bde164cc|baseball_mlb|moneyline|2026-06-07T18:10:00Z
2026-06-06T20:00:01Z|5a055106-45ae-4efb-a2ec-af79dadc1c62|547cb678e8fa7f4b924ddd599016ceb53930315f4cc48c3db0fb47cbb754bd8f|baseball_mlb|moneyline|2026-06-07T20:10:00Z
2026-06-06T20:00:01Z|5c91cb71-2733-4ac3-8da3-24ba6bc0827a|a9bbc99531dbf4b4b5e340ec3a1390e29ef5bb81f5814012f7fe86320413c8ae|baseball_mlb|spread|2026-06-07T17:40:00Z
2026-06-06T20:00:01Z|bd4222e6-6684-4202-bf68-8e6b1f222c73|81f591c13456763d263e7e36cea2f61b36cccbd54d687662997429df68bfe07a|baseball_mlb|spread|2026-06-07T17:35:00Z
2026-06-06T20:00:01Z|69f463e1-cc52-4098-beeb-7c8991373b06|7a4a0356c86cb87dbb2f8c471c485fc076fc1c7aecae2ac03c93c41d9da7fc21|baseball_mlb|spread|2026-06-07T17:35:00Z
2026-06-06T20:00:01Z|73fb0ae1-00d4-4c24-909a-90fef745d89e|36fd4127057ddef112ffd96029058e8854cc3326b4a7212494f66db6d6d86c78|baseball_mlb|spread|2026-06-07T17:37:00Z
2026-06-06T20:00:01Z|90427546-5b8b-4c1d-8cee-b99c12d7ddf7|fa7525072234a9b736fd139c0ff7628008adbdbb4400b1ce72358d061b477424|baseball_mlb|spread|2026-06-07T17:40:00Z
2026-06-06T20:00:01Z|89550733-dffc-46ad-b4ad-232ad9aa3aea|ceb32ec05c7f4b904a472126018ae6f29b630ccfa46f18912268f997f64f8118|baseball_mlb|spread|2026-06-07T18:10:00Z
2026-06-06T20:00:01Z|93415d9f-0ca6-4908-b8ec-abb5f0b1361a|850ec1d8d28419cec8248c8f4c4c8889ac32c4a38843a26fb6d3e9721524ecd7|baseball_mlb|spread|2026-06-07T18:10:00Z
2026-06-06T20:00:01Z|a94cf86d-d463-4aeb-b9ef-08e8ce68d85a|97d3ffb3cbfb668a72bf5e365a54f3cb3a523952d522facbf471bad239c86f72|baseball_mlb|spread|2026-06-07T18:15:00Z
2026-06-06T20:00:01Z|07b0f0df-fb47-4a37-9be9-7ffaccf25756|4f413d7cfbabcf2074695fd85f3560670b70934833b8eec0704c27aac2222ac1|baseball_mlb|spread|2026-06-07T19:10:00Z
2026-06-06T20:00:01Z|79d02746-2d67-44cf-a079-0276e5c223b6|e0e54a3e45e17629d032820c8faabdcd4d2d8d1c1f2c55cf71395328bd5db9f1|baseball_mlb|spread|2026-06-07T18:35:00Z
2026-06-06T20:00:01Z|a7edd07f-3ebb-4995-9859-6ecc5f71a570|d9c132db77881d32895db81c52ff41a6f52573d88d3c1f9501130971304d2280|baseball_mlb|spread|2026-06-07T20:10:00Z
2026-06-06T20:00:01Z|42825805-5308-4f6c-97a6-26e5b758e0c0|bf70dfa7f08b73eede6a1879f43f7985954487a405a64fc8fbe17ab7d1615be2|baseball_mlb|spread|2026-06-07T19:15:00Z
2026-06-06T20:00:01Z|bd49c17b-1245-4378-9b59-fc4511dbba73|55d2fc2e57e6754b69d5fb261124520bf6ac8f2cb0ef0b7a08f75ba3cf1f5953|baseball_mlb|spread|2026-06-07T20:10:00Z
