2026-06-04T01:30:02Z|46043e37-5146-4172-910d-26ba3452c62e|ee0d1155c3b1182910a9a29f268556d1bdeecc07712f929bfb3e51cd3718fcda|baseball_mlb|spread|2026-06-04T17:05:00Z
2026-06-04T01:30:02Z|bb1405ae-5877-4577-855a-c31a52e7d188|1d6c45f75ef0a7bfccb65340a30e1086d31b842616aff4dbfbdab6eca0fb88ae|baseball_mlb|spread|2026-06-04T01:40:00Z
2026-06-04T03:00:01Z|485c48b9-7e38-4b05-8dab-09b1f9d73ea1|684fcde957318ba046e010325426fb7ef49a4e2785e010d1cd95100f9e0e9622|baseball_mlb|spread|2026-06-04T17:35:00Z
2026-06-04T03:30:01Z|bde2fcfb-8ec0-4e0d-b20a-f349d942c71e|e7394b2646a3d54c8f93af91067d92b8c307afbe43a0fa73a3bee9475ab42dc1|baseball_mlb|spread|2026-06-04T17:35:00Z
2026-06-04T04:30:01Z|f429cf46-aa8e-48dc-b1e6-e252c9135006|36162b430960f8f72ed1a2150a417c069ab9680417ae7340c75438268e2acbee|baseball_mlb|spread|2026-06-04T23:40:00Z
2026-06-04T04:30:01Z|1f9b7ebb-40f5-4956-b934-bb9d834de2d9|55261e8b2feda99c8ff392da271e2672c55be3eb4accb0f8a03aed10655f3965|baseball_mlb|spread|2026-06-04T23:15:00Z
2026-06-04T04:30:01Z|48cccbb7-780f-43e1-9296-546b2d4ac45e|c52ff13e139dbf9595c2674c0e4747dbf33b9afc0743d075a9c61e560c59ba14|baseball_mlb|total|2026-06-05T01:40:00Z
2026-06-04T04:30:01Z|856cb3d8-85f3-4ea9-af0f-a3576606dac0|f251317aa65ba161a3a0156920fd6e3ed32f7b9b8d79d67b68438094e5a941fb|baseball_mlb|total|2026-06-05T00:10:00Z
2026-06-04T04:30:01Z|88e84774-01ff-4e5d-bf60-f084c2c61158|a962993cdeb384dce7ff3233a0eee2be8c380f247733c58aa71e68d248f66dda|baseball_mlb|moneyline|2026-06-05T00:05:00Z
2026-06-04T04:30:01Z|097dc64c-cfd2-4ef9-9919-28dbd0a627eb|204e0e9856cdc720b40ccd728d1abc8b87e9e1db83b0c58c7009f8d6a224cf6d|basketball_nba|total|2026-06-06T00:30:00Z
2026-06-04T04:30:01Z|f74f88af-004d-46b8-90d9-f0fb546a92b1|0b381b17486284449dfd7e234bc57caeaaaa980a67ddc914e8b6c9e12022e137|basketball_nba|spread|2026-06-06T00:30:00Z
2026-06-04T04:30:01Z|a89498a3-9680-4ade-b0cc-25ffce6537fd|09f224db5c9b7aa1707ffa9d4d5c2e56f5ab132b435c75296abc6476118c93bb|baseball_mlb|spread|2026-06-05T00:05:00Z
2026-06-04T05:30:02Z|2e841437-3521-49dc-aad6-1bd6946aca59|05fb84c3d60ca0282eccb9b05bb2b546b3d4b7507dd36846fb98eed9562fbcbd|baseball_mlb|spread|2026-06-04T18:10:00Z
2026-06-04T05:30:02Z|14fc89fa-2379-4e48-9939-f7cd65b594fb|b79d7e0b65de4a677b43e8d29da0a4c05193a5f3a98f0c562a11517c38fff3e4|baseball_mlb|moneyline|2026-06-05T01:40:00Z
2026-06-04T05:30:02Z|0b4b333e-19dd-4172-b8fd-c4cc711079b9|10a30c7ee079ab31f9b2eda1f335aab4a2f95e2d4b309fdc3035d5a5fd4af42c|basketball_nba|moneyline|2026-06-06T00:30:00Z
2026-06-04T05:30:02Z|449b99cc-ae33-4b02-9f66-ede73d9fcab2|dfefb8fc982f1561f594eaf0f8dbdd7dbb9a65b5f9fc331ca0da5f5c9c089bf5|baseball_mlb|spread|2026-06-04T17:05:00Z
2026-06-04T07:00:01Z|f4856f12-ef0f-45b6-bdf9-770e031c558a|7893b64eadd6f1412af42c7d8abd3f5020f098b671ff1a3d7827fc49580fb0d0|baseball_mlb|spread|2026-06-04T17:35:00Z
2026-06-04T07:30:01Z|37677c18-dfa7-4a43-925a-8efb84f493a9|0d8af525083c8400ad3b91ce38801753ce53b3d500956e171f5d4b8c4621babc|baseball_mlb|moneyline|2026-06-05T00:10:00Z
2026-06-04T07:30:01Z|e597e40a-9597-436c-96e4-7c38356d79b6|f779f19c45392418dc1acb053021e11052e20a389dd2bcf85b16b0cd4d90214f|baseball_mlb|spread|2026-06-04T17:35:00Z
2026-06-04T08:30:01Z|6d30769d-c630-457b-a481-f2c4441f18cb|9f42a4c1c53c3ebd01ae334ad92a93b71d5a6f5e8fdce722d0992b3317f3fdb2|baseball_mlb|spread|2026-06-05T00:05:00Z
2026-06-04T09:00:01Z|628e53f9-8d12-43ba-9f95-82853cc8a2ee|e1e5dfee25fb684a796811ca8b623a21f02febb007d0333c0eaaa78812ff0fc1|baseball_mlb|spread|2026-06-04T23:15:00Z
2026-06-04T09:00:01Z|425d66cd-69f8-4753-98ff-64e15ef4c683|d23d25cff303ac9234c813ab488c034f1d2da3e7f539df42ff8e60754689867a|baseball_mlb|spread|2026-06-05T00:10:00Z
2026-06-04T09:00:01Z|3816a552-4ea2-4e2a-a3fc-907f274f0a23|57c6668c326da23f98bafcb1727aee9cf59379327889d3dc6740b8ee614b298b|baseball_mlb|spread|2026-06-05T01:40:00Z
2026-06-04T09:30:01Z|e4b6805b-2d71-4b07-a59d-a122e49c7f6d|0a23844f7fc6ea70bc0241dbb68ac979541b164f43b399f2cfad9927e451133c|baseball_mlb|spread|2026-06-04T18:10:00Z
2026-06-04T09:30:01Z|986ae97e-da27-474a-b3bd-589d75982125|8660e0de157c7a5d8b082a94e3afda6f70c770ce3f86554d6edccdaccc58f7c8|baseball_mlb|spread|2026-06-04T17:05:00Z
2026-06-04T10:30:02Z|008f79ca-fed0-420d-b6c7-cb3b5d9aee86|552917a49932a48dd3731e4eff5915756862cb818f7baece5e20b0bc933c74f5|baseball_mlb|spread|2026-06-04T17:35:00Z
2026-06-04T12:00:02Z|bacc6e56-5bd6-4df3-af9a-cac44e0a813e|47732d5910b57dc36933199972783be995e52c2ecf43d693efc243261d8fb08a|baseball_mlb|spread|2026-06-04T17:35:00Z
2026-06-04T12:30:01Z|e4de78ac-c07d-4686-975f-d099805ebd30|45f1889ccaef2ff01bc10ed59f47258e9d4ecf275d92347b7f5e68199984f4b6|baseball_mlb|spread|2026-06-04T23:40:00Z
2026-06-04T13:30:01Z|1196395e-15a0-4eab-ac68-500373d8f6ef|74815e0978f0703504bc7f28591be35439b5bc53594dc2bf9c968356bad11c21|baseball_mlb|spread|2026-06-04T18:10:00Z
2026-06-04T13:30:01Z|6a6962b0-5541-429a-ae57-382a7aeadb22|5a9c8214b1983dc24438b4c8ae3c3df8f38751c39586a8e119fb72596648e3ef|baseball_mlb|spread|2026-06-04T23:15:00Z
2026-06-04T13:30:01Z|8d9df5bf-9f73-4d7c-b542-b26bd092bc67|fcf750f22bb616671858c0f9603a0d2a4e3fc4c1f584ecf46bd94ce0466e6761|baseball_mlb|spread|2026-06-04T17:05:00Z
2026-06-04T13:30:01Z|6cae2c11-25e2-4dc2-9268-2dc7686d4d7c|d222b2f7877895b3d668dece493c7bfbc1fe35b23334608c64ab7301005f2a67|baseball_mlb|spread|2026-06-05T00:05:00Z
2026-06-04T13:30:01Z|a05631e0-5304-4b24-a8ff-56f440e7c1b0|10bf5c30a8c8d71a419af9648d63b655bdff9040a4986e9db7d5d702eb9cbde5|baseball_mlb|spread|2026-06-05T01:40:00Z
2026-06-04T13:30:01Z|7ebcc0ea-ee00-4809-a9b0-9794ef32c544|21df6e5b0b16958f520f38f5cb5e6f9a9fa8181574e35bcd7042cf07ab4a786c|baseball_mlb|spread|2026-06-05T00:10:00Z
2026-06-04T15:30:02Z|a2aff353-80e1-46f1-9bf2-ab32b9297052|ada9a09b77a429d2312cdc362a935db2a1a996d1bc7b27372eaa4c717708fe44|baseball_mlb|spread|2026-06-04T17:35:00Z
2026-06-04T18:30:02Z|7e5454d0-e340-4721-a498-467d7ed765c5|c69515aa17a415c05d010c4da4c83a1dbc57b5f46d706cae42ee7d03f69ed84b|baseball_mlb|moneyline|2026-06-05T22:40:00Z
2026-06-04T18:30:02Z|b1571498-9774-421c-b895-87d23d5a55d9|b8d0ff38c32f1f8cb7f57ab3c3ca0f23c2d45f1dbf4f2f9a7b3324b1717121a2|baseball_mlb|spread|2026-06-05T22:40:00Z
2026-06-04T18:30:02Z|7f9c76a2-3d83-4857-ad1d-96993b778b46|4f59edee63150d5f9cf0a8908f6f16c584638b35050da8df1ce2039a92c3924b|baseball_mlb|spread|2026-06-05T22:40:00Z
2026-06-04T19:00:02Z|2e7fd652-7b35-4d25-8846-4f3c07ef7827|4988dae49169c87cff7d05503c447a1d5e9c599ba8c24077174daff09059fefa|baseball_mlb|total|2026-06-05T22:40:00Z
2026-06-04T19:30:02Z|c8d3a029-4228-4f9a-80e6-bd3a2b01caf4|cbdea5381cc4c4ce3a2332334f0583149d3e3cb2855d54edde4c409f61d1e3f0|baseball_mlb|total|2026-06-05T23:10:00Z
2026-06-04T19:30:02Z|a519ef42-3706-46cb-8099-d69aaef7bd54|6dbe3e8fed2cf61c245e2cae6bf1e9109df1c396d4a531309dafac098d24736c|baseball_mlb|spread|2026-06-05T23:10:00Z
2026-06-04T20:00:01Z|e42cf8cf-6cae-4034-8d07-2a484a7bba7f|a5d8e9e10bbcbd286d4b128ea787535c0e21fbe52b9a8c7593d1e8267c7f7dae|baseball_mlb|moneyline|2026-06-05T22:40:00Z
2026-06-04T20:30:02Z|cfb0334c-ed76-41cb-9aa9-cf3db2cbe53e|2c8231138b954ed272bac96cd7e54a618a152e3d55b2764276fb1e8add49ce7c|baseball_mlb|moneyline|2026-06-05T23:10:00Z
2026-06-04T20:30:02Z|3b4c9497-cd9d-4af0-ac73-7f1d4ab9512a|faa9e7e7de8481a73c73698bd4cce7e96a0a7bbe41026f8a3f44cc32340156a2|baseball_mlb|spread|2026-06-04T23:15:00Z
2026-06-04T22:30:01Z|72f3885b-228f-464d-890f-648c7ccc8155|cbf14566e6e53f86336075e38c6df41baed8327eefb157e8b6b70d18d8a1b12e|baseball_mlb|moneyline|2026-06-05T23:15:00Z
2026-06-04T22:30:01Z|c1178c1e-04f4-4ac9-ab76-896948798d17|563413e3b48bb94664409938b2056047ea987a8e5e219c1adc76bd1bcdc422b0|baseball_mlb|moneyline|2026-06-05T23:05:00Z
2026-06-04T22:30:01Z|a741f71e-5123-4074-8050-2c28c7810c04|72db108c563f1d6de1ffc4e854cecbc57b2b8b030c66e2f8270ba3ce1e0bea2a|baseball_mlb|spread|2026-06-05T18:20:00Z
2026-06-04T22:30:01Z|d10a951f-0ef6-4a9d-94d6-036e9af31df0|ba4f7a38d5bb9f734bc9ccfa5bfa05d680469f812f7939cb449f217ceb3eae58|baseball_mlb|spread|2026-06-05T23:15:00Z
2026-06-04T22:30:01Z|2944375f-5150-4328-b509-e57557448d3d|64e05bd849f920e71e562f85531553a867e78db6bfcb18366a27c9be4eacc751|baseball_mlb|spread|2026-06-05T23:05:00Z
2026-06-04T23:00:01Z|1df85fb4-61a8-40fd-a7e2-7c6e060bf51f|1b31d7baaedabd4fe484495f8a6d1b17c6fefdc7796b6bf24a1d53f6fb81255d|baseball_mlb|total|2026-06-05T18:20:00Z
