2026-07-02T00:00:02Z|748ac23a-767f-4958-bd10-9e098f84562a|11730eabd46d4654234ad8e3822bf5560903231316450e3f1f2c1ccdcd6392f7|baseball_mlb|moneyline|2026-07-02T19:10:00Z
2026-07-02T00:00:02Z|f8f7bad7-bb18-47ef-9a1f-267d9db5af74|5b4c6f224f89ee8e287f33b96b98a53745748bf28ec8998792d53ac4cfa600b8|baseball_mlb|moneyline|2026-07-02T23:15:00Z
2026-07-02T02:30:02Z|5eb8fe3f-2edb-4ec7-b7ae-659cbfa9047b|37cccde04c8bcb7a00eb5bdb27c4b350ff33e234f2a7df202c67275f4b90e277|baseball_mlb|spread|2026-07-02T16:35:00Z
2026-07-02T02:30:02Z|46d254aa-b0c9-48b6-b3c3-5314f6c23015|f1481372441429df4fdfdb24921dfbb47725dce26b1c52c05666f9d587518338|baseball_mlb|spread|2026-07-02T23:40:00Z
2026-07-02T03:00:01Z|1da839c5-46aa-4133-b415-422ce3e8a52f|55feaa557ab18277751085a93a04e223a89139842e1b76a2f9ef793d61916e59|baseball_mlb|moneyline|2026-07-02T23:40:00Z
2026-07-02T03:00:01Z|d843edb6-9529-46cf-b840-ec3867491cb5|08831e08968e1303734bb3cc0476a2eb100a30e46bebc5cfef4a62f4c894506a|baseball_mlb|spread|2026-07-02T18:10:00Z
2026-07-02T03:30:02Z|593e9a61-4f81-47e4-a9e7-78deca7e6c2a|71ad2a8d679148060ececc2d91082301e5af473f60835c7a52519ba7a94bfa3b|baseball_mlb|spread|2026-07-02T23:15:00Z
2026-07-02T04:00:01Z|7dd609da-bca6-4bf1-8568-8c635733c243|e60df77f6216f833ae35d3be73a268c20698b36b739c6b564ae2ba2dd8132083|baseball_mlb|spread|2026-07-02T23:40:00Z
2026-07-02T04:30:01Z|93fb9f31-58e7-4884-b3dd-59da792d48a6|fa18461ad81b8936089ebff251be351dfa5dd37e81c5701521b2f7210b25af56|baseball_mlb|spread|2026-07-03T01:40:00Z
2026-07-02T04:30:01Z|e6b69e37-b9c3-4e7a-add6-a816e7cea42e|5d82996a629041e46468bf8de9678601dee9d711424807c31301b345c08a61ad|baseball_mlb|spread|2026-07-03T00:05:00Z
2026-07-02T04:30:01Z|8824e422-565e-48cf-a13a-d5eb69d5a0de|6cae7642aec69ce6ef46d81df4671f973df571f35cc3ac8790b843b500974f53|baseball_mlb|spread|2026-07-03T02:10:00Z
2026-07-02T05:00:02Z|4439bf06-698d-4e33-9292-0e5796012d1b|43df70dde9d55d0ce02d77715d81ce8850a6e61c08e4812cf2e8d79df4329595|baseball_mlb|moneyline|2026-07-03T02:10:00Z
2026-07-02T05:30:01Z|e2e8b80f-8b29-4fe5-a4f1-dfa0c31ec392|bd8e62346c4cb27e26b420d35448e98484d399c7832baa0f15044551b63f2731|baseball_mlb|total|2026-07-03T00:05:00Z
2026-07-02T05:30:01Z|1454ee8a-89c7-423d-80d4-81050f2dbd9c|9e1f8d274222fb71d703fcc6cc7c30f69cc664459f25b1325e3358b13cf51702|baseball_mlb|total|2026-07-03T01:40:00Z
2026-07-02T05:30:01Z|c29a6d77-bfd0-42df-8caf-325c049e808f|476cd2060d22294c28708a6af2954b90f610906ce9847b2d5af4e491975f3fb7|baseball_mlb|spread|2026-07-02T19:10:00Z
2026-07-02T06:00:02Z|5c7f2ae2-dfa3-48d5-8844-a8750cf830dc|0f6be7b14e7265aaca50544ddd43d95e1a6d5515aa0459fcfc983e399c77b183|baseball_mlb|moneyline|2026-07-03T00:05:00Z
2026-07-02T07:00:01Z|1e7ef801-de0c-4dea-9188-52a9f77c71e5|de07f5a678161e45bd30441b03f3accfab54e3184224a54c7f1cd8e3777876c2|baseball_mlb|moneyline|2026-07-03T01:40:00Z
2026-07-02T07:00:01Z|bb397964-59eb-430d-9aa0-3df717399d46|7a0d21fe8d6d9f9bc944d72d84c4371be701ef08b1e9537ecbfeed62b9aed085|baseball_mlb|spread|2026-07-02T22:40:00Z
2026-07-02T07:30:01Z|ff9d1729-7b17-4f51-abcf-a7b0597f1a1c|1375dcbc7be3b21e69ffe18f4f13f1d719fa5f4e0f53400ca30100e90141b119|baseball_mlb|spread|2026-07-02T23:15:00Z
2026-07-02T10:30:02Z|eb5e4317-5667-45a4-be25-601c44caeec5|eb9dfc77672a79676930f35bbe36e5f35f3ef50a125c4b6f2660d1a3bb3a82bd|baseball_mlb|spread|2026-07-02T16:35:00Z
2026-07-02T10:30:02Z|1ff98d89-ef9e-494c-bdd3-fd994b841fe7|38a43e69d359c90031f6c06f69ecfa78faec9a9a1352eaed2854121e384340e2|baseball_mlb|spread|2026-07-02T19:10:00Z
2026-07-02T11:30:01Z|e45375b5-1010-4015-8ea0-5a9cb64ce243|25005501b560b9207fc25cf16f9b0026b7c31f413b489f6782e50ff8de623720|baseball_mlb|spread|2026-07-02T23:15:00Z
2026-07-02T12:30:01Z|41b46a8b-8441-4b91-8952-c9a60cc77dc8|0511acf3524b16b5fb27bc26bcb3136b422b615475b2674e63f063a07fc222b2|baseball_mlb|spread|2026-07-02T23:40:00Z
2026-07-02T13:30:01Z|ffa754f2-67c6-4687-80d0-0191d6430f2e|56f2365cc3f95336ec90b71fb03807c425c05b5750c2c8b4ef25e836d0ca0ef7|baseball_mlb|spread|2026-07-02T18:10:00Z
2026-07-02T14:30:02Z|9c0aa14c-3001-4333-8779-a60dc094b727|e60b90d1981c388dbea402cdcbca897751a5f13e622817e563e0246c7f013315|baseball_mlb|spread|2026-07-02T22:40:00Z
2026-07-02T14:30:02Z|5af7090c-d7e9-41da-a07f-cd366a9d2f38|8ef705616d8a4c4dc027cebdbc73233a3c9fc7a2484a45015d80532f6acc5c00|baseball_mlb|spread|2026-07-02T19:10:00Z
2026-07-02T17:30:01Z|a032420a-6b72-49c4-8afe-b86be78e2922|881d75168cb1ace853f7f96efbe3c62ec37e05999dc08a144029fc10cf8a01ab|baseball_mlb|spread|2026-07-03T00:05:00Z
2026-07-02T18:30:01Z|e405f19d-c500-404a-8680-a2fd286e4d6e|97f6e4a5e08f9724a0dde595a3f67ec81cf24c07c3198fd79cc30e131c7d1ecb|baseball_mlb|spread|2026-07-03T23:05:00Z
2026-07-02T18:30:01Z|db84ae04-3ee6-439e-9b4e-6bb59f9f4574|187516a4b5a12cdbc5c72559df4839de3d8a755441de4acc8e1ad8641db5eb4c|baseball_mlb|spread|2026-07-03T22:45:00Z
2026-07-02T18:30:01Z|7c760c0d-c8aa-409e-bffb-fd64a0d74269|ca453305b6e5b0cc168539ebbfbd3638952ccb02d9e3718be985a9859fb8853d|baseball_mlb|spread|2026-07-03T23:10:00Z
2026-07-02T18:30:01Z|0d243735-576d-4086-aa39-a9a7ef3e1a44|c92acdf965abc77a9c08bcbad7a6a12bea8d4fb3532724911e3a27a279e94994|baseball_mlb|spread|2026-07-03T20:05:00Z
2026-07-02T18:30:01Z|e36ce809-27e7-4d4e-a9bc-146c1bb5a7a5|ddbd2fab5e5b5d4c3bff1f8f92caac83bd69ee823cad3857f427df625a1480cf|baseball_mlb|spread|2026-07-03T23:15:00Z
2026-07-02T18:30:01Z|48037cce-c760-470e-8be5-5535d4854547|3cf142f85c13e168b6208aa8292c28dd8948c553679cb89ad267851e65dcaf02|baseball_mlb|spread|2026-07-03T23:10:00Z
2026-07-02T19:00:01Z|5441fe73-545d-4620-80db-b423a5ff6707|6ec72118fd5d88021bba164bd598b1c995ece2b5ee622d44d5265a0d8a201d3e|baseball_mlb|moneyline|2026-07-03T23:10:00Z
2026-07-02T19:00:01Z|488e3216-f5e6-49fc-978f-575ebf12bde1|31bbbbbe812f03163a5d1a13394a96fdfb8e51bd6350e0136e92164111775ef5|baseball_mlb|moneyline|2026-07-03T20:05:00Z
2026-07-02T19:00:01Z|eb98f5a8-ed23-4bf5-892c-5b2655357aa6|4fe007f7d023724d52c8d6b58cd411c3e1026ac5f06dda6db1c8ea236903b12d|baseball_mlb|total|2026-07-03T22:45:00Z
2026-07-02T19:00:01Z|50bf621a-38bd-4178-8538-aa751d36aab6|8310841db1e6028b002bf3edef228f1e15047ec6be82a8a46bcb535754cdbdfb|baseball_mlb|moneyline|2026-07-03T23:05:00Z
2026-07-02T19:00:01Z|033138c7-2db3-44a3-859e-d6e513b7c4c5|af9ad8dcd936c234fd7c468fb379ba3ade63e99b403a7ea4c7d6927b4048ca3f|baseball_mlb|total|2026-07-03T23:15:00Z
2026-07-02T19:30:01Z|f65d8f8b-1fe6-4eb8-991c-ea927a1d5395|6997a9c3af8ec236e289e99f6cbf94940ffa545137f82c9d143d3ae92e92cbc1|baseball_mlb|moneyline|2026-07-03T22:45:00Z
2026-07-02T19:30:01Z|22a5b03b-aed7-4fef-902c-323a85b54e2e|1282c331f2df327862d61c027872474c1c999762ad917e5a20c7ab5a1ee7f416|baseball_mlb|moneyline|2026-07-03T23:10:00Z
2026-07-02T20:00:01Z|bed6c7f0-b313-4b98-91f5-2f0708f27fe9|04430b5a69cb8f014173eb0830ae60bc39b1dc68147a76424ba2b48b128408d7|baseball_mlb|moneyline|2026-07-03T23:15:00Z
2026-07-02T22:30:01Z|25662eaa-1c36-4bf9-b172-8476357791b8|0ff07fe4900359a6a20d70e8e9ac93901c60cb945de366810653499d5faea876|baseball_mlb|spread|2026-07-03T22:45:00Z
2026-07-02T22:30:01Z|8983028f-885d-41c6-b896-97d666709639|1ebb1d307fb8747e5d4e42f963332754dba7a1e851cca75b11ef7877b896318f|baseball_mlb|spread|2026-07-03T23:05:00Z
