2026-06-01T01:30:01Z|97cf0098-af0a-4834-a4ba-973c54435f94|5d1f622800d6842f09fc8b648ef798420ccce675301e46a317c6d9ca618eaa4d|baseball_mlb|spread|2026-06-01T22:40:00Z
2026-06-01T02:00:01Z|b983d3a8-67f2-4340-95ab-54eda9fcb76a|9a5eaf1503325c87a2e621028c406b0cb84e31acb3c2b33a6a2f6b6a1f700e4b|baseball_mlb|spread|2026-06-01T23:10:00Z
2026-06-01T04:00:01Z|6a947455-71d0-4962-889e-3a39b2e187a0|9cfe988ac1fa3ce8f868c046432f3d24639c2c3ea045575517de4924287e9238|baseball_mlb|spread|2026-06-01T23:40:00Z
2026-06-01T04:30:01Z|1d5b71b9-1084-46af-9982-331129221c9f|4b46fed4e4528bf42b2505e58262bb3ab182f638cac143d629bfd5fc29bfb27d|baseball_mlb|spread|2026-06-01T22:45:00Z
2026-06-01T05:00:01Z|64ff033d-63f8-492e-8a7e-ffb212f43dbf|8fd38089595ec1bdacb364885d3c20e2e334a290ff40b94c4ad993402d6a27b0|baseball_mlb|spread|2026-06-02T01:40:00Z
2026-06-01T05:00:01Z|0e5849e7-9b3b-426b-9a40-a165afecbe09|1bfc8b6457e50f1c09393a2689755b3f3f31fb66b20ea436a6097480c8ace2cf|baseball_mlb|spread|2026-06-02T01:40:00Z
2026-06-01T05:00:01Z|2155d312-c330-4e65-be59-a19504da2db1|a272109e9f78f8865e1ea526319b426f86ad073cdcba3827fea43d0d045e7fe6|baseball_mlb|spread|2026-06-02T01:38:00Z
2026-06-01T05:00:01Z|c3b6c937-a12b-41a1-aa44-cb49563f8a71|5f9316712cb0bb7cf8c7ac3cf6cf9a5a34560158660a660551af38598741b583|baseball_mlb|total|2026-06-02T01:38:00Z
2026-06-01T05:00:01Z|d2d4c1bb-b5bf-412b-9ecd-a1734b4b42be|64992b301589e17a8734e6a334647f51acd0fc1f97f1af41e327446a3b76aac0|baseball_mlb|moneyline|2026-06-02T01:40:00Z
2026-06-01T05:00:01Z|5ddc90cb-ea1c-43f8-a92c-0eabe4f9b81d|1f9a08b2cf4b34497e33f2970d3806e5c52bfe2c09fd3709a1107c591dbfdc64|baseball_mlb|total|2026-06-02T01:40:00Z
2026-06-01T05:00:01Z|06fe7cda-46c3-438c-95ab-5b54f14a931d|62aeaf2aef0eb9adee560adbc0c867c8aafb7a36d59e8e2eb415c9b70f1aa60e|icehockey_nhl|spread|2026-06-03T00:00:00Z
2026-06-01T05:30:01Z|d932cadc-aa3f-473a-acf3-0dc5680f83cc|08d2fa735297b794ccc137017e8f9c72d75c707d49653729e99f5e101b6ddd6f|baseball_mlb|moneyline|2026-06-02T01:40:00Z
2026-06-01T05:30:01Z|69d7c9e9-569a-4c68-9236-baeeeb737654|2f0528101fb654b99bda15d5a2c65a0a03e4b627ef42ca7531ec33aa75c602d9|icehockey_nhl|total|2026-06-03T00:00:00Z
2026-06-01T05:30:01Z|e909e5ad-44be-4d0b-a390-cc02c06f2a7c|7d3aada075ae339eec0c7a6ae0f58e81b47abe24b49e6c711617f66449f1f2f0|baseball_mlb|spread|2026-06-01T23:45:00Z
2026-06-01T05:30:01Z|a85a3a1f-751e-43ae-91b1-216d7b5cdba2|9a776b5a3b928d9174eebbce8531dd645e0ad033e350d0e96fc7f1f7b5b1a989|baseball_mlb|spread|2026-06-01T23:40:00Z
2026-06-01T05:30:01Z|e012ba63-30ef-4257-8e7e-3bf21ed3e4ee|25cbc8e1b5d26ac0d6bb40cef35ba1edf1741793249bcb6246e7ff3bc88abe1d|baseball_mlb|spread|2026-06-01T23:10:00Z
2026-06-01T06:00:01Z|39bee2df-47ee-449b-8349-a9fa36f0ef58|9d18a8c3562681803cbe1a34a51f25d76c1feaca6e2ed241a549e7cb6987fd25|baseball_mlb|moneyline|2026-06-02T01:38:00Z
2026-06-01T06:00:01Z|b04e24cc-6bb9-4d52-9b2b-bdff9ccbbaae|a91b31d69a0787077afea08ba2aea9135f240ad6ae897b89d14c071001c2d8f7|icehockey_nhl|moneyline|2026-06-03T00:00:00Z
2026-06-01T06:00:01Z|1ad360f9-e923-4474-a0d7-eb512977ad21|fe88c29fbc6fd392e21ca9de6db0feb5792484b7cf23408ce117e2dcc1d1d282|baseball_mlb|spread|2026-06-01T23:45:00Z
2026-06-01T06:30:01Z|277b76d0-7137-4399-ba39-6b0d17a4da16|da3c17a0d9082539949f5c6fcd51b443616f5563ff6570358daf033ad435d590|baseball_mlb|spread|2026-06-01T23:45:00Z
2026-06-01T06:30:01Z|380f26e7-c5b1-4193-8b4b-06ebec31b1f2|2e7076f4cee157533cb3cbc31dbdfe75d932290427ff5dceaafa7fae82cabcca|baseball_mlb|spread|2026-06-01T22:40:00Z
2026-06-01T07:30:01Z|254a1055-a28e-4d3b-aa37-ef8f8ef1e1fd|2eefaf469e234b8a477dceecbea5273d012b8b89e3091cac019eb4d7dc37801b|baseball_mlb|spread|2026-06-01T23:45:00Z
2026-06-01T08:30:01Z|9f550e63-7911-4bb8-875b-c3e59c5aa95d|4e86706c7f9acc4ec063397ea22c27b3f4cfa9bfa44573d9b42c39296c3d4cde|baseball_mlb|spread|2026-06-02T01:40:00Z
2026-06-01T08:30:01Z|787c4b2a-c34d-40be-8d2a-ea96bf365d57|a57bf275f67a3caaedfd8b3c3dfc36a00b48c1f8a0341548bea63e82b3ec6aa3|baseball_mlb|spread|2026-06-01T23:45:00Z
2026-06-01T10:00:02Z|937e06b2-7724-4eb5-8e99-dcdb48ffe197|05f008b721efdb6eb981bb1b26754cc7e165a6c903fad5f6c9b9270e7f671957|baseball_mlb|spread|2026-06-01T23:40:00Z
2026-06-01T10:00:02Z|e4f4d387-c7b0-4a6e-8a55-2d96d056efb8|054ff461da2cccd3631c068b1f04abce526bfc6698cc52c365b7a50d168a8c9c|baseball_mlb|spread|2026-06-01T23:10:00Z
2026-06-01T11:00:01Z|cf78654b-02ee-4796-a503-4600695948ce|ae92b5f138d0b6bd64f2e90c16e11b53c544ebca96acca1028a136c30c6db08d|baseball_mlb|spread|2026-06-01T22:40:00Z
2026-06-01T13:00:01Z|c659ce8d-5d96-4cb2-b4e8-e768bb9d7991|33ed1d88b4f2755aa9cfcf5b8e4ceeda690a1b1a6b1c7e7a931e826095fad816|baseball_mlb|spread|2026-06-01T23:40:00Z
2026-06-01T13:00:01Z|c794b25b-ccf1-49ab-a5c9-2e1f854e14a3|7d8b99c82f6714c85dc2fed86efcd60b56909f6b991adf9247f80fab1ba4d821|baseball_mlb|spread|2026-06-01T22:45:00Z
2026-06-01T13:30:01Z|f1d25373-1422-4a62-b760-85aea62ea7e5|c045a8a18e4d12d25fbb4c2adfa35a8146f7025af24ab6b0f2b18dca77949ced|baseball_mlb|spread|2026-06-02T01:38:00Z
2026-06-01T13:30:01Z|c7d87348-e1aa-4c0a-bd50-6992c9b2d077|07c8a072bc62a533fac32c6b7b3274e782392b917d17b47afd1ca1625886e0f9|baseball_mlb|spread|2026-06-01T23:45:00Z
2026-06-01T14:00:01Z|fa98592e-b049-4990-830a-93fda8d11670|47034e832cd36f9987213ca4ab462ccd17db5c18ae93945b4ef6432bf4e58b3e|baseball_mlb|spread|2026-06-01T23:10:00Z
2026-06-01T14:00:01Z|7db6daa5-2132-4016-8404-8fade41f206a|36b0f31293fa13d65ce056e687af9955628c5a71fe99374d1e528719fa07ab74|baseball_mlb|spread|2026-06-02T01:40:00Z
2026-06-01T14:00:01Z|13e2e459-19f1-40e0-8bfd-c7b922a5e497|a0027c5b2bff64bb004188e88d5db6a88c3cd7894959c4b0c7c2496282a2ff5a|baseball_mlb|spread|2026-06-02T01:40:00Z
2026-06-01T14:30:02Z|4aea45d4-ef47-4d82-bf78-92c3276697e1|0d0253b94e81308e63735de96ea03b53160b31f8254fb08de12c385c3b176f7f|baseball_mlb|spread|2026-06-01T23:40:00Z
2026-06-01T15:30:01Z|5d34ab64-f53d-468e-88e3-c7f4e761bc23|062bd7e44914cca1711120781a50e8aa2a0bf5a90aad75c140c26a5b8f4d8932|baseball_mlb|spread|2026-06-01T22:40:00Z
2026-06-01T19:00:01Z|a65a248f-1550-434a-9acb-6b3ef2cf2248|267a5ace957f932065915122d582bc3a1a0aed28f52c38d6dcc4190b9e587515|baseball_mlb|spread|2026-06-02T22:40:00Z
2026-06-01T19:00:01Z|005cc0c0-4ded-46f7-beda-662220614f53|ddbbe871e52dfa0c58cd45077c5b79a480a358360b32a05f959afaf88b7f0057|baseball_mlb|moneyline|2026-06-02T22:40:00Z
