2026-07-21T01:30:01Z|0758a7fe-91e1-494d-b66f-552536e3c35d|f04552a26a1971d24989284661a40bf3163c06e1a1f238741784116d50f79cc1|baseball_mlb|spread|2026-07-21T23:15:00Z
2026-07-21T02:00:02Z|ab9caf29-f129-4463-b8e3-5c30da9fa4c7|be26fbd1ab3099bd1eb90bc798643912f8d7cac1c6f3ff2122f9080fa931740c|baseball_mlb|spread|2026-07-21T22:40:00Z
2026-07-21T02:30:01Z|3e79757d-8820-4b05-a14b-d5de28311fd3|9bbc25a1d19b590c02f26806b73f5f9b39974e56ee6734285a59ce8788901e74|baseball_mlb|spread|2026-07-21T23:40:00Z
2026-07-21T03:30:01Z|695f1efc-fa79-471a-a84d-b01ecf223970|7f5026b10c6609909cdd0bf8f0c98e36dbf6a38c0e01eb635ce95ba4f75c9d0c|baseball_mlb|spread|2026-07-21T23:07:00Z
2026-07-21T03:30:01Z|2ca3e615-5928-4e4a-93c7-5628786546ea|b34213afcdf030dcbfad6c87e3a5c8cda5debe2fd46634ab4b06fbe944cf7242|baseball_mlb|spread|2026-07-21T23:10:00Z
2026-07-21T03:30:01Z|ecdcff32-3c3b-4ca0-b58a-b03c2d75943c|d1ee0a1f54426a5aca97d1ffa24a47716391972fda448ef9b602899bab8c7858|baseball_mlb|spread|2026-07-21T23:05:00Z
2026-07-21T04:00:01Z|0968276f-1faa-4792-a762-d5f5e457aa9d|d7372423727bd312732ead9a57d9b55c9159f8fd0f4e5b009291c9ddedac0524|baseball_mlb|moneyline|2026-07-21T23:10:00Z
2026-07-21T04:30:02Z|406c88ea-17d5-4a06-b446-5449daeabaa5|125381acb5011d78ab7deb6a69ff651c1987bac2db0b3b65ed9aafcdfe9117dd|baseball_mlb|spread|2026-07-22T00:40:00Z
2026-07-21T04:30:02Z|7e170a6e-aaf1-4fba-a183-d03d72e76dac|401faca569235855c3512e036919cc300f56c32a177651c3bcce3afda80e89c6|baseball_mlb|spread|2026-07-22T00:10:00Z
2026-07-21T04:30:02Z|d9853c15-8b76-45de-9d9c-674535aa7ee0|8c87e91746959a8e0e8a925d653215ebb98191ab0d14dd1e4c9430b6505465d0|baseball_mlb|spread|2026-07-22T00:05:00Z
2026-07-21T04:30:02Z|1f742b8e-ceb9-4480-afed-f04356efd6d9|a3c435d1120ca27cb37443f1192c5fc8cc47733c85bd31d97ba2d32e948436b8|baseball_mlb|spread|2026-07-22T00:05:00Z
2026-07-21T04:30:02Z|c51a693b-efec-4597-adec-cf0d0d491710|741a4ea4f1af1928ff18267511eccc64b302d730612e1951b3e1dcc2d230323e|baseball_mlb|spread|2026-07-22T01:40:00Z
2026-07-21T05:00:01Z|ad22971c-7e61-482c-b9f4-95a2b7c4d787|a84fdf7f6ca60142c7367faa0fbb9546a493072a20756b6b2dd8935ac66e4454|baseball_mlb|spread|2026-07-21T23:10:00Z
2026-07-21T05:00:01Z|bdc52646-9445-4e14-8531-dbeb3d3052bb|945a486b14e610900c67ea9b33b998d5c20a6df128dc98d3f5bf8a39393c4254|baseball_mlb|total|2026-07-22T00:40:00Z
2026-07-21T05:00:01Z|52d05829-5ced-4d21-8131-5f7670b1d511|f519eeefebe9c5d961af3ba58f4eec8dea4e07206ea9bc5508b99d47ad96e7e6|baseball_mlb|moneyline|2026-07-22T00:05:00Z
2026-07-21T05:00:01Z|0c596af2-1323-441f-b32b-4b031c53d84f|dd589f7f2ed8535d67278453782452cc48cf6801377ce9c6256de5d2565f86ab|baseball_mlb|total|2026-07-22T00:05:00Z
2026-07-21T05:00:01Z|77e0657c-53a1-4852-9f00-cd3b0d012e03|c1d0f21b4ed37a7a9110ca7224f8f8f37bca4428b9e2e9d1f97e1088bf9c1d55|baseball_mlb|total|2026-07-22T01:38:00Z
2026-07-21T05:00:01Z|01fed309-77fd-4113-a4fa-200b3ab576db|5e977bcbf174b398eacd933833c056f7f25dec3119c88624e7e0a09beba97670|baseball_mlb|moneyline|2026-07-22T01:40:00Z
2026-07-21T05:30:01Z|2c8d2430-acbc-4500-9f94-700d1b9cb252|4a030a1f1ee37bbbb971f468443cdd64eb1c6772e50154abdca320957ec44a80|baseball_mlb|moneyline|2026-07-22T00:40:00Z
2026-07-21T05:30:01Z|7433cb0c-df29-42cd-8bc6-7e4dc17d0178|e769938ee9192ac0efd8bb4fc3441a03b1c51d8cd4822e50a6705b3dd4c9cf2a|baseball_mlb|total|2026-07-22T00:10:00Z
2026-07-21T05:30:01Z|110d9995-32cf-4598-96b3-d6eaf097acf3|07d4ba07dcd7ee3cdd054de86c243c35b5dd62e949ff351f8ab2ca4d6aa44bce|baseball_mlb|spread|2026-07-21T23:15:00Z
2026-07-21T06:00:01Z|f8a53579-bf04-4ef8-a33f-4ca82eee2c2a|ce028e8fb154163952a06a1992963a899bf1fa98f5cf2fc76e9134d3f51ac422|baseball_mlb|spread|2026-07-22T00:40:00Z
2026-07-21T06:00:01Z|6dcfc6ae-8723-4064-9b06-6da53812c369|bc092f7a104f5ff50c29e039394fd6cf4d4638658f54a22e869d4e77dc988eb6|baseball_mlb|spread|2026-07-22T01:38:00Z
2026-07-21T06:00:01Z|646debec-5a77-4da9-9171-1ea148c3e3a0|2444288bba06c69e879199a9e3aee07ef8faef3e7de80edf106bad67750ed931|baseball_mlb|moneyline|2026-07-22T00:10:00Z
2026-07-21T06:30:02Z|18758636-61b1-4d6c-a3b4-22454a03ce3a|dbb1a2e58c8d675d1d41222a0ede8cd57c7eabcd9b4160bac655008524b604f1|baseball_mlb|spread|2026-07-21T23:40:00Z
2026-07-21T06:30:02Z|5f3f149a-4620-4c3b-96ba-dc483a19cae7|ddd1b4599cadf23daba1843cd55b7610732f0aaa8317efbba4ab1a9fcb20e461|baseball_mlb|spread|2026-07-22T01:40:00Z
2026-07-21T07:00:01Z|60bf6e40-e8f2-402a-9855-4a0c298e9da9|5a5ad1b0ac379d91aae1ef44e900b9821dc1ed6ddc31c9a05e683ac756ec7802|baseball_mlb|moneyline|2026-07-22T01:40:00Z
2026-07-21T07:00:01Z|4f546b73-2512-4b2a-8fde-4d1db5002f04|2dbcc78bdc8039dfc66c861ad1bfbfd4d6c5002884ff405e268ea8204da19741|baseball_mlb|moneyline|2026-07-22T01:38:00Z
2026-07-21T07:30:01Z|48463611-8204-483c-920e-6e1cffa0258a|3a4ce4e81fb8dd1027465c00d26c083f3842ff0cbf469c1658a2ca3711fd3a30|baseball_mlb|spread|2026-07-21T22:40:00Z
2026-07-21T07:30:01Z|f11deea8-10c1-4b93-a2c9-251c3fac0da9|5b88fb6b14b493c1d0e64ae73b9683973ea570681e8eee0b0db50a64696c4d0e|baseball_mlb|spread|2026-07-22T01:40:00Z
2026-07-21T07:30:01Z|64003fe1-d022-4845-a2e0-0c88710fed51|e19d221400083d59ffe90109ab401633623bf2912c92ba0cf352337638e6242e|baseball_mlb|moneyline|2026-07-22T00:05:00Z
2026-07-21T07:30:01Z|b3947082-fb76-49c6-aa53-137cb9726131|a2d26902b7619086d155796c06566baeeb6ae6ffa70cf1c1215b3a22dc6ab6f4|baseball_mlb|spread|2026-07-21T23:07:00Z
2026-07-21T07:30:01Z|95dfe8d0-34de-40e4-97c0-f60444bfe032|bdd94bc5ca9999662a89d20996acc1756f35251dd0f6dac099b551728be2d387|baseball_mlb|spread|2026-07-21T23:05:00Z
2026-07-21T07:30:01Z|5ec65329-7a75-4904-9ce9-310741528513|494e0c28c4625ad25b91d28ed08c6c29b4b698a7b6417f88bd1b205fa38b5b2d|baseball_mlb|spread|2026-07-21T23:40:00Z
2026-07-21T08:00:02Z|49c214bb-b04e-431f-810e-b04fe7322104|432366b46a2a7460e7e8eae65bc08cd92be4f4ac36e0672acab66d3a4b7bfd36|baseball_mlb|spread|2026-07-21T22:40:00Z
2026-07-21T08:30:02Z|81b2a29d-c01a-4eb5-acb7-a0c9124e35b8|49c36bb3f1bb3c3743b1d35586d7ad67961798b1716cd3b71e351cbfc034358f|baseball_mlb|spread|2026-07-22T00:10:00Z
2026-07-21T08:30:02Z|ae41fc00-c4e2-426b-a473-f89eff0315f9|45c4e181b8a86ef63d56e6e00310ac491ccb706b06c8318bf771b336a7ec7808|baseball_mlb|spread|2026-07-22T00:05:00Z
2026-07-21T08:30:02Z|e172584d-dba9-467d-8686-c08f7b3b17fe|b70d6f730acc1b9886a7c0240cf24e7a0d50365ebfe8efb9795e84bfa0d8276d|baseball_mlb|spread|2026-07-22T01:38:00Z
2026-07-21T08:30:02Z|a30d9eee-c87b-49ec-8bbc-c52b77f69fe8|1d8544fb007d273933056bc32147c6ed11e2ed62b109d4e74398094eca65d4fe|baseball_mlb|spread|2026-07-21T23:10:00Z
2026-07-21T09:30:01Z|33b83cee-1a4c-49b7-b1c4-7f907ccadd9a|816d7aefb2ff1aac98849f92902dd645fafa3fe29ca1759fb15664843505425b|baseball_mlb|spread|2026-07-22T01:40:00Z
2026-07-21T10:00:01Z|6d37e708-52d0-42c2-9a3b-352f81182cb6|524d0ec75473e9bfe067bc86d1d4263b346f8cbc21209f1b4d13cd6ad5ae8a51|baseball_mlb|spread|2026-07-22T00:10:00Z
2026-07-21T10:30:01Z|9bc81278-03fd-4297-962f-08a4f5b59edf|5639521198d6f19e6343f07ffab4b188dfa8a4a36450bb1f485ff804e9393ff8|baseball_mlb|spread|2026-07-22T00:40:00Z
2026-07-21T11:30:01Z|5b91c294-c799-4381-9eab-d407a9b93fe7|839632a5a908579bbaf2599b4773ffd6320127deda32f63c83c9886f9840ed81|baseball_mlb|spread|2026-07-21T23:40:00Z
2026-07-21T11:30:01Z|5169e3b2-4475-4ccd-8e0e-1a7042819c95|01854edd2ba9fb728cace63943a30d56dbb5eec4b6dea6425c1903722fe23712|baseball_mlb|spread|2026-07-21T23:40:00Z
2026-07-21T11:30:01Z|489fdc76-b974-4e7d-b276-827202afca2b|7951a04897849892de7acd4fbcf363e2fa94614ea58b8b277691302c16044570|baseball_mlb|spread|2026-07-22T01:40:00Z
2026-07-21T12:30:01Z|2cd33322-8887-4d0f-9f55-957fb5a79bbc|dbe33778c6285cbdab0427862aac2f1b624555c2439a874c7cb27e82447ae0dd|baseball_mlb|spread|2026-07-21T23:05:00Z
2026-07-21T13:00:01Z|d61af2a0-1059-47d1-9b2e-682e86d473fa|d56da67b1be1adfd5f0412c6ef18049f687bb4bd6179132edd14bb9556ba9a4d|baseball_mlb|spread|2026-07-21T22:40:00Z
2026-07-21T13:30:01Z|b4d7ae43-2875-45ff-8c4b-449ab5557f87|8e24e817da2f9eea21be9f97d05417ff18f464937633c9ff0779b8d3da852d59|baseball_mlb|spread|2026-07-22T00:05:00Z
2026-07-21T13:30:01Z|1b3359df-aa90-4e6a-beb7-482585d4add6|7d04726d81dddbb9d252089fc3835b92e6634672313e51a65a498a84510509fd|baseball_mlb|spread|2026-07-22T00:10:00Z
2026-07-21T13:30:01Z|241053cd-0f56-41d0-9242-905c632ef06d|35d089cf77d2911ca4c40c02adc1862f3156212c34e7c4aba1794ff98c30bf03|baseball_mlb|spread|2026-07-22T00:05:00Z
2026-07-21T14:00:02Z|5dc756bd-e4e6-4113-8c4d-3c491cc1b48e|afffb7a193e7f18470ce5154cb8302295e810e826091b38dcc1990be79f53b65|baseball_mlb|spread|2026-07-22T01:40:00Z
2026-07-21T18:30:01Z|103dd5b2-95cb-4264-937f-93ba2b5594a0|6dd038660534e8b20cef1ceb7106afcbcfa27f2ec1dd5c76bf7eec36d1b04ff5|baseball_mlb|spread|2026-07-22T18:10:00Z
2026-07-21T18:30:01Z|a7f6409f-7eec-4f28-b1e0-093eb7e5365f|d1ac9cb18d140bc4857084320963dd52e1e0ef7a6dbbdf6397b58d6902f121f9|baseball_mlb|spread|2026-07-22T17:35:00Z
2026-07-21T18:30:01Z|25ad70a7-0748-467f-ba9f-66c1ced5f3bf|ebdb4338684f2990434ef9e3a8117924197add9b349cd11990e1c4bf83e992cb|baseball_mlb|spread|2026-07-22T00:05:00Z
2026-07-21T18:30:01Z|37b96cfd-1418-46c4-adc8-63ab7308a803|de1192f75d363753e048d1f2d091fe9bb82c60a77343304bd64e164e2cfa0902|baseball_mlb|spread|2026-07-21T22:40:00Z
2026-07-21T18:30:01Z|90568650-2b9e-4325-ae63-764b337989de|39c653cd4508de711661643f9916d21ce082222029f9ccd571cc80734fa458b7|baseball_mlb|spread|2026-07-22T18:10:00Z
2026-07-21T18:30:01Z|9ddd8c4a-af2c-489e-9f62-944a8a5b1694|d4e0770728634c9971e029ecceb0f939f116f4905fdcf226e113233ae5c29be8|baseball_mlb|spread|2026-07-22T19:10:00Z
2026-07-21T19:00:01Z|0aaa00d5-5184-4d2e-9290-7611b6bcd832|eb3d10f203bc90a6984c6c096e7ef790f653eb8bb5ce5f8356434b1dea16434d|baseball_mlb|total|2026-07-22T17:35:00Z
2026-07-21T19:00:01Z|90cf00de-6387-4598-a565-5ef3188a9505|a06f4c25b3511c63fae99293bc95da23c8034fbafe8e1e336c8742e033c4dc0c|baseball_mlb|total|2026-07-22T18:10:00Z
2026-07-21T19:00:01Z|ab423d39-fe67-43a9-be97-e9230a23911d|93f3b29d2fe2650e5fcd008095ddaaf8f6ea888c971c8e70d80130e91afec94c|baseball_mlb|moneyline|2026-07-22T18:10:00Z
2026-07-21T19:00:01Z|cdb3707e-111f-46e0-9afe-0b7a936ec44f|2dda4b2162ff46b2c39a5c5acc3ca96daba784329893ee040ed981ed6ae09b0f|baseball_mlb|total|2026-07-22T19:10:00Z
2026-07-21T19:30:01Z|4e6f39ba-895a-486d-920f-36cefbbca6c1|dd1f3f10a5dbf5c9422b480da847873be55cf1e118f1bb5e8af2024544133d9e|baseball_mlb|moneyline|2026-07-22T19:10:00Z
2026-07-21T19:30:01Z|b2275816-7cda-4e6b-b36b-7af3b91a5d6f|8c639dc9a40586e1f486d4d55bddda6d09d7e08752385c4b424ce6cad12e8c80|baseball_mlb|moneyline|2026-07-22T17:35:00Z
2026-07-21T19:30:01Z|aa34df82-4444-4f7d-8fb0-9fdf0cc7158f|03fb14017ad5ba7909276dbc8fecc947932a6326ba459d2c7a17a439c3bb530b|baseball_mlb|moneyline|2026-07-22T18:10:00Z
2026-07-21T19:30:01Z|c1da3629-d433-4e8b-8e0d-0c5fb99e6be8|3046038aceb1d5a7094e1391fed705e2cf362ef29f1a67b1a9ee5132cac7b5c8|baseball_mlb|spread|2026-07-22T19:40:00Z
2026-07-21T19:30:01Z|d43ed1a7-25d7-4ba3-83d3-a55bb55ddb69|bbadef1e20b18c5db4a239a28c9dac1d7a6fdf42f850c4e3135192682b8a8d7c|baseball_mlb|spread|2026-07-22T22:40:00Z
2026-07-21T19:30:01Z|abc32238-3b97-46fd-9529-69b06b4b3775|9e3b9660a8e8b59aef073fcc80e0ecef7f586d86e13f1c0957d1b6fdb3c194bc|baseball_mlb|spread|2026-07-22T20:07:00Z
2026-07-21T19:30:01Z|c5ff2161-7861-455e-9b82-bedfc527fbec|586ac46ae083a829d5f81f9b5de9ac2b661faadfa51fa11dbed427a57cb10d05|baseball_mlb|spread|2026-07-22T19:40:00Z
2026-07-21T19:30:01Z|d14286f4-0852-4f0b-bb70-7c7ada86c35b|55365d303b380d8fa61b0a4b315f989756be43f2ec0a45e217fc370a34b53e07|baseball_mlb|spread|2026-07-22T22:40:00Z
2026-07-21T20:00:01Z|02024ca5-7263-423a-bf4f-0cd1deb55a1b|169dacee8453d345b113a43f38891810b5c19306a243305a684b75e15bfe1ece|baseball_mlb|moneyline|2026-07-22T19:40:00Z
2026-07-21T20:00:01Z|a9cb31de-d7f1-49c1-8e6e-0053fb5e4013|dbadd12b4ba7b4d8fce6e37dff2231360c00299a8fe73144aa53feae48dc233d|baseball_mlb|moneyline|2026-07-22T22:40:00Z
2026-07-21T20:00:01Z|7a3be3ef-400b-425a-8271-8e79684595f0|b5c26ae19e16aaa05d58bf665110f20c71d17a9e30104784d3fc4c65263f72dd|baseball_mlb|moneyline|2026-07-22T20:07:00Z
2026-07-21T20:00:01Z|3992d573-5ac3-4d43-8c20-c71dd97eac50|8f77885d174c712123a8de2d49c0dfa17c30ca6d01f2fcde151f3137bcba6572|baseball_mlb|moneyline|2026-07-22T22:40:00Z
2026-07-21T20:30:02Z|d66653bb-5ebd-45f8-8afc-170518d24f5c|851012ed2e90acf2e4be4eaf3136b7abf5c4dbdc169a90ab8c80a8422172ebfc|baseball_mlb|spread|2026-07-22T23:10:00Z
2026-07-21T21:00:02Z|0daa22ad-2a32-4110-96b9-12cbbf10dbc7|0749324cb7b4f5c9d2950d5b6a622eeee8a43b2e5dc5ccf54d0f2a6a539c5aa7|baseball_mlb|moneyline|2026-07-22T19:40:00Z
2026-07-21T21:00:02Z|2803a475-d690-4312-a70a-cf03fdd620b3|378aee2874b337bb602c3e41c407b9a41ab6630e5356899b1547c0dfe37a9a9a|baseball_mlb|total|2026-07-22T23:10:00Z
2026-07-21T21:30:01Z|8f4fe44b-d777-420f-9af6-2969fe80bba5|c32f7db4d18bb50db3667c98faf778a97c74917372b7054cbbc5c1c63274f8f2|baseball_mlb|moneyline|2026-07-22T23:10:00Z
2026-07-21T21:30:01Z|5f1a34c9-9d45-41b5-a700-cc26d84c94eb|ded6fde0af57d508be2e5aeb8605f34378c25f02d90898b552d90ebfcae8a3a2|baseball_mlb|spread|2026-07-21T23:10:00Z
2026-07-21T23:00:01Z|51d22995-5c2a-4cb1-bc0a-f9b1ca188afe|cc847f0511f12823f5ece7ac1c2e5d6acceea69b6827d15a0e22d7b3674e1d08|baseball_mlb|spread|2026-07-22T17:35:00Z
