2026-06-07T02:00:02Z|724e8c01-cc89-437a-aba8-d707b364316e|09af569aefd94c571febd08f861d3a68eeb9ab89d93c409d8a9a42061ad5264b|baseball_mlb|spread|2026-06-07T18:10:00Z
2026-06-07T03:00:01Z|d072a249-70f5-44ce-b5c2-6fd21d5c9bde|3a802d469f233f8111e81be4fadec29ca917960c73014194483a5e55b738cf6c|baseball_mlb|spread|2026-06-07T17:37:00Z
2026-06-07T03:00:01Z|a9194ccd-ea68-498a-b2d5-49ed1db17494|377a19cfd12b774a4e17bffe92da4ae6e9bb488980e9b9e4519613c5a6287cfc|baseball_mlb|spread|2026-06-07T17:35:00Z
2026-06-07T03:00:01Z|92192990-f2db-492b-a1b8-66e8de49855a|c00b10fe879bb9068acddfb2852737cd1d7760bbd1ed325c5177a581a72e2d85|baseball_mlb|spread|2026-06-07T18:10:00Z
2026-06-07T03:30:01Z|dc5a486b-7170-4687-a2c1-c9ee9bee6206|ba152a36ca54b5a1b350216b3e9f9444495dee44d987e3bc2a2bb59b904233ac|baseball_mlb|spread|2026-06-07T17:40:00Z
2026-06-07T04:00:01Z|68fbd87d-91d6-4e3c-bdc3-2d7e82dd03db|ef09777820bff3e934e4ed36864c5faf53d4714e7b48ce190b14d2498bb1a891|baseball_mlb|spread|2026-06-07T17:35:00Z
2026-06-07T04:00:01Z|70528067-e871-44f7-accc-a68748ee2409|c3e97bd2098280aeec33532f57bf0854a5f80c62a344920a25bf4c2c4ecb066c|baseball_mlb|spread|2026-06-07T19:15:00Z
2026-06-07T04:30:01Z|e43123d2-8362-42cf-ba00-23ce121f83ea|b610fbc19e01b8fd0eb032ec25f09c23d743a473b06fd1d22e53fc4b77ab97b4|baseball_mlb|spread|2026-06-07T18:35:00Z
2026-06-07T04:30:01Z|155dc749-ebab-4544-aea0-f5aba4012bbc|862bd0b37a96ea4cb2d345b2eefbeff3dd8240c229e8b3c534c8eea187cf5c51|baseball_mlb|total|2026-06-08T00:30:00Z
2026-06-07T04:30:01Z|814c1f45-93bd-42f8-ba2d-ac68f5ee13e2|d0b3defde5de9ca0562a4875d888a3b4d9c294dceb9b9d1c042b7e0a6efc471f|basketball_nba|moneyline|2026-06-09T00:30:00Z
2026-06-07T04:30:01Z|01b039b1-0565-4ba8-a460-a7effaca3814|2067e0723b6fef25ffa97f7aedd0ace7b0241d5b9d6ae28778747159d9e358db|baseball_mlb|spread|2026-06-07T18:15:00Z
2026-06-07T04:30:01Z|7ab78868-6317-4eac-93ef-b7806937de01|e7f679efadc478927015172a18fba088b6fae5d84813b11fd73a9796c41d4fe4|baseball_mlb|spread|2026-06-07T17:40:00Z
2026-06-07T04:30:01Z|4502b365-a88b-4db5-ba12-dc047e8a20b7|b7e4642a3a08b5ad31037fcf7f61e0ffc7bf85dc234dacc70f46b1f1a4e004a3|baseball_mlb|spread|2026-06-07T17:35:00Z
2026-06-07T04:30:01Z|342cdc13-7efc-4dbc-8789-e50393dd6e9e|23d668522ab61a66e5be41856f02d765029c6618cfcd5c3f4b3fdc398f3b1cba|basketball_nba|spread|2026-06-09T00:30:00Z
2026-06-07T04:30:01Z|c3266464-916f-45e6-9872-1c610297ea0d|1a9f09b77cc37f0b2623206b914559d7c47571665bb9d3ce33fc64978e1e8bdc|baseball_mlb|spread|2026-06-08T00:30:00Z
2026-06-07T05:30:02Z|963f31c0-8ea7-4aad-bceb-70e3fa0b7198|7e1ffbd10379342c6b2db6e9cbe5392e76606a7a91c9378bc5800c6417a8aee1|baseball_mlb|spread|2026-06-07T18:35:00Z
2026-06-07T05:30:02Z|088f7758-b7e9-46b6-8bcb-361e6c565d19|e699030daf67e74037d383baf3f1014139819421175376576d23188825b93ccf|baseball_mlb|spread|2026-06-07T20:10:00Z
2026-06-07T06:00:02Z|613ba4e2-0c19-4153-9e8f-692a48bc97c4|5abc31ff33b316d31ecbd62306bddbfeb8116bbb021ed4d2529d4d262c0ecbd0|baseball_mlb|moneyline|2026-06-08T00:30:00Z
2026-06-07T06:30:01Z|d7c6dc37-16d6-4bfb-8afb-67c943ecd8ca|b2647c3d95c2208c789640fb01e6f5055893a521342a765404a749670c9a0bab|baseball_mlb|spread|2026-06-07T18:10:00Z
2026-06-07T07:00:01Z|e637a04b-d6e2-4c6d-8354-fe0c6c310698|39bd7f0ce1288218fc9d881f0be0c75e4d7f5f7200dbb47f274685dc07ddb654|baseball_mlb|spread|2026-06-07T17:40:00Z
