2026-07-23T01:00:01Z|20a9e08a-e7e2-41f6-a2e8-614d5620bab7|8f6ec6add1bccb6692db494d1c31c653ff982ee70ccd0aa30db9c3eb27b33d79|baseball_mlb|spread|2026-07-23T21:15:00Z
2026-07-23T01:00:01Z|f1e83a79-db44-48fa-9760-d80e074d099c|535fa2e33fb42430fea0bb6cbffe207d5ca68adb6e7df2f2ab0fc09d34bef679|baseball_mlb|spread|2026-07-23T17:10:00Z
2026-07-23T01:30:01Z|c944dc3b-e395-4d19-82f6-33747ec789ab|6e853c3044947f475d5db3cdfb4b1718025dca6c6e07e98d67d62504af0d8dfa|baseball_mlb|spread|2026-07-23T19:07:00Z
2026-07-23T02:00:01Z|3e82d886-6bd3-400a-b856-6b5e63d90112|55cadf2ac3ff2f1c035be38df76bdb6508d41700e4784779582af7f371d24129|baseball_mlb|spread|2026-07-23T22:40:00Z
2026-07-23T04:00:02Z|e43eb9c0-a597-46f4-a31a-8a1aa9774b31|2f054367d22171474e01ec7d54c164bc00815984bfa28966e5cf220dad5fef73|baseball_mlb|spread|2026-07-23T21:15:00Z
2026-07-23T04:30:01Z|63ee9bdf-c258-49c4-a168-5e430ed37f9e|46de839ab7a75f5b181c7679137806f28029bf203a951d3f0de51d10ceeefb6d|baseball_mlb|spread|2026-07-23T16:15:00Z
2026-07-23T05:30:01Z|89ff780f-6371-4b5b-b57d-acfde8062c8a|cecdf28a68951f3ae97ba19249acf3c8469cafcbb448739f5faba24c59ddc2d3|baseball_mlb|spread|2026-07-23T17:10:00Z
2026-07-23T05:30:01Z|559531e6-a121-4aa5-8f17-cb86127fbad0|8fed90cb19075012f6c882573646aac50c3a84e18e93a0bce6f8ce98ca555fc5|baseball_mlb|spread|2026-07-23T19:07:00Z
2026-07-23T10:30:01Z|9113060a-b6ac-4a5d-ae34-9f67ddec5a08|8a584dd37baa23545711ff1097742ad36751cbd42a23049a648c5c43274c2579|baseball_mlb|spread|2026-07-23T16:15:00Z
2026-07-23T18:30:01Z|cd0daa94-5c47-4300-a467-7c18616092a0|43b28879a94f945fc5bf03b67ff025495902ef7d2e36def8ef356e725cb4f0d0|baseball_mlb|spread|2026-07-24T20:10:00Z
2026-07-23T18:30:01Z|4d0bec40-01e8-47b0-80cc-2b26fc12d336|a7dfb144ab0f2e92f3ec8b2d26080f16b4654a21c3dc4d840dbbc45293617234|baseball_mlb|spread|2026-07-24T22:40:00Z
2026-07-23T19:00:01Z|baa65820-9201-4db1-bbef-49ffb8afb918|69d1a054c77e326d39b37418249cdccd8f49a7d6bbb8a9c33047f75211f79f57|baseball_mlb|moneyline|2026-07-24T22:40:00Z
2026-07-23T19:00:01Z|b4d09f47-fcba-4955-b6cf-731eb906a7d4|eebd05a9a4d029dc32ad72b7485eb389370a7a43aa9589a5bcf632df22f0cd06|baseball_mlb|spread|2026-07-23T21:15:00Z
2026-07-23T19:30:01Z|60fc48c6-7d81-445a-9522-a6ae80fca0cc|dc5a70d80a51a415cae0667718f57ee3071191cc7bc0fcecff4eb7310e703198|baseball_mlb|moneyline|2026-07-24T20:10:00Z
2026-07-23T19:30:01Z|5557d50f-ad85-431a-a465-22ecb619d74a|82b555990839fb82e5b1e2b8012d7ce57539bc810abf095bee56f25f05d37857|baseball_mlb|spread|2026-07-24T22:45:00Z
2026-07-23T19:30:01Z|25d3abd2-4d92-4a55-a6ca-42594e57d3bd|e0b68e77e5099a3558a9e1a0159d53465801bf662f48aaaed094f13ff799aa8b|baseball_mlb|spread|2026-07-24T23:05:00Z
2026-07-23T19:30:01Z|2cf12c43-ec07-4471-a374-1fe6a2bbbd61|284f1081be853059c46972c78c2490760b822955efbd1e6415cb001891d26c30|baseball_mlb|spread|2026-07-24T22:40:00Z
2026-07-23T19:30:01Z|61804ef9-703b-43b3-89cc-da8a0cb8141b|7e6135680973f631e6ca4fe34a6c970513fcddce0df2c178a9aed7b9ba4a0839|baseball_mlb|spread|2026-07-24T22:40:00Z
2026-07-23T19:30:01Z|ca501cf9-c2d9-45da-b3f5-8d839659962a|f736ffce0944ee31028bf30a455faa7ef3519620b6943bb38876846bf62c5470|baseball_mlb|spread|2026-07-24T23:10:00Z
2026-07-23T19:30:01Z|c893eba7-55af-417c-8023-d68d650704bf|26f0883b447432ca5217bbf5f5167963de6712fc631a02d8a7da1cd91b6cdd49|baseball_mlb|spread|2026-07-24T23:10:00Z
2026-07-23T19:30:01Z|ecf59f7d-8033-4876-8e91-40e95de6f360|740f5f2425b7ce1d193aa1c9258c3f0e5bec05066f9daf223602df6d4fa25051|baseball_mlb|spread|2026-07-24T23:10:00Z
2026-07-23T19:30:01Z|4d16b6e5-c6df-4e60-ac7f-2b48c812f8ae|172e92f7d7bdf5d1c90d52fd8538e3ebed63af556e7cbc5d268fc8655d5cd86c|baseball_mlb|spread|2026-07-24T23:10:00Z
2026-07-23T19:30:01Z|02c3db12-d884-4873-85af-cc74ceeca5dd|2357c24d32731b5d92e7b4c680870b2d1436e197448b975e646963ed125b3625|baseball_mlb|spread|2026-07-24T23:40:00Z
2026-07-23T20:00:01Z|d8d348b6-35c2-4e3b-9420-20675a181eb7|124ee3636dba513d0a9eb5e5b2ba327d14525bb20f3485f140fa4f3872cc8a8a|baseball_mlb|moneyline|2026-07-24T23:05:00Z
2026-07-23T20:00:01Z|08a9031a-fb15-4ad5-a267-be143c96c7df|a0412bffc2530aa107c0fb15feafc89fccde135418e88566e9b588da96bda8ab|baseball_mlb|moneyline|2026-07-24T22:45:00Z
2026-07-23T20:00:01Z|4cdd2060-057d-4ec1-8e5c-a6b5df41d94a|d99e8535fdf955fec023534d3d6b5f00af7ea8e47727e69cba34af9bc363aa2a|baseball_mlb|total|2026-07-24T22:40:00Z
2026-07-23T20:00:01Z|4c14269c-221b-42f2-b274-cfbec7ef2bea|4af32af4963051c7e33f20f02470d3027363e2bac203b9fd699cd8c5dc3a840c|baseball_mlb|total|2026-07-24T22:40:00Z
2026-07-23T20:00:01Z|35bc8670-dddd-4f1a-a69e-7a24d828168f|e22633c7eae383014c4f80b2c29eb83a482b84ac21832d726104665e9d0c1eb3|baseball_mlb|total|2026-07-24T23:10:00Z
2026-07-23T20:00:01Z|b7c674b0-1b75-4ad6-9bbb-b01cea68c6e8|8424448ca227cb26992e8f66433a843bfbcdc9c84bfa82e3a0e60b808d3d4b13|baseball_mlb|moneyline|2026-07-24T23:10:00Z
2026-07-23T20:00:01Z|59eb0e62-d84a-42af-a248-ecb9bdd50cf9|bfa1d31ba66e0f412bbd30537dfb720e6841c4f85f0a1f7b5e5493c695f0ee1e|baseball_mlb|total|2026-07-24T23:10:00Z
2026-07-23T20:00:01Z|0e4ef840-aa80-47d4-ae57-437c31572cc0|13ee1c6f75d99d695ff4b4bf4fb456528168e1c58b1630300c283064e956fba5|baseball_mlb|moneyline|2026-07-24T23:10:00Z
2026-07-23T20:00:01Z|ce95a51d-b5df-4236-b52e-941e2a5f42fc|913d7a4ed96f2c5f26023b115081d2af04a52bdd3207f28defd6d322cee9f3d6|baseball_mlb|moneyline|2026-07-24T23:40:00Z
2026-07-23T20:30:01Z|eae0c9bb-45e0-4ea3-9de4-7df2e8b851bc|b7734749ddb839fa7aea8bdf210e30e5ec3c938cc5d45c463ae9529ee5feb426|baseball_mlb|moneyline|2026-07-24T22:40:00Z
2026-07-23T20:30:01Z|164594f5-ba0c-4967-ac11-364c8e5e6a7e|ff21e5cefc3887deeb3d863b3ac50431e28119f41b01342bf1c5a91a5b736d8a|baseball_mlb|moneyline|2026-07-24T23:10:00Z
2026-07-23T20:30:01Z|9537e514-d629-446e-b42a-679871e37dd7|fd400c47e512eb3080d8aa511414e703de66dfa43e62d0d4e97551db8181bca5|baseball_mlb|moneyline|2026-07-24T23:10:00Z
2026-07-23T20:30:01Z|9522d1b1-bf36-4f3d-99a6-8fd7e76998e6|61cac08b1bac9e1b914ac7df6143801f5e1c201b20300000877ce5f99ba8403e|baseball_mlb|moneyline|2026-07-24T22:40:00Z
2026-07-23T20:30:01Z|6ec3dec4-ee47-4947-829e-b1b4dc2b238b|16a1e3cf26da28fd3beba577b882c7110e79e7891ee941acd51cc4e388023878|baseball_mlb|spread|2026-07-24T23:05:00Z
2026-07-23T21:00:01Z|070be496-fb93-4f4c-9689-a61fb19de860|38f6f02b395fab484660165fec88ec9c63e7896f2b28dd8737f375fe51e4f240|baseball_mlb|spread|2026-07-24T20:10:00Z
2026-07-23T21:30:01Z|3709cd7d-ec08-4edd-b3fc-f14633ade72b|03577fec77a1bb5d4a0145263e4c3fd9978312c580b78a4c3b516a579b1762dc|baseball_mlb|spread|2026-07-24T23:40:00Z
