2026-06-05T00:00:01Z|daee177a-4d1f-4dab-8cd8-752f9a47562d|d121e9b84918ce2ce0b8ab2413d75adfda8f4a3924488d94e913843802cd139d|baseball_mlb|total|2026-06-05T23:07:00Z
2026-06-05T00:00:01Z|e5321f28-baca-4300-847a-0269912b4baf|1ba5dd9e2c9674c2d592e4117e60794fa6166a6214c98e59eecf0a2628187439|baseball_mlb|moneyline|2026-06-05T18:20:00Z
2026-06-05T00:00:01Z|2a00c553-e633-4e6f-91ae-4a82135ede08|46cf70fc4f7dec904a99f409ef59b6e9b0bc7a81a8261a6343d9d06ec1d93384|baseball_mlb|spread|2026-06-05T23:07:00Z
2026-06-05T00:30:01Z|dfa35622-1536-4c4b-9243-e4ee1e7b7e9a|60fe6f9e19a37fb58b3afca0d2928afec3dd8ed492f670510f0f4ec132c26077|baseball_mlb|spread|2026-06-05T22:40:00Z
2026-06-05T00:30:01Z|cfae11ee-b2b6-4870-9050-521cb1f1faae|826a4cf33f50de3e10512b42156835a70a7f8fc29bd0444e33e5c9b9b8788e1a|baseball_mlb|moneyline|2026-06-05T23:07:00Z
2026-06-05T00:30:01Z|292d0b1c-31ec-49b2-bc9f-44871a90e8dd|8acb8982c6e276614e662c6f4ace690ac7f0ac647587e70ead531475900f9af6|baseball_mlb|spread|2026-06-05T23:10:00Z
2026-06-05T02:30:01Z|f0f495cd-7683-4341-8ebd-d8945b7b704c|e96fb274fdffdea73cd4d6125b2f934d65fea536eadfbd9795d1baa94878e1f7|baseball_mlb|spread|2026-06-05T23:07:00Z
2026-06-05T03:00:01Z|dbb8473c-be55-4cca-b5a7-8a508e261ae4|dce3a2df2daeb428ce1b4d60639f381f0596b58c177900f5cb90beeb9934675b|baseball_mlb|spread|2026-06-05T23:05:00Z
2026-06-05T03:00:01Z|cc438d8e-b0a9-4d42-bb54-eaba84ba408f|fc293c8bf30ef7dd3aaa247d0adae2f2d549dee8bd20f14991f38e967b662349|baseball_mlb|spread|2026-06-05T22:40:00Z
2026-06-05T03:00:01Z|fc8d69b5-ca2b-4026-86c3-013ebecc8667|1a559df8c30759854c9967984fcf401d936491846eebe20fc7e459e4a34619ec|baseball_mlb|spread|2026-06-05T23:15:00Z
2026-06-05T03:30:01Z|5e103c89-e8cf-45a7-9072-34a01721c484|4847480430484ef30debfce6f43fdd3ab552e5ec819bdd97fbcc6c26def9c758|baseball_mlb|spread|2026-06-05T18:20:00Z
2026-06-05T04:30:01Z|93f5ed32-0b67-4b16-af69-63bcd1746eeb|b61f827cd27eed041494a296c4962611c57961ae639661195481e419aa63df3c|baseball_mlb|total|2026-06-06T00:10:00Z
2026-06-05T04:30:01Z|1ece0c56-d3e7-4720-9fee-afed89eee8b8|b26648f29c6afa4ee17714a05841a50f4db9627deb4208c06c85fe0f56a4eb7d|baseball_mlb|moneyline|2026-06-06T00:15:00Z
2026-06-05T04:30:01Z|ca57e450-4dd6-4bdd-9673-1d44a6d2513e|fb3dd1525102b6fd6b5f6ddb1c3a002a4545722fda2f0cf9f94f6d585370373b|baseball_mlb|moneyline|2026-06-06T00:15:00Z
2026-06-05T04:30:01Z|0f31ed86-c79d-415d-91cb-5b88646e1e24|2c8f66fccb4916ce12bc2756ef15cc0ff963cf0cf9cde0341a68116619b48ace|baseball_mlb|moneyline|2026-06-06T00:15:00Z
2026-06-05T04:30:01Z|7bc34927-afec-495f-be1c-feea3ec9d66e|f52aa00b8a8f5cc2cb89fe67d10f8e15875355db1027cf65e0c9bfb433cfcc83|baseball_mlb|moneyline|2026-06-06T00:40:00Z
2026-06-05T04:30:01Z|d0c1b9c6-52e2-4f47-aa46-385717d2d8d5|57b8a5ddf049189ec4f8fa54c6af24583a9416f316be7023a4ca076723368111|baseball_mlb|moneyline|2026-06-06T01:40:00Z
2026-06-05T04:30:01Z|c8e9eebe-4675-4f2d-bef2-6b1316c41fe7|e170a9bf54d9d0cd993c7ed5a5363c4fb93a80a494e4c3d2c7e44c077c7b50c1|baseball_mlb|moneyline|2026-06-06T01:40:00Z
2026-06-05T04:30:01Z|dc4e2021-25b2-45f5-ae04-a3b56137e6c2|d9bf7583c2284f540d3c3c8263698d7e90000e6d3f8b10fa71890dacb2d032e0|baseball_mlb|moneyline|2026-06-06T02:10:00Z
2026-06-05T04:30:01Z|ebcd65a4-80e5-4e4f-9ef5-204e5920eb19|18d0cfe7e0257c05833178d50f1e62358f16974ed76d5dd05fe6138181eacb73|baseball_mlb|spread|2026-06-06T00:10:00Z
2026-06-05T04:30:01Z|f947b454-6d82-4e9d-98e6-ea3c1c2b7b90|c973c513bb6c34a226d22228840680c0250243f7947272e38f1f27ddd4f5c6b5|baseball_mlb|spread|2026-06-06T00:15:00Z
2026-06-05T04:30:01Z|f90bf56c-5989-406d-82b6-5c2c400ea116|f8c00b0af65860b9837ffd73c146eeee30e14f93849a561933cad55bc63f9288|icehockey_nhl|spread|2026-06-07T00:00:00Z
2026-06-05T04:30:01Z|5b49c6c2-8e3c-4bd2-9761-b6f30f72d975|c05a05458e079a2ec6c3f7938b39d5aef1b26c3911ea5e8ab06d5d6d757b9a63|baseball_mlb|spread|2026-06-05T22:40:00Z
2026-06-05T04:30:01Z|67869942-c02e-4a6b-8b1b-9df682a87505|2747de0ed1410ca8423bd40b828e66abf3b354b8c40249489eb7b2795e6d6416|baseball_mlb|spread|2026-06-06T00:15:00Z
2026-06-05T04:30:01Z|2e0b6f9a-2f57-471a-8aba-287d2d4e6122|282e71f7fcdd089a4cca8c072c9a750fc5ea765c3c085f46f5eba2c6650a5c54|baseball_mlb|spread|2026-06-06T00:15:00Z
2026-06-05T04:30:01Z|0a620251-490c-4778-921b-a68b538e5f31|4e02bb02647bea2b3f2375c0da613cad26da506ad362cb31521fa06fb2ff181d|baseball_mlb|spread|2026-06-06T01:40:00Z
2026-06-05T04:30:01Z|dc038d94-c09b-4e19-bd9f-a2b590d26d58|ec9aac368336a0daed5ccad1d4228bbb216eef936805b523b0bb364820db01f4|baseball_mlb|spread|2026-06-06T00:40:00Z
2026-06-05T04:30:01Z|9e40811d-8ca2-436e-8d61-95c770e1b9c2|983b1c374f859c2d4ff3b177544edbd5e1dcf728caaf5f14876af104bacee2b4|baseball_mlb|spread|2026-06-06T02:10:00Z
2026-06-05T05:00:02Z|de14c484-e59b-424f-acef-3f514d4eaed5|e2cb2a7a4cddaef01a04be9e4a6ac66e8068d985d970e089346746260b62488a|baseball_mlb|spread|2026-06-06T01:40:00Z
2026-06-05T05:00:02Z|fd5a2f44-b8ee-454b-adfd-f7796dad52f9|9d3571504962547ecc0f3d4e16ebb6249bea406cd0324b334b5184f84c85c4fd|baseball_mlb|moneyline|2026-06-06T00:10:00Z
2026-06-05T05:00:02Z|0d0c4d99-cce6-4daa-8b8d-cb13ca4fcc5c|7792970b1e00bc3abcb91c76c74b3ff0c2f85fd7c6471e65fedae4674d65e938|icehockey_nhl|moneyline|2026-06-07T00:00:00Z
2026-06-05T05:30:01Z|5222421a-7914-4db4-9090-0bf7aa8354c6|6536032571762e9c65709b68297cf547a4caab2f05f7f40ff534e0d726efe545|baseball_mlb|spread|2026-06-06T00:10:00Z
2026-06-05T06:30:02Z|29bfdd32-bfa5-4eeb-b7e5-fb3eb675fb9a|8abd10dd1f1fa16f429032cdb3a6a24e53735d3f0f99d75b32c2898eba399dbc|baseball_mlb|spread|2026-06-05T22:40:00Z
2026-06-05T06:30:02Z|9dab4a97-38b8-4270-826a-f0aea36620c9|276582bf6f1bcf89fb05e33d0b694e2083ce129e03047d4f001658c0c7b916a6|baseball_mlb|spread|2026-06-05T23:07:00Z
2026-06-05T07:00:02Z|e7f415f7-5abd-44a1-8215-66d7d00e2d71|530329fb608cf62c48534ecb71aa71f46dc56e39857f3acba9429ffdd0f6d610|baseball_mlb|spread|2026-06-05T23:15:00Z
2026-06-05T07:30:01Z|1b129d1b-e647-4108-9a4a-45116debcad9|1de8ea00dcb0078259508785fb5b1bf08afd14e1195c1783a3920fc4a37d41fb|baseball_mlb|spread|2026-06-05T18:20:00Z
2026-06-05T08:30:01Z|8482d1a8-faff-4b9e-bf2e-67a1e1583477|4df76ba5287bc51a97ff6ff6fabcccfe19cd4821cbc2411a3333ff3082d31e1b|icehockey_nhl|spread|2026-06-07T00:00:00Z
2026-06-05T09:00:02Z|51ac6ac2-f248-4d6b-b2e9-c198db7f15c2|86dd6d4326d92deab6b371dc38e45734e83891c7a8b1e68fe7316cd12e5427f4|baseball_mlb|spread|2026-06-06T00:15:00Z
2026-06-05T09:00:02Z|902d88fd-4e33-454a-b4d7-7d873f2b03f6|bf79436e779511223dae8daf57699c3ee42daaf44dd11989c75e807a11df720a|baseball_mlb|spread|2026-06-06T02:10:00Z
2026-06-05T09:00:02Z|7a9d6932-8710-48ee-9cb2-19a540e3803a|eb7af4d41d1bb141067646e8ae0fd1d67703f95a392bd342214aadc9db170bc5|baseball_mlb|spread|2026-06-06T00:40:00Z
2026-06-05T09:30:01Z|ec9a0d9f-5c69-4ca7-8393-58c968d3367d|7baa1d6be23bc3ae324d36ddf53260622f54ea1dcfc92c3ad25e3f4628cc1955|baseball_mlb|spread|2026-06-06T00:10:00Z
2026-06-05T10:00:01Z|a8960d74-0d16-4dcb-86c8-36dfe9053ea6|7afcd7b1ec79d92d134319d43204feaaa55734c83eda6a1ebbd69ddd4394e637|baseball_mlb|spread|2026-06-05T23:10:00Z
2026-06-05T10:30:02Z|9e135973-f6c8-43ec-8752-58878e808637|fdbc369a3d7f6f8a5f16cd2a6db4239f5f2645b4d52596b59ecb0110c595fc07|baseball_mlb|spread|2026-06-05T22:40:00Z
2026-06-05T10:30:02Z|fa961a7b-0270-4db9-9c88-c7b31079d77c|750645ae076a85760a393793cdedf7251839893606d70e44167296e82463cf61|baseball_mlb|spread|2026-06-05T23:15:00Z
2026-06-05T11:30:01Z|ae6ba27a-5dc0-4a90-9178-1a58bdba759e|03c5d1d27998f24bbf2e7df34292221efb996fe090af1a34a8bc5b640e9716b6|baseball_mlb|spread|2026-06-05T18:20:00Z
2026-06-05T11:30:01Z|bc29297a-bbd7-4109-82ca-f445542b25c8|cf334fc23b048c916910ddeda8cd2d79440ed9faa63bdf425671202ce1c700ba|baseball_mlb|spread|2026-06-05T23:05:00Z
2026-06-05T11:30:01Z|107c85c0-a3de-44b3-90fd-28a7937e314c|ecaeacb40f640102cb6156118c624855dac99d331fdeabb468fa16616fbc4125|baseball_mlb|spread|2026-06-05T23:07:00Z
