2026-05-23T03:30:01Z|58970cb9-27dd-41c3-b2ec-ddfcdbb8fc44|619cdddbcc55ccd3a993c63e24179c98150bdd9f68dfb34697c6df123d282073|baseball_mlb|spread|2026-05-23T20:10:00Z
2026-05-23T04:30:02Z|a11ee57f-0dba-4f13-8218-51c7ece91d68|c0d80719301dd3a1446400e746e5de6cb4696ef35770074cc01691076ca47da9|baseball_mlb|spread|2026-05-23T19:07:00Z
2026-05-23T04:30:02Z|f97755ed-bf58-4831-8728-24061e182eec|50ef43ab2172fbb34e7389ce550a7ccc110b6e7322100b1238d41ccf03b0c31e|baseball_mlb|spread|2026-05-23T20:05:00Z
2026-05-23T04:30:02Z|19b8b039-35a8-4aa5-ad9d-3263696d5664|6c73eed5cd75c691cceebb69962308bc274b1f1b176cc1f736f94665e2b6cbc8|baseball_mlb|spread|2026-05-23T20:10:00Z
2026-05-23T04:30:02Z|eba16de2-935d-4155-bea4-b4e18d5cc11a|94ea6022931db365f128dfa8b79ff26c70df2d49f67a2e0291f1667e9ca11c1f|baseball_mlb|spread|2026-05-23T20:05:00Z
2026-05-23T04:30:02Z|4d809a2e-36b4-45e6-abc9-2c2993c59eff|7ad2418598a98ffbadc5fef4a211b60fb8c1b62e38026dca570c46fe61d26f43|soccer_epl|moneyline|2026-05-24T15:00:00Z
2026-05-23T04:30:02Z|fca00a75-4f03-4c4b-bafe-f840cd4a54e3|172b6f03a82965e5b7c9dcccc8ac515b96f9214ac33ca8f5f135ca4d55d95365|soccer_epl|moneyline|2026-05-24T15:00:00Z
2026-05-23T04:30:02Z|aef83f12-6f1c-4d1a-b87e-02db2c202108|74b7f2ca4a4ca3f66c1d888727760c49f9fdfce2cc5be192aced31d9aa7490a9|icehockey_nhl|spread|2026-05-25T00:00:00Z
2026-05-23T04:30:02Z|e736b4a1-0cdf-4e45-8dab-80db491ac3da|90543aecf303154c88b29f08630f8840bdecedeed38a71881efdfbb784375485|soccer_epl|moneyline|2026-05-24T15:00:00Z
2026-05-23T04:30:02Z|c4db42f2-0485-4830-91f7-e7b2d427dbc7|966289e4ce0d632d6e12f4293a5bdbdaee6c067ef932aa9429a6c83fcd535f12|basketball_nba|spread|2026-05-25T00:00:00Z
2026-05-23T04:30:02Z|de640fed-7199-42c0-9e97-57c4a40a57d8|ea66d14c064a45403408f21dc51efed95cf4799641208e86b69b634f2de937bf|soccer_epl|moneyline|2026-05-24T15:00:00Z
2026-05-23T04:30:02Z|8551bd78-d96d-42e1-a6a7-729139435138|eb36c819e1195923075c2920fb83699e2e119b437b31998ed829d5af3e4e9690|soccer_epl|moneyline|2026-05-24T15:00:00Z
2026-05-23T04:30:02Z|116e0a97-d0b8-445c-9e53-6c6bcc26a0e5|a1aedd0636f0866978dbbfc6415298a0c612f3e50bf23e65c140a22c3e68d3c3|baseball_mlb|moneyline|2026-05-24T02:05:00Z
2026-05-23T04:30:02Z|b342d50b-133a-425d-a1b1-f8f283c8d4cd|1eba4d94edb43019dd2e3cc6e0aa63c1e8e49e028214846d194150e6600ad8e0|baseball_mlb|moneyline|2026-05-24T02:10:00Z
2026-05-23T04:30:02Z|be98a199-1cbb-4ea4-8757-69185af72b0d|e1215ff284d943e3a9c2228d64421d51164a938b5e8e08fa6570e28efa64e913|soccer_epl|moneyline|2026-05-24T15:00:00Z
2026-05-23T04:30:02Z|458592a5-2971-473b-9804-407abe0a4618|dee732f8855cabefc7bfc59f255916784a91368919ba2bfbc2e32d357033e431|baseball_mlb|moneyline|2026-05-24T01:40:00Z
2026-05-23T04:30:02Z|b5e02615-6311-4043-adf6-bef677e3a56e|58b80ffe7690672714bf4fbe50c762266164ce61af14b63ca7c99af3d3d793c5|baseball_mlb|moneyline|2026-05-23T20:10:00Z
2026-05-23T04:30:02Z|e1911415-05df-4dcf-b2db-d9ede0a717c6|1bae5b5c4b1f838c7da0b29adc1d5b3e427883a24143eec78362ae220cba5820|soccer_epl|moneyline|2026-05-24T15:00:00Z
2026-05-23T04:30:02Z|175cfa01-1a6f-4ef5-b8ab-ae005823e987|e54c934ccb6253e30fedddf71edf4988f061fb0ac22c45b8669a85a68b7da692|soccer_epl|moneyline|2026-05-24T15:00:00Z
2026-05-23T04:30:02Z|963471b3-cbed-4649-8ddd-c1a1c71e3c51|e069c6743e1d79f780a8705f00f6fa457bd4bbe23597b889a93c766d8b8ba7f6|soccer_epl|moneyline|2026-05-24T15:00:00Z
2026-05-23T04:30:02Z|9c9e3f95-dff3-4276-ab76-8333f5e0064f|98b6818570002af7546fbaa996e655be751b4d25b20639471386da1513a90508|soccer_epl|moneyline|2026-05-24T15:00:00Z
2026-05-23T04:30:02Z|17dd05ce-087a-40d1-8da0-5a8146b28ecb|a8550b486d7ac8ab772fb02e0f312c2d470767c2d3cadeff7aabbd688ca93cbb|baseball_mlb|spread|2026-05-24T02:05:00Z
2026-05-23T04:30:02Z|aa315fd3-eab3-4487-b5c3-09af7f8c0b20|0764192d40f479f4a9a05101c8ceb3d5a50c0076388d4341205637a2e0853734|baseball_mlb|spread|2026-05-23T20:10:00Z
2026-05-23T04:30:02Z|7086b52e-7320-406c-b4a4-7d5f211f91e6|fdd57636d17d97475e9c1c1cebc4a2d9b8d4a1406e4fa5eb97eb9b3e642f7964|baseball_mlb|spread|2026-05-23T20:10:00Z
2026-05-23T04:30:02Z|b2eb9d3d-c388-4b23-b152-409314d87027|968d6f9a168869f8cddd0ffa78fd7a07bc0a001a72daa3b6d0f5a94bbbaa6b06|soccer_epl|spread|2026-05-24T15:00:00Z
2026-05-23T04:30:02Z|6c51be42-e062-4095-9f1e-9ad976bb1a99|f80f0a90a72ecae558f5f3e452d4670dfd088e7362c1fdde3e4bd09bdec930c0|soccer_epl|spread|2026-05-24T15:00:00Z
2026-05-23T04:30:02Z|7be1bdbf-432d-4d57-b897-032a87dce98f|36b4394a89cb2379f0b59aad496216e296dc928eddeae6c91094d0b785185fda|soccer_epl|spread|2026-05-24T15:00:00Z
2026-05-23T04:30:02Z|c59b81a4-a036-4f0f-a53f-ea03672bcd94|cdabfbb9bd06400c5ec9c30696cfaa97c64443c42e3537ac076b9b48454e8c16|soccer_epl|spread|2026-05-24T15:00:00Z
2026-05-23T04:30:02Z|c011fa3a-8921-48df-86e1-44cc5a1245ba|66b60c45960ab53c527dd6ae9fc697eeb4ee5a25b0245e539940ffbce8b96d7b|soccer_epl|spread|2026-05-24T15:00:00Z
2026-05-23T04:30:02Z|3450c3fb-b307-4925-828a-3a4dd6579b1d|5bc5de8cc6733a0746c7394c759e204875d925cc6fb8054929cc9d7f41391d7e|soccer_epl|spread|2026-05-24T15:00:00Z
2026-05-23T04:30:02Z|bd007c3a-780b-460c-b6a2-7df00a4b0bdb|abb971dd33821a57b64e019e481e32d6e69aee334917f61bdbea14f0bc23bbc1|soccer_epl|spread|2026-05-24T15:00:00Z
2026-05-23T04:30:02Z|09a11f26-27dc-46a8-892b-9572eafacf05|4dd80200a0242fb5330511d3f5d13cc445d36abc8a5d5ad0515b6baae859e47d|soccer_epl|spread|2026-05-24T15:00:00Z
2026-05-23T04:30:02Z|6a1db30c-7af9-49db-be56-cd79d9f6a892|0dad231a10be093130151a8dd65ab74f01e759564df66b4a7684687f6a80a6ee|soccer_epl|spread|2026-05-24T15:00:00Z
2026-05-23T04:30:02Z|720907c1-6243-46c0-a9cd-b120aaac6341|7b79f52b50eb71ed15900a9297ca23534d9d8bb11dd3bdb50c16cc48782f3740|soccer_epl|spread|2026-05-24T15:00:00Z
2026-05-23T05:00:02Z|a1917e93-fe46-4205-8ee3-f32a8caf854d|ee9f78dfc3fcab766b127c77edb87a464f1dd8a1c012f2a69a551deae9751fc2|baseball_mlb|spread|2026-05-24T02:10:00Z
2026-05-23T05:30:01Z|491faf8a-3ac5-4330-a3c8-bb9892be80ad|b687f648e1d8e6aa1f71c1e47deacd7eae0330ca6f5b529a975c415b94019a2d|baseball_mlb|spread|2026-05-23T17:10:00Z
2026-05-23T05:30:01Z|32e0c955-b590-45d7-9bcf-a1dc1e585fb9|b4193d7c5e6b5b1036f309dbad4c5e216a75615b8eeaa0d16d983b52efbbb461|baseball_mlb|spread|2026-05-23T18:20:00Z
2026-05-23T06:00:01Z|1721f546-0e6d-4e2e-9b46-8219914b8e33|39f64acdc57f3a15f9399a9812f2d606c61796732881818657599552b90c5507|icehockey_nhl|moneyline|2026-05-25T00:00:00Z
2026-05-23T06:00:01Z|642e3fef-1cc7-4452-8172-51bfb1543d68|bda243fa28b3386de4886a63ff4670aa373b705104ed80c226683e4b643c990d|basketball_nba|moneyline|2026-05-25T00:00:00Z
2026-05-23T06:30:01Z|21e23d45-4cf2-41b1-8b19-9fdd3d4d00fb|64325c9a86a69b8ba95f121b2e291f600c9a61f0cf1511e77ce23a0e46fc04d0|baseball_mlb|spread|2026-05-23T20:05:00Z
2026-05-23T07:00:01Z|58a060b0-6c2c-4cae-94e6-baa509bcea8f|ea976367a9b27cb0c7b30881b42e3822c2b61d3dfd5a2be25c332093f3de23aa|baseball_mlb|spread|2026-05-23T19:07:00Z
2026-05-23T07:30:01Z|6faf5f93-cff1-4349-ae42-14acf2ff3099|055e66f98fdad4a46892fbc7b83c1fbd9a344d28470c22155d49734cee6294a3|baseball_mlb|spread|2026-05-23T20:10:00Z
2026-05-23T08:00:02Z|ebfd157a-79c6-4626-a0f1-76f093f960e8|6d9738de3dd28bf061aa443d8409c971dcf5ca4b4cb7702187d777515c21261f|baseball_mlb|spread|2026-05-23T23:15:00Z
2026-05-23T08:00:02Z|a98eafba-e66b-4fb9-a65c-d296f86db78f|b36e5d8621633d9f03c918fa2015fcc89c109e6fb213ffdcc734f48b1cc40dd9|baseball_mlb|spread|2026-05-24T02:05:00Z
2026-05-23T08:30:01Z|7c5afbb0-06d2-4d22-b410-38df1252ed99|2427700f69384504ed11122180cd0441d71ce36324b206532181ef0f02ee0a72|baseball_mlb|spread|2026-05-23T17:35:00Z
2026-05-23T08:30:01Z|813821ac-f764-4657-a9bf-a6033910a767|ff0725eeadbed623d7c0899b49aa626c0b6a075c40e42204e4dd6ea9503636be|baseball_mlb|spread|2026-05-23T20:05:00Z
2026-05-23T08:30:01Z|32f64d17-ff0f-486b-918e-d802edab45ae|ca4be6dd86e6fa518cad59e3028a56b6831a6d0c009827e937c338aa0db5d1a1|basketball_nba|spread|2026-05-25T00:00:00Z
2026-05-23T08:30:01Z|2012dd66-291a-4cfd-bb2c-7c388a1580a6|d4636e59c5cb6f366fd1afe082386b3688bb317325d215c6ddc52d806586f7c3|baseball_mlb|spread|2026-05-23T20:10:00Z
2026-05-23T08:30:01Z|7174c5a8-225c-4930-a4c3-ac29cd21a6b9|91c9dd7fed4b9144a47f4c5c40b276c32aaebd6fe39137ea0caa02ce44478090|baseball_mlb|spread|2026-05-23T20:10:00Z
2026-05-23T08:30:01Z|1e634838-3fde-4e16-a1fa-305f1647d53a|07afed35b5bb10d4945c1029f0d488376abe4d162f593062dd4a654517e16e4b|baseball_mlb|spread|2026-05-24T01:40:00Z
2026-05-23T09:00:01Z|a9e9bff1-db2a-4578-bf36-b7b8268863e9|b2489b444298e7c534642727a860bd2b237de0fc8417517cea35f16420b2e344|baseball_mlb|spread|2026-05-23T20:05:00Z
2026-05-23T09:30:02Z|155d6660-8859-47f5-bef0-74410a2b6590|28037d0e2a8ea34098c3285542e779e38afa637c2f52da75f83389a03ff8dff2|baseball_mlb|spread|2026-05-23T20:10:00Z
2026-05-23T09:30:02Z|64641120-aaf2-49a3-ab85-523282ce9a66|e07e48a834ebe5d32a1152e569bd4106b50b6e93890e9cbd5a7437d8b3abf5bf|baseball_mlb|spread|2026-05-24T02:05:00Z
2026-05-23T09:30:02Z|7fb86baf-d7e7-4e32-afc5-57c79898b96a|5f7f218b1e2411f63a6dac5948120c6459884578b95f931a2ff6b54224c69e2d|baseball_mlb|spread|2026-05-23T19:07:00Z
2026-05-23T10:30:01Z|e9b92ba1-bb37-461a-bb5e-02f3e3b6b95f|3274f915f50f46136e4922c44c473c78855a63d71aaa369751eddae4914f4a8b|baseball_mlb|spread|2026-05-23T20:10:00Z
2026-05-23T10:30:01Z|a12617dd-f496-44d4-a4bd-204cf5e81e6b|c0f5ae3e23c35a5420424b3bcb5af11bf8bc18d6597678972f256b5c32f8018c|baseball_mlb|spread|2026-05-23T18:20:00Z
2026-05-23T10:30:01Z|25e979a1-6fdd-41bd-8af4-cebbbaaf71cc|c23943e77e0fe454a2182d58e708025d2c233fe302dbcb7ad1f0e9a12d457bcc|baseball_mlb|spread|2026-05-23T17:35:00Z
2026-05-23T10:30:01Z|83796b6a-d814-4b27-9a26-afa7c76bb75b|3e395cf43dc89a3b13f8ee14d556385945ae6b6c3318b839a049cdfd3ae33cb3|baseball_mlb|spread|2026-05-23T17:10:00Z
2026-05-23T10:30:01Z|dd39aee6-46ba-420d-9c3c-1f5bd3bcd454|67b51f8cbafdb1e4feb52421f789e333848c010ea0adc258317c087969f087f8|baseball_mlb|spread|2026-05-23T20:05:00Z
2026-05-23T10:30:01Z|a91c928d-7082-4735-860c-3ce0077dd899|6d8dbb048da57e67e81303fa683c1e2ec95c3fcf6728aee4782d77704683b4ba|baseball_mlb|spread|2026-05-23T23:15:00Z
2026-05-23T11:00:01Z|293552e4-2d4d-4124-8a37-46587d612381|7f2a7a4334bad998a15710db2dc12aa982cc13a337fc85e00bbe6bdd57cbc511|baseball_mlb|spread|2026-05-24T02:10:00Z
2026-05-23T11:30:02Z|5886da2e-cd8b-41bc-aa5e-7fcc836be8c0|09bc9a3db4cf0b27e1aff1cd4e2dcf216b5fc56170f0c46c7dc6d6ccadaf455e|baseball_mlb|spread|2026-05-23T20:10:00Z
2026-05-23T12:00:02Z|def84a1c-6945-4103-b371-ce304305d6ed|c46bafb08f5cb5516b0161f018989b4fc076e890c0fe554c1d3746d48c549426|baseball_mlb|spread|2026-05-23T20:10:00Z
2026-05-23T12:00:02Z|0ca7b2ca-84e9-4115-ae0b-13f1ae028eb8|14f5e0b9eb9e21a7b33547cadef7a73f1dd4e630efbd483b98a87ae9ad020655|baseball_mlb|spread|2026-05-23T23:15:00Z
2026-05-23T12:30:01Z|cfc26338-1500-47db-8cb3-8d69c8809b38|bd60640f450196f01b0d2a4842500c2a10b40d2aacbf601fc246bea1f1a9eff6|baseball_mlb|spread|2026-05-23T20:10:00Z
2026-05-23T12:30:01Z|e082c85d-5596-4f97-a18d-ec46c6f36503|7ff085a501c4940e5076cf1729a4c0eb0b8f06095d2839ed35af9094d4283c88|baseball_mlb|spread|2026-05-23T20:05:00Z
2026-05-23T12:30:01Z|582aa32b-a43e-4d34-8553-f80fb862c0e8|98e53d4e0d17434537850d92d455784470833af9f95bdf54270fb9f1341dad34|baseball_mlb|spread|2026-05-24T01:40:00Z
2026-05-23T12:30:01Z|42564bac-5274-4b0a-8431-73691368927c|d7412de883e771a662c02611ce912c115bdd7b844ed41122680721e69238133a|baseball_mlb|spread|2026-05-23T20:05:00Z
2026-05-23T13:30:02Z|cff4612d-b6f4-4294-9a44-d6e2baed8cb5|df6ee81e1839557424c0320c62c58505b25047ac5c7fce32d204c8a99e210c01|baseball_mlb|spread|2026-05-24T02:10:00Z
2026-05-23T13:30:02Z|73cfee32-ea11-4bbc-b615-a3c142af6115|0c04ba55ff569523a99357e5ac85ffa79b6d0df8eb08e58849427caa0ff26e8e|baseball_mlb|spread|2026-05-23T17:10:00Z
2026-05-23T14:30:02Z|f99e5be1-c026-4446-bcb2-dc5173ad9f54|560322ec8ad288a7ffbf1f2ab9668bc45921e7b31b0252736f9499f205fdfc11|baseball_mlb|spread|2026-05-23T20:05:00Z
2026-05-23T14:30:02Z|e898d9c3-08a0-48f9-912f-0e706953096e|92f669aeab60bcde7229cd35383e57f752c466865b384ff0ecfebee499597962|baseball_mlb|spread|2026-05-23T17:35:00Z
2026-05-23T14:30:02Z|8f97b108-6628-4db6-ae2c-8acaa4e989e8|66c25379b6f465f7592618cc61647adfc826b1d406dc7aab14840dd60d3f2353|baseball_mlb|spread|2026-05-23T20:05:00Z
2026-05-23T14:30:02Z|1d2e7c28-c95d-4836-be54-a8b5038ca88a|d67574df78c8fddbe574dc8c7ae49ea70fd0140c5ea843793f55221f052d4b4e|baseball_mlb|spread|2026-05-23T23:15:00Z
2026-05-23T14:30:02Z|35eac88f-b607-4044-9604-fe5de1a3403f|3f4d1ce9b4acaa15ac18f0e17b661b634ee437674dc99fdc9459ee4d4fb25679|baseball_mlb|spread|2026-05-23T18:20:00Z
2026-05-23T14:30:02Z|4f964a73-f266-459f-bc69-43258422e76e|539f9e0663a203f1c01cb291ea51d6116b4f5d1621244eb3ef162bb1c17aabb5|baseball_mlb|spread|2026-05-24T02:05:00Z
2026-05-23T15:30:01Z|62c23745-3ac1-42be-8d46-d1d1eb4e6533|d509a2b6e8aecbc47111bd2566a1e89f529483529c63e02c706dc13d3fcbd2b3|baseball_mlb|spread|2026-05-23T23:15:00Z
2026-05-23T15:30:01Z|5068fa55-13f1-4320-a471-8632d589f76c|54ab0584f2132937be2b77a162fcccaa956b93473a06cc7896f6342c90be4400|baseball_mlb|spread|2026-05-23T20:10:00Z
2026-05-23T16:30:01Z|94b0ab6d-2ff9-44e7-8f58-4fe49f8dbdcf|e00ca48f69ca047ce2eff2576a12f56c7c8d5d2db19f08874498d46c74de60cb|baseball_mlb|spread|2026-05-23T20:05:00Z
2026-05-23T17:00:01Z|a402c72c-6ac4-4443-804a-deac3990db9a|ab1e354117da7073119a1b77e686b3cea84cea8703fbaf86e03d6f015e3299cc|baseball_mlb|spread|2026-05-23T20:05:00Z
2026-05-23T17:30:01Z|42f0f577-6b27-4209-85b2-9993a2e9e951|0f1ce09d9d063b16bab4d5ca05e5ef2f406dc2140c714db80f386fe046bd2311|baseball_mlb|spread|2026-05-23T20:10:00Z
2026-05-23T17:30:01Z|46842967-fef9-4572-be7b-6ad25694509d|92c4c0fd581eadeeed29fcd9102a990b663391295525a13d8ce811e86726e737|baseball_mlb|spread|2026-05-24T02:10:00Z
2026-05-23T18:00:01Z|797f2fe9-5ca0-4a07-a900-1a04a52cd690|cef3be5a699dc66434fa331ffb682ec47855f5b109f802de594e6d0326898d03|icehockey_nhl|spread|2026-05-25T00:00:00Z
2026-05-23T18:30:01Z|15aa1d06-e096-47f5-bb0a-2dbf1a14b043|8706061dfd9a7601970a1d000bcca1d51fe449b8d4f6c8dbbb1e39661f61a9f5|baseball_mlb|spread|2026-05-23T20:10:00Z
2026-05-23T18:30:01Z|61a5f574-6621-4426-bd49-c1e6cdba8ef2|feb56e673102a38c8641eaaab70bc3f50a04a5a165c959bca4b402fa4beda82a|baseball_mlb|spread|2026-05-24T17:35:00Z
2026-05-23T18:30:01Z|e10dbf64-09e6-47ea-ba29-69e4398819c1|132015cdde4734cdace521ef4a83bb892b2f3b82c4d9df7e48e4b5199775fa1d|baseball_mlb|spread|2026-05-24T16:15:00Z
2026-05-23T18:30:01Z|9e0e0950-bbce-4a6b-8cd8-00110be6e567|a830b7b08c26b7af73a1800a1a577b979831e33dbd9d36ae86e9c27df3110fad|baseball_mlb|spread|2026-05-24T17:35:00Z
2026-05-23T18:30:01Z|0f462f60-a908-48ea-8d7a-f8790ec33ce6|596fdafdacd6054d1b4ffd14c0ff7799647e46bfa6ef46d778b766fe4fa7c89a|baseball_mlb|spread|2026-05-24T17:35:00Z
2026-05-23T18:30:01Z|3cb5f070-7561-45ae-8dfc-d3ef3a874532|8a5d1795dd5ef4a588b31c980b46f4663fe08e5823e99c1cf0487c3f1aff5276|baseball_mlb|moneyline|2026-05-24T17:35:00Z
2026-05-23T18:30:01Z|68081dbc-bd2e-4222-9509-9ee3a896c6ad|633e6d9bca96c8a1160c500e573afdde829f13b8c8f506035421ed52a11be957|baseball_mlb|moneyline|2026-05-24T17:35:00Z
2026-05-23T18:30:01Z|3cba9f30-7a34-47a5-9dae-b91f5c362203|1614ff2ec44a03cc4bc75bc125f382f12f7428ce48179651588975daef245bdc|baseball_mlb|moneyline|2026-05-24T16:15:00Z
2026-05-23T18:30:01Z|a52176c0-4892-4ca6-88e7-7b8467197150|11dc160fd6f3d80fb7ddde5c362205f04e1862d3faee9949676a36af9ba307e9|baseball_mlb|spread|2026-05-24T17:40:00Z
2026-05-23T18:30:01Z|020f7589-ce1e-4b7b-9063-4bd9b87f2fb8|a8a595b255e035c97cb127d9c1479a8754eb6bc92818163db2a99ace718cb09d|baseball_mlb|moneyline|2026-05-24T17:35:00Z
2026-05-23T18:30:01Z|09110a8a-d470-4488-bd07-14a68350e0bc|f0d603fea9fcb2146ac0585d6fd76ee29c6956c16c347f1b63fb79f294b509a8|baseball_mlb|moneyline|2026-05-24T17:40:00Z
2026-05-23T19:30:01Z|71e257dc-173d-4a74-b44f-6cf73033f1e8|470eaed6ae14ea8aa27b8838e3583f5c75a3b4a36d68c5d29d2e7059f414d95b|baseball_mlb|spread|2026-05-24T18:10:00Z
2026-05-23T19:30:01Z|cd8179c0-a542-425f-98c2-aa76cce2e390|44073933af82b3064c85a880900375486c755b3653cb65326747f3093ac5228f|baseball_mlb|spread|2026-05-24T18:10:00Z
2026-05-23T19:30:01Z|68f046bc-0dd9-4b0f-b31a-fbea34c8c487|7bbf1e86237cde9ce9c59c69594161a1e42bcc599ff34ee8f1c01c8b50d8ea0e|baseball_mlb|spread|2026-05-24T20:05:00Z
2026-05-23T19:30:01Z|391219e7-5d21-4fc0-aaa5-20dad689ee06|79eaa7b3d7e2877ef1627ff92e524fbdcdc271a1762761a025d774b7d8fc972d|baseball_mlb|spread|2026-05-24T20:10:00Z
2026-05-23T19:30:01Z|4906c666-5cdc-4420-b031-3b2295e19008|22889a75b1079e2b1c990680af672a4c92a9377d15a2452bb895293915ac3248|baseball_mlb|spread|2026-05-24T18:20:00Z
2026-05-23T19:30:01Z|141e9442-b76e-4e9e-8608-b04ff8019a5b|d88e029976983749eac16c74a54b25bbe5178454b394f5f9abc123a6defb074a|baseball_mlb|spread|2026-05-24T20:10:00Z
2026-05-23T19:30:01Z|8d3134a3-25ba-46e6-b84e-497bf618948d|2e4131c2d33b10fa7bb05de7b752176b9bd2bad55c86ce71a7960507ca73a82e|baseball_mlb|moneyline|2026-05-24T18:10:00Z
2026-05-23T19:30:01Z|ccd85fa1-0b68-439c-a7a0-f9efd5e7389f|0ba181f99587c189fb69e634e0eef3512a16bc2b58131d5c5a9d94f2a3e9dbdb|baseball_mlb|moneyline|2026-05-24T18:10:00Z
2026-05-23T19:30:01Z|aea12f47-7073-440d-886b-68d6cfda35e9|374caf73c31ba89f96fec1eaee8a071e981a9a9dd6ecd60ce5a44397df6d3f0e|baseball_mlb|spread|2026-05-24T20:10:00Z
2026-05-23T19:30:01Z|590f7edb-4272-4d41-b867-243f561905c8|ae49c4dfea3d968a87e416d4f28f4cbaec40442281fc457c7ee6030af597c8d6|baseball_mlb|moneyline|2026-05-24T18:20:00Z
2026-05-23T19:30:01Z|ed4701ae-8ec6-4e70-b776-24cdb67aae35|2d101eef49a94aca01b2ee878d96305285b5fcdd3a92f84cff6ecc7713b7b279|baseball_mlb|moneyline|2026-05-24T20:05:00Z
2026-05-23T19:30:01Z|93b3fe40-757f-4452-a335-651d945d829f|4689d0654dfcf0a45ec5bb212fc1cb4c610c3f8c5bad6c318e9eadc9f193bb5c|baseball_mlb|moneyline|2026-05-24T20:10:00Z
2026-05-23T19:30:01Z|e24099ec-05ca-4858-a647-10333c01d584|78209204582e3f2e60f68507c12f4561913e6b6db3bb32c822541814db9a34d2|baseball_mlb|moneyline|2026-05-24T20:10:00Z
2026-05-23T19:30:01Z|3d25a912-a300-44cf-bc2c-9c7ff423743e|8b0f3b54d147303f13da1c05a144257e8a3df1ba3ea68abada0d6ebcb5a9491a|baseball_mlb|moneyline|2026-05-24T20:10:00Z
2026-05-23T21:30:02Z|1e44af05-cf0b-423c-ab1f-3e98dae6433f|725dab77019b8034a941e6db73f90d331dccc709210a1a14a6aa160c0c412e5a|icehockey_nhl|spread|2026-05-23T23:00:00Z
2026-05-23T22:30:01Z|15b01b0e-b8f4-4e4f-8dda-644cff0b3c48|3dd58e9f3194ad38e37bca0cba77e6739ec8dae66d37fc46a26bf0ad12baf2ec|baseball_mlb|spread|2026-05-24T20:05:00Z
2026-05-23T22:30:01Z|f849a821-aa66-4592-87b9-5d2537caf70e|c04676b2e5fbe72c8ea0b8ed598e1311b7c3971f8f9220054d1475aa3c46f95e|baseball_mlb|spread|2026-05-24T17:35:00Z
2026-05-23T22:30:01Z|0178a81f-acf7-495a-95d4-f31e6d1fe060|52bf51a0e3367c3be9becc4d2964a51d23d002f089715f8a2ad8a1e89165c00e|baseball_mlb|spread|2026-05-23T23:15:00Z
2026-05-23T22:30:01Z|46f45c1b-075c-49c1-bc93-9076aa45bb13|8d06ab971e5fe472412f250e165b43f40f4713e639aafde86789f4abc790092c|baseball_mlb|moneyline|2026-05-24T17:35:00Z
2026-05-23T23:30:02Z|4eac0b5b-399f-4fab-a302-3fb3c74acda7|820390a77610957f4021788747090fb72a2b6917e9603cabf8a0b0f5ecb5b075|baseball_mlb|spread|2026-05-24T20:10:00Z
2026-05-23T23:30:02Z|07f23903-4bf0-4979-8385-f7f000c5c700|072e0f2c17c1ddfc415dfa75e93335e3ebbbe2d64d6bac4f605cfeb3f0148e0e|baseball_mlb|spread|2026-05-24T22:05:00Z
2026-05-23T23:30:02Z|95e4f8d6-3c35-41ea-b659-e19a619fd18e|77c26e2477550739f132f92f137849125521754d52442b17d1c596ab3605e47e|baseball_mlb|spread|2026-05-24T17:40:00Z
2026-05-23T23:30:02Z|fa55233d-0267-49b4-8c20-0e9689820255|78da95d79f74790e90406c5ff09ca66565abe3ba6100c7c0ef03122c95e4c61b|baseball_mlb|moneyline|2026-05-24T22:05:00Z
2026-05-23T23:30:02Z|8d76c128-5adb-4d97-843c-6b32c6c5dda2|fc68892ac07fd72ac41c21938c510a9758c167f9e0ca627b00fa063434c2033f|baseball_mlb|moneyline|2026-05-24T17:40:00Z
