2026-07-09T01:30:01Z|493ca4a3-7884-4eee-b70f-48871d62e684|57a08a7503c7cdd1ebb2b50134c4e8b009b8f54dedb4e979d00a6312e35ac8ff|baseball_mlb|spread|2026-07-09T22:40:00Z
2026-07-09T02:30:01Z|f82abe64-d9f0-4aa2-82b3-9339e8389d19|4e05aaea1c05d39c31fadb9018ad9eb9d19565d3c7619789244321802ac21d8f|baseball_mlb|spread|2026-07-09T17:10:00Z
2026-07-09T02:30:01Z|0f07fe82-4b5d-47ac-a4b4-f87918fe3a90|59da82ad8158d3a78f9100ca9cf6bf9321847e7b21c73e87dfe3f25632650399|baseball_mlb|spread|2026-07-09T17:40:00Z
2026-07-09T02:30:01Z|e2ae99bd-4198-4c8e-ae20-4ce678a811a4|bbd315b60fed65f8ca2975af35ab5470c03fa9cb3ddc6f0d7422b0774c328df8|baseball_mlb|spread|2026-07-09T23:10:00Z
2026-07-09T02:30:01Z|b84f46a8-6d90-4ff9-a477-7e6419f1bb61|4a3093839f01422815ea18c127fb172c8c3d07b73977461b0f51556ff0cb0457|baseball_mlb|spread|2026-07-09T16:35:00Z
2026-07-09T03:00:01Z|01611aae-46b8-4a91-bf3d-8059418fa2bb|1718330be7a82ae089cf4983f8daa4ca7987f2b71d416438f16880e353d83728|baseball_mlb|spread|2026-07-09T22:35:00Z
2026-07-09T03:30:02Z|615ed40a-a815-4cab-b737-cc68afde9059|b4b3b236b9913181b742423f13f74e14cf95d7a832513f2bceadee883f520f34|baseball_mlb|spread|2026-07-09T23:45:00Z
2026-07-09T03:30:02Z|54a82da1-81cb-4e51-8f37-b6d6971a8655|344e12dab91aec8a595dfcd58ad685d057b65ee7716fa1bbf5a77d63c7626dda|baseball_mlb|spread|2026-07-09T18:10:00Z
2026-07-09T03:30:02Z|bdb77c0d-02e1-4d30-b13e-8c8c09029d29|992bd11ef5a69811aa2b4be849daf47bf21fb5316a6d4e45d98d019b2cfab493|baseball_mlb|spread|2026-07-09T17:10:00Z
2026-07-09T04:30:01Z|05014216-1f74-4ce0-88f4-9dce980a23e3|fc1bc584b03ac5c69512026c6b78b5e975ff002530cef60b21e8f3660d3d058d|baseball_mlb|spread|2026-07-09T17:10:00Z
2026-07-09T04:30:01Z|935348b6-fd07-4cc8-8466-c1d42cf20598|6ed1d39edde1c112a9e770c05391d954261ea9966adea0e6913b0a950d21dd21|baseball_mlb|moneyline|2026-07-09T17:10:00Z
2026-07-09T05:00:01Z|827d3877-88f6-4753-a74d-0f0ff2a1789c|af84014fc8e33344bd84097762bd37e19a55a8f60c533bd30bf7aa78d25e0907|baseball_mlb|moneyline|2026-07-10T01:40:00Z
2026-07-09T05:00:01Z|f2c0d49f-71fa-4350-8626-8c951d1131dc|e64cffeccce72c3f47253cc0532a9dd33b7e910cb95af33c62520fd067d5ba7d|baseball_mlb|total|2026-07-10T00:05:00Z
2026-07-09T05:00:01Z|cc990ef8-4e73-4ad7-b3ac-11a2853aef38|09cb78801e54c01a2b02bf8de2565d4c6582e49717e7e564a57504d1680f07d7|baseball_mlb|spread|2026-07-10T00:05:00Z
2026-07-09T05:30:01Z|554c1432-9434-44d0-b1a5-ae7cde81ea38|d297736b4fc8a1b1f36b49e35253beaba5897f99f7c717994c39cfeebf5890af|baseball_mlb|spread|2026-07-09T22:40:00Z
2026-07-09T06:00:01Z|b333cf78-9deb-45ca-b5b7-a37a4ee000fb|432ccb380c0cce0cd933262780a3a1e5e6fa14a7551accf527279beafff96589|baseball_mlb|moneyline|2026-07-10T00:05:00Z
2026-07-09T06:30:02Z|7c06c069-1c89-4615-8265-d1b5cdeb71ad|530ae5cf00f4d1585d95e8a49196018519affc9575cd56e8dc910baa2e17653a|baseball_mlb|spread|2026-07-09T23:10:00Z
2026-07-09T06:30:02Z|92de5aed-5bdc-44f5-b40d-4c5fe3e84118|94e90360e8f569b3198630e4dd2d3cc8d4597eb6772da4596cade7d2d2b4f548|baseball_mlb|spread|2026-07-09T16:35:00Z
2026-07-09T06:30:02Z|9dc785d6-8ad7-49ce-a20c-41f965032755|2f27c3dbd16f189d2f9165fb5c640d7dab6de59c565751256e07a3b368fffab8|baseball_mlb|spread|2026-07-09T17:40:00Z
2026-07-09T06:30:02Z|f7d1d015-1722-4fbf-85a1-abf1e8a9e788|42063c13c51458a7a866c9abf6209ebd1f99022d2d1a27137d56caff8128b863|baseball_mlb|spread|2026-07-09T17:10:00Z
2026-07-09T07:30:02Z|b10db52c-c0b9-4875-9903-ff58c36ea24d|0f0c4de0007a24966e57cb59e84e3d3384051dba52d9d78fc652806f048fa6e6|baseball_mlb|spread|2026-07-09T23:45:00Z
2026-07-09T08:30:01Z|6d9af5a9-2a94-40a3-a6a9-f8a53b46d38f|dd9a7dd8eaeb45694f4f618956056ea39a41905c04d450e212df17d5474d4a59|baseball_mlb|spread|2026-07-09T17:10:00Z
2026-07-09T09:00:01Z|c17450e7-23f6-4b87-b68b-8ab92d0cf175|885ba30341a0708f09001c7406acac5d4fe5433f3e69e080840e4d326e626278|baseball_mlb|spread|2026-07-10T00:05:00Z
2026-07-09T09:30:02Z|230e1f76-cafa-47cc-a7b8-d96ef6c411af|5553ea04bb229b83969f4bc220b0465dec337ad816f872a7a7e31d34ddd30eea|baseball_mlb|spread|2026-07-10T01:45:00Z
2026-07-09T10:00:01Z|b7a9391c-5b50-4284-a239-723611fb4b75|36531eac8d59df2ffdfbcbbd6f14d10590705fceacd009db4cc497b58c132f18|baseball_mlb|moneyline|2026-07-10T01:45:00Z
2026-07-09T10:30:02Z|309c91a9-f3bd-4ee1-8660-c2f46c43d8ce|f3eebdffd112e0a3126da37cd6dc0b0e2a593ae2ac38263030d3425f178ed15e|baseball_mlb|spread|2026-07-09T23:10:00Z
2026-07-09T10:30:02Z|3beabe05-9235-48a0-bcdd-064c6d2706f5|b81be76b016b212251d1167f70e375528114ea88664cc4196e688e6f745685b4|baseball_mlb|spread|2026-07-09T17:10:00Z
2026-07-09T10:30:02Z|c116a803-ef67-4e08-8cee-67ce820dab13|cc38a7a2e5362d016b1480454709ccf194e4240700ab45af97aa9aa1e9c876be|baseball_mlb|spread|2026-07-09T17:40:00Z
2026-07-09T10:30:02Z|c3c76c58-039a-4adf-824d-80e7c3963032|4664ae3842517ca14812bc0cc528b1a78be08b16d3dc7c3a7ce279a2c8f8f649|baseball_mlb|spread|2026-07-09T22:40:00Z
2026-07-09T11:30:01Z|56ed28dc-af51-4a6b-b1dd-15fa3c5542c3|a59227800f707e8a8c0de9c7edc5573bcab5ad1a4f9146a00d0df25c9363f561|baseball_mlb|spread|2026-07-09T23:45:00Z
2026-07-09T11:30:01Z|16e0694c-5788-46c3-813c-2691e167fd00|2ddeaaa20f589fb5bb8805e9506184741662e308196202cf7943beb0c6dad5cb|baseball_mlb|spread|2026-07-09T16:35:00Z
2026-07-09T11:30:01Z|3a30bec9-349c-4998-9a5b-a4db6e6aec6f|b3b2fa7d58f8f62ae84aa9b232ade5a8f711dc3ba0ff67470119fd6ae78384c2|baseball_mlb|spread|2026-07-10T01:40:00Z
2026-07-09T12:30:01Z|0e66fd58-29f7-473f-8e97-f5dd1548830c|725ba3101de439aa1d809fe4e9133f74955cbdc6d46bb0504318c998e4840e87|baseball_mlb|spread|2026-07-09T22:40:00Z
2026-07-09T12:30:01Z|ae46cb11-2ca6-41de-ac25-88d6cf3e0d2a|b59026e87160b13cd0d06519aa2f01e7a42c17c22ac0a460fbf201beb7694257|baseball_mlb|spread|2026-07-10T01:40:00Z
2026-07-09T12:30:01Z|bdf552ff-76d8-4b79-bc08-7a345241d957|62e861b816bafec3f92d4e54516d60f0a191028881e909d45fd5ebb80bdc2b27|baseball_mlb|spread|2026-07-09T17:10:00Z
2026-07-09T14:00:02Z|da11ace0-b685-4d00-8773-775cdc4aeadd|537238aa4a2a8db08a343ed08677c7ef7d106b65a1456f7c82baebc9b2950d7b|baseball_mlb|spread|2026-07-10T01:45:00Z
2026-07-09T16:30:01Z|d9b70313-5da1-444b-86ea-440a798c3d8b|9448c2f7bd3c7d0cabd33bfdb7c4fe1b68f29b3a99b34f7cb33e55fa45163aa1|baseball_mlb|spread|2026-07-09T17:10:00Z
2026-07-09T18:30:01Z|9f8d07dc-b658-4f87-bb5d-f3d5e5b62139|8cbd99bd16c93ae37b7288feb25cecf1fd39bdd81d18dbbc0a423ebe4064247d|baseball_mlb|spread|2026-07-10T23:05:00Z
2026-07-09T18:30:01Z|c646f926-4888-4062-a182-39d2b2651ba7|180d7a86ad8a1c4878a41dd0a15acff2a47ce027698bd9803fb012bc96d5ed0d|baseball_mlb|spread|2026-07-10T23:10:00Z
2026-07-09T18:30:01Z|d2438681-3516-4c67-99c2-98695ae2adf9|8db2b3abb71ed1ff38997a96d6d927008e13d2d91f895a9ec43dfe57c6ef851d|baseball_mlb|spread|2026-07-10T23:10:00Z
2026-07-09T18:30:01Z|22360f30-aee7-4dca-85d3-da38fb343803|3a15adf4f865b97aa33bd7bb7164e8356784041ba6a0fe31404dcd2f49e3d1db|baseball_mlb|spread|2026-07-10T22:45:00Z
2026-07-09T18:30:01Z|daa16dc6-f989-4578-9eec-100bc24c0c68|210cb77636403ebe232a2ad9d2df16a26fd9ed329eb09a0976817f7e685365e8|baseball_mlb|spread|2026-07-10T23:15:00Z
2026-07-09T19:00:01Z|2c63241c-a68e-4159-ab12-89249ca9fb6d|ecc5b15f94f40c9035028cdf7449c0ba602a770b461b8130406066f736822683|baseball_mlb|total|2026-07-10T22:45:00Z
2026-07-09T19:00:01Z|7e7c30a5-79df-4c04-934b-fb96030bb3ea|b7f454e8cd57ced741d7537d3000c0fbc4b7d00c40f39dad7dac292b5d4d916c|baseball_mlb|total|2026-07-10T23:05:00Z
2026-07-09T19:00:01Z|2739c02f-070a-42fa-8c37-d82c5da28456|46b90524d919f4f62d221f35b7f626b08057962f542cb9aa48f8c896864d0609|baseball_mlb|total|2026-07-10T23:10:00Z
2026-07-09T19:00:01Z|af7903cb-073c-4185-b1e0-070da55af998|fccd2858667098f067f99f34e69f81f0f9cb91f74c00059b754324dfdfe924ea|baseball_mlb|total|2026-07-10T23:10:00Z
2026-07-09T19:00:01Z|953af3f8-9444-415b-9bb7-1cde4b1a5f50|d1705f069458cf9fca19ffd6fe3bc9fdacfe342d96d379bbafaeb114f2579854|baseball_mlb|total|2026-07-10T23:15:00Z
2026-07-09T19:30:02Z|3b2b06e7-3801-46c6-8e9f-3fe558995c8e|dede1dba0ccc57fc864433573d62157d0a812105890b9588d60db2b45f6a5411|baseball_mlb|moneyline|2026-07-10T23:15:00Z
2026-07-09T19:30:02Z|2fc7978d-0187-4d9e-bbd0-87d53e82e922|24bde0264459b7bd35fd1fb8514542f235571eeb30fa68e53a5bc10d075eff12|baseball_mlb|spread|2026-07-09T22:35:00Z
2026-07-09T20:00:01Z|2c36726e-1ad8-4dc7-bcea-d4a4ae42f609|508dc1434cf189aef6dde8f2a0b216b3bd1143b849ef1797b27c2bbbbe50a6b4|baseball_mlb|moneyline|2026-07-10T23:10:00Z
2026-07-09T21:30:02Z|cea7b587-c2eb-4eac-ab8a-1b8c281e1303|852d71945bd73f46c0483c8833ca931a069050960621852313768bcb2133cbbe|baseball_mlb|moneyline|2026-07-10T22:45:00Z
2026-07-09T21:30:02Z|2bc22581-7178-475a-81d8-82b2803279fd|c080df8169fb39a60d4cfb2758c51d693da658d868e768f0913378416d39137e|baseball_mlb|moneyline|2026-07-10T23:05:00Z
2026-07-09T21:30:02Z|e337c92a-7ada-4bff-9714-d58343cd89e2|9969ce6d45fae18fe237f3e9a643a6870bb90f48f7ef2ceb9ccb0b2e8188e219|baseball_mlb|spread|2026-07-10T22:40:00Z
2026-07-09T21:30:02Z|6cd65e32-1b6e-4833-8b9b-b047292fa516|d0f05765bbbed743654797ead38830b92a9262eead93122ecf3a84865781d367|baseball_mlb|spread|2026-07-10T23:10:00Z
2026-07-09T22:00:01Z|12beb0a1-209b-486c-bfca-8da10ccb240c|22c40f1c42b5d3e9063e7f226e30057de9efef73ae7c6b83e6be02d99cfd358c|baseball_mlb|moneyline|2026-07-10T23:10:00Z
2026-07-09T22:00:01Z|4de02b62-ceff-4514-86e1-719cbd1a8545|f4e143aa1d8aad21b4044fb64fbd648491b821f5e99ffb4f285ef26c2fec3d4f|baseball_mlb|total|2026-07-10T23:10:00Z
2026-07-09T22:30:01Z|b6389be9-c7d4-4040-8c1a-75652a13303f|6dd661840a1a95e49c20e63e8745bdc06282955a87e6ca28a03ce8fc28df4376|baseball_mlb|moneyline|2026-07-10T23:10:00Z
2026-07-09T22:30:01Z|877581d1-bddc-47f8-9bb0-89387d9ebfac|dbac13b205c39a7390632711af08e96d7636f3ba0be5c182151129a4ee9c97e2|baseball_mlb|total|2026-07-10T22:40:00Z
2026-07-09T23:30:01Z|0da0d43b-f31a-45c9-b599-a516de16c2cd|b4bab8f9f5bfd213749ca78b46910c34fe52c16239dfc68618a7f542d77d2e5f|baseball_mlb|moneyline|2026-07-10T22:40:00Z
2026-07-09T23:30:01Z|40214a08-1488-49c9-8418-1b8f3cccee40|1e8191fe625170b132a443cdccc4b80c931a8af237600ba5fd11bf2fe6c4a926|baseball_mlb|spread|2026-07-10T22:40:00Z
2026-07-09T23:30:01Z|e5039fc3-2535-4b5f-95cd-97f9828daa4d|189910c0f3c90d5890443e5458a12a3c5b87219b7c385eef857a44c4599f81d8|baseball_mlb|spread|2026-07-10T23:40:00Z
