2026-05-14T01:30:02Z|b95081e9-1627-4184-af85-75ac1fc1bf09|269b58bc4b17e30224ec83e2b8fc26177b47b2da188d02cd65f0c96880c60220|baseball_mlb|spread|2026-05-14T17:40:00Z
2026-05-14T02:00:01Z|f22f2271-4feb-46f5-8b48-63bcdde53230|77a8ccb94e8f15e45863f6c22e0c1d8ee0958c952eba84f781509c294b747ca6|baseball_mlb|spread|2026-05-14T17:40:00Z
2026-05-14T04:30:01Z|ee8305c4-c69f-45d6-b250-ccf844f4aa1a|106eb3652a20454bba6dea7ce89ae8d17c95566d27ce9b27f0b537f554e2a9f6|baseball_mlb|spread|2026-05-14T18:10:00Z
2026-05-14T04:30:01Z|48af1f02-fce3-46ed-89c8-d649916dcc05|749510d989948c3831872294f190264ab896cb193a64b6b5b23e7443e1ac78db|baseball_mlb|spread|2026-05-14T16:40:00Z
2026-05-14T04:30:01Z|8432486f-b2c9-48a2-bc93-17db1f6d6325|2522beeebf789692ef05cf55317e13822f28875cb8408588d3963606a119f228|baseball_mlb|spread|2026-05-14T23:40:00Z
2026-05-14T04:30:01Z|93dbe2ed-dff4-410c-99b5-c5f4b53cd751|ef29dee05f817e72ba13f7446f699dd692bd32c609fa4f71f01b3a95b0028fe9|baseball_mlb|spread|2026-05-14T16:35:00Z
2026-05-14T04:30:01Z|f54ea87f-ba01-4645-ac65-31ff28e04a88|cef1eee78d6918f002df3c654447f1ec05001caa4181e77f4c0884396729684d|soccer_epl|moneyline|2026-05-15T19:00:00Z
2026-05-14T04:30:01Z|bb8178f4-554b-483c-89f8-d8a7f0799248|11a4b134399256f56a2298cd680b48191ceccada91cacca42bbd2390c756256a|basketball_nba|spread|2026-05-15T23:00:00Z
2026-05-14T04:30:01Z|9cf7348a-1f34-4927-b716-8cfafd51f914|5c35707c685261050752a0a7b59de01d88ace50f99d8e3fac9c8cac7ba0ec0f6|basketball_nba|spread|2026-05-16T01:30:00Z
2026-05-14T05:00:02Z|bb0a5038-9e0d-45f1-9fb6-5e095766a79a|b1076463a2b585dd99be3a968d757291f02194f639ee1ef10ca440d43d709c12|baseball_mlb|spread|2026-05-15T02:10:00Z
2026-05-14T05:00:02Z|8445209f-cedc-49e7-aed0-f9878123a3f2|212bf90da1edd7e128f27d42bafe164b473206db1287e2d9e12323a93f645a60|baseball_mlb|moneyline|2026-05-15T02:10:00Z
2026-05-14T05:00:02Z|736aa5c3-36d9-4268-8026-cac927f9831e|d1e3f22f8316f490c5610a6e6dcd25cd41590d3ebc9d5fcb767696476b691d28|basketball_nba|moneyline|2026-05-15T23:00:00Z
2026-05-14T05:00:02Z|f8d1ad9c-c8e9-4446-acdb-6ad20c4fd38a|761f28ad35ff75371ceff352e18eab0cd281b9547a13c662d5c5333019da10b5|basketball_nba|moneyline|2026-05-16T01:30:00Z
2026-05-14T05:00:02Z|48356434-6699-47d2-a7d2-fdaebf2412da|b1a43c7ffedb345d122d5cd51b13d8154274af3a52205056269dc3e56d4b0952|soccer_epl|spread|2026-05-15T19:00:00Z
2026-05-14T05:30:01Z|8261a1fc-8784-4a79-9718-76d89cf062b7|5f5b37fe6ee5c554f048e52d2ffe61d0ab7ebe84d9b881fdb72dbb742fad26c1|baseball_mlb|spread|2026-05-14T19:05:00Z
2026-05-14T05:30:01Z|7ea436e7-65bd-47b4-aa40-d5fe206ff9c8|7d43dfea360be5f9ed2020b777b0dddfc1e6d4b8db82d97010057441dc47ac4d|baseball_mlb|spread|2026-05-14T22:45:00Z
2026-05-14T05:30:01Z|0f802cc9-d3ce-4944-9f3c-f9075fc8a066|f5d7def057a89401e6518d367390c364dcb9f22f6bbd80b9592b2f22aa164493|baseball_mlb|spread|2026-05-14T17:40:00Z
2026-05-14T06:00:01Z|ab6ba735-5a0b-465b-9d03-4ce74f5c2661|5ee3c298ed9fc5b24ea06fbe80f9ba8502529449b73ba037bffd0af400a68820|baseball_mlb|spread|2026-05-14T17:40:00Z
2026-05-14T06:30:01Z|40eb6cff-1f0e-421f-9114-c17268ad8cd3|47358af4b1b250450411947fde76c5f1867fd618529e8cdf0ec2f470afe4893c|baseball_mlb|spread|2026-05-14T17:40:00Z
2026-05-14T06:30:01Z|bed5f356-3a8b-431a-8904-1006ea784854|f4a52f2faed05552aa2e28f7efe98792a964427d80c834671963f50ba9637cab|baseball_mlb|spread|2026-05-14T17:40:00Z
2026-05-14T06:30:01Z|e9c49c91-4238-4859-98ae-0c5ab2d102c2|7509183f6c6fff404e1b3d22fb8f14fa40c9ac68286f2f75a4c6b6c58ff24f37|baseball_mlb|spread|2026-05-14T23:15:00Z
2026-05-14T07:30:01Z|65c3c53e-198a-4c78-9de4-a69013a10d38|017572b32104da2390e0f7a7100a79dd95427f7023cdf32d61d2f364fdc082d8|baseball_mlb|spread|2026-05-14T16:40:00Z
2026-05-14T07:30:01Z|a2647826-9027-4e34-ae03-4ec530a8d542|ee6d9f1b380799b2c44d328c18463c59d04eee21890e5fbdb0024a059a042138|baseball_mlb|spread|2026-05-14T23:40:00Z
2026-05-14T07:30:01Z|61a56443-6d72-4f6d-abd9-cfa93a583b0e|f7a6c8888e7e16e2aef91bcbeb0809fca7de30dbb250d2d0e032d318b769294d|baseball_mlb|spread|2026-05-14T17:10:00Z
2026-05-14T08:30:02Z|a8433dec-4cf7-46e1-a5cb-099be6ba8fe7|9bc38d2662a313ebd1d934601a0f9da15af4ce337060d476ea3e805e2c32076c|baseball_mlb|spread|2026-05-14T18:10:00Z
2026-05-14T08:30:02Z|b1cf0dab-3d8c-4217-89c0-8dcfbf2ad3cb|18dd8b22893585afa75bef59f642e3f4a3302dabc265c09c6f6e6ecf91293a41|basketball_nba|spread|2026-05-15T23:00:00Z
2026-05-14T09:00:01Z|79346166-e8ea-4bbf-acbf-7500d224904f|3d12ca7af3ec02b794036d11343685703ebe252e740c0dd554a60e8592570c8a|baseball_mlb|spread|2026-05-14T16:35:00Z
2026-05-14T09:00:01Z|6f91b841-e1b1-4042-9cac-abd83e0622ea|7f8f2ba2ac8dfdafc21a974b4320314d3a88ca961d86ad31bcac6f21897e3b83|baseball_mlb|spread|2026-05-15T02:10:00Z
2026-05-14T09:00:01Z|0538601d-332a-4276-b33e-aff3306ef888|166348909945235ace93887767c36c07de46f9a514105d682358c20f76a9da01|baseball_mlb|spread|2026-05-14T18:10:00Z
2026-05-14T09:30:01Z|ea7f0f86-b85a-441e-aa6e-0221933b1bab|c7173490c4ec00f885c19f75c67675d30aa1fdb74487600cd59a71dc0d8effea|baseball_mlb|spread|2026-05-14T18:10:00Z
2026-05-14T09:30:01Z|48d9954e-c675-4196-acb4-9cc2b14c2f7b|fa67c7b889967006470cdc226ff75481afbd189ff3f969f366cc274f73bf648a|baseball_mlb|spread|2026-05-14T17:40:00Z
2026-05-14T09:30:01Z|e6c745d3-26df-45fb-a1b6-e56baba529bd|a6f80f231ea5504ee6d8823a314b266f231d4e77d999d7f9a8e9574927cbb147|baseball_mlb|spread|2026-05-14T19:05:00Z
2026-05-14T09:30:01Z|719aa08f-0bed-465d-9d13-99448d5a9fbe|48de96b05e199f995a26d11cf9fc93feac8f231deb59a7fb0ddd6b9d3888f120|baseball_mlb|spread|2026-05-14T22:45:00Z
2026-05-14T10:00:02Z|95e7238c-ee5a-4495-b8bb-382bbc8a64fc|7f04dba6e92c7c9b490ca853dc37d2ba84d19f8d88f571395206ca7bce731f78|baseball_mlb|spread|2026-05-14T18:10:00Z
