2026-05-11T01:30:01Z|15d27729-a593-4ad8-8397-756847b09369|2cf75086ab1d327edd0a5cdb947af39fa01234bb605a8d899c81310092956eb0|icehockey_nhl|spread|2026-05-11T01:30:00Z
2026-05-11T02:00:02Z|c72ca621-ddae-48fc-89ec-fd69e66af610|9534b9ee67437c5f7ec590d3ee2a2631457aa4909e8c73359f81d787ba98a594|baseball_mlb|spread|2026-05-11T23:07:00Z
2026-05-11T03:30:02Z|dc10f3ed-62cd-41be-a51c-a8b948962330|c906884fa8b6d12ac0d3720a479c5f04e82b30f0bd4f4fd138e350a144fd6694|baseball_mlb|spread|2026-05-11T23:07:00Z
2026-05-11T04:30:02Z|cade3229-aa86-4827-b8b3-0d3b79fc5e03|16468037284d9af5ca8413e4481e15278ed0ff656d1ccd3f3d928843f7752cc8|baseball_mlb|moneyline|2026-05-12T00:10:00Z
2026-05-11T04:30:02Z|9924f1cc-0f07-4565-b4b6-71d53d08aaf1|58cab886d6b245660dd3b0c92425208b26502d7c69c5dae95346acf42365e3d9|baseball_mlb|moneyline|2026-05-12T00:05:00Z
2026-05-11T04:30:02Z|78568ac3-7fb3-4158-9381-117a8bd4c579|3fc781aca969446fc7538f323e5d2eee63dc1665f9173019f7045b423463b476|baseball_mlb|moneyline|2026-05-12T02:10:00Z
2026-05-11T04:30:02Z|f5a03d66-68fc-478e-be30-4b8578d424fd|55668664d435d24d5781471d8013021772022addc3d36779dc3fb67c14d80f95|baseball_mlb|moneyline|2026-05-12T22:35:00Z
2026-05-11T04:30:02Z|ee65c399-265e-4005-9daa-e197bfac01e7|8b6d0bcb49f8e8bb8b8e2adab5bae543da47b864285eaa6184819bbb31da4a4d|baseball_mlb|moneyline|2026-05-12T22:40:00Z
2026-05-11T04:30:02Z|9843cab0-88ab-4c7c-b73a-82f13f49f285|b574285b3301a53ee89ed5fcf200e6a05c2417285cfb2b4069c219e065939e1d|baseball_mlb|moneyline|2026-05-12T22:40:00Z
2026-05-11T04:30:02Z|0e37e923-f9f3-420b-9b76-6e6e21fab311|dd524d232ccb35d1a1345fe06955dcb45ba6ac1133a810b7897e9fc541f3f1aa|baseball_mlb|moneyline|2026-05-12T22:45:00Z
2026-05-11T04:30:02Z|12acc671-0394-4555-a6d9-a51a360e5298|f65d4ce1843a13772840b3d52dd50b24e86f007fa0d97c14090bd44875cc586a|baseball_mlb|moneyline|2026-05-12T23:07:00Z
2026-05-11T04:30:02Z|3a26c82d-3b14-4814-8703-61cab581df6b|07e3109297006fa51060ffed243e6aa05425718d5826ccf9028a1e88a2225b74|icehockey_nhl|moneyline|2026-05-12T23:00:00Z
2026-05-11T04:30:02Z|6f2396a6-c1fd-4d79-ae3d-81b39474cf2a|eeefedf1ff39ede3682e8873b03e2eedf6c6a5afefa917579934bc27b2da273a|baseball_mlb|moneyline|2026-05-12T23:10:00Z
2026-05-11T04:30:02Z|f11352c2-2415-4018-9830-6d47494c7772|ed51c1550887a82a8e16a54bcd92fb3e7ca6c5666a4d262bea33ae2dcf2211a9|baseball_mlb|moneyline|2026-05-12T23:15:00Z
2026-05-11T04:30:02Z|83f9c313-4f7c-4940-ac73-5e391f75692b|9f871ce3d3f8eb4c3bfbbdc4b61beb52396ae7f37e4bfcd65fc27f09bf7b5d93|baseball_mlb|moneyline|2026-05-12T23:40:00Z
2026-05-11T04:30:02Z|6d57d2c3-3d9a-4715-9457-11fd32592b01|ba66941c7ca9a42a184f30c0e3f7f5971dbf231502a77744457200eb27c1b929|baseball_mlb|moneyline|2026-05-12T23:40:00Z
2026-05-11T04:30:02Z|0de09167-d7fd-41e2-91bc-38ed90f96c33|28ad649fa1218f217d7a3a7ae8bc6a2d6e7662f49c7e940c712b5de28662574c|baseball_mlb|moneyline|2026-05-12T23:40:00Z
2026-05-11T04:30:02Z|72be4f55-e89e-4b1a-b574-3e5d302203fd|17a7478d016abdd5763c859d7578d19e0027b6f6ba6a631a0f9dc147214ae13a|basketball_nba|moneyline|2026-05-13T00:00:00Z
2026-05-11T04:30:02Z|f5d04f6b-0e51-45cf-a057-3133989422cc|fda4eb0d02abfd1e0274bbd8cc2e2c5eb6b64c15ec2f43170d03056132207cf1|icehockey_nhl|spread|2026-05-12T23:00:00Z
2026-05-11T04:30:02Z|1e8a5bef-39c5-4020-a0f8-aa81c36e951d|85e24569c03906222388d91e3530f93aed0bf018e35a3e1fd53cdba07e8884d3|icehockey_nhl|moneyline|2026-05-13T01:30:00Z
2026-05-11T04:30:02Z|d06b4200-9d0d-4ad4-8adc-d5efa3f297c7|6dfaba0aeb29c3bb98cef196c6e3e03646d04f1e7144b115c4a88464e8e4e305|baseball_mlb|spread|2026-05-11T22:10:00Z
2026-05-11T04:30:02Z|7316b453-2a49-499b-a6c1-e17b0871492d|09629d5116be8f1419d512d198487fda8046d6481e8ccadcccf2290449c580d4|basketball_nba|spread|2026-05-13T00:00:00Z
2026-05-11T04:30:02Z|6713c215-0334-4875-9899-6d5df9c033e6|e1a3777feb96dc99b95339a4d9c80a674d6192a8e2055f660f62cda55aff3ba2|baseball_mlb|spread|2026-05-11T22:35:00Z
2026-05-11T04:30:02Z|d5b0e59f-cd1a-472c-a076-3d30b556f776|c6327970c8112421a4b671624f94929ba9af66b96fbff13869f4624729519d4d|baseball_mlb|spread|2026-05-12T00:05:00Z
2026-05-11T04:30:02Z|afd541aa-f6d6-4884-82bf-f80823325d05|b26967a38ae9ce16af4c19e88fd1cdab252e98ece4bc4df3e9999a7b3a3ad7f7|baseball_mlb|moneyline|2026-05-12T22:10:00Z
2026-05-11T04:30:02Z|145e5402-eeb1-4647-bca6-d0e51dfb688e|4438c170767dbfdc7f50d1c4ebae43022b9c8067de60fd5f6c867d83e468b3a5|baseball_mlb|spread|2026-05-12T00:10:00Z
2026-05-11T04:30:02Z|3f414dd2-3620-42cb-9e20-49ea941460a6|51737db82ce912a332179056c4539ef202be96b2de77b7feded22eae112fdd6c|baseball_mlb|spread|2026-05-12T02:10:00Z
