2026-05-13T01:30:02Z|08d2e471-fc54-4f94-8bed-5b40f46ba624|5f96236cf9549ebd563275adfbb71a394b34e60ec3e90217ff20a32edb5ccc57|baseball_mlb|spread|2026-05-13T23:40:00Z
2026-05-13T01:30:02Z|95139769-1a7e-46c0-ab9f-72641583fef7|8ff6df35137ee4fc9974fcaee896e56b10ea6bf7e1fc4447ae4d531d58418ce1|baseball_mlb|spread|2026-05-13T23:10:00Z
2026-05-13T02:00:02Z|0d849fef-8a2a-4a84-a32f-195c743af5b7|4f9a4d80a7055908e0be7c54fa0cb0c55c66c1ad7c755e665fb8d32d91692a80|baseball_mlb|spread|2026-05-13T23:40:00Z
2026-05-13T02:00:02Z|bd6ae1b6-7f04-47ed-9983-e8175b01a6f1|dda44c6f451cda4d298f74a694e49719f024ed6971355b7546a351101b4556c6|baseball_mlb|spread|2026-05-13T22:45:00Z
2026-05-13T03:00:01Z|8b79ae59-3176-4dc8-b406-240cb79da880|56922bc1db50ce173fe0e0fa6a13b93540c9f3aef72b2ffae78fb1a16601dc4f|baseball_mlb|spread|2026-05-13T23:15:00Z
2026-05-13T03:00:01Z|a5cdb6f7-2f2a-4955-b14b-147a189bd4bf|9e36c444f7bae3bd646e9e4108c6dd0b26bd406208d0b5a4951adc3fdbe1cf89|baseball_mlb|spread|2026-05-13T22:40:00Z
2026-05-13T03:30:02Z|101db6c6-6611-4f9f-94ce-4857029a58e0|fe16f4635feabb9594ff75f6363b9f7f89de013d850d4a8f54b7f19ebd5e6a5e|baseball_mlb|spread|2026-05-13T23:07:00Z
2026-05-13T03:30:02Z|77f7ca8a-03d7-4c02-ae95-23ec4276b7cf|be97ab4121f4dab13ccbb4fe81029ffa996911f7119244eca7aede540ad31c20|baseball_mlb|spread|2026-05-13T22:35:00Z
2026-05-13T03:30:02Z|b1cdd8c9-1069-48b7-b45c-e59ee1d652ee|84abb16af9917cb4fb53f94ac28b74e4e522472718e7ee8c2ad2fdd6987d0014|baseball_mlb|spread|2026-05-13T17:10:00Z
2026-05-13T03:30:02Z|ca7f44bd-6c72-4778-83d1-8ec91cc38d98|1ab9decacbe9dd3cd0bcc2215536ba698a294415e17f1e645c2044c757331748|baseball_mlb|spread|2026-05-13T23:40:00Z
2026-05-13T04:30:02Z|2d013c76-b722-4ccb-b7df-e74339574dc2|8784dfb0245d9c8458cd8f22180b305a64aacbe8b5a2d78a3dc4e6b2d673a6c8|icehockey_nhl|moneyline|2026-05-15T01:30:00Z
2026-05-13T04:30:02Z|485101fa-4f8f-4ca6-872c-3ebbc1d99a23|bcb76c61e42c7513f200a56c0952a61e967f3036eed03ae3f20abdd16d808afd|baseball_mlb|spread|2026-05-14T00:05:00Z
2026-05-13T04:30:02Z|b9d823f3-1db1-4287-8c42-88585e572364|e1f1ef24b3f389fd70cd7069746d4bc36b5b3d49dc25b17dcf78ba6e198f435f|icehockey_nhl|spread|2026-05-14T23:00:00Z
2026-05-13T04:30:02Z|ac8f02e4-db3b-4d3c-bb9e-120c6764cb4f|386e295f3b4a834d05dee274a2a0dac381d79d622eb8547a9063e7d4e5626834|baseball_mlb|spread|2026-05-13T22:45:00Z
2026-05-13T04:30:02Z|79722b4c-7854-429a-86e7-2c16aeeb1846|5890852916f9f31aa6df62d2415935a33e7b3cae6336b30e885ea74d3898f2c8|baseball_mlb|spread|2026-05-14T00:10:00Z
2026-05-13T04:30:02Z|e54416de-2ec1-496d-bd07-2b5df855eb75|51ce0265b70cfb1a88b84c9253f6ce3943a0d9f25621b685d82857f2230f48a3|baseball_mlb|spread|2026-05-14T01:40:00Z
2026-05-13T04:30:02Z|caa1ce63-95db-4a0b-a7ee-6dbfa9073a3f|4dbba567a548ccd781efc38cafcfcf2d600023829466888b72abf151fb737905|baseball_mlb|spread|2026-05-14T02:10:00Z
2026-05-13T05:00:02Z|f74a5a40-4293-42db-83f5-5e5da4893cc9|7d0a830bf18d983700c0fdbb1c85bfe58be66b22490ef82820a69698b38bfe05|baseball_mlb|moneyline|2026-05-14T00:05:00Z
2026-05-13T05:00:02Z|2d53e15e-9879-436e-8aff-516c324ac90d|9991065f3c8af3ac816e6c96c8e0e77bb45cde001e0f4b4f36c8642cd86e18d2|baseball_mlb|moneyline|2026-05-14T01:40:00Z
2026-05-13T05:00:02Z|30c446f6-24ae-4f60-b5cf-686970f83058|17e1835b19e29521fd42b3dc795933119969e2817ee5eb71965aa2aebecf263e|baseball_mlb|moneyline|2026-05-14T02:10:00Z
2026-05-13T05:00:02Z|3f1533ae-6da8-4c88-b28f-67518f04e26e|619ea97a05fd4870a0bea29d90e3496d0724b8b81f59b2497ccafaf1a4c1a109|baseball_mlb|moneyline|2026-05-14T00:10:00Z
2026-05-13T05:00:02Z|5dac7666-5a87-4fee-81ea-02cc966cac7a|19beb0a55ade0708678640b07518d4cb9e66d01d9508372357f5294d2d9feeff|icehockey_nhl|moneyline|2026-05-14T23:00:00Z
2026-05-13T05:00:02Z|0b5e5e10-4470-4af5-93f7-7382590e6d26|f82650c8322ce25bab28142dabd144f39995a3b3562a951677ed71d250837992|baseball_mlb|spread|2026-05-14T00:10:00Z
2026-05-13T05:30:01Z|d06f9e01-49a5-4dd2-bc81-52f5eefd958e|de9b82cd1766867856f0317b932845b51fed7f991313b96e56c14581ad919709|baseball_mlb|spread|2026-05-13T22:35:00Z
2026-05-13T05:30:01Z|9f2abaf7-72eb-44d0-967f-96b0e7dd537f|a4d29541f1bdbb20063957f2ed55b5264417513364f76d76a3add420b3459083|baseball_mlb|spread|2026-05-14T00:10:00Z
2026-05-13T06:00:01Z|2a495fed-a203-432a-9077-bccf30ff84b2|604c0174a18ab2aadf6b64334f31e4cedb636b283fff2862878555338fc7256c|baseball_mlb|spread|2026-05-14T00:10:00Z
2026-05-13T06:00:01Z|0bf5fd2d-2f51-4715-86d4-c8f2b9925715|dc879331f919b0ef97451b028b4943753466b7641c783b5697b2d5cb66676b83|baseball_mlb|spread|2026-05-13T22:35:00Z
2026-05-13T06:30:02Z|6ff1d97f-71f5-4bef-b93e-dc2c97226cf0|efe2b32f10000dca45d33f99691f6da2e5012ae85592f8978177960dbd42a30b|baseball_mlb|spread|2026-05-13T22:35:00Z
2026-05-13T06:30:02Z|8a421d2f-ea72-41f3-a9c3-6d99f8700c91|c030a3444aefa4dc43a8c4e9f69fba727dacc7cd0aab2937041b0de5df90df31|baseball_mlb|spread|2026-05-13T22:40:00Z
2026-05-13T06:30:02Z|765d8df3-3baf-4292-8d19-00f90a6ab396|4c588935500867cea5790654dd6ca1cbace75fe3c8290898e7985dac1544b435|baseball_mlb|spread|2026-05-13T23:10:00Z
2026-05-13T07:00:02Z|e7f03da3-9d70-45f6-bae9-9218b7315f35|42217885137640b8861735ceb8f0c3f9c05a8e20f8d3f8b91b7ac60ec97b3753|baseball_mlb|spread|2026-05-13T22:40:00Z
2026-05-13T07:00:02Z|6de7f942-3996-4613-a8ff-64fe98336b00|4118695492166149541128b1511c9c0739ea3d1c4474f067d973e00fdad216dd|baseball_mlb|spread|2026-05-13T23:15:00Z
2026-05-13T07:00:02Z|f3e9ea69-30c3-4bfc-9b41-066a3172ba43|9c0b6f28e5d6f9e7f0686e0500fb9e2dbb999e570ebb1ecfa75749a589db5c16|baseball_mlb|spread|2026-05-13T23:40:00Z
2026-05-13T07:00:02Z|d1321c1c-71d7-45f5-90f6-59d4b2eb1384|7ca41e62562b5719a1384ae324d037a06adaaa8862f8a15fe24c87e2977ea8f1|baseball_mlb|spread|2026-05-13T23:40:00Z
2026-05-13T07:00:02Z|1c460a69-7d4d-43fc-ad62-527fbdceb62f|617397977d2366eb1b03bda7a6c213e697b97292e42023e2e143c0670bc0a620|baseball_mlb|spread|2026-05-13T22:35:00Z
2026-05-13T07:00:02Z|5e1aea7f-362e-41a1-884f-126523730508|130a814a56de9dad61872ee762ef6424f8632f7dd89a3dc4bc9790e7e06a9133|baseball_mlb|spread|2026-05-14T00:10:00Z
2026-05-13T07:30:02Z|54ceb3da-4a9b-4878-b577-e1cbdda01ee9|da6cfb89d21be27840e9ab99063074aef80c0649fdaedfb606c1695b1ef0b895|baseball_mlb|spread|2026-05-13T22:35:00Z
2026-05-13T07:30:02Z|58e320c8-1ffa-4121-a662-fa47503761a1|1ab6a0a41d68018d58ee7c1312f95fe94beb4810ffd2c5abaed6399a9e329f4f|baseball_mlb|spread|2026-05-14T00:10:00Z
2026-05-13T07:30:02Z|5e24b36c-84b2-4c44-bd29-8de969d53c01|41c5a829c51ac22fc082a0ec5eee62c6b54d7e603a9a38fec7070c9740c0855b|baseball_mlb|spread|2026-05-13T17:10:00Z
2026-05-13T07:30:02Z|9555bc9b-946e-4cbf-bd2a-2a872ac57e77|f5e072bfc2d76a2aba6ae8f159527934e95fc08dc5499d140e40d7da1cc50965|baseball_mlb|spread|2026-05-13T23:07:00Z
2026-05-13T08:00:01Z|33e528d3-b1b8-4826-8441-c690ca06eac3|b5ad88a9dc761bfcd23023404d94fb3f73621db921a03650514b2e8ad3697857|baseball_mlb|spread|2026-05-13T22:35:00Z
2026-05-13T08:00:01Z|6f418359-a1f3-4d7a-a1d4-b024eaff5c3b|d7c4c76fdf6bbbd0b8372b9016ceed7b8f8a6aa8a3761be43c8cc15fa951112e|baseball_mlb|spread|2026-05-14T00:10:00Z
2026-05-13T08:30:01Z|a8cb66a2-2447-4642-811a-88af8cc6544d|e711a8578b396368d548ca32c983b90a3ee4216b4b9f171f0f7cf3182c052cff|baseball_mlb|spread|2026-05-13T22:35:00Z
2026-05-13T08:30:01Z|aabf5483-47ea-44e5-be64-f9af036e15cd|22114fb2be7df6b8efc6bfd61a761de25a1244c150d5e64134f9bdcb83a8ce7f|icehockey_nhl|spread|2026-05-14T23:00:00Z
2026-05-13T08:30:01Z|e8270255-e1b3-4139-901c-1812ebda448d|a1fcddfbd6e76ded67be535e382474f08717b479509f3bf2be5ef36167895c21|baseball_mlb|spread|2026-05-13T22:45:00Z
2026-05-13T08:30:01Z|9f277541-05af-4374-a9ef-77c12a829e8e|1bfb742b9e19ee79ceeae0bc80a4f39adc7cb577dc140ce008c61624acbf0489|baseball_mlb|spread|2026-05-13T23:40:00Z
2026-05-13T09:00:01Z|7de4dce2-6e27-4401-8558-1f516afe6e17|0ae07b096fe99786a467745bf6510b4319335d532191446299df5ea6f7b10909|baseball_mlb|spread|2026-05-14T00:05:00Z
2026-05-13T09:00:01Z|7cf4743a-c294-401c-bafc-fc2a511a3d1a|295e6a890572c6a4dd04540b520746bb8f66854ffb94704ac1fcdf9b7e41e916|baseball_mlb|spread|2026-05-14T01:40:00Z
2026-05-13T09:00:01Z|8c2cfe30-eda0-4544-9841-e95704a4d006|23922895d882089bc086c7c6bed41ad4888d81aa753ad2aa43160e66e153ff74|baseball_mlb|spread|2026-05-14T02:10:00Z
2026-05-13T09:00:01Z|467f28ef-3aa2-477b-90e3-c555b8785f24|74f24cf7cb4d17d4f6b012f071c8658075202ab033c60fa575e3b09d880a7a68|baseball_mlb|spread|2026-05-14T00:10:00Z
2026-05-13T09:00:01Z|df7349cd-3370-49c7-b409-f86dcdd06007|408e8513a640cc191d42263a870bcb19dfcb44f2c81546dadee6eff352132fa7|baseball_mlb|spread|2026-05-13T22:35:00Z
2026-05-13T09:30:01Z|c56a23dd-fe94-478b-83a2-d19fbd4403eb|858a2236e062f7b304bf70fa10a0d55fb5183654020dcb5cf1c26556de48c6d3|baseball_mlb|spread|2026-05-14T00:10:00Z
2026-05-13T09:30:01Z|e11d556a-7d30-4afe-9604-9192581aecf5|fb60372d194f817bb11c64a3683fbb4feaad85ff0bbf9a411b17dd9c645ef1c0|baseball_mlb|spread|2026-05-13T22:35:00Z
2026-05-13T09:30:01Z|c49f1fa2-e203-479d-960d-6e5167e166de|aca5aeaffa79e15439756fa012f316b7274c62da12051d719f003d6dcb88bfb2|baseball_mlb|spread|2026-05-14T00:05:00Z
2026-05-13T10:00:02Z|00528b67-6551-45da-b208-ffdd6b0d1b7c|8766dfb7f84b308bbb339776af97d203f056796847404922defac9fee2014e73|baseball_mlb|spread|2026-05-13T22:35:00Z
2026-05-13T10:00:02Z|6119f4a7-1f37-4c04-9a46-abbff0249343|48eeadd938ab98cc70f927183bf190d428216006faebd0d8dd1af2e2e6ff1399|baseball_mlb|spread|2026-05-14T00:10:00Z
2026-05-13T10:30:02Z|c1f00e7e-a0d0-4d05-ab39-ecea9b179a71|157430321e65386230053a3e56a054e04f8b44f27f5a3befd94289311a8c29ad|baseball_mlb|spread|2026-05-13T22:35:00Z
2026-05-13T10:30:02Z|c0165384-25b1-4007-bb5f-440d42a6bfe9|668eab30ccab0cb5209a7ae0afd6e76726354ebbf0718cfd57c6623e25b395c4|baseball_mlb|spread|2026-05-13T22:40:00Z
2026-05-13T10:30:02Z|299e3ec2-8f1b-4c4e-9152-9038f69d729e|86af1bf63d3941dc039de9ddb4ac6dcc7fe7574335f3a2a0b82c7b6306c9cef3|baseball_mlb|spread|2026-05-13T22:40:00Z
2026-05-13T10:30:02Z|cf1619c1-c5d3-4138-bb9c-0b2a95e5a402|e2df71fdeaf996a0bac6c951066f4de5c48ce2ec18154218e909c211e6685c5f|baseball_mlb|spread|2026-05-13T23:10:00Z
2026-05-13T11:00:01Z|e45da137-7333-496e-a341-3b13a3363d46|0fb3224b2a01e46c1a44dca9ee6c2111aa30f0eef5a8aff31ae8393e705eb476|baseball_mlb|spread|2026-05-13T23:40:00Z
2026-05-13T11:00:01Z|9f8dd598-2fba-4804-bcd7-e8711a4194fb|5c82998ec30c2b33909cb93a030445dc3d608f0cbba36b105fbb4f41379a7607|baseball_mlb|spread|2026-05-13T22:35:00Z
2026-05-13T11:00:01Z|57b08361-2e08-4796-8782-3ce75dfacb02|2e5294a1b03aa08f47df0fb4400c322c7d9895ecf66cd566a608c081945738d4|baseball_mlb|spread|2026-05-14T00:10:00Z
2026-05-13T11:30:01Z|4a056dd3-89b5-426f-b4e5-2d1ca13aabdb|48d0d3861d24ce4616bf7c9838fb9af59877387be49cba601c5f005bbe5e2185|baseball_mlb|spread|2026-05-13T22:35:00Z
2026-05-13T11:30:01Z|71b0d79f-798c-46f8-a41b-3ab7a74211f3|733d514780945330bcb3938a282e6c4b0d253b590223f6d02dfc64846c0c0ceb|baseball_mlb|spread|2026-05-13T23:07:00Z
2026-05-13T11:30:01Z|b23e4382-fe79-47a6-b091-a4651e47655c|a7ef4e2448c0055554ddaa7093a512798f25672e947363aee6d13037f17d8772|baseball_mlb|spread|2026-05-13T23:15:00Z
2026-05-13T12:30:02Z|81a7f10f-fa3b-4a31-be62-e6ed3ad52da4|8eba0ba0c68e74a884c0a9bcb520e10ac6caf4619fcb4441222c0694c572e31b|baseball_mlb|spread|2026-05-13T17:10:00Z
2026-05-13T12:30:02Z|2ce2e99f-7a85-49db-bbcb-a3c724216126|c31c9fac3071e2bab1c11eef83c2a66d0184dfafd3433f7ea99e864fe920567c|baseball_mlb|spread|2026-05-13T22:35:00Z
2026-05-13T12:30:02Z|ecd7b809-6e05-43f1-a36f-2f696d028f39|e10d83a808fe730ba7ab311964755505cf1ca2aa2351e937dded61be1f907e40|baseball_mlb|spread|2026-05-13T23:40:00Z
2026-05-13T13:30:01Z|386485bf-7dc4-41eb-b584-3b00b4352d9a|275cc9bb4d8f71c1bd36c576c56ba45d5c782569575b8448c08a18a50bdebc27|baseball_mlb|spread|2026-05-13T22:35:00Z
2026-05-13T13:30:01Z|52faa62f-062c-45c4-bbda-15ab39ce5606|0b2e23ee6944bf884aa20459aa3107e81b4ca737dd35e490ba505fa40dcad818|baseball_mlb|spread|2026-05-14T00:10:00Z
2026-05-13T13:30:01Z|5309d909-c854-4db3-9221-95cc7f694980|81b88f58feea8bab3e12679adcab5bb516a492610db9105e506b5c44ba5223e2|baseball_mlb|spread|2026-05-14T00:05:00Z
2026-05-13T13:30:01Z|de846567-f7cd-4127-96fc-f823ca48455a|f43f5a26173f09bc0cb72b5bbe34250e1554f682a8043c1c4681cde66fc3c014|baseball_mlb|spread|2026-05-13T22:45:00Z
2026-05-13T14:00:02Z|f9fe1b56-0409-4e56-b5bf-98a8c4f32f93|e512f0bcb649ba7699a4bab1958fa732d1e13389f7aa48c79b3351e43e02a0ac|baseball_mlb|spread|2026-05-14T01:40:00Z
2026-05-13T14:00:02Z|0b2cf958-5900-4770-a026-5b4dff0c1cbc|1332edeb239f5a6d2688fa90c0ee37dd741ff67f93ecfe83b1634c91b7e523f6|baseball_mlb|spread|2026-05-14T02:10:00Z
2026-05-13T14:00:02Z|b83ce2fa-c056-4bbd-9bc2-8f07c912ce55|df89e9ce00105dc33b7f7c9e084a6f7a03733cbc48e130bf1b246d8ff7a4bedd|baseball_mlb|spread|2026-05-13T22:35:00Z
2026-05-13T14:30:01Z|b8ba77e6-4279-41a2-ba9d-b242dbb60dd1|6995b6073d242d333c5a0b6805b980f61e7d5f3033271782df1e015cab66256e|baseball_mlb|spread|2026-05-13T22:45:00Z
2026-05-13T14:30:01Z|3e6795c2-e16b-4f9e-8ed2-d15658f8acfb|ac6798e1935aa368f842ff999eb83ff9371d15d654b9bf1aac8a4d4aeaa0fc98|baseball_mlb|spread|2026-05-13T23:40:00Z
2026-05-13T14:30:01Z|0eaa4bfe-19c6-4c4d-ac82-f0bd10dad4f6|732ffbbcf5d1c57334232e2bef7d47f67a50a1ed93b18cf8969c94d5eb7cb10e|baseball_mlb|spread|2026-05-13T23:10:00Z
2026-05-13T14:30:01Z|a69251da-f50e-4750-bda1-c9fad33b81fb|3830ef4ed4457318efcda43b33fa91e7a174144910c476a261e6e4d81479226a|baseball_mlb|spread|2026-05-13T22:40:00Z
