2026-05-29T13:30:01Z|a878ad81-d7ee-4731-bcca-96f4e5dca516|bef5e626c33cc7a7620cc120cc3a3ff622c0c08d05882f6b85bd98dfecaf5960|baseball_mlb|spread|2026-05-29T22:40:00Z
2026-05-29T13:30:01Z|e1c66808-2fd0-4f01-b884-65720c107e21|db12994045b72a71a6e0db3ede160d3bb556f4293fe5ffba8f866e2b95fd203c|icehockey_nhl|spread|2026-05-30T00:00:00Z
2026-05-29T13:30:01Z|1df5d25e-70b6-421b-b6ed-86c53481c756|245409bc949e0176358506847ad92899e01555810479e738b9c1e62e38cde9fd|basketball_nba|spread|2026-05-31T00:00:00Z
2026-05-29T13:30:01Z|35e534f1-b15e-4b10-95a1-82f90b0694a2|cb70adf2e87eb250d943f192bf7a803aa46f7c26ca37742f60c902238ca29925|baseball_mlb|spread|2026-05-29T23:10:00Z
2026-05-29T13:30:01Z|ead5ea44-d9fa-48f2-93fd-d642067e5a2b|56febcdc3b0c82b79891baed8d14b40ad1158e7948ce1361f2a3ed78bf020886|baseball_mlb|spread|2026-05-29T23:05:00Z
2026-05-29T13:30:01Z|71f0229f-edb1-4a8f-b35e-99a3212b6eee|c989a788d9d6bb44cd20f58776aa1e074e8829845d1b3915024b9cd80440489b|baseball_mlb|spread|2026-05-29T23:10:00Z
2026-05-29T13:30:01Z|82ec1dfd-d8e7-44e3-ada9-04de72bee340|6baa29478ce29470e2468c400e517bcaf1f840d34fb4cf5cf724f2e465dca0b3|baseball_mlb|spread|2026-05-29T23:15:00Z
2026-05-29T13:30:01Z|58b70e18-9375-4378-a442-be02dff85f33|7d795e120ee3e29987e52b85839278f693f3cd3f267df677f037fc63028b7924|baseball_mlb|spread|2026-05-30T00:10:00Z
2026-05-29T13:30:01Z|c091c521-9522-4240-b56e-6207716de335|c24ba61de5e2f33804d43e4eb86ce3fb063b8c086b9c5ec9c36946190eabcd63|baseball_mlb|spread|2026-05-30T01:40:00Z
2026-05-29T13:30:01Z|4a8efb63-63f6-4543-8284-1f34445460ab|ca811e901d27159386553752ab43f21ed681c78656f16cc733e6b59ebcba84f3|baseball_mlb|spread|2026-05-30T02:10:00Z
2026-05-29T13:30:01Z|c1def6ef-05a3-43c3-81d1-384d0c4fdf9b|48ad450a7673e18613e3b005dee78ad20a793449a872e1e41d6a9c453b30126b|baseball_mlb|spread|2026-05-30T02:15:00Z
2026-05-29T13:30:01Z|5a8dcddb-746f-426a-b9c9-dbfb23f8cf71|97f24b4462d5b1b3e1374ed94f68485d586572a8f4b31aba8d0d4154d76bc46d|baseball_mlb|spread|2026-05-29T22:40:00Z
2026-05-29T13:30:01Z|4df368cd-d158-4440-81bc-f58065167d58|a2db9532cf9d75ca64d5e7745cfef70c9087019bb69974b648aa841728aef2b3|baseball_mlb|spread|2026-05-29T23:10:00Z
2026-05-29T13:30:01Z|766d46bf-85fe-4eb5-93c1-0b2678bd9655|3c292fc9174cdfd6347f0df921158954f0dacb12f176971a88e05706bd97d173|baseball_mlb|spread|2026-05-29T23:40:00Z
2026-05-29T13:30:01Z|edf00505-b28d-4703-a96e-d13bb5af9a41|13144e17484693501c0c03a70c443716edae26d65e6ff2b50473108c5dc88a1c|baseball_mlb|total|2026-05-29T22:45:00Z
2026-05-29T13:30:01Z|c570879e-26ef-4b8a-802e-204de1344c98|9f80a7fe052ef28eda1fb666fc93e5e6f4c458dce85e0dc22c0c127b0552654d|baseball_mlb|moneyline|2026-05-29T22:40:00Z
2026-05-29T13:30:01Z|c0007795-74f5-474a-bb37-0f6df983dca2|c073961a6dc98a3c5036dac6e17e8433e1d1fc26ddef7f08683f4fd3dd5b4906|baseball_mlb|spread|2026-05-30T00:05:00Z
2026-05-29T13:30:01Z|690fae3f-5996-4298-98b2-f091112761c6|18a2bbdb7f87b57f41ab922f69abaa944bd61ea25ba6547ce8889d60e0b1b125|baseball_mlb|moneyline|2026-05-29T22:40:00Z
2026-05-29T13:30:01Z|993219f7-aa03-4375-8f6f-e15da552480f|6827eed90e6c8520761a982f46ea98c436e4860fc76e6dc3223b0b50e4b3afc1|baseball_mlb|spread|2026-05-30T00:40:00Z
2026-05-29T14:00:02Z|0bc109e8-1494-4096-a1f9-6b7efc4a8e85|0e4c2fc93db45b6b7b00baf39bc3f57b112621fff75ec442787f5bcdbf06c5ad|baseball_mlb|spread|2026-05-29T22:45:00Z
