2026-05-19T02:30:01Z|ea8e0285-f5dc-4f31-9ca4-310443f00045|8753693b44063697d8f6cea00ffe79cc389282fafc07e3c5f7fdf8ec182b1825|baseball_mlb|spread|2026-05-19T23:05:00Z
2026-05-19T02:30:01Z|6810f5be-68e5-4770-a810-dc23dc8b10b8|208bfea9042851d69e89b46abbd8e3dfc30242e828333f6c231383245f3bd324|baseball_mlb|spread|2026-05-19T22:40:00Z
2026-05-19T02:30:01Z|9b8e0401-e786-4953-8426-3636777753ac|51a77a3b24b5e49a2f9a6be6ae7fe38919e15cb0049c6d8533a846b52734bccd|baseball_mlb|spread|2026-05-19T20:10:00Z
2026-05-19T03:00:02Z|07f4d1b3-8de6-4606-bd61-0e6b3e8e26c8|c1e88f14eefbd376ce15df8c12b0b57262d6c807aae833c41eb62c6b78ace16b|baseball_mlb|spread|2026-05-19T22:40:00Z
2026-05-19T04:30:01Z|6644f5aa-e92d-4bea-86c8-7f6e8e25f837|330044f99310ab2fc3e4c4b6714ae38a35c21e9ca41a5bff7c5a944ae400e739|baseball_mlb|spread|2026-05-19T23:40:00Z
2026-05-19T04:30:01Z|7bc636bd-1f7d-4523-84b3-91ad2dad374f|2b2fef28bdc167a53d9965b76dd5210908e73d5d8c77608e5e127f7c1a12fc28|basketball_nba|spread|2026-05-21T00:30:00Z
2026-05-19T04:30:01Z|1b78a681-c098-4aec-89b3-efec75f5f0fb|763356740090b9b8530d5da133533e0c2293230cc6f7e51153cf799bc9acf0cf|icehockey_nhl|spread|2026-05-21T00:00:00Z
2026-05-19T04:30:01Z|e76a5522-179a-4646-8f12-18c00e721a38|e358a048a30d32df57fc4ebbab1ce229590796f59c413a51de9fb4ec55066ffc|baseball_mlb|spread|2026-05-19T22:45:00Z
2026-05-19T04:30:01Z|73c044cd-c727-4e5b-8a59-80db1924de84|9d41080fba27aee4f92d70b8e57bb869a5cef34e5a1fe1146c4b6b2e1082ff42|baseball_mlb|moneyline|2026-05-20T01:40:00Z
2026-05-19T04:30:01Z|a83e27c7-95c5-420f-9842-eabef0cf8a82|f8f517592cd79a9f82030150bca0c78098c693f446f30a9a6d41e93e10876478|baseball_mlb|moneyline|2026-05-20T01:38:00Z
2026-05-19T04:30:01Z|07ce3598-6000-4e8c-8f42-2a2458d93482|fa0d44e0df9ce013774aa4635e1137080dc67ed45a535e75e268ea8876980848|baseball_mlb|moneyline|2026-05-20T01:40:00Z
2026-05-19T04:30:01Z|b7595904-2ad3-464d-b84a-5e44d8779204|82f0b5f84259340ce7c5dd9ed8982188775201480e969de6fbfedff263ac677d|baseball_mlb|moneyline|2026-05-20T01:40:00Z
2026-05-19T04:30:01Z|32d1ca24-c0d3-43b9-b311-b90ef08aecec|7aca1fe9c1f139073fe4f2d001d644e329466cbf4713f0c40b909a3774d80c5a|baseball_mlb|spread|2026-05-20T01:38:00Z
2026-05-19T04:30:01Z|330ec36b-b954-4ff3-87b0-56bb90a36562|3ceef5b25926be402d5ba419107a86576cca7f08dbe15ef7f0958c0ee24fd613|baseball_mlb|spread|2026-05-20T01:40:00Z
2026-05-19T04:30:01Z|a8f669fd-c29f-47ac-a50c-f0f57c8a110b|2fa312cfa9586cbfd80d84a630a8776054c63e03b327053b7ac5a31cbafbe519|baseball_mlb|spread|2026-05-20T01:40:00Z
2026-05-19T04:30:01Z|fb4161fe-f4d3-4b48-8593-e84b74c00d03|520bf6f2b71e8386432528e654924bfef81c92b4f252e69549db7ab9116ce2b9|basketball_nba|moneyline|2026-05-21T00:30:00Z
2026-05-19T04:30:01Z|7885e33c-ee4b-4945-bef4-1095b8be4cf9|76ef40e053d73df5ff3f448fbfe2a5377475d2d7119def5775e5ff001b927f4f|icehockey_nhl|moneyline|2026-05-21T00:00:00Z
2026-05-19T05:00:01Z|0a677c41-6667-4914-a7b3-8245cdb44ca0|2c40077a497a22fb5ba129bcd5cc3567ee769490f6be4f951db9fe06716312b4|baseball_mlb|spread|2026-05-19T23:40:00Z
2026-05-19T05:30:01Z|2718837a-afd0-43e9-8f7c-84bd925bfdea|32d40c7aa78403a344e6b656b8713c20bc9c0410655b778ef8cd1c80a0a0a048|baseball_mlb|spread|2026-05-19T20:10:00Z
2026-05-19T05:30:01Z|512c12b8-bb6e-4a0f-8a56-d2ca2cabe77a|88016fbdf796003f13efeaa3a907e9d8dd44bab8b17f46de703eada206d2f8e5|baseball_mlb|spread|2026-05-20T00:40:00Z
2026-05-19T05:30:01Z|01e87a5b-72ad-4146-94fc-73bb4a317042|1387147a9d9a287736e0b5e36318d75df6ffeefa3d218d4993f873eb50f14796|baseball_mlb|spread|2026-05-20T01:40:00Z
2026-05-19T05:30:01Z|063f86a2-32ae-489b-ab08-a373d1f8fcc6|4c2a095a20693c12deffbb1461e0267b8e0603014c7f45c8b248a2f7326edde7|baseball_mlb|moneyline|2026-05-20T00:40:00Z
2026-05-19T05:30:01Z|31aefe45-99fc-4bf1-9dd9-90fadc2e3335|b8217ffd7196260e1429389195b61fc79968bcb42b73d9b3f1b93b6b248deb92|baseball_mlb|spread|2026-05-20T01:40:00Z
2026-05-19T06:30:01Z|e99afa95-708f-4625-b592-4cd1256ca54d|bd513fedaa251596964638aac417e12671032cb2565575798eac34d2399d4749|baseball_mlb|spread|2026-05-20T01:38:00Z
2026-05-19T06:30:01Z|9aa3d2b7-f55e-455f-93f8-8b8944710d9c|eba50e14d4fc0638c5a338ae49e5daf7ed59782c8432ad3f91b54f21d2ee9654|baseball_mlb|spread|2026-05-19T22:40:00Z
2026-05-19T06:30:01Z|0fb1daa9-8d90-4d45-ba0c-4fb9b0ca1b63|4c927568e84fcbd4c2493c2e5b426d219cc1f7a36dc2f0eca9fa3863331523d2|baseball_mlb|spread|2026-05-19T23:45:00Z
2026-05-19T07:00:01Z|2a5a28e8-2c60-4567-bc02-8d85b92a2f34|cf7577111227c084c532de38e5580e13c105276a92b06170b32e7265ed2b2c60|baseball_mlb|spread|2026-05-20T01:40:00Z
2026-05-19T07:30:02Z|ad0d71f9-7fc5-42ab-b320-44fbc318e4c3|48bc58ce84c002cae8a4b1baaf1070d8025cc71280636d0ed00dadfff71fb7e7|baseball_mlb|spread|2026-05-19T22:40:00Z
2026-05-19T08:30:01Z|f0e2902e-a2c3-448d-b99d-bf181d76e58b|cf11ebd5201c6fa85e36a1946ce5d5e52e1e28c5d299d8ee749c28e57b0e391c|baseball_mlb|spread|2026-05-19T22:40:00Z
2026-05-19T08:30:01Z|a3c989ca-e221-4131-928d-7e615454d960|52d21ac0651ce279dec6c51b365cc3aa5482ec143a940fcd75819f9b452f675c|baseball_mlb|spread|2026-05-19T23:05:00Z
2026-05-19T09:00:01Z|f1015fc0-d714-4b3b-9543-2b7ecb66cc17|b5b26b152fddac183db5d3788c9c2e5d4d58682a1625e78bbe8ef968d00ec886|baseball_mlb|spread|2026-05-19T23:40:00Z
2026-05-19T09:00:01Z|5cfe9f6c-c210-489c-b37b-55740dd98451|7eb4da4bb22b00a15f8ea59b86dd6c22afaf2880ccb10c372aee08ab7d8c5f73|basketball_nba|spread|2026-05-21T00:30:00Z
2026-05-19T09:00:01Z|c36e2527-7b69-4a99-a9d1-1cc93d045f7c|d046ee4304407b0c59cf2c26e8189b1efb4ddc13476f1856a2799d84cf066e6a|baseball_mlb|spread|2026-05-19T22:45:00Z
2026-05-19T09:00:01Z|02280df6-fdbe-4868-b1d5-6953b2995685|df357e4c25a05d775f516e90f23bbac7d3945d85037d419ba1c728742a6a68a0|baseball_mlb|spread|2026-05-19T23:40:00Z
2026-05-19T09:30:01Z|c213c600-11a1-411b-9e96-4b4dcdf0830b|94c10e6ab438ac8172e004426fa9a750ea4adc24de223a26d88298f92b85a328|baseball_mlb|spread|2026-05-19T20:10:00Z
2026-05-19T09:30:01Z|c8069128-c0a2-40a1-84ee-fa059c46f6b7|a3bebd4d252afc682cba5bd439b6edb7f77d0eddfe6f72d5c0fd9b23510f7b2b|baseball_mlb|spread|2026-05-20T00:40:00Z
2026-05-19T09:30:01Z|78855717-a64b-4048-831a-7c61b5cb146e|4fb40e9632ba534729490358506bc6ea92735f8d6613918e895aba65187b0e76|baseball_mlb|spread|2026-05-20T01:40:00Z
2026-05-19T09:30:01Z|f0bf30af-dfad-4892-884a-3413193bb0af|2195fd0070e58d04d684238da454f4c78df82c86d53cc5752a7804cc5c773c9a|baseball_mlb|spread|2026-05-20T01:40:00Z
2026-05-19T10:00:01Z|878ee5eb-5dfd-4f09-ba0d-2dc339a679da|b06b4307ef0d7a66e3218fcf61b961276072ebb083fd50718d91e38b2327085c|baseball_mlb|spread|2026-05-20T01:40:00Z
2026-05-19T10:00:01Z|09aacf3a-4b16-4b6a-bf20-bf31ca49eda0|50e2370837c88ffb0de3b2b6a9148a6cfb3af84b79e7786fddf7d59315556c4e|baseball_mlb|spread|2026-05-19T23:40:00Z
2026-05-19T10:00:01Z|e2e8367e-1e13-4b0b-b95c-a861a206aa71|25ff1aaeeb561b205290cd0a25049cd3543eb4abcec44dc77439cc790ed49564|baseball_mlb|spread|2026-05-20T01:38:00Z
2026-05-19T11:00:02Z|a13d6e25-c331-4035-92fb-bed8bae4b01b|0fac30880f3c692c8d55580255c0795f0077d9d7cab3fe6bda477b346b16a31d|baseball_mlb|spread|2026-05-19T23:40:00Z
2026-05-19T11:00:02Z|b375fe67-6c89-4abe-8c22-f5e633994c03|111a3e9237c02c80a7d2cadf46b2c5354369e5f89a7c2e5ed4bfe8a84bf9ee0c|baseball_mlb|spread|2026-05-19T22:40:00Z
2026-05-19T11:00:02Z|c72c3949-6095-45b6-9949-0c64395ed1d5|88e8eb46ef452db12fa65c48d994edb3535fdf74ac5357e7368b82a3b34db6fd|baseball_mlb|spread|2026-05-19T23:05:00Z
2026-05-19T11:00:02Z|97d17d64-e9c4-4e45-998f-0a522e4c60ce|b0b00b6674aabe8bf86e5022429e53d536c7116059788d9d94bf640f5034db36|baseball_mlb|spread|2026-05-19T23:45:00Z
2026-05-19T12:00:01Z|a80d3f41-2b37-44df-9a06-155c06925ea7|f9ef7f170badc1380180f19c05349384b7a11bc7ec5ebe91840e68f8e968c65c|baseball_mlb|spread|2026-05-19T22:40:00Z
2026-05-19T12:00:01Z|fdeea44b-bc13-4789-9cc9-f3a414b8ac13|61c33ec6317554b1811544221b0777ccfc662c1ef123faf7b3d8dc99410b6b92|baseball_mlb|spread|2026-05-19T22:40:00Z
2026-05-19T12:00:01Z|854d20e3-80dc-421b-9f33-f6a4ee41d73a|e65bb0d92d7d3e1c5e107b05f59a6401af11ff6f04c7243e6a03ae64dd1fc1be|baseball_mlb|spread|2026-05-19T23:40:00Z
2026-05-19T13:00:02Z|6f3119fe-f2c5-43e8-9896-34ed3f5a9cc0|2140c95033320956dbe3b074bc395b486b5c5de847813e2a4d8d8b9be2fcd936|baseball_mlb|spread|2026-05-20T01:40:00Z
2026-05-19T13:00:02Z|a3abc5ef-41c3-4860-a6b7-90b20366398a|1a46b60d555bc2eaacd149665d7ab9d7f70a642d178ee8c66785af21f2a2dd60|baseball_mlb|spread|2026-05-19T22:45:00Z
