2026-05-26T00:30:01Z|c0ba282e-acc3-4b5c-a8d9-b76c0ace50f0|e1b6ce4c92e55f1fc8a7928ae7a87f9f8514a6d5112f5b844876b0a4c9a46e90|baseball_mlb|spread|2026-05-26T23:40:00Z
2026-05-26T01:00:02Z|7e5d5678-3f05-4960-b7db-058d56bd96a2|f77960219a911d48cffbebe1557fbeda9e4c3b1f81522c8155371a4ec8cf4c0c|baseball_mlb|spread|2026-05-26T22:45:00Z
2026-05-26T01:00:02Z|78a969d5-bbe5-46b2-8875-7afeb6986072|75b9532e35e2e6237997d5a9642ee964870870e853b9569ada8d6c200519f86b|baseball_mlb|spread|2026-05-26T22:10:00Z
2026-05-26T01:00:02Z|ad520b52-1a33-41cd-8974-c71052be8187|b62595055e36ea73dbfb507f19e1c6c25fc8a6acdd4d336b02160a5c50ecc361|baseball_mlb|spread|2026-05-26T23:40:00Z
2026-05-26T01:00:02Z|ecae09e2-5c98-415a-99cd-64dbb8fb930b|b1dad39f74a9b36065292b216d878562a5cc662313dc518987088892c5b2bdec|baseball_mlb|spread|2026-05-26T23:40:00Z
2026-05-26T01:00:02Z|5f275c1b-014c-4213-bdcf-89994ef229c8|463b4856083bd7e0b1f8d0cd8e280ec95da7e95d86eedbea3208ef0bbe2db0c7|baseball_mlb|spread|2026-05-26T22:40:00Z
2026-05-26T01:00:02Z|57b7e175-e2ef-4e70-a1dd-17a9024f5539|f6ac30aafc4382bcd74261e0922e9fba7ebc341f51733ba54724f2d1dbb4b852|baseball_mlb|total|2026-05-26T23:40:00Z
2026-05-26T02:00:02Z|397ca51e-b74c-4fdb-b3d0-8ce5af1b76eb|cbbbb4c360ecaef258aaf4e2ebd32d7eb2a74a18388a0a512db5dd8dfdb923e4|baseball_mlb|spread|2026-05-26T22:35:00Z
2026-05-26T02:00:02Z|93ef19da-d463-4a99-92f9-75f825feebb4|96313c7d6d4764ea493fc099565a0760e81c1a7b9b9c0f2fcae9a14b101db8e7|baseball_mlb|spread|2026-05-26T23:07:00Z
2026-05-26T02:00:02Z|031f8a83-5cb8-41d7-b664-37f5ba0160b7|18420ba77b85dc8dca5414c16381a781f6911957929190839923fc8f1ce471e5|baseball_mlb|spread|2026-05-26T23:10:00Z
2026-05-26T02:00:02Z|6ca7a23d-c3f5-4bdf-b917-d426757811d2|495f9b12059b7edd3f04d3ab0bb9a392ddb3b92cab62a771ddb3ecc090fa1bb8|baseball_mlb|moneyline|2026-05-26T23:07:00Z
2026-05-26T02:00:02Z|102ceb67-7cb5-4bed-8b2e-f6710b7e5374|bf6317e499951d47c094267a72ff1ba01d37dfdc31f2489cf9ee0800fb3449b4|baseball_mlb|moneyline|2026-05-26T23:10:00Z
2026-05-26T02:00:02Z|1562f937-088f-45a5-abe0-e7467ab95eeb|fbff412c3917eace13c68d651d1f0a220bba5653b4b563f281ee9b958bbfe224|baseball_mlb|moneyline|2026-05-26T23:40:00Z
2026-05-26T04:00:01Z|61fd19dc-75f5-471f-aaec-15fa05a72acc|80d8455096df29aaa9bebb6bfb4590463e752e777e9109caaa63bdbd600a5edb|baseball_mlb|spread|2026-05-26T23:40:00Z
2026-05-26T04:30:02Z|c9ccd172-ec3e-4b63-b94b-2609a997fa49|d26c73cac2115bfab740d483961df6623fc8eef7bd44ea8ac806b104ecbead53|baseball_mlb|spread|2026-05-26T23:07:00Z
2026-05-26T04:30:02Z|97012956-c5e8-4fc6-9f52-69fd18401730|677d1c4ad9399675f8a3f401e97217fd1419ef2d313bb813b3f84e9a8c8100ff|icehockey_nhl|spread|2026-05-28T00:00:00Z
2026-05-26T04:30:02Z|69960a62-6ba7-4437-b132-f00589c0abeb|efd67584d044c98ca92d6b43fcd8850d8abf779da4528dd8f898d5cbef7341ec|baseball_mlb|spread|2026-05-27T00:05:00Z
2026-05-26T04:30:02Z|27825441-47cd-443f-bf74-b5f46a9cb407|eed6a74b820e955156e5d02a584ff20cfce5e57199c270b76b2900c05d244344|baseball_mlb|spread|2026-05-27T01:40:00Z
2026-05-26T04:30:02Z|6afe0187-0a60-4996-908b-5c58d086f055|d6b21f42e2218a54a0273928513bd67959ea9d5e7c89d6a9085e334d3f2641bb|baseball_mlb|moneyline|2026-05-27T01:40:00Z
2026-05-26T04:30:02Z|7d207ef2-8c1e-4c4e-a5c9-c294f7860012|db796650c13bedede7c11438f2d9f17ed2992004493fd836df840a0664a00ca7|baseball_mlb|spread|2026-05-27T02:10:00Z
2026-05-26T04:30:02Z|65a68c86-de75-460f-986d-7fa13a5ffec6|97c431d7435a247705a60511dd51a3f626086ae79007d0b3ec8454a5d355e14c|baseball_mlb|total|2026-05-27T00:05:00Z
2026-05-26T04:30:02Z|1df2a29a-8caf-48c3-953f-110fe1a21ac3|da5f1085d43cc9b2a5d77548d181a746b9313fe76040838329f2c877a78ea18f|baseball_mlb|moneyline|2026-05-27T01:40:00Z
2026-05-26T04:30:02Z|ceeecdb6-127e-4abd-b7ba-3a91741f8e1e|5f4882efa7623044611e0e444aec2d19ace8202350abd704732354201b87fc82|baseball_mlb|spread|2026-05-27T01:45:00Z
2026-05-26T04:30:02Z|1b0416a7-2a59-474d-ad9c-0bf79daf29db|3f1abb58e69583a6e041aecc9ebe98e00d7d05504a9d97875b10c47eb01ac072|baseball_mlb|moneyline|2026-05-27T01:45:00Z
2026-05-26T05:30:01Z|bb060d1e-46a8-4a7e-98f3-92b915c9fd22|94cb80bc250134a38b49d4ccaf1f18273ba779217af10a1741284c642852e163|baseball_mlb|spread|2026-05-26T22:10:00Z
2026-05-26T05:30:01Z|1d5d70cf-94ba-4241-a6e0-1ca3a422f345|a1af2a344a9a1756927fe9f6d34ad466f8c0cd98af2e499ba0c189b7d7c9e0bb|baseball_mlb|spread|2026-05-26T22:35:00Z
2026-05-26T05:30:01Z|c9966ca2-1ac6-47b8-9bee-f289b1a69988|a3f4a454fa325541fe808474cd6e3af59301d086f067d012ce8441e90cb2cae5|baseball_mlb|spread|2026-05-26T22:45:00Z
2026-05-26T05:30:01Z|c41c3329-1650-4ef2-8122-94f289009fd4|b909a8ff5d14889b96feaee0f1a74b884893800a43724bbd72b6c9c54397c615|baseball_mlb|spread|2026-05-26T22:40:00Z
2026-05-26T05:30:01Z|573f2635-e6dc-45bf-af77-57d26c1ff1de|da573b13b5b9b64cc9e86239bf18bf23c6b3083556e54f24e7bbc850b722d59a|baseball_mlb|spread|2026-05-26T23:40:00Z
2026-05-26T05:30:01Z|b975d043-53b8-4573-bc21-f6e785d7ca8a|33aaf9170991aa34f373d6b9f71857e93b334c759f5b588f2997921bd34813ed|baseball_mlb|spread|2026-05-26T23:40:00Z
2026-05-26T06:00:01Z|9a22f749-d7e8-4abe-8afc-21d1e090c850|9041272c45794b0f0ce5b7ba651f78b3294915f96ffff90a9cd559475e5e962b|baseball_mlb|moneyline|2026-05-27T02:10:00Z
2026-05-26T06:00:01Z|ab577b3f-4463-406f-a3dc-db960066b627|442e8e7799d52ab27f40c8f8135a484f707aa29f67a14a11e8846a8d32b077cb|icehockey_nhl|total|2026-05-28T00:00:00Z
2026-05-26T06:30:01Z|3e2363fd-4ff6-4b8c-9cad-de82596f88c6|6dae45faeb84dd7d597582c3440f2550138919bbb8aaaf7038a0a95618d17cd6|baseball_mlb|spread|2026-05-26T22:40:00Z
2026-05-26T07:00:02Z|82e84276-3f96-4224-98ce-cac49c71881d|b902a8490b495976103106b0956f2285aea07c2428cc2f027635b13d7a712d9f|icehockey_nhl|moneyline|2026-05-28T00:00:00Z
2026-05-26T07:30:02Z|f32c8f2b-1722-4855-9800-14870d09b980|d89fb1fe8b0b9ebfbd703a821234a50969a55b6c0315781f2c351617893b84bf|baseball_mlb|spread|2026-05-26T23:07:00Z
2026-05-26T08:00:01Z|3e4c1b41-2652-4104-8b15-e4281870750a|8bee027a33c866d352d2fe83d9bf182b7831e3887fc8d9cd9ff3d04bad9cbe87|baseball_mlb|spread|2026-05-27T01:40:00Z
2026-05-26T08:00:01Z|e716b206-b467-44fa-9bc6-30dec76b5f98|c4cc129d12cd0c5a32056dbcc403f04bf174d5d8a941080921b5c01cce61dd2f|baseball_mlb|moneyline|2026-05-27T00:05:00Z
2026-05-26T08:30:01Z|57c9abaf-01ce-4b1d-a0d9-8e4fc3d649db|7b4b5786b5705ad37dfd0bcf0a14eb2eda1c48afb2169ddf96d0f55050bf4ea0|baseball_mlb|spread|2026-05-26T23:40:00Z
2026-05-26T08:30:01Z|dc46621b-10c9-4a60-8937-cfd30a194898|5a3299cca4584afcb2db044d76fb14d71a1e35c5a2aa2bdc0558e159dc1d98ce|baseball_mlb|spread|2026-05-27T01:40:00Z
2026-05-26T09:00:02Z|e8fe820a-3fe7-461a-a7d5-b7c620ce1add|1e3188752cf3fb4aee3169a4aed85fd690ed7748e0e738f6af4baf83798d5893|icehockey_nhl|spread|2026-05-28T00:00:00Z
2026-05-26T09:30:01Z|263029a3-5446-493d-bb38-23ec6e2a1180|a234b75277a0d1b27e5b896d22a04a69a618a6102bb9a9eb636df687bb35610f|baseball_mlb|spread|2026-05-26T22:45:00Z
2026-05-26T09:30:01Z|1818437b-720a-4cc0-99a3-df10f78fc69a|cf1fbde9f21b40b6b748f928ccd0705215a6e68ab885a264d9bc7162549254a6|baseball_mlb|spread|2026-05-26T22:40:00Z
2026-05-26T09:30:01Z|7fb07e87-664f-4fee-8626-9ca90fd2f7e5|8ba487f32afc61902e155b8022676c8d9f3c068acac6418cf76c2f96c301787b|baseball_mlb|spread|2026-05-26T22:10:00Z
2026-05-26T09:30:01Z|4dcb9249-1198-4cb3-a9c2-6b2807f10fdc|7c969be11a331d3ffb2b419ade277aa246893862dada3f005dd0e62526ae0c31|baseball_mlb|spread|2026-05-26T23:40:00Z
2026-05-26T09:30:01Z|45e5cf58-edb7-4af0-bfcd-865674822b95|790cd9fb2c1666980af7208862c6bffed82b8f0acc675be95814c3c21cf4ee6c|baseball_mlb|spread|2026-05-26T23:40:00Z
2026-05-26T09:30:01Z|b4ce2901-6dd1-48c7-9b7a-c79c31837ccb|6c199f009f78505069d5f10fe2f07df6718e188b645ac6ef2f833921cd75c866|baseball_mlb|spread|2026-05-27T01:40:00Z
2026-05-26T10:00:01Z|0a1c5986-248d-4d31-a43d-011991f75052|5f108a70be80c355ac29750c051934d1e2d20b4af664a98e8ad34819078ea42e|baseball_mlb|spread|2026-05-26T22:35:00Z
