2026-06-09T00:30:01Z|0b830be5-6d5b-4a2d-b5f6-a64f6b31622f|5d854373bdf894d7e2f7ee80694071bc45dc147ca8d111fb360e31c709c1173e|baseball_mlb|spread|2026-06-09T22:40:00Z
2026-06-09T01:00:01Z|59530886-367c-4e36-bd89-8b631eea5271|61c9b92c27b180606effded46f7eb28fae961367f193113543ea7fb5c64da67b|baseball_mlb|spread|2026-06-09T23:40:00Z
2026-06-09T01:00:01Z|6fb4a7a6-495a-49c7-b3e9-ce05f311599f|0b0d231ea8b86d53ed963d96a0e18b808dff87263a13df11fb5b1e3bc0698e5f|baseball_mlb|spread|2026-06-09T23:07:00Z
2026-06-09T01:00:01Z|42202a79-2a63-4a46-9bbe-e32e75d9c1a8|277a1180056926c586c0f46c6e2eae91bbd9a0e7ee8d47179bf876ae5d6a040a|baseball_mlb|spread|2026-06-09T22:40:00Z
2026-06-09T01:30:01Z|95cac85f-f740-4fc2-9394-f41c6925487f|aa789d9c610c39a361f243572357c534c1d0c5839887e4ee83438bbfa6bd2c95|baseball_mlb|spread|2026-06-09T22:35:00Z
2026-06-09T02:30:01Z|106bd82c-77b5-41bf-bb0c-5b7cd14f300b|4cd01a1640025903d4c30ae882348273cbfec8fa0e672db17d964249451005ce|baseball_mlb|spread|2026-06-09T22:40:00Z
2026-06-09T03:30:01Z|6a1ab24a-8539-42f2-9afc-96b80d5f0605|60af6f57ffc831501a7d69bb22cfb6393459fcead3602522b7f12decfbac5879|baseball_mlb|spread|2026-06-09T22:40:00Z
2026-06-09T03:30:01Z|7fbbf61c-77d2-4a4a-ae3f-6cd818fbeff4|0d94b7f637716699b5a6c3c003ba19a82ab4b264b6162e7d311ce281d6a7f17e|baseball_mlb|spread|2026-06-09T22:40:00Z
2026-06-09T03:30:01Z|8cc63ef6-578e-43e8-8d83-5b9022885c1c|c5362525fe93dc6624282243b257f771ffd8f93612ad0a7228063460259c119d|baseball_mlb|spread|2026-06-09T22:40:00Z
2026-06-09T04:30:02Z|2c965f36-ed1f-4c1d-8107-296486f83662|3cccd826c2e214b4373cbe6957cc48e236fd0639df28e6dc14cf237872a86df1|baseball_mlb|total|2026-06-10T00:40:00Z
2026-06-09T04:30:02Z|97593cc7-7c03-426c-9663-52b2101d8c14|e770eaec89760d4985634e0e2f1f41df71a750f620a8551a8d33c110ad09001c|baseball_mlb|total|2026-06-10T01:40:00Z
2026-06-09T04:30:02Z|7c66d65b-b8e2-4478-b148-280a5fe9fed8|ad19a2f39393138f8c63e83584b8a1bd3e95e381290bf2d7bcc06c64b5323251|baseball_mlb|moneyline|2026-06-10T01:38:00Z
2026-06-09T04:30:02Z|5ed1bda8-94e2-4401-b8f5-413c7cbf146a|1e4b00aa282156c2b0bf575ee0d402c51529e1ade2a7a79f667bf386053aacff|baseball_mlb|moneyline|2026-06-10T01:45:00Z
2026-06-09T04:30:02Z|b3a649e0-36a4-4d1f-8d40-035268d0f361|799256cc3a9d77c2929338510d286a4b2bf4ba3566fde70e984669e5565fa129|baseball_mlb|moneyline|2026-06-10T02:05:00Z
2026-06-09T04:30:02Z|9551dba5-617e-403a-8d1a-c66ca81d6d7e|63dce08600d151cf256f58b06993d36a89c52d06e5bb529979a2edd778e4226b|basketball_nba|moneyline|2026-06-11T00:30:00Z
2026-06-09T04:30:02Z|c214d1b6-c601-4bea-8151-a508cc867054|c6b8b741a223697d523a78fddabb085d9e41db991e7ce000966ad8945feec183|baseball_mlb|spread|2026-06-09T22:40:00Z
2026-06-09T04:30:02Z|c6d5670f-54da-4f98-bf9e-187babda2888|8f43db61b3e55bd619c687a9722913b4b43eb28c007682736a11bd1aa560fa2d|baseball_mlb|spread|2026-06-09T22:40:00Z
2026-06-09T04:30:02Z|8efaffba-6bf3-4db7-b747-d8abe05ac7d5|2b8d329d132394f2c6d0d3da2dacd8ecbdd5a2d41c782118d36cda9d2f8f6770|basketball_nba|spread|2026-06-11T00:30:00Z
2026-06-09T04:30:02Z|35f937df-b099-4512-bcf2-e2652de10e23|14a6f9882222c57d96f205675f3762b8f3c1947a25cf281107a57df9182af58a|baseball_mlb|spread|2026-06-09T22:40:00Z
2026-06-09T04:30:02Z|007e1ce3-8b57-440d-bde4-2b1669003617|c22e51e89196ce4a616e0c2c056e358bcbeec3f566cd0bbc613b02aeba8944fe|baseball_mlb|spread|2026-06-10T00:40:00Z
2026-06-09T04:30:02Z|f16ef5f7-0907-47ef-a578-ef7751c80f9c|d1682a54e59b5b15b87c6349db9ae0d60ccabf4048572ace9f485659423dd2f0|baseball_mlb|spread|2026-06-09T23:40:00Z
2026-06-09T04:30:02Z|8f37c9f7-ee73-45c1-a0b6-f69ca84943ea|2f0af17e49f94d9df877011ff4dd0247ae6040f4e52e60c8c4f9279f24bfe6f7|baseball_mlb|spread|2026-06-10T02:05:00Z
2026-06-09T04:30:02Z|04e1c9bd-353a-4571-bd7c-b746df4b8a89|57f78b20bf0ed01411f30562454711e32deb48e2184ad0f760732d752fea01ee|baseball_mlb|spread|2026-06-10T01:45:00Z
2026-06-09T05:30:01Z|cc3a18f4-aa00-4c11-96c6-eec72d55f1b0|47f19ce1d2cab11696e9bf02e5f8786880f389fbc24122a030ba294932364b26|baseball_mlb|spread|2026-06-10T02:05:00Z
2026-06-09T05:30:01Z|274ba7e9-5572-4e4d-8793-a26f8431cf67|bd4d39183503900475ae678d3444fa9e85f4f648067a2118ed6b8be0c3068c7e|baseball_mlb|moneyline|2026-06-10T00:40:00Z
2026-06-09T05:30:01Z|3ac3956f-e473-4210-aa39-e579344b5115|d394f57188883619c350d58cfed5b0632bf64fda570dead946039b712457ffdf|baseball_mlb|moneyline|2026-06-10T01:40:00Z
