2026-07-18T00:00:02Z|be8206a5-e835-4e9d-8b65-5a283e1b8011|c304e83ad65b00f493befe63f0a2288a701bdda95f1aac4289d85d7e06b65710|baseball_mlb|spread|2026-07-18T19:07:00Z
2026-07-18T00:00:02Z|7376e0e9-bae5-4ed6-b017-37cb523e0e7f|5dff3071922b3758ddb8c6cab10f941efc390f2bb573b1d459df19a7cc61fa0d|baseball_mlb|spread|2026-07-18T17:10:00Z
2026-07-18T00:30:01Z|eaa767a2-e7a6-49db-a01a-19ec2b63fb23|88621b67daa42998e58f7c1f974ce54746111d20c194c1f24d24fe250b131f86|baseball_mlb|moneyline|2026-07-18T17:10:00Z
2026-07-18T00:30:01Z|ea47629c-16b5-4c95-a8ac-68e46cff4904|8308d753e5aeae59f7ad7687a53e7d2431955389aef65dda7d7c2687e25d944f|baseball_mlb|spread|2026-07-18T19:10:00Z
2026-07-18T00:30:01Z|6e2e7630-e6a5-4b19-809b-c3ed2cff6b74|7f9a5e82e1ffc51a4438443a22e41c913372218a0642b6286903bd620faeab34|baseball_mlb|spread|2026-07-18T20:10:00Z
2026-07-18T01:00:01Z|dfb753bd-a4a1-4ae5-af32-edf7cbc575df|0bc274ebc0467b27f95f454fef5d096fea245b889b950936be9d6a9bcc85b47f|baseball_mlb|moneyline|2026-07-18T19:10:00Z
2026-07-18T01:00:01Z|280b3d4c-3144-4177-9753-80092f5dd6dc|503a72dc526134cc914f3993422e6accd93891bc3f0614a4c15a220ccd87bee1|baseball_mlb|moneyline|2026-07-18T20:10:00Z
2026-07-18T02:00:01Z|cea0719c-df0d-40a6-8327-d10ae8b74ca6|99c6289acd4d255548df5b9ab243dc2bf1bbbf1a0df0251391677d9515be40d6|baseball_mlb|spread|2026-07-18T20:10:00Z
2026-07-18T02:00:01Z|6a855620-9b39-4b0c-a639-5456ca4488ff|c17ebe0ceecf5142f17b1bf607384fc24ff01fba4b979316e7bd0111a3a41832|baseball_mlb|spread|2026-07-18T20:10:00Z
2026-07-18T03:30:01Z|eaf872de-8e8b-4bd8-b045-4571a1082239|5ba3bb80136ad159061c5923aae87d0cf2c04205957bc9887db532a7a8684c20|baseball_mlb|spread|2026-07-18T20:10:00Z
2026-07-18T03:30:01Z|2c978c68-915c-4965-8471-5a4cbfbda43e|f34fea9a19ff9ede9880ede0c06241744cb68cd0b7f54c51b3e68c235fabb2a5|baseball_mlb|spread|2026-07-18T20:05:00Z
2026-07-18T04:30:01Z|6918b6ca-0612-4c31-9979-ce9fd1674eef|4df1b93c8444fd8187f9ee113e7c3a360b8b7cc6d059e44e41c977f0ecb9467d|baseball_mlb|spread|2026-07-18T20:10:00Z
2026-07-18T04:30:01Z|d078cb34-f8aa-45c8-9dc6-acf5468476a5|24b5fdfd11b0af156e165a0e214d582ad094fefc5e997bbc2d885d831b75bae0|baseball_mlb|spread|2026-07-18T18:20:00Z
2026-07-18T04:30:01Z|36c1fecf-97d8-42d7-ab0e-99b3d319f721|90ce5b35ecb48ed79e4b731bbea3817cf31ce11e4c7f1d9fbf5600c0224c08e6|baseball_mlb|spread|2026-07-19T00:08:00Z
2026-07-18T04:30:01Z|31b73f9c-c4c3-49ed-b7c3-2f3204c9ddfd|ace68388a6c80e6570917be17143731a628a092bb1dd9ec97439f90acf3210c8|baseball_mlb|spread|2026-07-19T02:05:00Z
2026-07-18T04:30:01Z|a5121a55-aa9b-4dd3-9144-ef0523c5166b|ec248015357f970b5343c462987d949aee7c57efc123304e677b8bc107e97ff6|baseball_mlb|spread|2026-07-19T02:07:00Z
2026-07-18T05:00:01Z|dac04fb2-6ed3-4a79-8b8b-7a0d6d80d7a5|8c9ad0d12fcc774be2568fe9563ff4142676667e18078516d46a9645e31941c1|baseball_mlb|spread|2026-07-18T20:10:00Z
2026-07-18T05:00:01Z|310119c0-6a9f-4f7d-9e70-fef5e55e1615|aa7c04c424d9790d72cf4ddb4e93a14147adda5e1c5c56f8975abefbcdf83fdc|baseball_mlb|moneyline|2026-07-19T00:08:00Z
2026-07-18T05:00:01Z|b1a4b265-fd21-4d3a-9a24-90f7966df017|ebef80d3203047ba2019e698ee4c831487676e09c9459a54c80a1f2d2490bdff|baseball_mlb|moneyline|2026-07-19T00:08:00Z
2026-07-18T05:00:01Z|bc81fdc7-8383-4adc-883e-aa2545c45b4e|674c1299a24de09ed0aa5db58e6ab39b3e58b3f67a0623bbe3374cd4f6385cb4|baseball_mlb|moneyline|2026-07-19T02:05:00Z
2026-07-18T05:00:01Z|e477c93b-a5ab-4f7b-b583-8671081444bf|888223fbeba57268a5b2e24237e365b890ba5bce85d7e26d99b0288c21c5c20f|baseball_mlb|total|2026-07-19T02:07:00Z
2026-07-18T05:30:01Z|458e04f4-d51d-4c65-8535-31334f2a91f7|948beccc57420f220492a59148513bef6cb4302ee89db6ca33d33363db2ec013|baseball_mlb|spread|2026-07-18T17:10:00Z
2026-07-18T06:00:01Z|54f71340-a3e5-4786-b99f-7cbee9b035a5|d0920ac0d99df575108c2733a61ce87d25a81ee621bd3a354dedf57d621fc954|baseball_mlb|moneyline|2026-07-19T02:07:00Z
2026-07-18T06:30:01Z|3c77fb37-7560-4a0f-adf9-4121aa7b1892|d5a9eae886c6ff88991b42364498a31456e51a8f3029795f51c3c5ea54f28d29|baseball_mlb|spread|2026-07-19T00:08:00Z
2026-07-18T08:30:01Z|15ef8e4e-127f-4e1d-9238-21204b6621a9|fcf49fc9d1de0b2c0e5c047ac276bbcf6e618bab42fad6fc6c1c9f263a6d3532|baseball_mlb|spread|2026-07-18T20:10:00Z
2026-07-18T08:30:01Z|b8574a31-3cef-408d-9f2b-374ece3c5de2|e3101a929d7767521dc6f14f13a9ee497ad574b02b7d1453252401514487ac03|baseball_mlb|spread|2026-07-18T19:10:00Z
2026-07-18T08:30:01Z|7a1b352d-83a5-43d4-a2d3-b247a9cd6bee|85ef0f4d13900ac6ef35e31aa0afa80b2f4f471399ebd8081141d75a1bf1e875|baseball_mlb|spread|2026-07-18T19:07:00Z
2026-07-18T08:30:01Z|57d174fc-cf51-4d54-8bbf-ceebd8cb2e68|bdbd128d6562178ab3ed988d9a8602b5348e2e51fc30fec45d6c27980b1f5327|baseball_mlb|spread|2026-07-18T20:05:00Z
2026-07-18T08:30:01Z|58cdbaee-015c-4699-afff-f1ddb5be0069|52574b6f176aae1556fa478403c162b932fd44919d85230a6878e45adc99fdca|baseball_mlb|spread|2026-07-19T02:05:00Z
2026-07-18T09:30:01Z|d10039ed-2c20-4b7c-be84-33394831fbb7|d01381c816e43a2098919bd61196fa1450551752b21d869d391826d1be13627f|baseball_mlb|spread|2026-07-18T20:10:00Z
2026-07-18T09:30:01Z|08b14758-68e3-44bc-be12-ee4a4f2c7008|b1d1b6226119a9cdbb9bb3c3a2d348da6179ab1b4e934ff874d9aa8397ace26e|baseball_mlb|spread|2026-07-18T18:20:00Z
2026-07-18T09:30:01Z|c9a57bc7-f995-4e43-b60e-de96f4427aa1|48accbd271585e6709c2570bcfe73d4b02801d937567a88192c4e92fe1e22be8|baseball_mlb|spread|2026-07-18T20:10:00Z
2026-07-18T11:00:01Z|708c2d7b-c5d3-4d45-ba3c-064743e0125b|7a896e6ff201fa92e23e083c9afaae8c3ae2f597bb9f567ebddaa93b0cd8bae8|baseball_mlb|spread|2026-07-19T00:08:00Z
2026-07-18T11:30:01Z|6d82da66-462a-4ba5-9124-45dfbb1b4b31|d54ca87933005da4d44d0240b4b764ae8a3218e5c8c8293fbd970e0417a7b62a|baseball_mlb|spread|2026-07-18T17:10:00Z
2026-07-18T11:30:01Z|0ac771d0-f926-499b-a4f2-4395ef5ca66e|2c8d0dba7098fd2b9adc3ebd21ceee2f7b192913009abe55c885da6b6f6ba8d4|baseball_mlb|spread|2026-07-18T20:10:00Z
2026-07-18T12:30:02Z|58edf82e-e16b-4a55-9020-bdcfe138b2f9|215660b5c38051be7e19742513e5f6d1364d9392f1b51c3a6eef7354120045dc|baseball_mlb|spread|2026-07-18T20:05:00Z
2026-07-18T12:30:02Z|881056a0-5bd3-45fd-ade6-2012f1f9f4bb|bdd48c87465fcc6f4a273b4ca0bbab8e238ca605e22de4b2cb1fb5584e7ebc44|baseball_mlb|spread|2026-07-18T19:10:00Z
2026-07-18T12:30:02Z|ea333811-9bc5-4f20-8529-c856229ffbdf|8581b6d89540ad19ec2ee5d6d8b5bca7ffcd5b983e8f6bac31cd111b2206fda5|baseball_mlb|spread|2026-07-18T20:10:00Z
2026-07-18T13:30:01Z|32e8abce-3514-4a19-925c-3a1b2d0668c4|e8008334d84229f9b03e2278df1854f5a2eeb90880e80d117d1254db80acb6af|baseball_mlb|spread|2026-07-18T18:20:00Z
2026-07-18T14:30:02Z|18110175-5a9d-422d-bef8-21aafa03ac7e|ac4626313dbb26e81b3eeeb5c641af0a89311a4ba22a68839f56de5d5d5623c6|baseball_mlb|spread|2026-07-18T20:10:00Z
2026-07-18T17:30:01Z|6d8d87eb-5e11-47ce-9890-fa12bb2fd59a|4bfef1172b16446fe1ae66116b64946b03e9efe8384d0a1a01296609a998924f|baseball_mlb|spread|2026-07-18T20:10:00Z
2026-07-18T18:30:02Z|9a216c99-08dd-438d-b5d5-9fc31aa637dc|82d684fd6752018bd0f19ac101791eea361e4d1fb67950ca33e11c9d142fb999|baseball_mlb|spread|2026-07-19T16:15:00Z
2026-07-18T18:30:02Z|4f591c34-6931-457a-80b7-a866b4ebfe58|1125e8a663b7cb8daa38cafa649a517841e810511ca4085603dadaa57bc39835|baseball_mlb|spread|2026-07-19T17:35:00Z
2026-07-18T18:30:02Z|12a2df89-2420-4157-955f-ab5288b711e0|ad08ddd8b6e82e7bd67ce5be860dbd1b31fd62d0eb6c4807ddf22ba9a329e455|baseball_mlb|spread|2026-07-19T17:35:00Z
2026-07-18T18:30:02Z|47fe1891-2297-4a3a-9ac6-0c97c4cfc202|029093c260de8b3a25d095275ab4469ebe7ab28cbd2b8855085ab9cd5622ac3b|baseball_mlb|spread|2026-07-19T18:10:00Z
2026-07-18T18:30:02Z|e3e35f40-8cc0-444f-999b-e29675f0e612|b209b1f6e77b9cf492348659da2e5465839e5989bcbd303c8e159b6cf1ac2c13|baseball_mlb|spread|2026-07-19T18:10:00Z
2026-07-18T18:30:02Z|4e02b08f-20aa-499f-9554-d01e13136452|512ffe492cac4700c60bb15363249924ed21a07f99effc1233ce13b24122ed2a|baseball_mlb|spread|2026-07-19T18:10:00Z
2026-07-18T18:30:02Z|d1641cbd-b642-4f01-b475-be8de8d57a3a|4cff1d979ddd2dff1729926bf0d370a61c723894adfdc7123fa85a876036e9bd|baseball_mlb|spread|2026-07-19T18:20:00Z
2026-07-18T18:30:02Z|843807e1-55fe-43d7-9c14-5138fc49ab2c|5de405de4a2a7c427054ad09e09c3f64fcb94ac1daa24063a8ca0af380caef05|baseball_mlb|spread|2026-07-19T19:10:00Z
2026-07-18T18:30:02Z|69f7b446-19e8-4f29-91ac-986f2c95aa01|28ddd2147a1802ce8cf48f9f8b1ea383df91cea86b033375719f737768e2e27b|baseball_mlb|spread|2026-07-19T20:05:00Z
2026-07-18T18:30:02Z|663642cf-0f99-4fe9-ac23-d6e0d32a28c1|663be3d8c09cee8f9f42340046373a504ebb30756f763dbee31be86b79a822cc|baseball_mlb|spread|2026-07-19T20:07:00Z
2026-07-18T18:30:02Z|94abe53f-132d-4fea-8f37-3b3aef2d0cfb|c7baa4e9e638d43600aa99c9488299a993689b901e5b29b051fc90f0f7bb4456|baseball_mlb|spread|2026-07-19T20:10:00Z
2026-07-18T18:30:02Z|ce26dc2a-2c35-446b-837b-42ddc03195b6|fc25164deac6e0dcebcfb384f129b2f9444edf0672c688fc782514e1f2c9bf5f|baseball_mlb|spread|2026-07-19T20:10:00Z
2026-07-18T18:30:02Z|39b3965a-4ea8-47ef-b7a5-182d0b84e7d4|0a0c779b1bdacb753797dcd0663aa78266ab87458d4399ebf07f6db99f7c39b7|baseball_mlb|spread|2026-07-19T23:20:00Z
2026-07-18T19:00:01Z|ca6b9c28-96bd-4a9e-85bc-94c4996b8328|6797a27b6587c6a9ac52e595a13d5c3bf245fa5fe95f8983af8e9ed9a5b44b9f|baseball_mlb|spread|2026-07-19T17:40:00Z
2026-07-18T19:00:01Z|87153ecf-9a2c-4f7b-b610-baab0064bdcd|a93600353a052e1cf052ac37cf222ffac0865fa683119614886f7ddbfeb0e289|baseball_mlb|total|2026-07-19T17:35:00Z
2026-07-18T19:00:01Z|f2485356-94ef-492e-9fca-3c84528e6db0|143588d5db513830a84c74c2db6d03ce75c5a180abf127eb3d63a25544dc7dcc|baseball_mlb|moneyline|2026-07-19T17:35:00Z
2026-07-18T19:00:01Z|007a930c-b782-401a-bef6-770db4edfdbf|fdd97d74e8d9818bdb5adb306f998fdff412ff56802faf3b7ef74006376c2d56|baseball_mlb|moneyline|2026-07-19T16:15:00Z
2026-07-18T19:00:01Z|7bfc72ba-b456-4282-801d-e84a455bc8f5|387d81ffa6b38070cec511ba682d4a48149f2fd8cbf69123eb338f60d6941480|baseball_mlb|moneyline|2026-07-19T17:40:00Z
2026-07-18T19:00:01Z|ffef5fc9-4baf-47a9-869d-c023eea792f7|012e3a9fbd0dee2f59c87c0f68f423824c58f74c7b9025a1ecc456ed3d85f6e0|baseball_mlb|moneyline|2026-07-19T18:10:00Z
2026-07-18T19:00:01Z|5ed1b021-5c89-45aa-afda-925aa3c3b032|287da3a80f546a78e09e0f4c1409601b902f7a8ffb23d3a1b56b5ef17f310dc6|baseball_mlb|moneyline|2026-07-19T18:10:00Z
2026-07-18T19:00:01Z|66d0110c-5d32-46b0-a6e5-50e5be867cee|3fa4d1d3e7f0346d44c9d838a5ac9fd5d3e1bc08b78a83df8415cb24c1b13b29|baseball_mlb|moneyline|2026-07-19T18:10:00Z
2026-07-18T19:00:01Z|a91becbe-58b5-4876-8854-2ddcd5718657|e573c80e0c1f1f31253c4b74d4da1e8664402b9c5221f8a2125f95703c8bfd7c|baseball_mlb|moneyline|2026-07-19T18:20:00Z
2026-07-18T19:00:01Z|d502c834-6cd3-4d92-a2ee-bb42c15befb8|db7aafb053953cbd88ce0ea8001107b2c75ae77fe677e109a6542821fb62a3d0|baseball_mlb|moneyline|2026-07-19T20:05:00Z
2026-07-18T19:00:01Z|44760b55-0954-4e47-a750-9880fa3c9854|3fc9f1898bf63f0d8476b15b9f161f6d3daad3c8e493fc2554860c5ee2efbdbc|baseball_mlb|moneyline|2026-07-19T19:10:00Z
2026-07-18T19:00:01Z|65170495-87bc-4b1a-b2ad-46cd407d7ec5|c674d4fa9180bf6e6a216e87f171221d7cccb934960c77cfe7ba43de8a17b79d|baseball_mlb|moneyline|2026-07-19T20:07:00Z
2026-07-18T19:00:01Z|52c01120-1811-4d72-a30a-36e4685fb4c5|f84b922ac6a834ae408c9f6972d4367c7a8f8dc7aa589cc987c3ae7cd1efc5f5|baseball_mlb|moneyline|2026-07-19T20:10:00Z
2026-07-18T19:00:01Z|1330582b-49fa-422f-91ec-74331b26ad53|602eb0c4d9ef6185391378ddb9e5599d504409c279a4dd78d199f1ca923e98ec|baseball_mlb|moneyline|2026-07-19T20:10:00Z
2026-07-18T19:00:01Z|a0842509-b2e8-4b54-86c0-12a6dec4f62d|5bff754e9ca69560231cb1016e569ae14fff2d553ab894de627b127bf8c7591a|baseball_mlb|moneyline|2026-07-19T23:20:00Z
2026-07-18T19:30:01Z|d7871ac8-bfe7-48ba-ba30-ed233316bf86|c277534ca3d2406a3768aa8bfdcde03f04f7497d557650835a26ef1c45310f03|baseball_mlb|moneyline|2026-07-19T17:35:00Z
2026-07-18T19:30:01Z|19e131f7-e3a3-45d5-885c-c2a5c12b60a6|87e74f55afa8d19efe087baa991ed822787d9e161403b640f862397030ee5b52|baseball_mlb|spread|2026-07-19T02:05:00Z
2026-07-18T20:00:01Z|593a13a9-fd9c-4436-8133-414067688176|4210f7afbde9c44769dd02adeec386f1bdae062b8ccae94f7b1da0063f58db75|baseball_mlb|spread|2026-07-19T16:15:00Z
2026-07-18T22:30:01Z|fcf6eac6-9ce0-4ff7-b282-efb86fb5cfff|3db7e7a3b53b6ea52d6a2446faefa5c2e21f1a9530b6e472b0bb4bdd08f12261|baseball_mlb|spread|2026-07-19T18:20:00Z
