2026-06-24T17:30:01Z|3c3aecb7-c183-4c9a-8da7-287463e9a796|668376f8c6bc990d35b4f5de2be7fa9f3a350b77c7c39448c1d55b6b5f546cae|baseball_mlb|spread|2026-06-24T18:10:00Z
2026-06-24T17:30:01Z|37543e06-d7bc-4e6e-88fc-b1e0bc282410|8126f57e9fcd6452abb632ce9475c044859ab5da1d6e3094c8e2ff749c2bd9d0|baseball_mlb|spread|2026-06-24T22:40:00Z
2026-06-24T17:30:01Z|698aa4b4-2af4-455e-a8fe-f39d5c6f73df|b9762e1fe1b41346c78a804fa78c85a678c44fddca5416976c7f4edd470c6d5a|baseball_mlb|spread|2026-06-24T20:07:00Z
2026-06-24T17:30:01Z|604eb7a0-ccd9-4f74-9404-e6f343b04bdd|890d8093f4a0bedb7959a54fbe8684d0cadd37aac261a406959bdb42af245ed3|baseball_mlb|spread|2026-06-24T19:10:00Z
2026-06-24T17:30:01Z|8544922c-6655-4e15-b0c5-3bba9e288765|863eee3eda70dca65797aa5439dd7583f5d890d2a1d93e0fc241c0d9c15a6b46|baseball_mlb|spread|2026-06-24T22:40:00Z
2026-06-24T17:30:01Z|085c33f0-7b5b-4b8e-8b86-dbcc91cdff51|ff42c96f8dd976c9857e430d82ed69f116c2676791f5b5f58061656205681210|baseball_mlb|spread|2026-06-24T22:40:00Z
2026-06-24T17:30:01Z|526a6491-0e8e-4f1e-92bd-cc5d51c4c049|13b6793689eab00be52a5840c95865720e72bd237a2a3394c4d62262a019799a|baseball_mlb|spread|2026-06-24T22:45:00Z
2026-06-24T17:30:01Z|5ea81937-f6eb-452c-98ce-2fc7b21768a7|18042f0f656699cc01dbdc0790f5e7adbfdc2d552faaebcaa32f79eaad659693|baseball_mlb|spread|2026-06-24T23:07:00Z
2026-06-24T17:30:01Z|228f573a-79db-40f3-a5eb-ce540cb20ebb|918064a104200e58880e705bcc48493ae200a2ec11235e174dd356d86566bb07|baseball_mlb|spread|2026-06-24T23:10:00Z
2026-06-24T17:30:01Z|4ee21078-1a38-4f9a-8bbf-6353386b7672|f13c92db2852d80954e07331835ad148dbea5e92152ab603856b74a8ff8c63c1|baseball_mlb|spread|2026-06-24T23:10:00Z
2026-06-24T17:30:01Z|156f2b07-abd4-4dce-ab97-4a792a89fb45|76a81c27d3ad4b567b5809d7cd7aa00c7394267d483e5513afa707cc7e845ce8|baseball_mlb|spread|2026-06-24T23:40:00Z
2026-06-24T17:30:01Z|c281cbe5-968c-43f4-b341-3e0f7768c5d4|6a15c71589a8ccb0fd345b6f08ac10f370c6b7028f9ec05a9edadd0e828c446b|baseball_mlb|spread|2026-06-24T23:45:00Z
2026-06-24T17:30:01Z|c22e9b2f-bcdd-41cf-a6bb-f565d6ebae17|13190c2c173545f9772b10b5b4356e02152b492826c3245fbfd830f74c05fbae|baseball_mlb|spread|2026-06-25T00:40:00Z
2026-06-24T17:30:01Z|1d9b6f1f-331c-4662-9314-4343074d5efe|d7ce4fae44dbfc3629e1d256751815f1916e8217d10d2e3357f9344f4ef39163|baseball_mlb|spread|2026-06-25T01:45:00Z
2026-06-24T18:00:01Z|da867270-0712-4ea9-9fa4-f9a26bf43f7a|f4ce987682d43f135b13fd80dd41fd63c5b32c76355aac062c869d9f1def1048|baseball_mlb|total|2026-06-24T22:40:00Z
2026-06-24T18:00:01Z|f9d1d1be-eca6-4954-bee2-3a10c99b34da|58a3636fd581f49cde10728815d3a7d8922b118be8c04dad63da756fa13e9f32|baseball_mlb|total|2026-06-24T18:10:00Z
2026-06-24T18:00:01Z|1ef6b97f-c6eb-428e-961e-c06a876e528b|00d556650cf8b42aa9cefc51beff50ec9c545c87327afd87a05c90df07227906|baseball_mlb|total|2026-06-24T20:07:00Z
2026-06-24T18:00:01Z|a380f571-c958-47db-9df6-d08969ec1ef6|0ac5c3f4788ff750219498cc6290c34e96d246f7efaac138ce8c8ffa10c3b525|baseball_mlb|total|2026-06-24T19:10:00Z
2026-06-24T18:00:01Z|76695d33-587d-4553-a2e8-c34bbeecf306|8ad79825c2b4132f04153243277ecd4994bd261d68e4ea851c7ddacbca409bc6|baseball_mlb|moneyline|2026-06-24T22:40:00Z
2026-06-24T18:00:01Z|29c80464-22c6-4662-9130-70aa997cce0f|7b220caedae7ac53062d0cf09b4c80897211c130804004dec1d4c9272bde0bb9|baseball_mlb|total|2026-06-24T22:45:00Z
2026-06-24T18:00:01Z|22e6b757-1c19-4371-ae4c-00df21278bb5|4886ad9c5b253c75986b444b0c5bd86bb996e8a6e6f62e2f2d9029224ccebf06|baseball_mlb|total|2026-06-24T22:40:00Z
2026-06-24T18:00:01Z|5076d363-05de-4820-ad30-4975d9586063|b1636dcbc0709439d4b96129bd82a4416223340b95c020ce119f57da666e517a|baseball_mlb|moneyline|2026-06-24T23:07:00Z
2026-06-24T18:00:01Z|1f7aec11-2e88-41cc-8f02-76f188456404|c03a30840385345f0260305125798f261eef92bf759592a554143c02bcb3560b|baseball_mlb|moneyline|2026-06-24T23:10:00Z
2026-06-24T18:00:01Z|3c56aa38-3174-43df-ac81-61657e52bb7b|527dfcb7a165a5b4740d9981547b9f043ea7862f6507ee1905703c6be45b3015|baseball_mlb|moneyline|2026-06-24T23:40:00Z
2026-06-24T18:00:01Z|cca9d412-beaf-499e-b114-079b26c87fcb|b45d40c6ac4cfb896a3b80ba5f51509ea15536ed26370b5b0e73b9b32f954f6e|baseball_mlb|total|2026-06-24T23:45:00Z
2026-06-24T18:00:01Z|5d100280-0c0a-48e4-ad93-fc78b4e7a66a|842ce25d313787c1e5f7fdb5752af8501e1913db4a078bdf087e77706b03b6cf|baseball_mlb|moneyline|2026-06-24T23:10:00Z
2026-06-24T18:00:01Z|acf84ff4-36c5-4bba-89a5-a10758deb38c|729444ce66d01e3dd1492e0dada5ec8372c1125f881f2c13a785dbf69306c91f|baseball_mlb|total|2026-06-25T01:45:00Z
