2026-06-08T03:30:01Z|7c535f58-be12-4e0a-947e-89b60a7d9595|7248a52cc385f330b7bdd97f47a403b109638e6ffa9aaaf8eabf4bbe32010fc9|baseball_mlb|spread|2026-06-08T22:40:00Z
2026-06-08T04:00:02Z|8e6d5227-55c0-4283-84d2-c38c1217221f|17e68e6cdd7ac8f567c7358e04883ff32c1009f4f944f2860cf5b9fc7f903fec|baseball_mlb|spread|2026-06-08T22:40:00Z
2026-06-08T04:00:02Z|b52b1d5c-520d-48f7-adec-aed58c647e89|89e6fefad5a07527c6919580e45c7cd8cde913cef5413ee124436b3399fc2b7d|baseball_mlb|spread|2026-06-08T23:07:00Z
2026-06-08T04:30:02Z|2f607c8d-786d-4ded-89bf-922973e464b4|9e29ecb9ac2043984badb33652d3e490d95a29119f40790489d1d8bbf220474b|baseball_mlb|moneyline|2026-06-09T02:05:00Z
2026-06-08T04:30:02Z|b1cbe516-e85a-4d2c-9651-ad95c46bfdae|ab28887931f86d76e30237d5c12809eef3333f5e3c7066d1cb3c329ffd0d039c|baseball_mlb|moneyline|2026-06-09T01:38:00Z
2026-06-08T04:30:02Z|e1fce39f-c5ce-4c8d-a244-fcfa3b29bfa7|0f907a39ed57e7af1e74a97032e6afd1bdcb3d82d6ddf68388eba961f45f02fb|baseball_mlb|total|2026-06-09T01:40:00Z
2026-06-08T04:30:02Z|2208e0a0-1476-4e4d-a776-76753cf41cf7|a335d7e66173c3ddcf2d09024c57f7a4a91a4513a99634d0da1af582e6213c66|baseball_mlb|total|2026-06-09T01:45:00Z
2026-06-08T04:30:02Z|996b2dcd-041f-436c-9f14-11ccae463fbc|ee1ea289221afa9347c96004d1eeebb93edfee633f975a02a0e0be12b82d5243|icehockey_nhl|spread|2026-06-10T00:00:00Z
2026-06-08T04:30:02Z|806c13d8-3792-41f0-92b2-f8241c8b5ae4|f428fc2ddde8a25a4b4b7246eb9c07e390637da5d855f72bb9fca858e46341e2|baseball_mlb|spread|2026-06-09T01:40:00Z
2026-06-08T04:30:02Z|4bc14199-987d-458b-9c66-638d8da2d37d|54c5b91f73207469ff1d4a1bd21daef7da642bc971271c2ba5c25af4b9ad0d42|baseball_mlb|spread|2026-06-09T02:05:00Z
2026-06-08T05:00:01Z|4948653a-11c3-4f0e-a657-6e3fefbbce3d|74addbecbadc978754b0578ab1275470ca574ac5034be8c8a290ac370cf0d2f4|baseball_mlb|spread|2026-06-09T01:45:00Z
2026-06-08T05:30:01Z|d97ea468-450b-483d-9efa-9614cf9dc772|48fe95d696c8b992d8e8156cb6611d7796c720d27ffbbdd859e160ce972ab880|baseball_mlb|moneyline|2026-06-09T01:40:00Z
2026-06-08T05:30:01Z|2d4515b1-ca41-45ae-93d1-f142fb841835|9507f8b3a850d383f2a763ff495b9f491663f1ca8ba4d761d1f3b2bfe5cd0c54|icehockey_nhl|moneyline|2026-06-10T00:00:00Z
2026-06-08T06:00:01Z|a6e84457-b940-44c4-998c-e66085a906bd|61a52afce03bed91967f495a89b6c9010e28471db1993f2d692ff93ef20f6420|baseball_mlb|moneyline|2026-06-09T01:45:00Z
2026-06-08T07:30:01Z|907b3750-4629-4a49-aa86-8652d28e0ed9|ba7632d97f295ae8fc4a8ce81034fa5f77c1827b269b16a1ec7ef8578f1711a9|baseball_mlb|spread|2026-06-08T22:40:00Z
2026-06-08T09:30:01Z|b3a43b23-a7b8-4e47-8862-fcdd1895866b|21600ba7c091d3a4cfd8f0865cbde2badddd731dc2bd5c54f2c93162cda50624|baseball_mlb|spread|2026-06-09T01:38:00Z
2026-06-08T09:30:01Z|cadf44f4-b52a-45dc-b202-e15348f27ee4|e7551d54210e0f06c68bc76b527d7fbe951ef93938eac8df95d8a3a47d820b62|baseball_mlb|spread|2026-06-09T02:05:00Z
2026-06-08T09:30:01Z|19960f71-fccb-47bf-84d1-ff16fee25c49|72b922331da63108a020d6ebf39908ad7686c34dda5b69a69601a6c9d63bfc75|baseball_mlb|spread|2026-06-09T01:40:00Z
2026-06-08T09:30:01Z|3f060759-9b0e-48cb-8d0a-1e6de6ed2949|023da8d5b792694dd08ef3368e09b12ce392be7e6c61255ac853968eda5d7baf|baseball_mlb|spread|2026-06-09T01:45:00Z
2026-06-08T11:00:01Z|a1be6581-dc13-4dbf-a78f-89559934bad9|a6b2a1215ba4279380d3981449f69a1a235947001043a6554689847f350d5fa1|baseball_mlb|spread|2026-06-08T22:40:00Z
2026-06-08T12:00:02Z|ac8cf4ee-9fb7-4b02-999f-41d1bfaf75b0|bec5ac199450e54a6ce02d1bbbb237217b05ddc714f6b027a68732c2d07f1f93|baseball_mlb|spread|2026-06-08T22:35:00Z
2026-06-08T12:00:02Z|ad115a81-0169-4ed9-ae7e-fc8185c54eec|84b467ee175fe4960dea3b37b66504c6b7deb93943cf470994dd7dd1f2fbd92c|baseball_mlb|spread|2026-06-08T22:40:00Z
2026-06-08T13:30:02Z|bf9cda8b-94d5-4240-80eb-f05cab8976c2|bb74aefdc52e4d67530769e362d54e18e5c93f1cfdad311b8df9db334701fae6|baseball_mlb|spread|2026-06-09T01:38:00Z
2026-06-08T13:30:02Z|6b62cdfe-65e9-47dc-91d9-4cd323103507|e088c99b8d23e0617bc4dd2425d5ec0783ae941e176048661c70e850e4fbf417|baseball_mlb|spread|2026-06-09T01:40:00Z
2026-06-08T14:00:02Z|b790f6e0-eb94-4ffa-9888-052d3f0b74ff|659976d40cfa6c49c4ce0c8f92c136c8f1d60475afc0e03ecdaab03e80bfa1a5|baseball_mlb|spread|2026-06-09T01:45:00Z
2026-06-08T14:00:02Z|00f80d94-71f4-4e57-9c68-37b47fd4c8f8|3f37dae5193caf3898de18739292429e753c4bc6f79a2dd0be71aaadb6c6ca4c|baseball_mlb|spread|2026-06-09T02:05:00Z
2026-06-08T15:30:01Z|2795b0a9-d36d-4f41-a78c-d80aa73eb769|e0137e26405d6eb2eb69662967b9f51101e8598c1d6ecc68c9f513eaf18d82a8|baseball_mlb|spread|2026-06-08T22:35:00Z
