2026-06-26T00:30:01Z|db3a613e-29d8-4614-b5b2-d3a969492086|00ee933233ba4758ff0c63b05b97b4926b18462f1386212751fa88e851d862a0|baseball_mlb|spread|2026-06-26T23:05:00Z
2026-06-26T01:30:01Z|448b850e-bcc2-4d9e-b16b-3ebf6303429e|03909a95b6989582283ab4e6d5d416af45367b19af33ddee9186f64b5bc5f102|baseball_mlb|spread|2026-06-26T23:10:00Z
2026-06-26T02:30:01Z|023bb00e-62b9-4107-b769-d580a1d04df5|5fb47ba5588dfdc933b937d4c39d89dfbfc2a2ec648a32a0084246d148d28d37|baseball_mlb|spread|2026-06-26T23:45:00Z
2026-06-26T02:30:01Z|03743b0b-73ab-4927-82f6-afa7048bc1ff|a5e2d2c43c104a54c0cca0eeb43b8a9373ef28649e96cb858d76bf6ae5b81190|baseball_mlb|spread|2026-06-26T22:40:00Z
2026-06-26T02:30:01Z|fc9142cd-0608-4b1d-9570-a1a80ab459c9|d8dde099a817e157f674467ce0e44116d4b0a1b2d307b7e7b07f50177442a745|baseball_mlb|spread|2026-06-26T23:10:00Z
2026-06-26T03:30:02Z|96e60a1b-aadc-4a77-8bf2-a1c653ea13e1|54e29a96c8b649b3834122605eb9e421364cca46d3b3ab3d5e12732870aa1d33|baseball_mlb|spread|2026-06-26T22:40:00Z
2026-06-26T04:30:01Z|8ed47822-e0df-4fa7-8230-db465d5fd14a|e83d883674322b7b0979d152b4dee553885b287478dbfcacbc2f2451ce2ea2b6|baseball_mlb|spread|2026-06-26T23:10:00Z
2026-06-26T04:30:01Z|18c86719-ed2c-46b5-b236-5134ecf5e5ab|c50da29972372ffffc9b3de7863f001b63aaabb2843e6649ae4fa03421ad1a5b|baseball_mlb|spread|2026-06-26T23:05:00Z
2026-06-26T04:30:01Z|cb8bad73-b18a-47ae-8f1b-923407f8bdbc|b5c5499221730812a5fb6945d6c1dffe7292e3a5056e6d23db73da9a825e5e85|baseball_mlb|spread|2026-06-26T23:07:00Z
2026-06-26T04:30:01Z|5088d2f8-ca3b-4754-9f55-87c8f28972a6|516118f7b49cc2962a609f51c41e7c406788305c505d9c3d1dcd73565f8f2886|baseball_mlb|spread|2026-06-27T00:10:00Z
2026-06-26T04:30:01Z|d265dc9f-0360-4736-b102-94b460f8f97d|751d679c8a516455124e0c2dce08866061894cc328067acfd1e472a15ea246d9|baseball_mlb|spread|2026-06-27T00:15:00Z
2026-06-26T04:30:01Z|410a72b9-0330-4bcd-b329-25f1842a1a8d|700f473571173bab9ba1dd122db96cd0dfa0166299651611a052dc440daf7e07|baseball_mlb|spread|2026-06-27T01:45:00Z
2026-06-26T04:30:01Z|3b82bc7d-32ac-42ac-99c5-a38a922fde02|94d3564829b4c9a3e7c5575b36ba04bdb8a7856fac90033aee63ec10a6539705|baseball_mlb|spread|2026-06-27T01:38:00Z
2026-06-26T05:00:01Z|8ef074d5-e69f-482c-b1c1-59d98f766bb2|d78dba99004aa657942e37b46eb4aef4c1d59b1b6bfbe6a0b4d3a275d2986684|baseball_mlb|moneyline|2026-06-27T00:15:00Z
2026-06-26T05:00:01Z|3a5063d3-c742-480a-959b-6ad606a7b268|77e323e40798efb5d7668d08764d4a0bd4186cabb360acb23443e9bcd97eec27|baseball_mlb|moneyline|2026-06-27T01:45:00Z
2026-06-26T05:00:01Z|1bb0a879-046b-40de-8191-e80c667acfc9|2cd8dfd9a73d9e95a7986d266aae07e49225498213c07d6f8e97b069441d616f|baseball_mlb|total|2026-06-27T01:38:00Z
2026-06-26T05:30:01Z|c41717e7-cd4c-4857-a1b1-664dcc288d46|2b6accd6f29ada45bfa09b0ace0d21e106da01dc646917d641db3b8461f2d278|baseball_mlb|spread|2026-06-26T23:10:00Z
2026-06-26T05:30:01Z|78bfcd4b-4aec-4f2e-a541-ef6de35e32a6|7aa9c19bdd64102cde9a045c5d06810981285d10e690aa9ad9b51235d51d3c82|baseball_mlb|total|2026-06-27T00:10:00Z
2026-06-26T05:30:01Z|3e917f48-09dd-4973-8fcc-479fb2da8954|568f0dfaea85e7efea6b4cc543cf515444d3890b7f79cec1741fcf820096fc19|baseball_mlb|moneyline|2026-06-27T01:38:00Z
2026-06-26T06:30:02Z|d6a004e7-a311-4395-9c5b-0e81c7eeb483|35283a43d1311b66074945ed86e0b2191685b7c1c51986e239c21335878d1007|baseball_mlb|spread|2026-06-26T23:10:00Z
2026-06-26T06:30:02Z|124f66b7-97d0-46ca-985f-f1547d375951|310bcadbc7ddb03cebf60361bf8d6a36f8cac8f7ac4c1b15686a7eff6f1f1387|baseball_mlb|spread|2026-06-26T23:10:00Z
2026-06-26T07:00:02Z|8fad0a6f-6359-40c2-bab5-a9e8e89d0ddd|85fe85505ba6e734a6388a7b52c9658f376ffc8c5c61b8e04b5c950e4705778b|baseball_mlb|spread|2026-06-26T23:45:00Z
2026-06-26T07:30:01Z|e2a588ae-e2c1-4434-a2af-973d62a40515|b907f311a32bef19b385502557e291a9586ea93e014e9b44c3d95ef9eab722a5|baseball_mlb|moneyline|2026-06-27T00:10:00Z
2026-06-26T08:30:01Z|9f930dc7-668a-418c-9dfe-e29a9e9aae89|f967ffeb4f63275b0b4fd7a41ed5afe3355ef4eec74ad7a069c59137d0588155|baseball_mlb|spread|2026-06-27T00:10:00Z
2026-06-26T08:30:01Z|4d546c84-36fc-47b0-915a-ce61f19b1078|0003cfe41771e6eb7fda51e93c4b1af54fc22ee719ada4ac5c22c2488beab4aa|baseball_mlb|spread|2026-06-27T00:15:00Z
2026-06-26T08:30:01Z|bf37053e-591b-4fc8-8abd-e4187240c5f5|64f125e07f678491622411d6c7e6416d85a820985527f1b4bd887cb3de1e4dce|baseball_mlb|spread|2026-06-26T23:07:00Z
2026-06-26T08:30:01Z|1d604bad-a7e3-48a7-895c-ed7e437f4536|073c1246208823e37401bdce751ef14999eee511149dce8893060726aaf9c61b|baseball_mlb|spread|2026-06-27T01:45:00Z
2026-06-26T08:30:01Z|fa2f23fe-3e72-405a-828c-02865ac42e6b|98cb3440387a3ddc393531534eddce19a7f5cd50b4693ec516658e5012cb2ab5|baseball_mlb|spread|2026-06-27T01:38:00Z
2026-06-26T09:30:01Z|0cac1ad2-90bb-482e-90a6-3f0d1c2de1df|4a579103aea874bce9e94bddf0478fd0059283fc7412acf02a4d1e7cd8e6003e|baseball_mlb|spread|2026-06-26T23:05:00Z
2026-06-26T09:30:01Z|df1d6af1-a4fb-44b1-b2f3-cbd1fc768e36|88587ddcc24cffee71303f4946641565d967cab863330b0dce69f75e7cf34724|baseball_mlb|spread|2026-06-26T22:40:00Z
2026-06-26T10:30:01Z|f7b890d6-f5e2-48ff-a2ed-52e99874df7b|98b7177076958dfff88fe241660f17f86b86ddaca50ffad07efbeb5e6196fa67|baseball_mlb|spread|2026-06-26T23:10:00Z
2026-06-26T10:30:01Z|4b1e203e-18cd-4ae7-a94d-e812f155b132|9e04d38afdf119c8bef3adfe272a5e08fb10ba2b91026665f1af906342d981e4|baseball_mlb|spread|2026-06-26T23:10:00Z
2026-06-26T10:30:01Z|c5bea71e-5d38-41fc-aef1-eec6ccc22461|9bde33b39af86734058775dff4e23ca92fd06923528c9b5e0736fd1a1391d24b|baseball_mlb|spread|2026-06-26T22:40:00Z
2026-06-26T10:30:01Z|56a8ef5f-e1d0-40e2-9197-a20d80019d2d|8e289350075aebd0fe420d28f1f67ef691f85b3bb1b9e9b79646061a7c1c8092|baseball_mlb|spread|2026-06-26T23:45:00Z
2026-06-26T11:00:01Z|b0e525ce-bbf7-4074-984e-52cf80183b16|eafaa98589cf8d93f6336389d18296d85e874deb6059f2f0b47c0025e4366f12|baseball_mlb|spread|2026-06-26T23:10:00Z
2026-06-26T11:30:01Z|e093080c-7e0c-4285-bef8-d152a935405f|b89a6dcfaff25b78b653a872b4981fec87ee4e5b6626580026b797ac5c13ea3a|baseball_mlb|spread|2026-06-26T23:40:00Z
2026-06-26T11:30:01Z|e214d09f-6235-4675-a39d-6838c0ca67b4|04603e0ddeae0debec7cb064b8989464ba9db9e55f2a896b1d4676dfecb311a0|baseball_mlb|spread|2026-06-26T22:40:00Z
2026-06-26T11:30:01Z|5b3df554-4024-406b-8e13-35b72b41e864|6d62f9c860d92cf224bf5a537f5055a43fac3737b93ccd49123666e45051a6e7|baseball_mlb|spread|2026-06-26T23:10:00Z
2026-06-26T11:30:01Z|b311e154-920d-4a89-b38f-9b54bc3ab97c|0e8a1fe43dbb791b708f11538de1bf8527c5ef74a2ea48cc130b3f37f1df9f85|baseball_mlb|spread|2026-06-27T02:15:00Z
2026-06-26T12:00:02Z|2a9fece6-edcd-433d-b448-553276bc5e98|bf2c518b561101ed989de34af8067202dedcaf0165d4ac8b62ff264f4b700f7a|baseball_mlb|total|2026-06-27T02:15:00Z
2026-06-26T12:30:01Z|3adc7498-7b83-4c5e-8d07-63a083348839|a0ef0c82b928946e39546b0d2313412c9aea5eaa17ebb5c7d6a4ccbb7d6375a1|baseball_mlb|spread|2026-06-26T23:07:00Z
