2026-06-03T02:00:02Z|84ad3a0d-5119-4f3f-90af-e7ce3b41dea0|0f07ace4abaa7043f692faaa47bdd1423b50384a3711c5afbd3172b319abc478|baseball_mlb|spread|2026-06-03T17:40:00Z
2026-06-03T02:00:02Z|1e356d46-3202-4f14-a641-8dbece303a6c|90d544bc7426d8c32cd53bb609a42449b84c2c165a49fd888638b7b229582de8|baseball_mlb|spread|2026-06-03T23:45:00Z
2026-06-03T02:30:02Z|ce6775c8-19ac-4a4f-9358-8f8030effc82|828c1d0cd7e9d597ddafdb8a93bb8401b6dbcefcc20c9640cfab1832bf52899e|baseball_mlb|spread|2026-06-03T23:05:00Z
2026-06-03T03:00:02Z|90489318-7126-409e-a14f-89ff37fc18d9|fac3a8566cbbeb2d08b8a0dc05c0f366547ada62f66f3d6baeaa7b5c3c31076b|baseball_mlb|spread|2026-06-03T22:45:00Z
2026-06-03T03:00:02Z|9c2b0c0b-390e-42e6-a7ed-86311610145e|226f946e7ea916969ffdba3df4906d637a4e838356922cbd668de59b60b35d75|baseball_mlb|spread|2026-06-03T23:40:00Z
2026-06-03T03:00:02Z|ce4da905-37f3-4280-80f0-2970025ccb2e|0231bfaef27c2d6eaa64bb3e99dbdf232248e694e48b32034488e3c7ed07f0a0|baseball_mlb|spread|2026-06-03T22:40:00Z
2026-06-03T04:30:01Z|61a0f747-4588-479f-9a25-2edc6a69831c|537e60889a434963d6992ba35edffdc167350a97303d1ee7d02dee4eb2a4b14a|baseball_mlb|spread|2026-06-03T19:40:00Z
2026-06-03T04:30:01Z|f8991c5e-51de-435a-9a4d-77438ddd7fa7|569fd49f939886545cdbf48088e42b40ee186dcb42a1fba2fbab190078e825b4|baseball_mlb|moneyline|2026-06-04T00:05:00Z
2026-06-03T04:30:01Z|cdde6b56-41e6-4aaf-b3a4-24c5fff2f24a|557110a0e7c4afd7eb410be037ccf2d47d9a142f96f8eae9ebb1c7d87c921afe|baseball_mlb|moneyline|2026-06-04T01:40:00Z
2026-06-03T04:30:01Z|408c1251-6f15-49c7-b0ba-7073d47f81c4|b97a3efa28f1c0e84a32e46f3cbeb5a589087930e4937b6e014d7e2af8aa4796|baseball_mlb|moneyline|2026-06-04T00:10:00Z
2026-06-03T04:30:01Z|6e79db38-5abc-4d89-b353-fc1d94dfdf71|31922742d10a07cd2100b4e6a07a5812f70bd00cdd3aef1179ba45100c751083|baseball_mlb|moneyline|2026-06-04T01:38:00Z
2026-06-03T04:30:01Z|540f7421-376d-4e1c-b1c7-8009a7def06a|c68f6abb3c0dd58937069f08236d915318d6b7af4013fb5515171a8c2418c4bb|icehockey_nhl|total|2026-06-05T00:00:00Z
2026-06-03T04:30:01Z|6659ad3a-b77d-4164-b933-40646b6985fc|7e8fff3fc25435d11c3649dd34a784529ec344b72be7d90138f3174e2a81bec4|icehockey_nhl|spread|2026-06-05T00:00:00Z
2026-06-03T04:30:01Z|5230d7f6-0418-404b-9240-b9a2b77bbfa2|ab516df8c0d777a4dcf6879ab246bc9a4d002b4d07fe149f4706ea381acad4a9|baseball_mlb|spread|2026-06-04T00:05:00Z
2026-06-03T04:30:01Z|0e27f9d8-9cdc-46f4-8dc1-30ad9e5eddd9|abdf794073aa95f60a5c149689cb4361498e049ec7a2961709f9384f8e7d7a49|baseball_mlb|spread|2026-06-04T01:38:00Z
2026-06-03T04:30:01Z|f17a5804-bcbb-49f6-a7de-fc79c93d5b0b|8d9cef01e459d11494d54085daa108ffed23e9aa1798b23cd9d98e8c6b8025c2|baseball_mlb|spread|2026-06-04T00:10:00Z
2026-06-03T05:00:02Z|65f3784f-22e1-4076-b38c-612daa442b79|fedd1af2a600066fad7a73c0678a1c944bb27ebd0655b3aab57db18b752b4344|baseball_mlb|spread|2026-06-03T17:10:00Z
2026-06-03T05:00:02Z|047f7c26-7e9b-4563-bc4b-b51617a6ca45|bd822e31ae6a610d30532356d50b6af87ad47190cc5244a22a43f70d69b1a510|baseball_mlb|spread|2026-06-03T23:10:00Z
2026-06-03T06:00:02Z|4319ff00-98c9-4cfb-a7a8-b5e8050466db|531903c921617d5b808ed10c7d33f2daf1d6441a1b82bcbe0088d5717f1b5dda|icehockey_nhl|moneyline|2026-06-05T00:00:00Z
2026-06-03T06:00:02Z|4d1fa397-f52d-4c59-b5e1-882c8ddc460c|763f652214b44ca1abe87f712b94a045f3422894d4a7f62d4e851b05def443f8|baseball_mlb|spread|2026-06-03T23:45:00Z
2026-06-03T06:00:02Z|2de39878-698b-4af3-bdf4-0fd617bb7441|e56f3eb93059bf9f0b9268bfd611c633edec7200bfd2518ecfb778b004ce9995|baseball_mlb|spread|2026-06-03T17:40:00Z
2026-06-03T06:30:02Z|beeb9c60-b56a-4a5f-b45d-f7fa774cb95f|451b7d817f62cbb4bc798c7d2a6840e771a841a8482d90926e5a0b48184ac044|baseball_mlb|spread|2026-06-04T01:40:00Z
2026-06-03T06:30:02Z|8d0129f1-10a0-4342-968f-2aab0f6f2cba|89a85a4ee696bf625aad08553b59eeda6748ee8146dfc329701b186265fe09e1|baseball_mlb|spread|2026-06-03T23:05:00Z
2026-06-03T07:00:01Z|85bf28a2-c146-4db1-ad20-72f4c2e72a99|3d88d775a41489efdfef4ec4d450dfc5230a38665ac3ae5135c9b703f6c735c3|baseball_mlb|spread|2026-06-03T22:40:00Z
2026-06-03T07:00:01Z|e8111066-3806-4d85-aec3-da2ec65a1eb0|27aa6870905e4caccd84e7c6ea36b83494aeb8c22140ffd7aa100068d91a7cb0|baseball_mlb|spread|2026-06-03T22:45:00Z
2026-06-03T08:00:01Z|6b4c7b3b-ea80-4e78-ac18-0bb7f8cbebd7|3b5bf17b0cbba9a9508852a611125731eb9e0a2c0253ac821ee84f48230eefae|baseball_mlb|spread|2026-06-03T23:15:00Z
2026-06-03T08:30:01Z|116c6a8e-1ae1-404d-84a0-af977318fc86|5c6be0a81c2891811f4f3b9ad5e78460ef25caa20a4cb172642e2cfc69959fe2|baseball_mlb|spread|2026-06-04T01:38:00Z
2026-06-03T08:30:01Z|d8d8a356-d450-4460-85a8-64f91a5e1aef|50ac8110852b1c1f9e2a4144c0da77a02c0309f04e44778aa781fad80313d028|baseball_mlb|spread|2026-06-04T00:05:00Z
2026-06-03T08:30:01Z|78120714-c671-4b14-a8a8-1f445b7394a4|dce9d4165daf174dec82459bd4c12fac69c08137fdacd2621a481ad7381136ba|baseball_mlb|spread|2026-06-04T00:10:00Z
2026-06-03T09:00:01Z|a609857d-fec6-4f5e-80f8-e1ec62c793c4|d3da5818530bd5de6065498696043324138d8a6f1572d533fbc97c96c51072b8|baseball_mlb|spread|2026-06-03T17:05:00Z
2026-06-03T09:00:01Z|7d4637c1-9a35-4cd6-a6e2-665befac0c84|9c41745d29b8f0874328e4cffbde2bd94a80867d176073002d16cb776b1c24b4|icehockey_nhl|spread|2026-06-05T00:00:00Z
2026-06-03T09:30:01Z|b08db00e-cec9-41a3-b4db-d7ff30995303|a296ae3502a7f6fd6acfb5b568064b6f7d4da11dd156741b8d2b4dd9d6dc1a15|baseball_mlb|spread|2026-06-03T17:10:00Z
2026-06-03T09:30:01Z|5fc85947-7872-4df0-ab90-a31adc8da29e|6a6ab9e9f769b5c69e6cbae9ff49c3af3965f492c57c94e11b3c2d0b17ccdf92|baseball_mlb|spread|2026-06-04T01:40:00Z
2026-06-03T10:00:02Z|4f419166-a4e5-4e9d-8bbc-0a139790618b|cb19a2fffe3c202d2416cd84bb23219f9a86fffce7808ef5557208d2793d3e4a|baseball_mlb|spread|2026-06-03T23:05:00Z
2026-06-03T10:00:02Z|36045df2-faac-4155-a67a-1efe208c91cb|51daef7df725a733e55a8c57389f7a7e4dbd1b82db2c1df6fd732f58a7053c7d|baseball_mlb|spread|2026-06-03T23:15:00Z
2026-06-03T10:30:01Z|5e56ea92-6074-4aaf-8b7b-2ce6e67ccff9|e22956f6940d6ef64b3c373fb5677fbf42cb3fa830162ff644eb0e70857c5d5d|baseball_mlb|spread|2026-06-03T19:40:00Z
2026-06-03T11:00:01Z|50c38e2f-0056-46ed-ba6f-55d236037c7f|78911bee42d69ed332e8868c44ecf5da67df702a24ba05d0ce9f8095305fdf06|baseball_mlb|spread|2026-06-03T22:45:00Z
2026-06-03T11:00:01Z|cdfea73e-ddcb-43cc-9f86-be10ccefad86|6a103e81b3213b15eb5c5c42cec4d8c8e63cd73758fe95512db3fc60fb685946|baseball_mlb|spread|2026-06-03T17:40:00Z
2026-06-03T11:00:01Z|2db345c0-ff32-40d7-b1ce-146a7349b02a|1ef63d20719769ba20860270aa9c2652200574305cf3eacf1c7a2281cc339a4a|baseball_mlb|spread|2026-06-03T23:40:00Z
2026-06-03T12:00:01Z|aebc4c5f-0996-4c93-a24d-02ce918bb9a6|3e9906821fc2b047f09094acc42be1ca54809cf1926cfa55aaf8b225dab6575f|baseball_mlb|spread|2026-06-03T22:40:00Z
2026-06-03T12:30:01Z|4291c104-f51d-4391-873e-f2a0bdc04872|19db662e014f754caf8e2a0344a4807e1c803eedaf2214b7df86e517a5a6b19f|baseball_mlb|spread|2026-06-03T19:40:00Z
2026-06-03T12:30:01Z|eadf0a26-670e-4c40-86ec-51a98712fc95|8c9c58a97ed23201efdd936aa7e8f58b6b922a4d198aefe340d0f22d6d316ad1|baseball_mlb|spread|2026-06-04T01:40:00Z
2026-06-03T13:00:02Z|e756666f-0340-4776-bc66-529fef0ed0b9|35ea8be88d22483a29841b5a67203151f9be4cd33424352eeb0d22ae2501f5f8|baseball_mlb|spread|2026-06-04T00:05:00Z
2026-06-03T13:30:01Z|7cbef02a-c67a-4a44-a3ed-914bab2100b5|2760be24d4ff9b40fd125d9fe6fd931a9a0533b575c96421eb807b146c5acd99|baseball_mlb|spread|2026-06-04T00:10:00Z
2026-06-03T14:00:02Z|ee754b9a-fcda-435f-b136-b9424d2e3a8f|6722dbdaf95f82f303fb1c8c1c6531c98e5a22482e93943e6124639e86a0a873|baseball_mlb|spread|2026-06-03T17:10:00Z
2026-06-03T14:00:02Z|7f87915d-fdc8-4f44-a8a5-26c8b665e861|cf0730b03bf17a0cd7d14525aeee97d37f2205c954766c439fb88a41d930523a|baseball_mlb|spread|2026-06-03T17:05:00Z
2026-06-03T14:00:02Z|392ed402-d96b-4898-9e68-4741d0ede682|e7f789c655c4a836a52d105fecc15b47ad747c11d7a4d5e9784a360140424157|baseball_mlb|spread|2026-06-03T23:05:00Z
2026-06-03T14:30:02Z|442d88b7-68ca-4dce-9aab-6025a2636e5a|ec11349060f3e7c75067861c5800b4518544bb67b0c5e305ba1637d211c78290|baseball_mlb|spread|2026-06-03T23:10:00Z
2026-06-03T14:30:02Z|831bd031-7021-4850-8c43-410ed4e35a14|dc0e03eeb4b1a63e72f48eda626e9d1ec951fa8a235d9319565e96029de3ad87|baseball_mlb|spread|2026-06-03T23:45:00Z
2026-06-03T15:30:01Z|584eeff8-13ca-4ad0-9ae4-03e42df80f4d|49f091ea99645383188b920462fd539fe93222770e5be64f4d26eac3d56f97d2|baseball_mlb|spread|2026-06-03T22:45:00Z
2026-06-03T15:30:01Z|7ea7f18b-e757-4d0c-9061-ea276650288a|14556bf6cfc0768b2c748cab3bc49544c15ee0d29295596c02a688c8c004aa56|baseball_mlb|spread|2026-06-03T23:40:00Z
2026-06-03T16:00:02Z|d1d8ada1-274c-4cdd-a26b-5ea821965132|2640ebea84e778f37900c6e05e88d4be629a1a79c830002dc30a1369f3191f0a|baseball_mlb|spread|2026-06-03T17:40:00Z
2026-06-03T16:00:02Z|d618db09-5a6a-4aa4-b795-b27201d7253b|19226159a3b3527dac010fb6e14dae535accf93dbc7068d68408ecb3a6ec6d93|baseball_mlb|spread|2026-06-03T22:40:00Z
2026-06-03T17:00:02Z|ff78d93f-ba5d-43a1-87cd-3c2a8c5b1ef7|25fff9c5b8bc0f8550f8f5952ad681b00f0bbb5e759af130cd8f1d1c31763e0c|baseball_mlb|spread|2026-06-04T00:10:00Z
2026-06-03T18:00:01Z|028d7d72-f270-4850-9c82-168bc005752a|5cea9a8e4c7df997668c43b70296e40ac7e1a56bcf9d31ad0ff4f361cd7d86ea|baseball_mlb|total|2026-06-04T17:35:00Z
2026-06-03T18:00:01Z|a9ca64c8-34c3-4b7d-8359-409d4263c689|6de340fa5d99e22dd61a46fbb3aeb70f37c35772948c6e2236dc52073b72e4c0|baseball_mlb|moneyline|2026-06-04T17:05:00Z
2026-06-03T18:00:01Z|e2938166-cf5d-458b-957e-27ab324e052b|d0cdad002fbdf97a5db81f9b68e105692a453d01cae961f9c2f87c238a8314d4|baseball_mlb|total|2026-06-04T17:35:00Z
2026-06-03T18:00:01Z|1090b930-4d54-45cd-8194-4b79cdefe470|c91d3cbf30b4cfa734d105f8a26aaa2acc64bfa9a14cdffb0c089b3386c28d63|baseball_mlb|spread|2026-06-04T17:05:00Z
2026-06-03T18:00:01Z|98873da7-b323-46fa-8120-d88d4b914456|cb00a4170eac4ce658d3ca0fbf706965017ee129e4776254fea187c8abe8219f|baseball_mlb|spread|2026-06-04T17:35:00Z
2026-06-03T18:00:01Z|ba18beed-af45-426d-9c9c-5344c776780c|818b6304e29601bd0b963acafcfd8e3922c82a01a5dfb225611287b8c58ccc47|baseball_mlb|spread|2026-06-04T17:35:00Z
2026-06-03T19:00:02Z|e63dbdd9-4720-4f08-a810-bbe53b9e7623|101da1e830bfc0de3793045fa0fe5528edf01946413a17405259285c02e7be8e|baseball_mlb|moneyline|2026-06-04T17:35:00Z
2026-06-03T19:30:01Z|b9631d4e-aca1-4603-9f3e-cc97bd9ca062|a5c69f57bfb0a205b793196a1634f3eddc958194ff61ad5a0b8543f5ed0d1e6e|baseball_mlb|moneyline|2026-06-04T17:35:00Z
