2026-07-20T02:00:01Z|9f0b4311-a9c4-4ada-baf1-3dcddfed3722|71ce72998198182efb52d4fe3325cca6f985e228560b7892fa37a446a88c76a9|baseball_mlb|spread|2026-07-20T23:10:00Z
2026-07-20T02:00:01Z|880987de-523f-4605-97f9-347b23cdc517|3f247443e24c2a0c10e60ff33355af9606e9556826f1d142f2ae648bba5ee793|baseball_mlb|spread|2026-07-20T23:40:00Z
2026-07-20T02:30:01Z|a3d9ef5e-40b0-4f7d-b336-aae5550aaee6|9c06a8dd584354445597cc09a4ce4a85aead8d6fb49b97056e2be13d6585b12b|baseball_mlb|spread|2026-07-20T23:07:00Z
2026-07-20T02:30:01Z|57750388-f133-496e-8175-3d751a2f28a0|8ebae62488869427172bbb252c9c63f1f8fc5e5e44092285a02e229d3ad26bd3|baseball_mlb|spread|2026-07-20T23:40:00Z
2026-07-20T03:00:01Z|5ab2b8fc-14f3-4f61-aabd-ae5d559f8106|2eb095a826d80cc2a08872b513d44284e48a898832ab7dad8dc45e8f88c2fcb5|baseball_mlb|spread|2026-07-20T23:00:00Z
2026-07-20T04:30:01Z|d165728c-500d-47a0-87a3-fce6d0debdab|025af99fc817c6992427325ceb7a198783667992695283bb8722942e73bcbb10|baseball_mlb|spread|2026-07-21T00:05:00Z
2026-07-20T04:30:01Z|c26337d5-83ae-44ac-8fa1-3ea5a9781283|b617f46ad242ad1aac9ef3385104f67d28e08acaf245b1a73b80e2e284f35027|baseball_mlb|spread|2026-07-20T23:15:00Z
2026-07-20T04:30:01Z|8c45137a-2deb-4fde-8a47-45539ecd13be|4a0648c2ff7818e860f131785912e077ef1fa0701965d0ab4debd37ccbdfebc8|baseball_mlb|spread|2026-07-21T00:10:00Z
2026-07-20T04:30:01Z|b2fb4793-fbe5-4e4c-961c-bfc5ae7e675b|a65bf9b8d2ad32eb4bdb41c8609303280e321c63214178dcd77d3d3c1213b2a8|baseball_mlb|spread|2026-07-21T00:05:00Z
2026-07-20T04:30:01Z|00866cb9-8c52-44a0-beb7-6956237e98d2|d51e0132c110f968d5e6556f5b73473c77bef4bdb17b448a4f84c23fa2d942ae|baseball_mlb|spread|2026-07-21T00:40:00Z
2026-07-20T04:30:01Z|f37685b8-88c8-45d4-9214-8cd39e4616a3|9f633d10a79f5271e97dc07e9b2f5c1d4a695d8e34dcb86d81365bc252dc4e1c|baseball_mlb|spread|2026-07-21T02:00:00Z
2026-07-20T04:30:01Z|a35312c3-85d3-4b4d-8020-6f8eb6f51bf3|58892bf4e392bb127cc07834397275f14ff582222946e5dab4f1e92c9dd152ae|baseball_mlb|spread|2026-07-21T01:40:00Z
2026-07-20T04:30:01Z|019ded50-929a-477b-b0e5-04a4bd1771f2|f06ead2671626ebb3d5708b2dba812d517f8d7dfbbdc64d28a40be44379f3841|baseball_mlb|spread|2026-07-21T01:40:00Z
2026-07-20T05:00:01Z|c569fb23-439d-4133-8f26-284fc67c5680|263d69497f3a5c70432710ce07204993828c9f15bda79b6d108a53053dda89f1|baseball_mlb|spread|2026-07-20T23:05:00Z
2026-07-20T05:00:01Z|f5eadd4d-c4c9-4aaa-8af7-d0858a17e330|5d4ebb23e616355c90088adea1c5765b6d682632711f0bb38daa2393d3132b0b|baseball_mlb|moneyline|2026-07-21T00:05:00Z
2026-07-20T05:00:01Z|31ffbb78-408b-4f8f-a68f-ee2a70f95e91|4aadb86808579dc33bb41fb4ebbdee6c8108dc450fcfdf8061e72c83b1fa35c7|baseball_mlb|total|2026-07-21T00:05:00Z
2026-07-20T05:00:01Z|6fc6ef29-2065-4931-87c6-613f068923b6|d4ccf55282b87f898de5052f0331884b78a3c7e9575b7331fe90aa168924ab1d|baseball_mlb|moneyline|2026-07-21T00:10:00Z
2026-07-20T05:00:01Z|e3cc438b-ede6-403c-9a19-d8df5d7a7bb0|7ad21e736e990077f6af96a0260c6407394b73067835cdeb4640f7f17d211fd3|baseball_mlb|moneyline|2026-07-21T00:40:00Z
2026-07-20T05:00:01Z|e4afc0ed-b349-4431-bc08-700d6bb1116b|2e14a1b373ebc4f16ecce2d9fef1b337f96c23c6f50326ce31de57f12e070867|baseball_mlb|total|2026-07-21T01:40:00Z
2026-07-20T05:00:01Z|25626720-ed85-453b-8549-d676e642e618|cd344cb3c2de743a369502f156856a503c8c1b1d9749b685dfae7e8628f6cf46|baseball_mlb|moneyline|2026-07-21T02:00:00Z
2026-07-20T05:30:01Z|8314e16d-961c-4f5f-a131-a36c07daeb6b|56058cbe0657d70b7357152bb5212031936e124782e8df0a1b5192bc5a0ad7ec|baseball_mlb|total|2026-07-21T01:40:00Z
2026-07-20T05:30:01Z|0932db54-bede-4ad8-b9ed-e6a808239718|b240905223fad5b9e26f324b4e88f377d7f8625f738031c84a59aa300e943174|baseball_mlb|spread|2026-07-20T23:40:00Z
2026-07-20T05:30:01Z|32c4aebe-0861-49a2-b2aa-09c198cd5c45|f8171bf87238336ee9d8ff3b69f871e7e0a77be20e179615bb8ec44e854a51ea|baseball_mlb|spread|2026-07-20T23:00:00Z
2026-07-20T06:00:01Z|2ddf2c5b-0079-4b20-b07d-d4a7bdacfba9|5721e05869d06c56238d4b2d7041726ff970ebd9139bd05c56f96e4a14d64c1a|baseball_mlb|moneyline|2026-07-21T01:40:00Z
2026-07-20T06:30:01Z|9bc41ed8-4e09-468d-b80d-72ea6c7c8edd|a040b9fdbeea2e632c00c73603a1fc2f7a638e521091b54d439405a500c82807|baseball_mlb|spread|2026-07-20T23:10:00Z
2026-07-20T06:30:01Z|60a8bfa1-d7b5-4938-aab3-6b566c13313e|dd206a3df4727d2c633499c28f67945b60fe3d15fb9d4adbf1da4a2676f139e4|baseball_mlb|spread|2026-07-20T23:07:00Z
2026-07-20T07:00:01Z|2c7e447a-fc80-46a0-b995-f48b06096f0e|4fcd35986e0cd05be519d16b9d85d9d8fddde95b6f8855a15557b621ffd17dbe|baseball_mlb|moneyline|2026-07-21T00:05:00Z
2026-07-20T08:30:01Z|7e0e2b0d-5422-48dc-bc78-ac7a2ed4e9a9|5b8e8d43f6c687d57697ec22ccc1b22facc3587803e6217a384f3e0e2281b15c|baseball_mlb|spread|2026-07-20T23:15:00Z
2026-07-20T08:30:01Z|2211870e-dafb-4742-9bd5-ef1fde27b31c|ea99930a2bd80b0995147df913401095d04a58d33b94ac2a45e364d1dd2cf379|baseball_mlb|spread|2026-07-21T00:40:00Z
2026-07-20T08:30:01Z|527141cd-433e-4543-a977-4e915eda2c2d|04daf1ae9d0787838e742f35c38bbd076ba57c5cf187b51bc99fc3213e75dfe8|baseball_mlb|spread|2026-07-21T00:05:00Z
2026-07-20T09:30:01Z|c7e38b22-3ada-41cc-8818-7d84046e8eef|75e2627cbc0717010806c29c1403b6d74f554f9f8249f26033b7db614e54be9a|baseball_mlb|moneyline|2026-07-21T01:40:00Z
2026-07-20T10:30:01Z|88964041-9e9f-4ad6-a8d4-5f1ebbf34afc|7afc6cff61fede469af36e7fff6ee21cfed4ebde8f07aa8697e56638fa6102f6|baseball_mlb|spread|2026-07-20T22:40:00Z
2026-07-20T11:30:01Z|f3c482c9-fba9-47f0-9f99-07b90eabbcce|6113edd186e9b3b4a01d7018a698d9adfaf9e02a7c2d97648361ef3913969e6a|baseball_mlb|spread|2026-07-20T23:05:00Z
2026-07-20T13:30:01Z|65ced6be-00d2-4ba7-ac00-72c58859c86d|f8f74de1c2a60588a6fbe41c170b558b0e2857e04b4f4c1389abf2274a48e5fc|baseball_mlb|spread|2026-07-21T00:10:00Z
2026-07-20T13:30:01Z|2beabce2-086d-4e7b-8c87-7540760ac171|08fd14f89be4118fb9556fd2f3c2172249e556512b5ab4743d73a651a9b5012a|baseball_mlb|spread|2026-07-21T00:05:00Z
2026-07-20T13:30:01Z|72d5bd13-d771-40b1-996d-0f66f428624c|51af37a2daf13d82d69eb5f3da7df9721da329b3ba3343f24d97498e9e8c3ced|baseball_mlb|spread|2026-07-20T23:15:00Z
2026-07-20T14:00:01Z|d8b2ad6b-705e-45e6-99d5-679c907284f0|8967079b53772d7942029985460f4b8684766291296e96500d1b2f9098d4d5ba|baseball_mlb|spread|2026-07-21T01:40:00Z
