2026-06-29T00:00:02Z|6fc33a68-c459-482f-a6ad-940757d88770|102819ce739b05a9f8c9a17a5825745ec296c247618ea79c1b645f41f87bb143|baseball_mlb|moneyline|2026-06-29T23:10:00Z
2026-06-29T02:00:01Z|a0cf31d7-bd46-40de-89a3-3130662c045a|fc8bd548a6526fd545b5640da6cc0e680d8ff09070cb91b004d55f3730f5548c|baseball_mlb|spread|2026-06-29T23:00:00Z
2026-06-29T02:30:02Z|f00953e9-7e05-4c67-9f43-3f5e1d19bd8b|c531f5bdaf01b28a66308929518045b28bc79c7c343ab6b147e9971646833232|baseball_mlb|moneyline|2026-06-29T23:00:00Z
2026-06-29T02:30:02Z|7d41e424-fd90-41ad-b0d1-cf5ab97aa321|a8d567289dca15322d0c169ad75a53cab5adbdc86f36ce7f8eb2189c44538116|baseball_mlb|spread|2026-06-29T22:40:00Z
2026-06-29T02:30:02Z|096e7894-4170-4e23-abe1-2d6386d38e8a|9a00c2a8fd3a1515543a21393e65b1f81af4ec0b6540e6585b0aed1cac6678b6|baseball_mlb|spread|2026-06-29T23:05:00Z
2026-06-29T02:30:02Z|f34479c5-f2cd-4e21-8e18-6b22757e9a59|c7fba98ef4824ee6822f9bed7a82113f6a58be74de1ffb2a12cee33cff8089ad|baseball_mlb|spread|2026-06-29T23:40:00Z
2026-06-29T03:30:01Z|3560b597-64e5-43d5-9fa1-8482cb783d7d|db5b4baf8de4fd7eaa61f9b6211854aabbcfddfef6a0c03bf9b4f8668ed775c0|baseball_mlb|spread|2026-06-29T22:35:00Z
2026-06-29T03:30:01Z|ebc60ba4-0e4f-4097-b93d-5bcf1cf0ea9a|136d78a7f7d72bdf8dfd40a9788d943cef23bd93ddbc5cb2d9ceafb4c06c52aa|baseball_mlb|spread|2026-06-29T23:10:00Z
2026-06-29T04:00:01Z|986c30f9-c63c-446d-b46c-1f36b0bfb22f|755702b7d772f1cc5492ad2eb518776be1e53fd0fdf2e633460354327c100aee|baseball_mlb|spread|2026-06-29T23:07:00Z
2026-06-29T04:30:02Z|63b71670-91ae-499d-9b75-df11e849a5de|dd6a6c0b863847d9a19bd396337d50f78121be02ff07e7f8a9fa2ba82b6febc0|baseball_mlb|spread|2026-06-30T00:10:00Z
2026-06-29T04:30:02Z|9a939df6-93f4-45d5-b18a-9a10e8b922fd|ce7fdba69ea664433958043dbca82286281744fb781318b475cef04b638ec66e|baseball_mlb|spread|2026-06-30T00:05:00Z
2026-06-29T04:30:02Z|0fca8bef-ea19-4ca6-ae52-a8488d2f786d|a747a7808639c30cc405eaff861136818b82abbd41eee6aab76e4224fdee0793|baseball_mlb|spread|2026-06-29T23:07:00Z
2026-06-29T04:30:02Z|f2eba03b-9738-4657-959c-846e3ecd12e2|aae35976c7ead2237fb452a8aff211ab0b53da97be0b7b8e210287659e20aad5|baseball_mlb|spread|2026-06-30T00:40:00Z
2026-06-29T04:30:02Z|eb99b19e-f5f8-4710-be64-84cae98fe0ef|770249d16fa4b220d412e2fbd88cfbf66ac30965dd5c1cc2cf36fd53aba8ed4b|baseball_mlb|spread|2026-06-30T01:40:00Z
2026-06-29T04:30:02Z|8e97a576-2f67-4b06-9aa6-2a22b6e6fd54|915de58dd7265cbd69aa551fd5997c42aeb1df0d8fb38e74bb9e797055269bb8|baseball_mlb|spread|2026-06-30T01:40:00Z
2026-06-29T04:30:02Z|de133739-46c1-453f-b715-65aa908c0be2|da66d0d153309a391da8fb025f492386833e321ba15613a79ca7ce80fb54d5bb|baseball_mlb|spread|2026-06-30T01:40:00Z
2026-06-29T05:00:01Z|a61bc62c-dbe2-4e68-9f70-20b0b77cada5|eefc5ea9e71d64430cdd91dbacc0a2df5cf1a7b72ef6d052e6ad3c5cf8c0edd0|baseball_mlb|total|2026-06-30T01:40:00Z
2026-06-29T05:00:01Z|2f1fea1c-39f5-4b30-8d6c-056792c138ed|c383383ad6c4c1c1f7273e88c0f487872c524172a7d1fdc670e8b69495815038|baseball_mlb|total|2026-06-30T00:10:00Z
2026-06-29T05:00:01Z|112a47a9-6dcd-41b8-8f70-c135e92f4353|c5e066eb5f71fca34a9195532869b811ff32f3d2711d79c17fc9229b3f4dea37|baseball_mlb|total|2026-06-30T00:40:00Z
2026-06-29T05:00:01Z|12b9a053-dc21-4071-8911-9dd61e26ebf4|ac58127a4b13a17bc2330734f278ba50b99267330715200788f6c3870450f1e6|baseball_mlb|total|2026-06-30T00:05:00Z
2026-06-29T05:00:01Z|60133486-1f32-49f5-8039-d57c44b0191f|9396ea3567cd167d81fe0bbe51480092d3ef85146424ebebfd922097be168ccc|baseball_mlb|moneyline|2026-06-30T01:40:00Z
2026-06-29T05:00:01Z|723037d3-d649-48dc-be9f-38408a998de4|60fa8a729c6979c860aefa7dd9b93efb28bc4cff089120a89277250d0d0d0a4d|baseball_mlb|total|2026-06-30T01:40:00Z
2026-06-29T05:30:01Z|ab18ce05-beab-4e5f-8f71-915dfa5aa0de|b1b4462147098d181558f74d777128be90f9257d93ef37ea2724db73bac3e9eb|baseball_mlb|moneyline|2026-06-30T00:05:00Z
2026-06-29T05:30:01Z|01ebab99-6451-48f7-91a2-5a57b5d2bf42|a8426e8caffb927977b33863653b92296569bcf22194906e5dd3fa222f1b83a5|baseball_mlb|moneyline|2026-06-30T00:10:00Z
2026-06-29T05:30:01Z|756416d1-a881-4891-abab-467c5d9457d5|29b9ab4bf4ed0276e2c35c461f7c96c0f82a034c98d2a7037b20a3742312ed1a|baseball_mlb|spread|2026-06-29T23:00:00Z
2026-06-29T06:00:01Z|67204d15-11e1-451a-bc88-128a722238b5|bed4c14ef77c56efe76bcb4d73045c08a0f3624b2e805403319c1df4b97ed7c6|baseball_mlb|moneyline|2026-06-30T01:40:00Z
2026-06-29T06:00:01Z|77b8001e-f7ee-4369-bffa-7e622b52fa64|52d0772318f0f47b750d593975cefd809a691de12ec06704484e5dc753f996ae|baseball_mlb|moneyline|2026-06-30T00:40:00Z
2026-06-29T07:00:01Z|1c613a76-18b6-4b61-8673-460e6c385455|d38e085ae441ad6c711b21ea1e3e1fb0d4f3ba3239240c9e3fd2089c695f9197|baseball_mlb|moneyline|2026-06-30T01:40:00Z
2026-06-29T07:30:02Z|5b89d0c4-f786-4974-9256-7648f2690434|667eedb6a074c473a258dd82b18ffa3db31519b8c52e2a24e8a6ee39cf5abdac|baseball_mlb|spread|2026-06-29T22:35:00Z
2026-06-29T07:30:02Z|26373e66-dac9-4ca7-91dd-abd512a6e6db|2f385a10b4342405644a079bb52c701b99e1ffb1210a4e95fa19bfebe1ad8ad6|baseball_mlb|spread|2026-06-29T23:10:00Z
2026-06-29T08:30:01Z|d4831aef-abf5-423d-9f0a-b9d976bfa1f6|c13d59e64cc5ff915110987479db8533e54b71e277aa57b86d91712c5432c076|baseball_mlb|spread|2026-06-30T00:05:00Z
2026-06-29T08:30:01Z|e3638764-ef38-4bfe-8e22-693d0f0f7037|e19af82fd2a69ee69c3ed16ea479bd938aa9d6c690b13a2363d59fff2597368a|baseball_mlb|spread|2026-06-30T00:40:00Z
2026-06-29T09:30:01Z|06220b8b-4a5f-48e9-8f4e-a8830f25a4fa|0838498a820c89832e92a9278be92db889024ee42a905371f180428079d01389|baseball_mlb|spread|2026-06-29T23:00:00Z
