2026-05-17T02:30:01Z|7a376fbb-da00-41d2-8f10-7057233b08fd|2a77e61631c3e4f8beb07ce94489c35b7a8bbe2bf317e0c26be96b9e9668fe96|baseball_mlb|spread|2026-05-17T18:10:00Z
2026-05-17T02:30:01Z|96057fc5-4c18-44e7-95a1-3ecb3e72467b|c34611126ea09e78763800e5174e96f5f66b32490aa51914be6d3cdf0f466285|baseball_mlb|spread|2026-05-17T17:40:00Z
2026-05-17T02:30:01Z|2708a1e0-ce72-4d03-b0c4-69c647220ee1|cdcc2cd4cd8f64e8fbd239de1c354a59338af5ef47fba7a3d6df0840f1b5d69e|baseball_mlb|spread|2026-05-17T18:10:00Z
2026-05-17T02:30:01Z|1998bafc-6b18-420b-99c1-d4ba1c571832|74ebadaef9d5796c4ef64775edfa8e261b7c83ad6144bafdc3f0611a21b242d4|baseball_mlb|spread|2026-05-17T17:35:00Z
2026-05-17T02:30:01Z|997fff65-6bb2-46d9-9582-57c1dc30d859|143372df73be1caec5e306c48388dcf87311d16c13aeef924e4a4c20b232365d|baseball_mlb|moneyline|2026-05-17T18:10:00Z
2026-05-17T02:30:01Z|f6de6273-c60f-48b3-901c-02af3583d2c6|48d4de3fe6904d46218ed3c65aa9a697440df951e36711a9b7319611b8b9f7ee|baseball_mlb|moneyline|2026-05-17T17:35:00Z
2026-05-17T03:00:02Z|e2e288b8-c29d-4465-b072-5afece04d42b|43817298c3d55eb71e08a6a67f421bfb666bff6c4e5a2c107859b60cdab47be4|baseball_mlb|spread|2026-05-17T17:40:00Z
2026-05-17T03:00:02Z|6aa4cb57-51e8-4376-a16c-b643ad2e1691|75311b95683fc0ce26e84800ba47c196dc44a283200d59051d71764b56c7126c|baseball_mlb|spread|2026-05-17T16:15:00Z
2026-05-17T03:30:01Z|833940f7-3ff2-4f72-917d-bfb653bc18d1|40949728714892f99939e0440bc9a2334050d544bcc5bdecf61ccc09be31b076|baseball_mlb|spread|2026-05-17T18:10:00Z
2026-05-17T04:30:01Z|87a7f974-0a51-4aaf-86e5-c54b4a236995|a1c1db47f1c1bdd4f1961fc743033f680ec22c596cf80a5dd1aff6c741e4d48e|baseball_mlb|spread|2026-05-17T17:35:00Z
2026-05-17T04:30:01Z|c6f10b48-4d6a-4849-8d15-2cd2e3a06f64|45a1e6b5091446f3c5f4caa7a4af92c4430c65f17c9fc48eb33dcf9f9c947f89|baseball_mlb|spread|2026-05-17T18:15:00Z
2026-05-17T04:30:01Z|4de43e48-757f-408a-a28e-400232e66463|bf2a43a21eed9ec4f738b9817e2c9d36275cb525e23fde3db98effedac96aa13|baseball_mlb|spread|2026-05-17T18:10:00Z
2026-05-17T04:30:01Z|ebfbddfd-fd2c-4ab9-b909-2d63544da355|b255266722c795b778cec540794e673d5bcb2e90437299e3429f0d1636dcf5c1|soccer_epl|moneyline|2026-05-18T19:00:00Z
2026-05-17T04:30:01Z|4c3be222-d510-4a87-8923-8a034c08159f|f9c55256f4362512280674f858c044d203e32b64a70446f8a5a61b2e59b9c6e6|icehockey_nhl|spread|2026-05-18T23:30:00Z
2026-05-17T04:30:01Z|0b888c73-7a18-4761-8946-5ceed157acdc|d6f8ff054a8e5efb6677a01cdf9ed5207a0d30f54efcbc40bd2afc3205eade56|baseball_mlb|spread|2026-05-17T17:40:00Z
2026-05-17T04:30:01Z|98c6f01d-71bf-45be-b9cc-6692263577f8|94d3296808bc56e19613cb64f0772177f994e72f9cdc9538a0fb86cddff63dc8|basketball_nba|spread|2026-05-19T00:30:00Z
2026-05-17T04:30:01Z|5f35cb6c-01c8-4eef-bfbd-de2f1481dc3b|ff866a5f9ce01a06496d337caba6e15d633c46960e94d05ff016ee17e10c66d2|icehockey_nhl|moneyline|2026-05-18T23:30:00Z
2026-05-17T04:30:01Z|c6343133-6cfd-4668-a685-9afbe7c78176|b0e0803f95105247cc8f5a668419c3b5d533a6d3f6d7876c9ddad4a4be46aa53|basketball_nba|moneyline|2026-05-19T00:30:00Z
2026-05-17T04:30:01Z|c1a6755f-7670-4cce-91ba-470a76c8499f|a93f73fd35f7e035af2d39578751c523894afff97f17aa5732694a99cf45c4ad|soccer_epl|spread|2026-05-18T19:00:00Z
2026-05-17T05:00:01Z|cb2cbaff-5c64-4e57-9461-33c122890c3a|833532b7bfab14b1c8d018d65cde8611c4cbb6849e0e014c89045b6bb93c4e25|baseball_mlb|spread|2026-05-17T20:07:00Z
2026-05-17T05:00:01Z|06890108-b798-42bb-838e-3e5e612d7460|f67df29e2cc6b8c733221f2fbe05f0383ceffc1167f9237f9c0189c7a6564d26|baseball_mlb|spread|2026-05-17T23:20:00Z
2026-05-17T05:30:02Z|b3661852-95df-4daa-b600-7cb5c1633d63|85b2ba31bef41789907132d91ddd98486154c34826ff297b1d150f72ef0af31d|baseball_mlb|spread|2026-05-17T17:40:00Z
2026-05-17T06:30:01Z|6cb0c380-c4b7-4de8-a95a-964739e52ae5|324ecd779956159edf0e54ef60b97d3184b98133e07afc57e6ab4d13a5bd6b96|baseball_mlb|spread|2026-05-17T20:05:00Z
2026-05-17T06:30:01Z|c3400a58-c5ac-4d6d-be41-f334b8d29db8|8e8d929cc960e4a652b5f4ef3b0584061ca98213303fe3b0aea95608a9d05357|baseball_mlb|spread|2026-05-17T17:35:00Z
2026-05-17T06:30:01Z|d64aa3a4-ca00-4269-9130-112c4f1d150c|c19adcdf8e23d851eb3acf0af5483e5ebf0bf977cbe612b2622b85cbc0fdcb5d|baseball_mlb|spread|2026-05-17T17:40:00Z
2026-05-17T06:30:01Z|4094289c-9c6d-420f-933e-ac13ee5d8f34|472450f21fa43b74c75b5758e54d42b5131b550c5fe725cf25ac15636239656e|baseball_mlb|spread|2026-05-17T18:10:00Z
2026-05-17T07:30:01Z|ea0d24de-8cf8-4a5b-ba0b-757d2c12b48c|47299cf3d6b7a4ff888991d988141840b9045759821c17d8938fd53bd7e61af0|baseball_mlb|spread|2026-05-17T16:15:00Z
2026-05-17T07:30:01Z|de70fe19-2c84-4e0f-8f1d-2251856add8e|ac3ab9b5427a1254343745af24aa44e41b33047ec0dab7bb60961214b52aa961|baseball_mlb|spread|2026-05-17T18:10:00Z
2026-05-17T08:30:01Z|19a182de-3794-4fc5-ad95-094262a3467b|465fda0da8ba01564438ef794c3add6d19f482221b3f03543a2de63fe1d03f9b|baseball_mlb|spread|2026-05-17T19:10:00Z
2026-05-17T08:30:01Z|5dd38d99-67fa-4286-a8d6-8e6a5161f33e|d455485bdcbe8e0704ed7b6766b008152ec9fdce042b8188b1de1ecbf5187da6|icehockey_nhl|spread|2026-05-18T23:30:00Z
2026-05-17T08:30:01Z|c636f4d0-c039-44b1-8a50-4294e4406984|8df6a0f0873d4e52c6b65e57b6833215fc94e326690c95af4fad964dc806f012|baseball_mlb|spread|2026-05-17T17:35:00Z
2026-05-17T08:30:01Z|8700ced6-4a39-4a1d-b6d7-6600b2172d28|3955294f0f25dbe06d385222843e6a82ea815a5f8e0d9691c2c5ae2421234453|baseball_mlb|spread|2026-05-17T18:10:00Z
2026-05-17T08:30:01Z|df5679f2-2823-479f-839a-89d7e49ef0a5|95d429fe706217e9b646cd453b72a9e2ad579d1b65f4a4506d842aeee32555f9|baseball_mlb|spread|2026-05-17T18:15:00Z
2026-05-17T08:30:01Z|1e1d61b1-bdf3-4224-823f-8549252debd9|8be6c16fd1cf5285acfc6580d0eb66b8495398edb7bb01863eb926651b7cd3b8|baseball_mlb|spread|2026-05-17T20:07:00Z
2026-05-17T09:00:01Z|2b5779ef-3f3e-4d60-9bae-7a91c11d3498|67ff69af97f6a77416d6d34f4b02186f62ddf96f96a8197312659a1af8fa0b3c|baseball_mlb|spread|2026-05-17T17:40:00Z
2026-05-17T10:30:01Z|732eddca-67ed-48fe-bfa5-2852fe12f0a4|03c79c3260482e53fcbcdc1ab2cc8cc1c057fb5a05971d7ea13ecd2cdb26a88d|baseball_mlb|spread|2026-05-17T17:35:00Z
2026-05-17T10:30:01Z|8cc47e66-e9f5-483f-9078-0d641c00c4b0|6aa8cc4d009e6d6a8af4b1b4f0f53f845c37287cc246feaa052dbe0f47c9d5a1|baseball_mlb|spread|2026-05-17T17:40:00Z
2026-05-17T10:30:01Z|d6258971-a139-4808-9921-b13a4b067b3a|275aa9a8f4d37793f25567654f063dad57ef62d559e23513aa5929511f21c2a5|baseball_mlb|spread|2026-05-17T19:10:00Z
2026-05-17T10:30:01Z|bf3f339e-a4dc-4518-8410-6df3b5879921|ad4835f4bfdc992989927aa4f031739cc2b0686fa0c65206a44691370c5e4ba7|baseball_mlb|spread|2026-05-17T18:10:00Z
2026-05-17T10:30:01Z|789fa046-b477-45c4-b298-3e6c028ac1b4|73684f03aff47369a55d57e9b82660d07f0d23a37ea5f925b3facfdff0b011c7|baseball_mlb|spread|2026-05-17T20:05:00Z
2026-05-17T10:30:01Z|b68332f3-8aba-423f-887f-206e745cca29|b42f142bbb420452517f3792ac48e7f77785a18e850fc9e6d135bcd1fca3c0b5|baseball_mlb|spread|2026-05-17T20:07:00Z
2026-05-17T11:30:01Z|064c4009-af6f-44b6-90b7-35865a12f199|12f1579c836ff4c6c46402f67562f498597905ae5d3bdf92afcd2e67977ca004|baseball_mlb|spread|2026-05-17T18:10:00Z
2026-05-17T11:30:01Z|fe27a906-768e-44b2-8808-8d06c79fb076|31989cd6fb0ab7ec2b8f58783cf953679ff3fa8db6e72581100b66c4683a7235|baseball_mlb|spread|2026-05-17T17:35:00Z
2026-05-17T11:30:01Z|ad8dc781-f7b4-4e7b-be41-30d3aa9402f5|ff7a7b3c0c002b59d207b939e269183721148c818a622dce736435ae8912d00d|baseball_mlb|spread|2026-05-17T18:10:00Z
2026-05-17T11:30:01Z|5d068ee2-cbb9-4369-9a0c-ab9ae0e74018|8e025dfc4dac9b28d9be382d093a80f9b088a884d677617d556539604e57f60a|baseball_mlb|spread|2026-05-17T16:15:00Z
