2026-05-18T00:00:02Z|595432c2-fa1e-4341-b22c-4dc8a374fe3c|083a438dce58229c83cbf04254969fca4c82a7b3d83d0c5855df8217771ec258|baseball_mlb|spread|2026-05-18T22:40:00Z
2026-05-18T00:00:02Z|efef3250-62ea-4f02-953c-9eb770412384|532363f5801d89ac0a55c470879efc8676e585e65b739e0eaed8663f4f66db6b|baseball_mlb|spread|2026-05-18T22:45:00Z
2026-05-18T00:30:01Z|58e2d88e-3dc5-4c29-b6e4-794d660a0da2|c0ebb468ca75c81af50b780fb89ae9e7348ba16786f5319ad085f444affcb4df|baseball_mlb|spread|2026-05-18T22:40:00Z
2026-05-18T00:30:01Z|ea771120-0e90-440e-831a-fbfa730f797b|842351557a2dc7049f236275a66cab3f547ce41b2aa7b42aa2ecc9fa6be8f18d|baseball_mlb|spread|2026-05-18T23:40:00Z
2026-05-18T00:30:01Z|fa299700-ea62-4bce-89f5-a0fc56d9e772|25975fdae4bc42f52ff052e2bbb89a93ff0252fbe1d40807f9c525961710ef34|baseball_mlb|spread|2026-05-18T23:40:00Z
2026-05-18T01:00:02Z|08257e8f-ed91-4046-a9f4-b5196fb7bcbb|ae2e0c49b146a41d788d3c77700a6d35af057621c1996a42e3e6c2a332252fac|baseball_mlb|spread|2026-05-18T22:40:00Z
2026-05-18T02:00:01Z|8a6e3423-2598-497c-bad3-8346aa65c821|dfde2cf02a7669fc1c100d81715488cf1eada279aae6ee37651ee77fe3606e6b|baseball_mlb|spread|2026-05-18T23:05:00Z
2026-05-18T03:00:02Z|0c024593-acdc-44aa-8297-0fec270fb951|129fef8b078e9a4866987eff0bf92b28f92e1ed36475f48c31b7d66a4dd1a9fa|baseball_mlb|spread|2026-05-18T23:40:00Z
2026-05-18T04:00:02Z|4a650fa2-0f9b-458c-8ef1-dc183675cf11|d114f234bd86a7f8bf24932621b0c359cb801b2eb44710ef35d7edb03c050aaa|baseball_mlb|spread|2026-05-18T22:40:00Z
2026-05-18T04:00:02Z|37cbd8a5-e9ef-4310-9ab9-bb863e797005|0143d88bdec201bfe65d020d40ca2b024e2694a551b2c41b4e9ba615588fb36b|baseball_mlb|spread|2026-05-18T22:40:00Z
2026-05-18T04:00:02Z|8c249104-a444-445f-a9fd-d96a41aa4f07|1fa51f7ef3649ff27d96eaa592c59c4e13d87b0e0913bf57f35efa790d465f05|baseball_mlb|spread|2026-05-18T22:45:00Z
2026-05-18T04:30:01Z|556b55eb-458e-4bce-b82c-08d017f8841d|7df574402faf7ec43306c7c7309177b629d91f5902dbb097775627a26a814338|soccer_epl|moneyline|2026-05-19T18:30:00Z
2026-05-18T04:30:01Z|62836432-e753-4e8c-93e5-4c5abb9e417d|9e2a0d8dda5044200aece3b77f68f3a10bf086c6c033b98fb20de1d55624402b|soccer_epl|moneyline|2026-05-19T19:15:00Z
2026-05-18T04:30:01Z|a0098a26-33dd-4f87-803d-09c4a2522ba6|7427741230c9792c3b5bbb75d628f67609cf97fe4007c402af9e8cc03b8bd9dd|baseball_mlb|spread|2026-05-18T22:40:00Z
2026-05-18T04:30:01Z|3baaf55b-7d66-46bb-8c13-d036f4721a0e|2462a357930f105e318ef3662e597e46eba47fcb4f7d4f1d09331b928b795cf5|baseball_mlb|spread|2026-05-18T23:40:00Z
2026-05-18T04:30:01Z|744a031f-1558-4933-aca6-3190926ca4bc|1d4674eaef256a5183b283ce0485acf6f73d2cabb2b21f8bee2d87ba797026da|baseball_mlb|spread|2026-05-18T23:40:00Z
2026-05-18T04:30:01Z|700c348a-2e04-42ba-aaa6-eb0b6015e94f|f8984640738d4f4435459781bf34e897012a95d0ec3371c240d294d05cd4b7b0|baseball_mlb|moneyline|2026-05-19T01:38:00Z
2026-05-18T04:30:01Z|1c71adf6-d0d4-41c1-b77d-be842b5a659d|4f24d6ae83e88b820bf6b0a10bcf36795005b0c85275a8007e1aff75743f8151|baseball_mlb|moneyline|2026-05-19T00:40:00Z
2026-05-18T04:30:01Z|d2df2f1a-b9cb-4e2d-9c65-df00fded9182|392a5718ec24a203fef7e483a1a46e39d516ce25ba53580171bd8264058c7e8f|baseball_mlb|moneyline|2026-05-19T01:40:00Z
2026-05-18T04:30:01Z|bf86dbd8-c9ab-4c86-b941-4de2209a9e1e|0c5b6deb51ea1528bc71d2bcdb7c6c78be0b730517e2eb886992943455a9c2d7|baseball_mlb|spread|2026-05-19T00:40:00Z
2026-05-18T04:30:01Z|e8a50c55-3b38-44ce-a2e6-e5cf39d6e4d1|b2a6535bb9e9b3815449bd5d75be3a0a921b504feff3ab7d26f156994cc214a2|baseball_mlb|moneyline|2026-05-19T01:40:00Z
2026-05-18T04:30:01Z|15634ced-65e3-4467-af39-4591037989c9|d244079bf9b7af1d61c779780f15e241a58d85510cf8ff4499a37498c1b0f5bd|baseball_mlb|spread|2026-05-19T01:40:00Z
2026-05-18T04:30:01Z|c56c92f2-acb8-4e29-a932-c7580ab7ac8f|e178555da6d6ec916a8d779fbfa102e4728800800acd5639e6d41be5a228d370|baseball_mlb|spread|2026-05-19T01:38:00Z
2026-05-18T04:30:01Z|5ea5a89f-181c-460d-9ea4-5b20b9569bae|1c89c371ddd0b764ceae05856d28fe6a8cd8726bddd73ece1a815bc63ed0b71f|baseball_mlb|moneyline|2026-05-19T01:40:00Z
2026-05-18T04:30:01Z|2d997aaa-3109-4c39-b6cb-7bfdbecd2b4b|b344a32fe2da39e7e48190a4cca661515a673134767f3de2e12c0aa33bda5b42|soccer_epl|spread|2026-05-19T19:15:00Z
2026-05-18T04:30:01Z|47c0a3df-7292-4380-b9e5-355869b3bf02|1586aafcfb8ce264af99515c658409c54cb2a398e55a47ae732339453da3c34e|soccer_epl|spread|2026-05-19T18:30:00Z
2026-05-18T05:00:02Z|3ce51247-dadd-4e31-b723-6919f2731843|aeff320284f51334d7af347436be6b3155dcbaf6cc19bb171894b27dd7567c99|baseball_mlb|spread|2026-05-19T01:40:00Z
2026-05-18T06:00:01Z|b0e37864-63a5-46da-bb72-d4f3047841d2|4ce2e53de9f975ef8ce74342a15fea0d8306143ca681ffa738b295e9014d6275|basketball_nba|spread|2026-05-20T00:00:00Z
2026-05-18T06:00:01Z|e2f8846f-b4af-4627-aacf-422f819a792e|6640f000a7741d86bf0ccdcb4ee35cd6f87f267684e1e1d4847217c1bea4d059|baseball_mlb|spread|2026-05-18T22:40:00Z
2026-05-18T06:00:01Z|0a00049a-b317-4bdb-999e-ebe0b9705d72|0b24114b07bd73d6ec69acb5bfc9fe5e2ea955d03a6d1fe8f4328d9bd368ff19|basketball_nba|moneyline|2026-05-20T00:00:00Z
2026-05-18T07:30:01Z|6ac26000-423b-4136-9019-29684b014494|cfce3e7bce04c8e27afbf7b78c6691ff495a3266de40fab8adce2a3ff85e3e57|baseball_mlb|spread|2026-05-19T01:40:00Z
2026-05-18T09:00:01Z|b6ac8801-71a3-435d-80e1-69fba78a9e47|15de8bae6ed365c2dfb3a5dc28ba4357a1f051a07af061c95dcd7f5516d97ddb|baseball_mlb|spread|2026-05-19T01:40:00Z
2026-05-18T09:00:01Z|281e0ce3-49d2-4957-8fe2-c0a7d8c7c5f2|62af720912f0c4d3205d4403e468766d6edb23becf082c1013baf199d69d0bc2|baseball_mlb|spread|2026-05-19T01:38:00Z
2026-05-18T09:00:01Z|de0fd2a0-da2d-4dca-9a0a-708cccf34b36|fdb02f1cea0b6ab051bc3eb3f3257af5ba7bff91629be0d3c16e8ca6073069db|baseball_mlb|spread|2026-05-18T22:40:00Z
2026-05-18T09:00:01Z|b532fc29-ca33-4d8c-9543-e14160959988|16d7959ee50081902407a21993ca140804aca91dda3c24f5fa0f1fc95769f372|baseball_mlb|spread|2026-05-19T01:40:00Z
2026-05-18T09:30:01Z|5fa8c37e-c2da-4bbf-aa0a-9bc6c0a132ef|ac3db03c9dfd9340e04316294a214b87df8fca5a46f3fbbeedaa8bd9b5c9e090|baseball_mlb|spread|2026-05-18T23:40:00Z
2026-05-18T09:30:01Z|23fe204d-ae16-4f47-a6bc-0ac31bb93ccb|ebc1e68d1d0dafa2ec54d136af167eae64b71433d8d6d7582ff6985e2e0dd4c6|baseball_mlb|spread|2026-05-19T01:40:00Z
