2026-06-13T01:30:01Z|62bbe67f-92d1-46cf-99fc-2b0678de071f|c50dd31417f16c277d48616b932dbe2397ba05417e46158f69652faf742beee1|baseball_mlb|spread|2026-06-13T20:10:00Z
2026-06-13T01:30:01Z|8ec7946e-a1df-46f1-9180-4cb29c189ad9|c110f705c0946bbc494f04a9513da5e351918013774d7f6152222af34511f414|baseball_mlb|spread|2026-06-13T19:07:00Z
2026-06-13T02:30:01Z|4e185125-962f-4d12-8c60-355f5e3a8c66|5ab82747737de14252015374b36e64494e73885d92505a79107013deaf210165|baseball_mlb|moneyline|2026-06-13T20:05:00Z
2026-06-13T02:30:01Z|18483465-a235-44e4-8326-e5813be4534d|e48ff231923146ae3bf13e4d7c7de8ba055f7cb5a885ca36b9ad609064942f63|baseball_mlb|spread|2026-06-13T20:05:00Z
2026-06-13T02:30:01Z|2349223c-f5c6-4e48-9db8-36b6469df5ab|451712bf55285827cba42a755f1e82d203444c06997cdc51c630034721b21952|baseball_mlb|spread|2026-06-13T20:05:00Z
2026-06-13T03:30:01Z|fb973733-ba06-4b08-adac-21c6a967a1ef|65f90f05212da5e86729b899454097759c4b0c2ace1406afb66a42ff49714482|baseball_mlb|spread|2026-06-13T20:05:00Z
2026-06-13T03:30:01Z|7b01dac2-d015-4e72-b9dc-9f54a4087923|09ec4174b65a2c61cbe422413c299e9d57b3b366f1bef9a4ac741e2031782743|baseball_mlb|spread|2026-06-13T18:10:00Z
2026-06-13T03:30:01Z|c0a18cb7-efbe-4e61-9aa8-32ff786d761b|43909b6a0b25cfea16129e52a9bf5f0e01660205b0c9e5b68448c2af2de5e3db|baseball_mlb|spread|2026-06-13T23:10:00Z
2026-06-13T04:30:02Z|11aa4866-cafe-4bf3-b1b9-3e7acb6d0660|939302cda9c94fbfd5a6c7c38cadf3bffdcf996559e36d4c7a0871f09fddcb80|baseball_mlb|total|2026-06-14T02:05:00Z
2026-06-13T04:30:02Z|336edbc6-1cae-4473-a01e-80024813e9cb|9e0a299477840bfe0d877781bc2acf401953b2711410060279db6d122bd0a938|baseball_mlb|moneyline|2026-06-14T02:05:00Z
2026-06-13T04:30:02Z|73a23ee1-0c60-4275-aa10-f24a51981257|2d6823ec8b65975467e45a9810506c199481e91696012958c599da986de44d2e|baseball_mlb|moneyline|2026-06-14T02:07:00Z
2026-06-13T04:30:02Z|3f8aef27-5250-4388-97e7-a092bd6cfc22|f91574e77caee5ad69aaf76a524ea896ed9bbb492794c72352ec5cb7216e5ace|baseball_mlb|spread|2026-06-13T20:10:00Z
2026-06-13T04:30:02Z|72e30856-6e93-4e0d-adae-a6849a85fb98|660a88fe466c1fe7e8808eb6f827809ee45fdd50915141152d81fc04ed0bb892|icehockey_nhl|spread|2026-06-15T00:00:00Z
2026-06-13T04:30:02Z|8d86e181-1b6c-4abd-acce-ad44d007059c|67c5ba8d922b29396c065e376f4dad1cb52a8b7eb128beeabf680bda8bd3ec86|baseball_mlb|spread|2026-06-14T02:05:00Z
2026-06-13T04:30:02Z|a4920cb1-8cea-4395-a653-5dc5c8e21265|3531cf5cacead18ff5f85e696a41b8d1b2c4f66149a60f6c2d10f174a2e3a7d9|baseball_mlb|spread|2026-06-13T23:10:00Z
2026-06-13T05:00:02Z|915a684e-2f82-4e1d-b671-59517ecfdcd8|df3993a85884c7488763977d6d0fef2cfd7c3fd17e0b4b04c382f63a93b42221|baseball_mlb|spread|2026-06-13T20:05:00Z
2026-06-13T05:00:02Z|b3a360f4-0931-4053-81df-e7938428b9a3|3ada234373bd7741ff48f4d192348a37eb925ae50b933713b329a586343ba2ce|baseball_mlb|spread|2026-06-13T20:10:00Z
2026-06-13T05:00:02Z|880f4423-f5f9-4822-b79f-de9178180f76|4b57be876722d02b662926ef7a339950219a1367d132e5f94af6b4c16330e1c1|icehockey_nhl|moneyline|2026-06-15T00:00:00Z
2026-06-13T05:30:01Z|9553021d-9310-47d4-827e-caf917251f14|f7992b337b59ced3e1ae8bd1a937fa8ae67c8992de43126e4147d26e1aa167ef|baseball_mlb|moneyline|2026-06-14T02:05:00Z
2026-06-13T06:00:01Z|90addc86-86b2-4795-856f-384d82706ac8|1f9295ec388af832b51be2c364a2fad672e9a05010bd6215735f35471a2f413f|baseball_mlb|spread|2026-06-13T20:10:00Z
2026-06-13T06:00:01Z|5a3dd083-68a1-4ad8-a4a6-bfca352c7ad4|10ae44b2303cce65a708e5bc7cd456f35c6eea126ebcb2ca796770e941125de9|baseball_mlb|spread|2026-06-14T02:05:00Z
2026-06-13T06:00:01Z|cfe96c17-39a7-485a-854d-19b13d4d75be|ff09cabec2b256bea3623ff3162514b80d408fa2b85a9fb02e9fb17bf0461893|baseball_mlb|spread|2026-06-14T02:07:00Z
2026-06-13T06:30:02Z|0e6e8f70-4f29-49e8-9d2c-ccded1087d07|9e0cdd899b2bd148b31edd0a512076f06c09742b984dc451e097b8a90e1da7fc|baseball_mlb|spread|2026-06-13T20:10:00Z
2026-06-13T06:30:02Z|137c9664-3663-488d-9e1e-bebdcd030626|73b635407bc9a4b4df4162c33bbf8d52bfe96469d1ef80725e3a923a5425bdae|baseball_mlb|spread|2026-06-13T20:05:00Z
2026-06-13T07:30:01Z|de670bb0-de59-4ead-8b28-856a5541e8d6|9610449efac581939cdc883235770f85fd44c54692b56f67e069d0aaaa431b55|baseball_mlb|spread|2026-06-13T19:07:00Z
2026-06-13T07:30:01Z|5a7be213-7c6b-4517-8945-5ef4fdb1b60f|8a481471afba56162bd1cfb97d8f95c8d845eb76fb6a130006c3e89686d85e8e|baseball_mlb|spread|2026-06-13T18:10:00Z
2026-06-13T07:30:01Z|de3ba6f0-8850-4052-a329-fadd548de018|bd3a761ba8c16f19fb57fb6bdca5f73af7294186c33e5827efa34a9499c8b9da|baseball_mlb|spread|2026-06-13T20:05:00Z
2026-06-13T07:30:01Z|10ab51ed-33b9-486e-9170-2b7e0b59b818|4663e194e7756d355ac1dc588486274cbb43126b72b2ea05de668fade8c7c092|baseball_mlb|spread|2026-06-13T23:10:00Z
2026-06-13T07:30:01Z|d529b56e-5f81-4b6b-800d-d2797f52d2e1|7ca24c33d4cc965e639ad023412b9a7c10ac66f6cd4a5c76bf0741c080ac22af|baseball_mlb|spread|2026-06-13T23:10:00Z
2026-06-13T09:00:01Z|e456508b-bd44-4635-a070-8a26b7563b95|0bf332ee36eec873d5f0b672f74bbe1f36c6b8c8339acd02d1b687a5b1bc3f35|baseball_mlb|spread|2026-06-13T20:10:00Z
2026-06-13T09:30:01Z|50435aee-7732-415b-994a-ebcca38d0551|e887f2ea431d92cf784f133b55006649e7cd87962366b07f671041126531cda8|baseball_mlb|spread|2026-06-13T19:07:00Z
2026-06-13T09:30:01Z|8cb1efc4-c4f9-47d2-a53e-4aa09de753f6|cf8afa02e37d326c4f1aa4db0a80a6e6655ce62b663917a870f884c4850ea586|baseball_mlb|spread|2026-06-13T20:10:00Z
2026-06-13T09:30:01Z|65ee7cf2-3d63-42bd-9321-47a13019111c|95d0b8ef998c372f3742bb9e3f74cd41b5c474b4a4062fa4e64eb22543e35db8|baseball_mlb|spread|2026-06-14T02:05:00Z
2026-06-13T09:30:01Z|988c6bcc-9750-4ffb-b9bb-152df6a684b1|fc0bdde2607a7195e870c905e92ede8394948d940a83b0572aa95042eb1fb2b0|baseball_mlb|spread|2026-06-14T02:07:00Z
2026-06-13T10:30:02Z|30bf8dd4-3197-482c-b7e3-29e37cb44baf|2c9e4c41b763a48533603c095e5bc067e67a4acf2907f7a6d636f40d348ed5c5|baseball_mlb|spread|2026-06-14T02:05:00Z
2026-06-13T10:30:02Z|b9aa9085-93f5-4b62-9046-51f45642cf29|74885e4bba6d8b2032b7fc6a4d0ab882b529e871404b6702bfd7a19b3c5a3548|baseball_mlb|spread|2026-06-13T20:10:00Z
2026-06-13T10:30:02Z|549ebead-6006-45f7-a577-455631f4a524|2706271898cc64c55b308654843dda2c65479006a14467155afd4afe2079ec12|baseball_mlb|spread|2026-06-13T20:05:00Z
2026-06-13T10:30:02Z|bc04d811-aacf-4ec5-b815-7e09954958bf|fb5dcb89928978ab281459aabfc2416d78887db0a07ab9b7d3f2b20d88c2b27a|baseball_mlb|spread|2026-06-13T20:10:00Z
2026-06-13T11:00:02Z|034dc190-70f0-4ebc-bfa1-20f2a2972fb7|c7010e3e1b0508e89604b93cc0042ac6fa7ddaf455014982177b3918534fc4fc|baseball_mlb|spread|2026-06-13T20:05:00Z
2026-06-13T11:00:02Z|1fbdbc0a-7707-40d1-b468-8d297d8ecd0e|2f0ba9591edcccc8cd6e0780ec92c9819510b75e8096d5c57388ae2d065c00d3|baseball_mlb|spread|2026-06-13T20:10:00Z
2026-06-13T11:30:02Z|81ad037a-25fc-49dd-9d4a-68fd33d197b8|620f968d5dadb8ee1b6d5d5941b68f7a5ffe92cda2f537919420376b1c0cf46c|baseball_mlb|spread|2026-06-13T23:10:00Z
2026-06-13T11:30:02Z|005b426c-e962-4440-a986-4db6100e5553|f9db8b8006f0ccf71204e0e749301b14adbac529a4efe8c5057f216fa4057bfa|baseball_mlb|spread|2026-06-13T23:10:00Z
2026-06-13T11:30:02Z|2346b0d0-51df-43e0-83aa-278646551a53|0124ae6661e0494d64673d3faf2c3dc4963e0e7c39de09a6287f446e83d8aac8|baseball_mlb|spread|2026-06-13T18:10:00Z
2026-06-13T11:30:02Z|cc00c66b-f7dc-4601-b321-999e0e1bea16|fec6ac8110075b3ca6196411283c4f2bfe5fc0ec8f290d6dac2dba491e9979f3|baseball_mlb|spread|2026-06-13T20:05:00Z
2026-06-13T12:30:02Z|8a04d281-82a9-44ab-a04a-e2d7c42f6f6a|0270c277c2671a55e986417a2326ee3479d7daa64cb705a83925d2202da658f3|baseball_mlb|spread|2026-06-13T20:05:00Z
2026-06-13T13:30:01Z|53ed061e-5786-4772-aa24-dfb11237cdf2|1bbe3ed98a164be0b7d17df93ac669344096a5e646b28678d12721f4b8e9fd00|baseball_mlb|spread|2026-06-13T20:10:00Z
2026-06-13T13:30:01Z|97029c41-98f2-4e50-96e3-412f9f3964b1|c39ac87e28bb13df8e0f425dfc28f7864a20c690d89a75d9ddab61730c6b3e9f|baseball_mlb|spread|2026-06-13T19:07:00Z
2026-06-13T13:30:01Z|6718e133-6655-4b37-b2e1-a3d87b9a3611|c634078f4f07ee962b00caa3d318da9e367892b15de4d5041730fa1f16b970a9|baseball_mlb|spread|2026-06-14T02:05:00Z
2026-06-13T13:30:01Z|19229432-9e15-416b-a150-487d7932aa59|e415ffde724f9f81c38117a9d0764bf74bae37d84e8bf9fa7c5b78e436b01fc9|baseball_mlb|spread|2026-06-13T20:10:00Z
2026-06-13T13:30:01Z|28e98c98-11d5-4a82-9002-4f4eae3a5f62|d4a0412740d8e219f16913e7239c43079416d2b5bbdb38f5d3ec936983ed7db1|baseball_mlb|spread|2026-06-14T02:07:00Z
2026-06-13T14:30:01Z|0e246a71-4bcd-4734-9dee-a8a10d022d52|1a7243171f954b24ef4c632f7329e2e15294cb07fa78bd2d4b4ebd5d335e0193|baseball_mlb|spread|2026-06-13T20:10:00Z
2026-06-13T14:30:01Z|0468179c-7b23-491b-95c3-4dd1f127073f|0b300875668cb2f9544d3e5acaa4dfbfcc83ad40b1dcfaeb3d7bc008eb73a339|baseball_mlb|spread|2026-06-13T20:10:00Z
2026-06-13T15:30:01Z|b1b3b720-6bbc-4f86-8f1c-ab5e36ed60d1|facc853c3d90be958587b9c419bdaaef496dce68d45c40621376ea36eab029e2|baseball_mlb|spread|2026-06-13T20:10:00Z
2026-06-13T15:30:01Z|f0a4f2e3-c0ee-4264-a23d-73a872ec4223|030dd9e010856c3712e79b7c8074f6f8aa7cd602429fc5de0fef5247e891ff4a|baseball_mlb|spread|2026-06-13T20:05:00Z
2026-06-13T16:30:02Z|6a927041-0d4e-4704-911f-745e2c122b57|1af0ed9ee3588307a70f79f9b3af40e78f7f7c4ab446a4ad7f77759b4719af57|baseball_mlb|spread|2026-06-13T20:05:00Z
2026-06-13T16:30:02Z|af3fdb57-2bdd-419f-bebc-8ae4a03dfd7f|15d1eeed622188cde937ad33d10e0fbf600f1e14349d03f0d872e2322773a15a|baseball_mlb|spread|2026-06-13T20:05:00Z
2026-06-13T17:00:01Z|918e3881-7b27-4cf3-977c-c935bd5fb7ca|c8181d4cbdbc69896ce277822855441331602bc363912e746fa0449abb0b340c|baseball_mlb|spread|2026-06-13T23:10:00Z
2026-06-13T17:30:01Z|4a5bf47b-2ea9-45ee-9462-2ad4990a3e06|f6c09331fc39f3db9a141b713f87e878e69bb43459537385e33ef6593a4c6152|baseball_mlb|spread|2026-06-14T02:05:00Z
2026-06-13T18:30:02Z|0013742d-1517-43f1-bb10-52749bc32443|c2af82a6e8cfa28afd8dc56142ab049ff6c8abf8a2d9f9031513835b3e016fa9|baseball_mlb|moneyline|2026-06-14T17:35:00Z
2026-06-13T18:30:02Z|efdee09e-d270-4f3f-81fa-4a01ba3f2acf|49345dfbc41e5eaee8b838c3d243ea1b936cf48f39ba0f21013217319b009538|baseball_mlb|moneyline|2026-06-14T17:37:00Z
2026-06-13T18:30:02Z|e88ee27a-de0c-455d-aa33-ec3d65985798|19b174b92de876ac994e37f2f6570f9515ade8de54c2ef66724aff73da76a352|baseball_mlb|total|2026-06-14T17:35:00Z
2026-06-13T18:30:02Z|dd7dd285-6f64-49e2-afb3-b49db38ea008|cdd5ab1eadcec9f0f0ed1adf4534d31bfccb2a9755931e321b87cb4d91e68d8b|baseball_mlb|total|2026-06-14T16:15:00Z
2026-06-13T18:30:02Z|01067a92-a834-4534-be1f-b4bd95806021|962ddf0908630225654d582c04ad8fde97479622ea93df8d617600dc9f960807|baseball_mlb|spread|2026-06-14T17:35:00Z
2026-06-13T18:30:02Z|3fa1f57c-0eed-488b-89a9-29e03e78486e|776cd66a18a75878617b11aa10e01b36b9f12b3205a6e6a308420c70f2e91cba|baseball_mlb|spread|2026-06-14T16:15:00Z
2026-06-13T18:30:02Z|a4e90ad9-11aa-4dfd-a18f-1bbcec2fff6b|b6d24234bf14a338984c286b2509f10504db92a39ade54bb858643f838116c35|baseball_mlb|moneyline|2026-06-14T17:40:00Z
2026-06-13T18:30:02Z|e536c2cf-6365-4c80-a3b6-dc7d0973727e|06fa68cd09b2d9eda846e47393a5218d5d906a42d0c9311b05a1728ac4d54639|baseball_mlb|spread|2026-06-14T17:35:00Z
2026-06-13T18:30:02Z|eb6ccc67-ba55-456b-b506-764d72fe0581|fdc8947ddb4ecb346f5da933e0257f2caf7acf72cec19f1b35f4d92f223b0ef1|baseball_mlb|spread|2026-06-14T17:37:00Z
2026-06-13T18:30:02Z|b4a54abd-f548-4fc4-9d25-c0e3e33d2c61|221767b1834ef3bfb2d1ff2f16e6d254474ad861e013bac9bc77673a701188fd|baseball_mlb|total|2026-06-14T17:40:00Z
2026-06-13T18:30:02Z|44292d02-cedd-4808-b67d-06ff42e56db2|eefcdbedabaebf5246343236d019a0a34a51f79bee107746b5dd89074a779779|baseball_mlb|total|2026-06-14T18:10:00Z
2026-06-13T18:30:02Z|5554e748-258f-44f4-b4cb-a0be8a34e4e9|4708c55c334b73e4dc03f6a4938f40fcde4141d0fac837250db35ae5adeb5fd3|baseball_mlb|spread|2026-06-14T17:40:00Z
2026-06-13T18:30:02Z|91a2ab3f-f0d6-4394-b6a4-a83182b848a1|bae1c62504db20e00a5959174e29af57014d33401e5381a8167b0c3be1731b69|baseball_mlb|spread|2026-06-14T18:10:00Z
2026-06-13T18:30:02Z|95bf4270-1014-418d-869c-f474d5b192df|8392381e1eb51b93170a5a08e2bd5a39b8abd0b10467c7f586c6a42aa8c32b0f|baseball_mlb|spread|2026-06-14T17:40:00Z
2026-06-13T18:30:02Z|995fb899-4438-4b0d-8d35-d7fae19e5df2|edd878d32a9b14a61746220a6c87b60e377daf06b1e87dbe4fc24e64de52b139|baseball_mlb|moneyline|2026-06-14T17:40:00Z
2026-06-13T18:30:02Z|eb5a9178-a79e-4a8b-80c8-ac1daf8940f7|48e725e2703b67436945e2c929d836fc021bb2e4e815d35817fbcf3532c55eed|baseball_mlb|spread|2026-06-14T17:40:00Z
2026-06-13T18:30:02Z|a5d911bc-8e4e-4a15-ad46-3166c63f26dd|d33998dca99439c56bbba12f1e1d0d6638af566b53fc1d51903d4178ad2fcbb0|baseball_mlb|spread|2026-06-14T18:10:00Z
2026-06-13T19:00:01Z|c7d1e543-e639-48bc-87d7-db0926a3d820|c8e90f90d1c7fb0409261ca86563097b531d0d10e0540d128e0a175a64c17d38|baseball_mlb|moneyline|2026-06-14T17:35:00Z
2026-06-13T19:00:01Z|32b19942-55f8-463b-9863-7557fb08f6fe|8e1e3f7c0725f597287af12aeefa35ccf83c82cec9ecca77e12d828ea4d5ac22|baseball_mlb|total|2026-06-14T18:10:00Z
2026-06-13T19:30:01Z|1f8b1c6b-1a8b-43c4-8020-0bd02e464476|52d8c133cec1f700b8e034787e4b76b918dc7f6c48aaaccdc3071d92e91b04ca|baseball_mlb|spread|2026-06-14T19:05:00Z
2026-06-13T19:30:01Z|09c4d0b9-b9f4-4181-91d6-ac14ef5401ed|668874d30ff58f80252526024312371cada891f4e513702a50fae8fbc1268d8a|baseball_mlb|moneyline|2026-06-14T18:10:00Z
2026-06-13T19:30:01Z|3d02cedc-fd5b-4488-af46-c8a0c3131f86|14194e78e84d2e7802ae53e7dececc6af3ffbe0190e1fc3a7b48e4240b09e549|baseball_mlb|spread|2026-06-14T18:10:00Z
2026-06-13T20:00:01Z|bc00dabe-589e-46db-98cb-acaa7ddf7038|40b5dbd0e1784f2f798f0afc249648cef9a9aaabe738f72fb96261729f4cc2f1|baseball_mlb|spread|2026-06-14T19:10:00Z
2026-06-13T20:00:01Z|6d59be35-40c5-4018-a566-10d0c2b73f58|8d463f605b9b95d460175af3ace3c56c31e00be892958eea1fdfddf64eae806d|baseball_mlb|spread|2026-06-14T23:20:00Z
2026-06-13T20:00:01Z|ecdef8c2-d5ea-4921-904d-93b07b516306|9e2de2431ff56dd0a71975ffb9f42d86ca3720f48f36aa657d09e1208d1c56c2|baseball_mlb|total|2026-06-14T18:10:00Z
2026-06-13T20:00:01Z|26f0d24e-63ee-4645-9977-5cd3fd9e9bd0|efc7dd7c124eb1b252f963a2d331404e3291c297b410b1fa066bdb8f425f1995|baseball_mlb|moneyline|2026-06-14T18:10:00Z
2026-06-13T20:00:01Z|ec30f525-31ab-440b-8f12-5493f26b8fbe|3d1419ebf088cf62b9386c3a08ddf454d0a804ef4b1beb8a4c7104b66d9f0333|baseball_mlb|moneyline|2026-06-14T18:10:00Z
2026-06-13T20:00:01Z|bd0d7b5e-6e40-4207-a001-7e749f45380d|c761f242553c415598b47705e66e8260698c22bc9156843e841e42bc40633821|baseball_mlb|moneyline|2026-06-14T16:15:00Z
2026-06-13T20:00:01Z|643d3aa0-9923-4a21-baca-a11fba970e2b|617165452f277e5e3cbcf901b647986336f4a4368dbe3b572801d16d43d1f912|baseball_mlb|spread|2026-06-14T18:10:00Z
2026-06-13T20:00:01Z|d2cf4a9b-ec0d-478e-9c2a-385d8fdaf3ed|2cbb9b1a98c5e9bca6e0c27506b9c77fdc9c00ef28141076438810367406fdc9|baseball_mlb|moneyline|2026-06-14T19:10:00Z
2026-06-13T20:00:01Z|10e33952-f0c9-4ec9-aa04-e9be0fe1b8f6|9a222cd41ec79ecbca53695ca1f7bdd94c57daa8c321034ef2362d4c55af4356|baseball_mlb|moneyline|2026-06-14T19:05:00Z
2026-06-13T20:00:01Z|9efe7a49-0dc6-4d19-9cb9-18edcf69dbd5|f8c4fe5ddd0cd9523755ab56da0cacb53db2906940338112d7d19909222ca648|baseball_mlb|moneyline|2026-06-14T23:20:00Z
2026-06-13T20:00:01Z|4eb878e8-c959-4231-ac7f-0248b600f90c|74231a83a9b7f0cbc62375eaa4de703768f51d050b792abc95d4e29dc4f66680|baseball_mlb|spread|2026-06-13T20:05:00Z
2026-06-13T21:30:01Z|23d3044d-bd73-44b8-a037-f25addedad5f|2f9d9df7ddddb26797602d775aae75c95e68f336efe5584f5057ea8a051fa18b|baseball_mlb|moneyline|2026-06-14T17:40:00Z
2026-06-13T22:30:01Z|4d0c114b-c04e-4935-98e3-505451cff158|d82eb0206d2b188f9d00039cdb55a9cef7938097e2daa0d48cee4549a49df5cc|baseball_mlb|spread|2026-06-14T18:10:00Z
