2026-05-31T00:00:01Z|e575a31f-e622-4f2d-be46-eb678d2449d8|dba7ae48ec2202f3474548e310a3630f9c65ede1d509999c985538f7eaa14673|baseball_mlb|spread|2026-05-31T17:35:00Z
2026-05-31T00:00:01Z|489506d6-2c9b-4843-8b33-cefbbc482b7c|dcc095569039ee06b06ee31a9c0afbb236457ee0cfc94d450ac6f68b0ab332af|baseball_mlb|spread|2026-05-31T20:05:00Z
2026-05-31T00:00:01Z|e167838f-3b62-4902-b8a4-be83e97f1512|aa90062c4f3054160691bdb1eccef838c5b5fcab900115581795f65319a17624|baseball_mlb|spread|2026-05-31T16:15:00Z
2026-05-31T00:30:01Z|39a87414-d977-4730-aa40-0bd4d00c9491|afa2f3889ce2c130d74c188fe9072d84240857a0f44fe720c028f200ca961f47|baseball_mlb|moneyline|2026-05-31T20:05:00Z
2026-05-31T01:00:01Z|fb9e21d2-ef54-4e8d-8365-a2fcfafe9c85|cd0d95e1d42a639b39e1677b1f11feaaac9cb420a10077eaeb5c15897200e9e3|baseball_mlb|spread|2026-05-31T18:35:00Z
2026-05-31T01:00:01Z|b3c57dbe-0adf-49c8-b07c-100f1085b5ec|118b0d61c3b00b8f1f4e8691883906dfeecdab09e6edef547b050201dfe5c70f|baseball_mlb|spread|2026-05-31T17:40:00Z
2026-05-31T02:30:01Z|4d077489-1682-4af8-b370-a8066324b2ff|a4208a535b2752b5270957fe0cf70e95665ca230f06450aeb2fde07bef2bd596|baseball_mlb|spread|2026-05-31T20:10:00Z
2026-05-31T03:00:01Z|e6efbca4-e021-4d34-b25f-41f792d25aac|02f0ff690260bbc3703fff0dc22fd5bf0fda175017accfa630df04fc53e06663|baseball_mlb|spread|2026-05-31T18:10:00Z
2026-05-31T03:00:01Z|40382431-812f-41ed-9481-2ecd7415e19f|ad323ea0757d49dc56fe90fae39b9dfb605fc8be8623e114027141c055c90ada|baseball_mlb|spread|2026-05-31T17:40:00Z
2026-05-31T03:30:02Z|e863d9b9-c031-443b-ae2f-01c100529ed3|7430d18a1e55425e08d2aacccd1fe25d3f431d1923c0cb6d85696c6581fccfd8|baseball_mlb|spread|2026-05-31T23:20:00Z
2026-05-31T04:00:02Z|cdf32680-0416-40cb-b6de-24543f5d86fc|d4e6ec2823b7ee654873ca2c5bda6662ccf7a186f5a17210c590af097e806928|baseball_mlb|spread|2026-05-31T17:35:00Z
2026-05-31T04:00:02Z|de6254fa-86d4-4c6b-a2b2-d8021d360e75|f5b45dbc19522cfb1b9eee2016ea21937abcd68977c46c0cc984e0bcb46ae481|baseball_mlb|spread|2026-05-31T19:10:00Z
2026-05-31T04:00:02Z|e588105f-5f8c-4a2a-beb7-40931ed9d8c0|52357553ab7254f18a26cf7d3703adea44aaccda382aeb722fc69dcc2aff7a8e|baseball_mlb|spread|2026-05-31T17:35:00Z
2026-05-31T04:00:02Z|a1fbb85c-16e0-4aa3-b2e7-0fb8aec37480|fe561707a2f2464fe0f65ccb9f69c4dfeb56be60559c5a2428b972259dcec0c7|baseball_mlb|spread|2026-05-31T17:40:00Z
2026-05-31T05:00:02Z|d3c41d1f-dba4-4827-b178-40399d97e5b8|e950b6ae0bafb5d4f16182c078dafaff014d81f2d1198db99a14c0fd565ec68a|baseball_mlb|spread|2026-05-31T16:15:00Z
2026-05-31T05:00:02Z|db77a722-5387-40c9-9585-34db05bd4199|f77e74c6ecc0683bb806ef5ebfa3cba97ac299e72b1930dc40a6e240b50dae70|baseball_mlb|spread|2026-05-31T17:40:00Z
2026-05-31T06:00:01Z|bd1ea47e-9e53-4bc0-b453-33fabb4da5a2|443ba4cf5f35bb7c7ccad210a33d2ea3c0c6c785b6cebcbd84fa7412daae72be|baseball_mlb|spread|2026-05-31T17:40:00Z
2026-05-31T06:00:01Z|397c41a0-c56b-43bd-a7b6-42149fc6bf77|0902716de24cd80500dc6aa6e09c5762763831378cf15104d44b572669b0b5ec|baseball_mlb|spread|2026-05-31T17:40:00Z
2026-05-31T06:00:01Z|d298b8cb-462a-4028-9851-9d36655d9aa5|cd952b57c85eb0a48bf553fa1b79d9f71b9f3ae05b9d73f452081b3d4786cf6d|baseball_mlb|spread|2026-05-31T20:05:00Z
2026-05-31T06:00:01Z|2e7b3054-d43a-4b3d-b474-781e3f5dafe8|8181d91acc0c33a967a73787f992e93e8258fe9a89a92d38dc4fe354597011aa|baseball_mlb|spread|2026-05-31T18:35:00Z
2026-05-31T06:30:01Z|9bf6e95b-767d-488b-a278-b2e2e3d98b0b|b669b855220d6c2974d0cb36cd1e6237d21c04acf93894ec967ca9a7838da5eb|baseball_mlb|spread|2026-05-31T17:40:00Z
2026-05-31T06:30:01Z|10d8b830-c586-4697-9bcb-a7df0c1ef027|931edbdee568f6f626f801156008558a41cd23c95d3e8b6370b2122513dd3207|baseball_mlb|spread|2026-05-31T20:10:00Z
2026-05-31T06:30:01Z|63fbc65c-037c-4b0d-9de3-e8f417585425|32bff8d99062b03056cca19c396e4db41cab8262e59a6763e8011475a7a8b10f|baseball_mlb|spread|2026-05-31T20:10:00Z
2026-05-31T07:30:01Z|50ab86a9-439f-4d6b-945f-cbabcdec30f8|3d5580499681de7cc0eeb8189c04f83f17e05c49054b999022ebb6a74b0defd0|baseball_mlb|spread|2026-05-31T17:40:00Z
2026-05-31T07:30:01Z|c3623a82-faa5-40eb-b5f4-0bdf426583da|3f8c470c1d5d92fc971eca04e1cc01014d40a267931b5b88c0c02dc2088d9fd3|baseball_mlb|spread|2026-05-31T18:10:00Z
2026-05-31T07:30:01Z|a0448630-01fd-46d8-a252-4931d417e640|e5225101606a9d7c21990c908392722e38da12e99dd4173cca42a80db0a845a8|baseball_mlb|spread|2026-05-31T20:10:00Z
2026-05-31T08:00:01Z|f0c47037-1ab3-4e41-8b89-95a22a812372|c174d4bc7c1aef8094953ac8097a25d2ae07b2860a0e3fc261f5fc8bf2ab1121|baseball_mlb|spread|2026-05-31T18:10:00Z
2026-05-31T08:00:01Z|ccca3dc1-55f0-4a11-9eb0-ad6dbd8c1b5e|790dae7d6dea57797b7f8dcc238980c7119e9d193fe0318f91557223a0e91053|baseball_mlb|spread|2026-05-31T17:40:00Z
2026-05-31T08:00:01Z|82429f9f-6792-43c0-9e9a-38c84e355c7f|15cc3c0f4b66a7f8a92c9fa81c4c0d1c15b418812374b9a1b7098af54ca4b92a|baseball_mlb|spread|2026-05-31T17:40:00Z
2026-05-31T08:00:01Z|aefe4c5c-3d7d-4772-9ec9-00f55242afe9|ff36438c99825b2a5d7c99a3089fa78d68ced86590e327d64f1eeb13154736db|baseball_mlb|spread|2026-05-31T20:10:00Z
2026-05-31T08:00:01Z|dbec8233-51a7-4ff2-b8d7-238358f01793|360e5bb478956ddb28fa11ec035350e721585ed6f1ac8aa3245139e71b68b4ae|baseball_mlb|spread|2026-05-31T20:10:00Z
2026-05-31T08:30:01Z|ea4e4882-9235-4c9e-8249-de0063397434|e94b2a843916e0e3d73180cfb025506fd31fd8938cb441b5aa7836dd5e0d6241|baseball_mlb|spread|2026-05-31T23:20:00Z
2026-05-31T09:00:01Z|e68bc945-9cc5-4044-9689-a8149ae09d4b|de41474a35560b0f9d2927c2c022cb3882647b2b17dba569bd4d45cf0d76828b|baseball_mlb|spread|2026-05-31T20:10:00Z
2026-05-31T09:00:01Z|1c7993a2-490a-4778-a157-21780ddfdce6|1d1bb1aec47ce26145d13a34f69f1c0463361b23a6b9f273afcf02ac8eb4dfdc|baseball_mlb|spread|2026-05-31T17:35:00Z
2026-05-31T09:00:01Z|ef1cbda9-80fb-4ed0-8502-d094459f722d|559fb629ae8ffc4760d81b11f57f1719fa42abdf73c49e70c2cb83aa2553e052|baseball_mlb|spread|2026-05-31T20:10:00Z
2026-05-31T09:00:01Z|739f0a6d-bbad-4bff-bf79-7ab0f600cd47|dffce6aea168b8fea4c342259dd11e6af2d8f147edca611abb79d37fbb400846|baseball_mlb|spread|2026-05-31T17:40:00Z
2026-05-31T09:00:01Z|8c1b71f2-d590-4e0b-b4b2-31b6fda64a67|bf32f08b8a4fd511c72b393f5658294f25740f596d3d3ad873b082e687dea3c9|baseball_mlb|spread|2026-05-31T19:10:00Z
2026-05-31T09:30:01Z|95cd580a-7023-4341-a47c-44ed51d05590|20d985189312f42a3093579589c518bb0cfa943287aaca6479c15d13277feb9c|baseball_mlb|spread|2026-05-31T20:10:00Z
2026-05-31T10:00:01Z|236b9124-faf3-4baa-82c9-85bab0d62fa5|eeeff2a774c49c62282772a374c71ce1acbbd2d042fe5065be82627752dac3cb|baseball_mlb|spread|2026-05-31T17:40:00Z
2026-05-31T10:30:01Z|26be3c37-d26f-4ff3-97b5-d447d8c54d36|aa3cf467c23083a450f1ffae4841072003b2359ee9d680180b2e8894bcca02ad|baseball_mlb|spread|2026-05-31T20:10:00Z
2026-05-31T10:30:01Z|0c626e64-f0b0-42d7-aedc-2e349f9bcfd8|e07887069a510cbf6393921d6ff7d4cc36eed40a7b4286e7655da2bfae7859fe|baseball_mlb|spread|2026-05-31T18:35:00Z
2026-05-31T10:30:01Z|57126fb3-140b-4edd-834b-62a0b902d6c3|01581211bf0e0161794b963d4606d215bf5ef8fc0d10a5dc3219c4d8d4b7cf12|baseball_mlb|spread|2026-05-31T20:05:00Z
2026-05-31T11:00:01Z|37a00aa9-a959-418a-a62c-d409042d16d4|4fdb2e24fca2f0489f328e62ea80f9cb78527eca88d85aa890fcfdc9bbf2e720|baseball_mlb|spread|2026-05-31T20:10:00Z
2026-05-31T12:00:01Z|da50df37-840b-4e25-9d86-7a9eb34c6f26|b8299cc9a3a0c9881cf94740ff0f7fe76d62a2385fece4e771dc7a122b9cd29d|baseball_mlb|spread|2026-05-31T18:10:00Z
2026-05-31T12:30:01Z|fe6171cd-6fcc-470c-aba7-d0510d82282d|c4bcbd5af175d457a89565347c7b9bedfffe2450c613468c3b03042f76ecaeb1|baseball_mlb|spread|2026-05-31T18:10:00Z
2026-05-31T12:30:01Z|1fc0aa5f-2315-464b-a748-704fa1877260|fd535089decf231818332ddf4763b78fc1fc288dffde4f954d63f25608b0f0bb|baseball_mlb|spread|2026-05-31T23:20:00Z
2026-05-31T13:00:02Z|4cf1503d-21ab-42b9-a91e-257712eedab7|e2b893f7322ba88c8a817572f14eba7619d262081f6d32c6ce480a852e1e9951|baseball_mlb|spread|2026-05-31T17:35:00Z
2026-05-31T13:00:02Z|1b09c58f-b944-4f12-86de-4843ffbd7601|ca69b973163aeff540a7136f91a3ad3abc56479629a20b67f0b2a0cdb0afdb23|baseball_mlb|spread|2026-05-31T16:15:00Z
2026-05-31T13:00:02Z|a79d614e-904f-4a92-b8cd-f607d5c157b6|d7727aa9df10378e750b8ab671701e4f1f74b7759cdc0ac88752c942244477ad|baseball_mlb|spread|2026-05-31T17:35:00Z
2026-05-31T13:00:02Z|b1e7b378-1d62-426f-81f3-2a69ea9445c8|fb9b93b6778348c76b4db1f3bd7540148b10b20c4414391ad0dd2c48aa643d9c|baseball_mlb|spread|2026-05-31T17:40:00Z
2026-05-31T13:30:01Z|0a14da32-7679-40f8-8fd7-6701ea11223c|6384ce829c9f0327bfbd38c26bee95b68b76b3fcaf0d580e4b7e05b12e770864|baseball_mlb|spread|2026-05-31T17:40:00Z
2026-05-31T13:30:01Z|4a8a20d7-8525-42f3-b965-9e0ebff5eac0|829bc178b665e61af5bc83cd405b0468705af3ca99f7ffb13ad70f5a45468959|baseball_mlb|spread|2026-05-31T19:10:00Z
2026-05-31T13:30:01Z|b58d38bb-adc7-432c-bdef-408903b6059c|f0269f25cd8c113d05269c8933823e9f493bbb4bbe16f0693a5eae744369b319|baseball_mlb|spread|2026-05-31T17:40:00Z
2026-05-31T14:00:01Z|2393e4d3-8869-477a-836a-1b03deb7cee0|53f793878f1d9989028b967bdccacc739a27e8d269fac12f6979a591712107ee|baseball_mlb|spread|2026-05-31T20:10:00Z
2026-05-31T14:00:01Z|af6f37e3-2fbd-4fe0-bbcd-2ac55c04d17c|6d4dd228712e524a5724b6a2af8c1ae8423c47a8fb413bb5adbe9776da5b76d2|baseball_mlb|spread|2026-05-31T18:35:00Z
2026-05-31T14:30:01Z|521c17a7-1e06-4f78-8b18-2beef81d9e6f|5a3455f943c80ef56f7123382f277fe88acaf67891e3f7a70a26d02c9a903b85|baseball_mlb|spread|2026-05-31T20:05:00Z
2026-05-31T14:30:01Z|5c96ea77-6449-4148-ba5c-36c23e778f9b|56fd7d2f12d3c6d4076e26d19fd9dd3951739a6b30c6ec68ee98841dc3b810b0|baseball_mlb|spread|2026-05-31T20:10:00Z
2026-05-31T16:00:02Z|f38fab02-cc99-442a-8896-71e14268b1d0|d8b45504915ce285aa774add9dec04187c410b8dc4a706bb42d19a462e69039c|baseball_mlb|spread|2026-05-31T18:10:00Z
2026-05-31T16:00:02Z|7430c503-e01b-430d-b651-10f39a81dd2f|29f2b77ccbe4dc4b8a93e1329eeed6d3d164fbcdf69b5c68b7cce19e7b36a816|baseball_mlb|spread|2026-05-31T18:10:00Z
2026-05-31T16:00:02Z|5bb485ec-f5cc-4b3a-9b67-055bd08231bd|2818cf8d320c15eda083a68c5ddc42a60e4e9f452a6218d18114ddb58d9cccd3|baseball_mlb|spread|2026-05-31T17:40:00Z
2026-05-31T17:00:01Z|219469fa-19d4-49d5-ba26-38a85ed43d94|54c303245cd115418e126a0dfa3ba8c774d1cbfb0b649dff7aee37eea4fffc66|baseball_mlb|spread|2026-05-31T19:10:00Z
2026-05-31T18:30:01Z|c0d94c58-1663-4e20-8807-28f04194e55e|eeb486460c63b7de2f2f4459f42c97b23c8800fa9514634663db5152f7c90d01|baseball_mlb|spread|2026-06-01T22:40:00Z
2026-05-31T18:30:01Z|460b04c4-cc5f-44a5-951f-c8cb4575a3cd|cb4b3b9d30768aadc490dc290313af338f66002106e1be232885e92bedbea564|baseball_mlb|spread|2026-06-01T22:45:00Z
2026-05-31T18:30:01Z|1b671e71-1de6-44b0-8e45-c5bb27849e49|e695cb364daa7ed2b6331a7079cb8b1eb953e493140f2e76232d6d81f30ca27b|baseball_mlb|spread|2026-06-01T23:10:00Z
