2026-05-30T04:00:01Z|78fff648-32d7-42e6-aefe-aac6db248794|c04bee8c93cd25e537a118c10f775cd595cc9d0dbbf89eb4d4124812e793a006|baseball_mlb|spread|2026-05-30T18:10:00Z
2026-05-30T04:30:01Z|8e5587f4-84b6-452b-be63-821d98ea0947|3f80d225d461b435315703fafa29b84eae040cdbd12b432f82c9e468aa62f4d9|baseball_mlb|spread|2026-05-30T20:05:00Z
2026-05-30T04:30:01Z|f201bea9-0777-472b-964c-33088aa94bdd|c423b52eca719aabf08ff5e08060d457bb1124212870008351ac1243bf7e49b9|baseball_mlb|spread|2026-05-30T20:10:00Z
2026-05-30T04:30:01Z|2be956b9-e85d-4383-a6fe-a2662199b367|7cb5b4f5743cdb6e776b6cc848ebacdde250a5548caff66eefbd7558651c1666|baseball_mlb|spread|2026-05-30T23:15:00Z
2026-05-30T04:30:01Z|af3cbf56-5caf-4cbf-8c15-e6d9fae73e90|b546d5ba2d62df33562c5dae06259fb87b6c87bb235edd48c2e7478fb498e058|baseball_mlb|spread|2026-05-30T18:10:00Z
2026-05-30T04:30:01Z|72674b9c-cc0b-4f0f-b72a-4fe7f7891642|a5f66864071f45a93465e752ce88eab5752d4ce590d787d2966514bfe1367220|baseball_mlb|spread|2026-05-30T20:05:00Z
2026-05-30T04:30:01Z|c3db8279-8846-4fc7-97d7-01bd626ac6b6|e6add0bef697dbb0eb96f7ae1d297818a26ce260e86ed968dc86798bc941d91b|baseball_mlb|spread|2026-05-30T20:05:00Z
2026-05-30T04:30:01Z|5a25ed84-8500-4721-be5f-9310a90f9bc5|33516c38a038e7eda588edec776078fc78812dc126779ab2fa8370839891d834|baseball_mlb|spread|2026-05-30T20:10:00Z
2026-05-30T04:30:01Z|253aec01-eac0-42ac-8e5d-6953ba4ca6f8|59b5340a4147c3ee42b150d7821b96721042b9d58db4bacbfbc7ec57750802e4|baseball_mlb|moneyline|2026-05-31T02:10:00Z
2026-05-30T04:30:01Z|814bf073-2a1d-4bf7-912f-9be4372cb328|dee68b6614ca685072fb07b162d50fbc1f460f7bdb0acb5c5d09b43024a7334f|baseball_mlb|total|2026-05-31T01:10:00Z
2026-05-30T04:30:01Z|9c5d15e7-71ae-4c54-af9f-98693c789d2f|f9878bd651c0a4242b38f3badc12bcaad583fb08dced531e3e1a1ae1b79c91cf|baseball_mlb|spread|2026-05-31T01:10:00Z
2026-05-30T04:30:01Z|e5a662f1-972d-46be-9581-9eacd7b40fce|7e0f66fc8c14d1f6694fcf8dee69c11a5b1349ce6adb98b8f115a5dbdc3e0b4e|baseball_mlb|moneyline|2026-05-31T02:05:00Z
2026-05-30T04:30:01Z|5c4241bc-65ca-4522-8abf-56e0b1ed9bbb|1ab1b3e27d988f5c9b8674de03420db888fdc13eb2a14f32889705dfe8c6028b|baseball_mlb|moneyline|2026-05-31T02:10:00Z
2026-05-30T04:30:01Z|f3af0803-5a1f-4a67-a6e3-d5cf1c962f6a|cced0060485af7df4ebb2a52e89f8a6ed26ebc9753dde3ac36abe3765998a7c6|baseball_mlb|spread|2026-05-31T02:10:00Z
2026-05-30T05:00:01Z|b79bbbbe-c46d-4e41-aa1b-bf7fac79eba6|6a304a0852339e5370f68a35962a69d348726abcfaa6be77cf8c3ff6e7713c18|baseball_mlb|spread|2026-05-30T20:10:00Z
2026-05-30T05:30:02Z|d3aa8edd-36c1-44a1-b6d8-32ae64d56439|ce638a66e06abc8446b98f1fedba080ccd986f2b270b81f34090ad76857120e0|baseball_mlb|spread|2026-05-30T23:15:00Z
2026-05-30T05:30:02Z|34adfc24-e526-455c-a126-845549614b1d|8d1f9141c5eeb4230ee2aeb209617797f40b6eea0dd40fc687b4722bf7d56d62|baseball_mlb|moneyline|2026-05-31T01:10:00Z
2026-05-30T06:30:01Z|c91d4d3f-30bf-46e0-96be-bb5474c4ce62|51002b2e36af3d7e6d7c55801159ee2038b898201a09adb37f9f36c0f7528e13|baseball_mlb|spread|2026-05-30T20:05:00Z
2026-05-30T06:30:01Z|c09683fb-063a-4f95-9331-421a970250ec|4cbc7c143e580cb5dc369516b4d1dc8cbf515b9d64aac18f0520420bb85b9a7d|baseball_mlb|spread|2026-05-30T20:05:00Z
2026-05-30T06:30:01Z|6e4513e9-1ffc-4326-ab60-83c6e68a29ed|cbfcc577c4ec6badc962cd30b3b6f36c1d85f24b7192e5cbdd155c41079d6145|baseball_mlb|spread|2026-05-30T20:05:00Z
2026-05-30T06:30:01Z|bb8ce74b-8deb-43a6-b586-8a6ea29ada1f|a8f28380a7dfc3200a004fec91a11b65bd18ba99bc039f9aa68fbae13f50531d|baseball_mlb|spread|2026-05-30T20:10:00Z
2026-05-30T07:30:01Z|d0ad434a-1a1b-47f9-b8b3-149230997822|3251ec654ed896e657817ab5a89c49dc6ced3bbcdd18a2ef649a7c360d8e806d|baseball_mlb|spread|2026-05-30T23:15:00Z
2026-05-30T08:00:01Z|634a932e-2d28-45ea-b9c8-8170f1ccfe6f|db9ae6e98831dfe9924b97ae45360f03385cf340bba1562909c6c42fcfe60237|baseball_mlb|spread|2026-05-31T01:10:00Z
2026-05-30T08:30:01Z|e32a218f-b08e-4565-9c0b-e48f404f4d3c|aef374093c310de347d0af4d429e70839d08a665268377891d539baa2c21c662|baseball_mlb|spread|2026-05-30T18:10:00Z
2026-05-30T08:30:01Z|f2b62c5e-ad98-4eec-8793-e06305f4cc44|99cc596898098cddd672a8b7e8d525465a1e0b595353a4221aa698d72dbe8895|baseball_mlb|spread|2026-05-30T20:05:00Z
2026-05-30T08:30:01Z|69e6361d-792c-4fa4-8a53-8c4ee3671279|06252ae5bb9079600b9e515487d08600f43c8318db1f551189130a9fafc645ef|baseball_mlb|spread|2026-05-30T20:10:00Z
2026-05-30T08:30:01Z|773fdeb3-cd20-4eba-9c3c-70773c638ad9|8a00c509e9789505becb9a796f6872a9d2da7386c74137d1aceeb55719fde63e|baseball_mlb|spread|2026-05-30T20:10:00Z
2026-05-30T09:00:01Z|56faa658-f7a9-486a-ba5e-ecc5ea97230e|bdbc46f595975e0b6b2a52d3e22a09b0f2109e7aabc6b8dc1776ca40cc06fe8a|baseball_mlb|spread|2026-05-30T20:10:00Z
2026-05-30T09:00:01Z|d265bd2c-5ee1-4e1f-bd0d-0bb0c5fb7c35|54587f6c1b5262b58c6f0d662d58f1ee8a1862cf9cabb596265a5735fc8f3358|baseball_mlb|spread|2026-05-31T02:10:00Z
2026-05-30T09:30:01Z|6b7dd74f-b5b8-4734-8e30-50a07565f5a0|f08513946623139dfb6334398eb7e31ae67c4cbbb9f659145c7690f6a748c5bc|baseball_mlb|spread|2026-05-31T02:10:00Z
2026-05-30T10:30:02Z|e7e20666-cadc-4b84-8d60-aea6c8ffe8d0|b7f941a45ec816241bee70cbcd4f1435784607228bb32fb548307914e7bb7aba|baseball_mlb|spread|2026-05-30T20:05:00Z
2026-05-30T10:30:02Z|3809d580-273d-4e56-bde9-0465e487fb97|9a3fe363e8776d565dbf3bde24810daa9980a33ea911548aef31d941d5d0e6cb|baseball_mlb|spread|2026-05-30T20:05:00Z
2026-05-30T10:30:02Z|29c7848e-15c7-482c-866c-93f422eb47a2|f6905669f0fb1aa25b5103cd07a256b81e6fd70a66e5d963c4f5887473a7343c|baseball_mlb|spread|2026-05-30T20:05:00Z
2026-05-30T10:30:02Z|95bc0216-8ec3-41c9-91aa-1e23e1b3aeb5|13f08dc3680021e30cd2a927b588f717a25a158a4d75e12b0aced250618c781e|baseball_mlb|spread|2026-05-30T20:10:00Z
2026-05-30T10:30:02Z|26409031-55b3-4674-bda7-1040167900c8|de960a8626d135551dc5d23e2696bb3517fc56daacef3776e7c5082ecad493dc|baseball_mlb|spread|2026-05-30T23:15:00Z
2026-05-30T10:30:02Z|1fa1eec5-9dcf-4102-bd19-b6fe03fdefcf|178acd7b3add36298db6f704e0afd98a9f7af8ab9134deb4d4d4be0929ebfa01|baseball_mlb|spread|2026-05-30T23:15:00Z
2026-05-30T11:00:01Z|89ca4f06-c9d7-4884-9098-8b4ce34c9b29|2c05e8e6fd6aabb27fffd61ad1987867dc6e334cbec7b76e02eaef3c05f15b1f|baseball_mlb|spread|2026-05-30T18:10:00Z
2026-05-30T11:30:02Z|200402b4-a6fe-4896-9299-ab4a3193e1c3|792e4f66d636f776db22c28a062c26bfebedcb9ed3470da886b2afdda405136e|baseball_mlb|spread|2026-05-31T02:05:00Z
2026-05-30T12:00:02Z|b23f73bc-8f75-4805-b34c-60f4c7b5b749|3fb33d95036eed9bb185a3da31f77678d00d84bc48f704727a4d30ea46171ea3|baseball_mlb|spread|2026-05-30T20:10:00Z
2026-05-30T13:30:01Z|d4dd7ab8-87eb-4497-83b0-69c8fe5e5b2c|08b6dc96ca7c20793451bb631c6005bfa0d7a245b3d2ac48707051c0a0e4d2df|baseball_mlb|spread|2026-05-30T18:10:00Z
2026-05-30T13:30:01Z|eac08310-fb4a-43d8-bc0c-4ca6e56a714f|9e656b586c2a946e1b89f72b14cd8c840f32f1c40a5f1a0c2246ebba962be3d3|baseball_mlb|spread|2026-05-31T02:10:00Z
2026-05-30T13:30:01Z|7f0bdde1-c7a8-4568-a6a6-0a9bfdf9d5ab|8a0e48841717b2603badc748f5b7f348ef96ae0fc8b132cd4fd02eea0868a3c7|baseball_mlb|spread|2026-05-30T20:10:00Z
2026-05-30T13:30:01Z|95f34665-dd42-434b-975f-9d50310f1595|110d4d86473095e542e0d01e9231e224805e035ed1080dfca5468f4499cea3f0|baseball_mlb|spread|2026-05-31T02:05:00Z
2026-05-30T13:30:01Z|c96c3222-d90c-4947-844c-9c7b6e62ff95|a3507bc932b056e2f3eb6fc5084ac0e5eca68efdaf72aaa0786b249db8afb112|baseball_mlb|spread|2026-05-31T02:10:00Z
2026-05-30T15:00:02Z|ea28c573-0ffd-4abd-af78-831776211532|7ce6c09c68813df9e3aabb8fc75c59de5dce9a76ffb20e6da480662ec4ebf483|baseball_mlb|spread|2026-05-30T23:15:00Z
2026-05-30T16:00:01Z|5ba3a08c-ae72-4d20-acf9-2a77b51fc448|654a2020c78a7455de3334dfc775e5eafd699ba3add33f3c4361da2a5a99f385|baseball_mlb|spread|2026-05-31T01:10:00Z
2026-05-30T18:30:02Z|6deab042-fac9-4731-b12e-412dbcca27f5|cf0a4d0ef3284601ac0104cc72e58e25e10207815550e5c5a89581ef989507a0|baseball_mlb|spread|2026-05-31T16:15:00Z
2026-05-30T18:30:02Z|c3fe0423-0253-48f6-aff4-e22558ee9456|59165dbc07d218ba9f014e29780d6528858feb4407e49868921ceffc9789d6d6|baseball_mlb|spread|2026-05-31T17:35:00Z
2026-05-30T18:30:02Z|a46a4103-8fa4-4f1a-82cf-202c47e0f5dd|4671486697812fdebded6a3c7f0df69701ca9c476a7fecfdffd3c4e2adc946ed|baseball_mlb|spread|2026-05-31T02:10:00Z
2026-05-30T18:30:02Z|d5f50d46-a098-4b94-b5a1-9aab5e78f530|2ab8bb60aaa54d677cd537dc3f9b02906be11f3e66f7d7217dbb33bab8f5f22f|baseball_mlb|spread|2026-05-31T17:35:00Z
2026-05-30T18:30:02Z|47e4a1d9-f6a3-4786-b48d-7b9442b3953b|e6aa5100d196c4daf4bb0294adadf42388f85dba2a9742767048297666eae27b|baseball_mlb|spread|2026-05-31T17:40:00Z
2026-05-30T18:30:02Z|0bc9a980-30b8-4a4e-bf24-ee6f1b7497da|8c1097c60f87ec87699dc44e64a530c840e9eb3f04285b2a210145d6e6be2675|baseball_mlb|moneyline|2026-05-31T17:40:00Z
2026-05-30T18:30:02Z|df4b2641-578a-48a2-958e-c45fb89029ac|006f853efa748a1ed7b35b7f52a1f5328fcd9c191b334cec3a9bc2ffe46ee3d7|baseball_mlb|spread|2026-05-31T17:40:00Z
2026-05-30T18:30:02Z|ec09f86c-c2f3-44ea-b7a7-7e3ebf786fff|76ee40834b454b38dd344cac38d6787ed8dc9fe7bfb318c7dec867f175149468|baseball_mlb|total|2026-05-31T17:35:00Z
2026-05-30T18:30:02Z|7b1bc1d6-d063-4cef-8b34-3db5eeb3dca0|df25469560f5627001e364dc3d669987b6fa89baf7eef9de7aaa8aa5e6391979|baseball_mlb|spread|2026-05-31T17:40:00Z
2026-05-30T18:30:02Z|4b53588b-8d83-42ca-b67c-f379b54379aa|01c365b0a2ed8d00a62b07dd1158131e33d24da7a1274d268c4686f7c28f5e85|baseball_mlb|total|2026-05-31T17:35:00Z
2026-05-30T18:30:02Z|58799e10-8c7c-436c-bb04-7dd78261aee9|0dcf737a598493ccfab0108358eba25af81612121153396ae79a5a9799db9312|baseball_mlb|spread|2026-05-31T17:40:00Z
2026-05-30T18:30:02Z|1b6a9f0c-7bb4-4baf-80f3-eb8285eb0719|476b62592b026e1a853fb09c8af1be862fd37aa087e008d1c68c23960e5fb19f|baseball_mlb|total|2026-05-31T17:40:00Z
2026-05-30T18:30:02Z|08bf8f10-8ece-46fa-91a1-65bff33b250c|38486d2a1591532896159df671dc0b767167f747da10b7fd9bd4f501ee68a08a|baseball_mlb|spread|2026-05-31T18:10:00Z
2026-05-30T18:30:02Z|83f933ee-3a54-4bee-9281-cf27af9a8a50|81f3fd07d68e84b08eb016f7663f46cd50a83e94ee9798e121bf120f910919ce|baseball_mlb|moneyline|2026-05-31T17:40:00Z
2026-05-30T18:30:02Z|90989e8a-e86d-4673-b781-b78e91372393|de54f01e6d3c687d7ac8005d8c71d29eaeb1e55e20858f3828a8ce585f8bc6a0|baseball_mlb|spread|2026-05-31T18:10:00Z
2026-05-30T18:30:02Z|e19d95c2-37f0-4bb5-b9fb-b374b9c0bfa3|0fcd5b1e433f2e68af751188416469614d1a1b8ea68a3c73b56ce644652aef6d|baseball_mlb|spread|2026-05-31T18:35:00Z
2026-05-30T18:30:02Z|722806f5-fe89-4910-8f4f-916551599c6c|cb799c79be2b55657a04efa877093623a8183a0c7bdbdf9089151bdbab42570f|baseball_mlb|spread|2026-05-31T20:10:00Z
2026-05-30T18:30:02Z|ec3d4719-9dde-4c94-a30b-7394ea69b3af|cb9599ff88c9e9ca8dd5ae011d536123b7e983e7ac4d6f417eec980487df3ea6|baseball_mlb|spread|2026-05-31T20:10:00Z
2026-05-30T18:30:02Z|42a11619-da7c-4eda-af9c-1e24725418c1|900643e63b47786946e47ca63ae7e4dce002b9fd30ba6fd045d888698a31567a|baseball_mlb|spread|2026-05-31T23:20:00Z
2026-05-30T18:30:02Z|b51d08d5-b635-46ef-80bb-b8407e3758a7|d08665544b32f6c89527ea54a2ac642023126a64514f67d4130f0df5a6e2534a|baseball_mlb|spread|2026-05-31T19:10:00Z
2026-05-30T19:00:02Z|bc10a306-f0ca-4052-bf53-7fd01eba16f6|2f32cefd8bc2099d59cad352bb47c5c3f15317d9d38ab68805d4edb314298eb6|baseball_mlb|moneyline|2026-05-31T17:35:00Z
2026-05-30T19:00:02Z|dfbc207c-806d-4170-93c7-c71f8d66cada|8b2122f9a4b72912297137c98afa9db47d0c08fc10775e6f1e5e67ebe88259cd|baseball_mlb|total|2026-05-31T16:15:00Z
2026-05-30T19:00:02Z|e346e319-3ea3-4239-a334-d4116cbb854b|53b78a83886581638644fc979e5ee777885c64f714e3ce17c061e5357ce254f1|baseball_mlb|moneyline|2026-05-31T17:35:00Z
2026-05-30T19:00:02Z|3a712114-2798-49d5-a65d-361a1ff7925a|48b29c0b63275bdf994542008d6db9e406aa37e1daa87a19f7c82b000d4a883c|baseball_mlb|moneyline|2026-05-31T17:40:00Z
2026-05-30T19:00:02Z|ab047c7b-4609-41f5-8b01-0e83d9fdf474|1cb6f4a84fcc95ffbb71567aa5882893243e4db311c0eff85d6236c9a1d13a04|baseball_mlb|moneyline|2026-05-31T18:10:00Z
2026-05-30T19:00:02Z|cacdb1bd-a1e3-4298-92b2-220c2e95e0b9|d65c04a1ff71d19a42ffe4ab409215799e3896d85dbf946eccc933f54125a053|baseball_mlb|moneyline|2026-05-31T18:35:00Z
2026-05-30T19:00:02Z|fdbe8112-a534-4ce7-b81a-3ea29411b0c1|8e02e52a1f0fc9351dd70b5dc9351835c38274c7c423be7eec424891e9237d6a|baseball_mlb|total|2026-05-31T19:10:00Z
2026-05-30T19:00:02Z|809ad2a7-0a09-40c0-890f-82980d5a04ed|3b6848298365f3ca8bd9e64cac255c6c4ca300ccb3522dd2ccc129ba81d45d26|baseball_mlb|moneyline|2026-05-31T20:10:00Z
2026-05-30T19:00:02Z|4cee9055-b490-415a-b85f-048e0f26b563|db56f28534359f6a82ec1512131d3179421a386b32cf71bdb0d53658b6b60a24|baseball_mlb|moneyline|2026-05-31T23:20:00Z
2026-05-30T19:00:02Z|efb03f2e-5331-4e70-916c-950981680d4c|6c4c5a3c77b5021c633820e2222e89a8841ee30f881fc67ab1705914a2d436d2|baseball_mlb|spread|2026-05-31T17:40:00Z
2026-05-30T19:30:01Z|ef14e050-9f0a-495c-ad9b-56cf2a50637f|b7c0f4419db10686f59edb9554b56c14bcd052ef7224a76f3c257bc061eb3f9e|baseball_mlb|total|2026-05-31T18:10:00Z
2026-05-30T19:30:01Z|bd2bf97a-2825-45e4-b63f-970c4e27aff3|7180668581c8500a544d8867d2303e7a5bdadecd87383af8c48b9ca3b06a5d68|baseball_mlb|total|2026-05-31T20:10:00Z
2026-05-30T20:00:01Z|ddf581f2-9a28-4678-aba6-1ce7d984cdac|4fdf9cbb22cd63848cdc67b2252001067bc7fb5071d654e7974fabf539c5e119|baseball_mlb|moneyline|2026-05-31T18:10:00Z
2026-05-30T20:30:01Z|50cb2d36-e137-4dfa-aeb3-c7de6ed06c0e|a42d226009e034ad35500758e324e51626cfcec8e0f37b6fbb53a1ddc1fdadfd|baseball_mlb|moneyline|2026-05-31T19:10:00Z
2026-05-30T21:00:01Z|7e3e6da6-c348-42e5-864b-87a0a97620f0|8e8544ea9b60de77438e2c4b719576d71bacb3ad48164f1275958484a74ed8e4|baseball_mlb|moneyline|2026-05-31T20:10:00Z
2026-05-30T21:30:01Z|62d7e910-6cc4-40c4-9b25-00d8f93deff7|dc46bf22a1ab23881a819b6c43cd55f38065f9bce8186bade80f578231048625|baseball_mlb|moneyline|2026-05-31T16:15:00Z
2026-05-30T22:00:01Z|7834648a-c357-4cf9-9941-2e22e3d88f7c|858c1ee68d8357a7908ac10b1d3fa2d9f03086b93239333bf4a41c1b4a36e9ef|baseball_mlb|moneyline|2026-05-31T17:40:00Z
2026-05-30T23:00:01Z|53d050af-83bc-4f51-8df9-a41d73c742a1|2f56f7cef1b91954191508330a86e7f0bb2fc0938fb5dfcfbbd2e6855a6df405|baseball_mlb|spread|2026-05-31T17:40:00Z
2026-05-30T23:00:01Z|ee3a2fa3-2cad-487c-ab15-e70b91c56bcb|3dbd66f809a45fb4e0b5c9afc5473675877d122113407b5c3d62b9a8cd303f3c|baseball_mlb|spread|2026-05-31T02:10:00Z
