2026-06-02T00:30:01Z|d7c5c16e-0873-4887-ac4b-c5a281d49e4a|d78779c2cb3cead33a709870f9472c31ce9f3eab030b677a8be21dc9efd5dc32|baseball_mlb|spread|2026-06-02T23:10:00Z
2026-06-02T01:00:01Z|054fdc66-3605-4361-b5ec-f651cfd69d4c|8f432136873614f177a0daf2c5834a91bf68a0617fd3946734e3c81a104b9607|baseball_mlb|moneyline|2026-06-02T22:45:00Z
2026-06-02T03:00:01Z|22417dff-60dd-488c-85b9-a7da1f29dcb6|ab597d4a2b6d9f662ebf1009276b6374245ab4046a65b0aec4ffb8516c1d0d74|baseball_mlb|spread|2026-06-02T23:40:00Z
2026-06-02T03:30:01Z|8dc4e218-398c-4435-a9ff-8bb4a8ae68d7|b2c490878bddb7e2ffb2141f77f0ebad398d16a3122c68fe15f97f33fa1bdb38|baseball_mlb|spread|2026-06-02T23:45:00Z
2026-06-02T03:30:01Z|67b0c942-e728-4506-947e-cca6ce782eca|4ae89a315b2b1d61332aa577df755ef95b55a8897c8c4db18123fc3e0adc1833|baseball_mlb|spread|2026-06-02T23:40:00Z
2026-06-02T04:00:01Z|74b64963-ef1a-4cce-863a-60989960c51c|3c956043abbbf69e950db2f711fe7aca7efaa2d37ba7ff9749770bc3ed657823|baseball_mlb|spread|2026-06-02T23:10:00Z
2026-06-02T04:00:01Z|8b9731f1-cb59-472a-873b-ed87238ed5bb|9e5272c06d7ad7dc25cbcd5b62a8979fb46dc53813d896c7ad388c7b70715f65|baseball_mlb|spread|2026-06-02T23:05:00Z
2026-06-02T04:00:01Z|bdfd5704-7501-47c0-b5ad-2b3a82a80e03|4d931788429c14490cbef50417a0b758bac272e8b21c60a1fd6ba365a8f928d9|baseball_mlb|spread|2026-06-02T22:45:00Z
2026-06-02T04:00:01Z|7b9293a6-87b9-47ea-bd60-3b681803228f|6debb138fe6aefcf48b3a53cec0ce9b06f5bb97004354b5c3e9cf4b645eaf150|baseball_mlb|spread|2026-06-02T22:40:00Z
2026-06-02T05:00:02Z|22c2d2c8-abcf-4655-8735-e40c12726951|074e0d88fa5608825de57c43c267924b5072d1ee9167410d1cdb466f5a1c8ab8|basketball_nba|spread|2026-06-04T00:30:00Z
2026-06-02T05:00:02Z|014867f0-c54a-466f-ba26-4ead3a697cc5|f3683b9d1c4a7c81d382481335e7f18aa46f7e1f33681491d5042d3b880380ff|baseball_mlb|spread|2026-06-02T23:15:00Z
2026-06-02T05:00:02Z|75f57e6f-fe18-485a-9d86-3befe243a0f9|4181cda2aca3b782e7a5e8f91c4bc77a871e3e58b93b9ebe3d2abc13c895e10c|baseball_mlb|spread|2026-06-02T23:10:00Z
2026-06-02T05:00:02Z|d2175b6d-9a23-4e49-8acf-9fa8cf85ba01|7b8bc60245c80cbdc899e986657dd1293a538dae0e5ec12547bd68323e0dbbae|baseball_mlb|spread|2026-06-02T22:40:00Z
2026-06-02T05:00:02Z|b973e96f-8dbb-4a70-9397-507b8dc4295a|7e1e1599be15541bed5a011acf37bd0f2c7a4079623718ad169acec5b42af484|baseball_mlb|spread|2026-06-03T00:05:00Z
2026-06-02T05:00:02Z|79e9d991-e172-42d0-abf3-df4a2b2f06f1|673f11137f6e1cf0628075748ea840a591d83fb61f5d601868e4ebba527618c2|baseball_mlb|spread|2026-06-03T01:40:00Z
2026-06-02T05:00:02Z|ae454618-5617-410c-b0cb-e773f0d74e20|d8e4812a78420a790b653d158e004aded5e2823ab053b6404fb89838efb77bff|baseball_mlb|spread|2026-06-03T01:38:00Z
2026-06-02T05:00:02Z|e8dad7f1-7bc3-42ba-b1a8-8b73eb13c95b|dee9fd1301f70457a2f57f94c961d12424c224978ee7aafd6b697d5d90911fa0|baseball_mlb|spread|2026-06-03T00:10:00Z
2026-06-02T05:00:02Z|d311f44b-8429-455d-a995-e6a3cc32a04c|826acd02283d5acabf6dc05e842eb9feb50c31eaebf28f1c56fcf00f05c26f1c|baseball_mlb|moneyline|2026-06-03T01:40:00Z
2026-06-02T05:00:02Z|174aec71-70f7-434f-af48-2574c3cf15f0|239341d70718c6c26feeaf33316c62cda6f8d53d5f839d77526cb93cf112d11e|baseball_mlb|moneyline|2026-06-03T00:05:00Z
2026-06-02T05:00:02Z|239da657-5770-420e-9c1d-cc7644af892c|161bdf4635749e1f7640272f0b7e58d3945df40f805b7f8a92c97494bbf3cfd9|baseball_mlb|total|2026-06-03T01:38:00Z
2026-06-02T05:00:02Z|7dd2f308-2e7c-45cb-a7cf-a33aecc85dcd|e661f658ff9b7d18d042fb7608d6b437ba66c8e999deea0b55791b515fdf9c35|baseball_mlb|moneyline|2026-06-03T00:10:00Z
2026-06-02T05:00:02Z|c906166d-a966-42a0-ae92-743f3c8d2619|9eca7ab4e972d10ebb49b5445145fb088d1f235c276f8277d432918156fed925|baseball_mlb|moneyline|2026-06-03T01:40:00Z
2026-06-02T05:00:02Z|ba68cd82-1a02-475d-b09f-cd0aa1d00135|d1cc907f8399fd7b5a97a953874d3f30c6fe83989fc678fa1129b107d9aa68aa|baseball_mlb|spread|2026-06-03T01:40:00Z
2026-06-02T06:00:02Z|67485e23-0e95-4eb7-be4c-dcbb3523aa59|a09e636e2df137bbf62d51f02aaf05677fbe238ca090b7bb3d38e3f665df0637|baseball_mlb|spread|2026-06-03T01:40:00Z
2026-06-02T06:00:02Z|84401e9c-74d1-4dca-9431-9bf626f749ab|87040acdca30adc0e8ae619e00a972c277a1e6cbb7e0084d8330c6ddb20c8aba|baseball_mlb|spread|2026-06-02T22:45:00Z
2026-06-02T06:00:02Z|814bc4f0-d1aa-45e1-ac15-a1c1ff672a44|462b2cd151ef98e5c07542ed83498f4bfded70a54bfe05e0a11a72b07cbd9543|baseball_mlb|moneyline|2026-06-03T01:38:00Z
2026-06-02T06:00:02Z|950abe7b-4593-499b-a92b-c1a983289703|8325cb0385af73704f82c3f7681070bdeb94cbdb42645d72347e8cda9462ea30|baseball_mlb|spread|2026-06-03T01:40:00Z
2026-06-02T07:00:02Z|0c70896e-bcd5-4f6b-8caa-81a8eb2c0077|1076c3b8e36e18c19843ae3cad04b8916074aaa2be9197e979fccd444e0c8738|basketball_nba|total|2026-06-04T00:30:00Z
2026-06-02T07:30:01Z|352c38ec-bdc9-4a1e-ab43-d3aafcc80e6a|67cb26e1c71fe10d28cd4d0395d6960570aeb39a23b0165602e094b5217b1ed4|baseball_mlb|spread|2026-06-02T23:40:00Z
2026-06-02T07:30:01Z|a3428250-deb4-4de9-8cef-2ff1eb269379|97eff7f771f23fe222fb4781ea9a00a35976d491fc154ec38c1167bcaabbd3d8|baseball_mlb|spread|2026-06-02T23:40:00Z
2026-06-02T07:30:01Z|efb143aa-0d2d-424c-ac20-907653438db2|a7e69fc971dc85da3b989f1cfb07ca3286b4297894a700d98cea2d80c18d2d48|baseball_mlb|spread|2026-06-02T23:45:00Z
2026-06-02T08:00:02Z|19b4737c-bf76-4b33-8cf0-abfe84cae368|a4db940e9af1e8a92bec84c26bca2c3068ef09fca77919ae032ebc37089dab60|baseball_mlb|spread|2026-06-02T22:40:00Z
2026-06-02T08:00:02Z|967b0f3b-cb7e-496d-b4b8-04dcd118a38a|426d451d421c92918191f5fee1aa41963bd510cbc63c276ac26fa565ad94324a|baseball_mlb|spread|2026-06-02T23:10:00Z
2026-06-02T08:00:02Z|729805a1-29ad-4a75-9e57-eaf8c51383b4|6aa18c7c9b1a670b0b78cc651df54f00b0a4c3f93c7af47ea7dd59955de28c30|baseball_mlb|spread|2026-06-03T01:40:00Z
2026-06-02T09:00:01Z|777f7d7d-bcc3-49fa-acbd-96bed0d376f5|337e2f0dc435ba93e470762249818eb67f17a6473f9f1078d7bdf4ff52fa46fc|basketball_nba|moneyline|2026-06-04T00:30:00Z
2026-06-02T09:30:01Z|c3be6d51-e17d-41d1-8615-44676706e0bb|f2657cb6cb55be9b7090c3e8231f7dc7596712da38e394dcea224427dece8162|baseball_mlb|spread|2026-06-02T23:05:00Z
2026-06-02T09:30:01Z|34ba292e-673c-442c-99b0-063de1a34198|aee498f27e5baa4e2b81815aff54e3db8ff948220d43504154ed5972ee7604cf|baseball_mlb|spread|2026-06-02T22:45:00Z
2026-06-02T09:30:01Z|8a825fe0-7708-4619-8721-010925e2b92a|33fde89fba996407e0c5d5d985b24205d3e190057540cd1b6060b1d186d4af18|baseball_mlb|spread|2026-06-03T00:05:00Z
2026-06-02T09:30:01Z|be9a6b65-8632-4998-8583-a0a096cc3f26|8731c7b729960b13aa64d6c02d4ef15701cb5b13b583056106fcc69b332f2ae0|baseball_mlb|spread|2026-06-03T01:38:00Z
2026-06-02T10:00:01Z|0135ece9-ea38-4b00-87c0-bff36f033b88|c9b498509bd5c62b2adf522ab817ac8043525430c3a7350cd8e9991a07c45853|baseball_mlb|spread|2026-06-03T01:40:00Z
2026-06-02T10:00:01Z|b27abd9e-6485-4459-8881-430f4841b9b2|2845ad6a0452c59f69b607746cc6ded862bf34cb1cdeb55b95727c0ad231c4ab|baseball_mlb|spread|2026-06-02T22:45:00Z
