2026-05-24T00:30:02Z|64b5afd2-6cf0-45de-b2ec-75ed0f4ba3d5|d4b0a5fc3b5f23cdaf1ab6916a8b4130eab2a762d5cbfe56847d4f2fdd08dc7b|baseball_mlb|spread|2026-05-24T17:35:00Z
2026-05-24T00:30:02Z|f12af01f-9adf-434a-b126-07a809f72487|993eff07c26c6e76e5d37d6efa64bbf69c82cb6ed8fb47b187921ce16e14ca85|baseball_mlb|spread|2026-05-24T18:10:00Z
2026-05-24T02:30:02Z|002bc791-6776-4eaf-b9a1-fb27c93dea27|2350bab96955c2c163b818f6051d46b919aa68d9b85e724e883ac93836f78659|baseball_mlb|spread|2026-05-24T17:35:00Z
2026-05-24T02:30:02Z|01586235-8a5d-42d1-8336-b465f386fd98|b865d6056ee22555808a3008429a197cc5a063d36904174a10f5a2b6c9dea28c|baseball_mlb|spread|2026-05-24T20:05:00Z
2026-05-24T03:30:01Z|a0a724ef-ac05-40d1-8e3d-5a95975b8d7c|8781404b1132d53001cdb70d02013cc6e23f954a17ba6f6c0b97e93df49671a5|baseball_mlb|spread|2026-05-24T17:40:00Z
2026-05-24T03:30:01Z|7f6dd649-4d46-42de-9bd3-c5e9b24edaf1|8e8246309dc45379d85cbb28c2c415eceea340f580ab65257a2813667b462cb2|baseball_mlb|spread|2026-05-24T20:10:00Z
2026-05-24T04:00:01Z|bccafa8d-acc0-4a69-abca-e6a234e675cf|a323075a338e4c7a2e42547dfaf60909e7d9cd9c1bc3776e53c5ee31c0c5d857|baseball_mlb|spread|2026-05-24T17:35:00Z
2026-05-24T04:00:01Z|337ad52d-756d-422d-ad88-b6f95222900d|ff1b391e8f7774b51396ba48d8d757a5e85b844f11c9a3f88d1dd31ef9860d58|baseball_mlb|spread|2026-05-24T17:40:00Z
2026-05-24T04:00:01Z|a651ed19-4215-4836-a6b9-e2cdcda3ee06|fb570162362b49276db4f28f138bf08136fe5d05f90a80c217070264f470ae7b|baseball_mlb|spread|2026-05-24T18:10:00Z
2026-05-24T04:30:01Z|9381b1ae-1d79-4b1a-8ac4-4d7a957cf2ae|5ae56f5cd1dde40a4bf705e1d79bfb4e25803b689e9c636d86ba0d0070cdc4c8|baseball_mlb|spread|2026-05-24T16:15:00Z
2026-05-24T04:30:01Z|1e57f769-f8af-4137-b822-9cf5e7622bcb|f0d194b778569ceeabc885a13c797fd249658cb6f80e298ee7ff4a8da1da32d1|icehockey_nhl|spread|2026-05-26T00:00:00Z
2026-05-24T04:30:01Z|335f89a9-5000-417e-87cd-e3537724f407|a8a22c0ab9ef74a38827498bf2784d71211bebda724ed012bbf0632b8a7608af|basketball_nba|spread|2026-05-26T00:00:00Z
2026-05-24T04:30:01Z|8156b1e1-19cf-4c0e-95db-e1f8f0dc477c|c0819ddb8ea806826412493c1023c50bca7c5a26be5a386d7d28dfd5961b0f1a|basketball_nba|moneyline|2026-05-26T00:00:00Z
2026-05-24T04:30:01Z|0150a9de-3034-4998-8381-c21b4d5d80f6|68336014d70f5d0e6922a1ca50374c70f8a5218966080ac4cd1b20142e5ba1e9|icehockey_nhl|moneyline|2026-05-26T00:00:00Z
2026-05-24T06:00:01Z|af162250-1432-4ef8-af71-43e3ced0432a|5159583261955caeb1a234ce5d72b77e8f1752aa52652d5506ceb0c0753f8dbf|baseball_mlb|spread|2026-05-24T20:10:00Z
2026-05-24T06:00:01Z|3e4554df-fb57-467a-828c-afc5588ff4d1|57d15c8153f063439236f31ebcf346a097118b81323c1bbad8321afb7d9fec8b|baseball_mlb|spread|2026-05-24T18:10:00Z
2026-05-24T06:00:01Z|9defcbaf-92a3-43ff-814c-6064710dd767|48db1df44183fb778eafdbc260bc1062538cc83b83b363bf218c0d4d58af9c0b|baseball_mlb|spread|2026-05-24T17:35:00Z
2026-05-24T06:00:01Z|dfd8284d-fc84-4f33-ae8c-e994d45b30ad|9aedd8767b5a4652e71c9c9eb9e16a704413c5ee26c7f23931e6e4d6553ca18d|baseball_mlb|spread|2026-05-24T20:10:00Z
2026-05-24T07:00:01Z|0e6ec6c3-367e-4c67-ad82-89d1052d7b83|517aa9bb2106f2fa781cbbc23d8bd44033b25f1620ffb02c8afec8bc535e6e31|baseball_mlb|spread|2026-05-24T18:20:00Z
2026-05-24T07:00:01Z|dcb60f5b-6a1f-4180-a0d3-df30c5c7941f|21876c44eb9b2245c8759f6c7b26c0a2a03f040ca31ca512d9f46479224cccb2|baseball_mlb|spread|2026-05-24T20:05:00Z
2026-05-24T07:00:01Z|58db51e7-d47a-498c-b522-07e0c75bcd40|862e8125a6ed00d0028f217febe14f2ff980014ca2ae8205179e393f3b112f4c|baseball_mlb|spread|2026-05-24T23:20:00Z
2026-05-24T07:00:01Z|aa4f47f9-00f8-4f80-8467-fb60491aa8df|ceff462eeec17e519e630aba30c7331ad137f79cfb86a7ed74f492949bf176e1|baseball_mlb|moneyline|2026-05-24T23:20:00Z
2026-05-24T07:30:01Z|2b88a19d-b1b2-4d20-a014-e1f6f7677d8d|a9c0346d9621dfb94a075dda7cf25e75559adba86e16e1490110d3a8b02d8f0e|baseball_mlb|spread|2026-05-24T16:15:00Z
2026-05-24T08:00:02Z|edc24a49-fcac-4144-9285-3e3e063c631a|f99637682c42024cd333965e86c87998a986c178e1b84566908378978635679d|baseball_mlb|spread|2026-05-24T17:40:00Z
2026-05-24T08:00:02Z|f044945b-29dc-418d-88a3-b3b45c63fb69|31a82514d64e19e44462ecbaa2365ab5054ab96c8be3d6863ddd302df17bac0c|baseball_mlb|spread|2026-05-24T17:35:00Z
2026-05-24T08:00:02Z|ad0d9fd4-c21e-419f-91b8-28f0f50def47|03310103f3bebe443bd39170007de34c6c9cfbf5c088c16a35286c3cc42373b9|baseball_mlb|spread|2026-05-24T17:40:00Z
2026-05-24T08:00:02Z|2110a093-86df-430c-98d6-8a4612e18385|63a07bb3d9d397c83a90a83273325e5e5de5ade6b2eec8befbc3db2b0b104cd2|baseball_mlb|spread|2026-05-24T20:10:00Z
2026-05-24T08:30:01Z|4010017a-aac7-4e37-bd5f-29f0095ac973|061cbb4134b35dd774b7b2b31f57c16501288682bff972bbefcc0630f8b01db0|baseball_mlb|spread|2026-05-24T17:35:00Z
2026-05-24T08:30:01Z|80203f84-99c9-4ae9-8b7e-f200fb01f3c7|11d7b1d3d68639f476a5b8601eaf694eb861a4a1ae04ea56c5322f9513fbfbcc|basketball_nba|spread|2026-05-26T00:00:00Z
2026-05-24T09:00:01Z|040fc48b-2d11-4ef1-a784-7776f2c74e40|c96998900b42097849d6660ccfdd438b50ea2dc4a6a287dd670ca0943774d953|baseball_mlb|spread|2026-05-24T17:35:00Z
2026-05-24T09:30:01Z|27ac8391-34c8-4c35-9393-db66add60352|3984155b46798667b7cde8b24fb047328f9f625dc538e5ca374bfe18eb4eb57a|baseball_mlb|spread|2026-05-24T17:35:00Z
2026-05-24T10:00:02Z|6cf7fa7d-4ff0-4429-9c47-111dedcc1238|c73cfa36c88d17dec6013f713b073448c14be62253f0e30a65b746c152143340|baseball_mlb|spread|2026-05-24T20:10:00Z
2026-05-24T10:30:01Z|783dadc6-a9ea-4834-b8a1-526147b2bd84|6f43d62580eadcc589e5dd5ad00f98be74f37d767cdd6b091260212a5246437f|baseball_mlb|spread|2026-05-24T17:35:00Z
2026-05-24T11:00:02Z|4af69623-6692-489a-ae50-e561e7637480|56a9d045e1c02d38c5ce600d340d72b1149139d89b823ae3df6f526aedac24b3|baseball_mlb|spread|2026-05-24T20:10:00Z
2026-05-24T11:00:02Z|740d4ce1-c2c3-4f6c-b447-3e82402ee550|8f70d2be90a515156888b2d0b849044c2879a214f533b09e0d36eac624629867|baseball_mlb|spread|2026-05-24T23:20:00Z
2026-05-24T11:30:01Z|b0ee2b2a-bcbf-4d7a-b2f0-1ce03da05084|bd63f71d31dc2e5e081898fc082f1d1725342a419e32864a8bf4d05b36b85687|baseball_mlb|spread|2026-05-24T17:35:00Z
2026-05-24T11:30:01Z|adcc7d1e-4357-407c-8ade-447f4b5bcc4e|a3778f556fad1f73fa6bb2e254023139ebd8e7a2a217ff3a7da2c254b70c7f96|baseball_mlb|spread|2026-05-24T20:05:00Z
2026-05-24T11:30:01Z|03fc977b-7eac-4da7-8f46-1341d0fd28c6|d47c1b640c48097e28107c02614ae35294e71efc7dbc1d3f6369e49b40f34007|baseball_mlb|spread|2026-05-24T18:20:00Z
2026-05-24T11:30:01Z|d503bdff-aa7c-4dbd-a675-061c4ffaa1d7|9d3408a670fe9a1a5b23fd36f506622e6fe69278920c0b9b9b5eb95a073fd05d|baseball_mlb|spread|2026-05-24T18:10:00Z
2026-05-24T12:00:02Z|36f69d51-4641-49a2-ac1d-70744bfa697a|8aedbcf1cf9bd795f3da9c0d5d1665bac414e7752a12776d7f3816feab1da6c5|baseball_mlb|spread|2026-05-24T20:10:00Z
2026-05-24T12:00:02Z|e6040213-eef7-40f8-affc-99f46db8c1f9|a57c0cada3f8a8fbeb28cb0c64aa1c7a1b78d46b0fcc1b5432acb9e66936d770|baseball_mlb|spread|2026-05-24T23:20:00Z
2026-05-24T13:00:01Z|5c942184-bb3a-49aa-97bf-fc2d1cc0960b|4f65f9f25eb6118afec142083cb0fcaca8ab1c8b078e30649de9ef5b5757adbc|baseball_mlb|spread|2026-05-24T17:35:00Z
2026-05-24T13:00:01Z|d169e995-79b8-4ca9-aeb6-cc1ca8f9b367|5f5eb4e6df7fa51bbd15aa81042c7a86308d2e09338d1a31cc8cf093ca16f76f|baseball_mlb|spread|2026-05-24T18:10:00Z
2026-05-24T13:00:01Z|2ac3eacd-fba6-48c0-a7e2-db3cd8267888|7823b51ba55e2fd5c6aa64f612cab124208069ee2ddde1290b931b76301d7a90|baseball_mlb|spread|2026-05-24T17:40:00Z
2026-05-24T14:00:02Z|c830f21d-2c88-4530-9df6-43d6bba529c9|c3c2407dabf1a42da47d605d481233db560502102b85879af8fcb3d6b344ae86|soccer_epl|moneyline|2026-05-24T15:00:00Z
2026-05-24T14:00:02Z|c4195dba-9afc-4db3-8f7c-db745e8147cb|00ba4b68f00ef0a0068679a35f94757d18e0ed249f82ab635385dbadf38b5083|baseball_mlb|spread|2026-05-24T17:35:00Z
2026-05-24T15:00:01Z|3e964dbe-1767-40a9-858c-00084cf7f33e|06af7b92a9fef34a9a1c12d4a17a6ea8eac5d112c08bc7b4cb01e2d8a3b1827d|baseball_mlb|spread|2026-05-24T17:35:00Z
2026-05-24T15:00:01Z|d1fd945c-302d-4be4-b0d7-ab825a3c0f17|f45b78ace646f6ca3c5483c368e642b559ac6d2673744c12b0e7df91e8c1d8d4|baseball_mlb|spread|2026-05-24T18:20:00Z
2026-05-24T15:00:01Z|bfa692b9-1c23-458d-a928-d24241069410|d720abd0aa94c59424842f955d45f6b3a293c1ec9e0e8a82c54f70b7d18cf893|baseball_mlb|spread|2026-05-24T20:05:00Z
2026-05-24T15:00:01Z|3ee40634-3d2e-45da-a906-5d9d3d35e922|74d60d0692020050ebd7378f598ea36db3db419fc050ce62044f74ebdb667b8f|baseball_mlb|spread|2026-05-24T18:10:00Z
2026-05-24T15:00:01Z|bbc5388f-80d8-4877-a383-dd4edea5c5a5|df51d4ea8a35df8d66f49083c25e30635e9d165a7e7e5d83c094082ff58ffb49|baseball_mlb|spread|2026-05-24T20:10:00Z
2026-05-24T15:00:01Z|efa9903c-22d2-4192-a26b-6df46cab1b3e|68c4b69fa36249c07bc60dad712c6fdcd9e96a664eebcb32cfcb35ceaf3677b4|baseball_mlb|spread|2026-05-24T23:20:00Z
