2026-05-16T00:30:01Z|d419c79f-c3e4-40b6-8c71-786c2a82824f|aca559a3fb65571dc3bf96e54d6f2ef26a37608c4b9982a4d9c4b808a17a0839|baseball_mlb|spread|2026-05-16T20:10:00Z
2026-05-16T01:30:01Z|ac90eb0e-b8ea-42b6-a73f-fbf1ab406b69|ffed4da3b67edd29814382394c33847ae3c9823862d18130d286671b512c0365|baseball_mlb|spread|2026-05-16T23:10:00Z
2026-05-16T02:30:02Z|aec75511-4d40-4815-bc21-a3a8aff7f3fd|656f2f1b9b69188531d8561536d4582e2da89c37e4fc249f85d850508d702613|baseball_mlb|spread|2026-05-16T22:10:00Z
2026-05-16T02:30:02Z|42aff427-899d-4161-a87d-96d4c3a5070c|21b368e1c620ce1e6da4882c7342118afb94ca9a1f8d878edc9b3c7f6d0b3351|baseball_mlb|spread|2026-05-16T23:15:00Z
2026-05-16T03:00:01Z|b0274aab-13d7-446f-a5a9-8a5f6d2e93ce|8bb754037238c8aad335a7629c89e2276f13095051d40177b508b431e0462b0f|baseball_mlb|spread|2026-05-16T23:15:00Z
2026-05-16T03:00:01Z|fd01c1df-bf7c-4414-99ca-31cebefb28d0|d11dae64a2453e598bc7f2e1ab2c47e011bf5dce6e33f2a4111cc5d18fcef80a|baseball_mlb|spread|2026-05-16T17:10:00Z
2026-05-16T03:00:01Z|9da3b550-9f9f-4a66-b1cb-85ace88df328|5c73d5243f456896fbd745d8c7fbc1b97b067552c6e67d11a7985ab61e8eaabb|baseball_mlb|moneyline|2026-05-16T23:15:00Z
2026-05-16T03:00:01Z|ed78eb8e-1877-48eb-87b3-815ffcbf82cd|31fd4f03f61f4bedc80c72a734cd98ddd2f4dc8496b6c1e6c882e6a947b4b00f|baseball_mlb|moneyline|2026-05-16T17:10:00Z
2026-05-16T04:00:01Z|8f47bf1e-5f11-4c66-8bbb-c3b39c96ca1e|ed0e6cee3b4c849782e64691d1b4149fde440a859b2705a7687cafe79bfc459d|baseball_mlb|spread|2026-05-16T20:05:00Z
2026-05-16T04:00:01Z|c1ef34ee-ae32-4bd3-b828-d5936fa805d7|354628769bdc3abbf88887e3227cce652633a11c35e477976f8f6a08296b3995|baseball_mlb|spread|2026-05-16T18:15:00Z
2026-05-16T04:00:01Z|900cc83a-c4c5-457b-8e4e-18213cc57a98|466201a68b3684e0c59e79dda06307625226057d5ff938516e713dc545c85bfc|baseball_mlb|spread|2026-05-16T20:05:00Z
2026-05-16T04:00:01Z|7c5c1dd9-b38a-447b-b6dc-b61f1825543d|5be3c4a7a958df0feb8cfcec317024133ac50fcdb59cfd1f194cc0a0df626082|baseball_mlb|spread|2026-05-16T23:15:00Z
2026-05-16T04:30:02Z|20b12380-7a99-4c89-b165-1609624cb7ad|1090928bbbc8db4fb202e75d756ac39b7da4a08eca75231348b5979ff1cbde26|baseball_mlb|spread|2026-05-16T23:10:00Z
2026-05-16T04:30:02Z|e979cf1d-9aa4-4487-ade0-96ecda714211|78293588b1fc6100401fb3d568cb303f92106dce9ac8f4816b9b220668c46473|soccer_epl|moneyline|2026-05-17T14:00:00Z
2026-05-16T04:30:02Z|3cbf9ac4-fdf5-4aae-ad13-a7b5552b2dec|2104eff2c8753fca0e37d6624320e4fed123873658f44ec3c220235546930436|soccer_epl|moneyline|2026-05-17T11:30:00Z
2026-05-16T04:30:02Z|977cbba2-4f09-49e2-ab98-762e19d0596c|a25272a5e460fb99233dfb9d5d33d8710c870b46d545ff94f0dc9b440b34c20d|basketball_nba|moneyline|2026-05-18T00:00:00Z
2026-05-16T04:30:02Z|77bf5a04-6fd7-4e00-bd66-a7c624630bd5|043ca1056d88842d9631b3b1fc99e97d0c4e25448e864b6d4301925b4bb8f7fb|basketball_nba|spread|2026-05-17T04:00:00Z
2026-05-16T04:30:02Z|36a34125-d604-437b-ba54-b035a61c2aa0|9d4f88f85718c1ce77c9097857a9385fb23efc7900e08d0c909e6c21baa7f17f|soccer_epl|moneyline|2026-05-17T14:00:00Z
2026-05-16T04:30:02Z|c0055180-af2b-4ebc-b858-4c12f4e5ff04|45ad327edd6d2351c972a06b25fed53eba13727d559672d896b39df98c43198e|soccer_epl|moneyline|2026-05-17T14:00:00Z
2026-05-16T04:30:02Z|379fef18-c965-45ee-b585-a360993ea605|dbde5adc0d82ad58d56e2632e10b0fbf30582d2c65b273e7e9da3a4b5bc5f71e|soccer_epl|moneyline|2026-05-17T14:00:00Z
2026-05-16T04:30:02Z|7d8a1d62-a01a-43e8-ab63-23388a32e9d4|b1c1711a92ec51c0dde0ade0c09855caac26424ab24c15c0a3d8843c1eed43be|soccer_epl|moneyline|2026-05-17T16:30:00Z
2026-05-16T04:30:02Z|e39c4a88-9e54-4926-8884-41c9c538429b|aefe9d1c1c7f1b6c5c0fcfd921cb581e5f327d7acaf02e7643fb3d35e0ace73e|baseball_mlb|spread|2026-05-17T01:40:00Z
2026-05-16T04:30:02Z|8ce406ae-e5ed-4861-8dff-e826aa59c571|df2accd8eba96092671c834a0bf5b3b02a4da69f32e6ebcf12658ac9cd4952ca|baseball_mlb|spread|2026-05-16T20:10:00Z
2026-05-16T04:30:02Z|c2cbf95e-37ea-4452-98fd-da6f2a828353|e0d22e796cc439aecabad4120d8f803cbb3568fdea2653d4210d8a893832c870|baseball_mlb|spread|2026-05-17T01:38:00Z
2026-05-16T04:30:02Z|dd2bc8c0-d5e2-44b7-8cf9-be1ab465c63b|5cf0130ea42bc5dd7fbf56b9768be243cc75a43305af473909c052fddc3d03ef|baseball_mlb|moneyline|2026-05-17T01:40:00Z
2026-05-16T04:30:02Z|3223c50c-655d-4081-972c-5b4052a1142e|3f222287e6864cd9e6a4d907441943392e1948f8279b27b3c596a4be5019730f|baseball_mlb|moneyline|2026-05-17T01:38:00Z
2026-05-16T04:30:02Z|8d8ba48c-f687-4f55-b898-d6a78a128e1d|6304bf571540b9230da89bc8fe7fd1e9f1fca063e79463063aaaa7a955e07eb4|basketball_nba|moneyline|2026-05-17T04:00:00Z
2026-05-16T04:30:02Z|6056520d-752d-4659-a0e1-9b060dd383e1|2653df6ee632594009c605554edd4d5a08b342d4c8f3b64aeda9ddbe8fa44c83|soccer_epl|spread|2026-05-17T11:30:00Z
2026-05-16T04:30:02Z|eaa44ef5-0cff-4844-9358-b1de7c09c669|c6c7b57eca4e5f91d1bbe03aa0ba6362d0e9ff90f827d0c475a2245e0154e8cf|soccer_epl|spread|2026-05-17T14:00:00Z
2026-05-16T04:30:02Z|d09ef195-6264-41ee-9f5e-b4941b18e091|69c079a5d792f9ecf9cffa1ab954c922335edb89403d282565e4bd60c2cbe365|soccer_epl|spread|2026-05-17T14:00:00Z
2026-05-16T04:30:02Z|6e3c04a3-7344-461c-bbab-e2f64e2802b7|6126ecf512265a669012e684f83c99b09d1632fb136d7b00254d4379bcefbff2|soccer_epl|spread|2026-05-17T14:00:00Z
2026-05-16T04:30:02Z|0df2b3ba-295c-4981-869f-5fb0dcf0d908|e809150b3abf3557814e0a56be0ff84dc67ef21da76ad1531efa024eb82b6245|soccer_epl|spread|2026-05-17T16:30:00Z
2026-05-16T04:30:02Z|4f3cf5b2-dfde-465f-b0d9-6d19f7ec926b|700dd1fae3efa4bd3bb31c1042236787ac7aaf183f9c4e814ccbdaeb0bfb504b|soccer_epl|spread|2026-05-17T14:00:00Z
2026-05-16T05:00:01Z|4a1e3d85-c3e2-4ca1-bc8b-092107d514f2|59ee3d3d9a6d41ed75fc23ecc0e55e221c342714f8474719e4d15ab61eeab206|baseball_mlb|spread|2026-05-16T19:10:00Z
2026-05-16T05:30:01Z|5d8968e3-ecfd-4e27-b604-8b62fa24942b|48af8afd03dc0c6711c555f7c49bf46011a2d36decbf8c96bc00965797e1b482|baseball_mlb|spread|2026-05-17T01:40:00Z
2026-05-16T05:30:01Z|e8aeb81e-6d09-44b2-9e53-bcdb20fd2ef6|17a7be72ebef0afd52b08293df0c4dab5555fa710148ab369814e66e521f3e91|baseball_mlb|spread|2026-05-16T23:10:00Z
2026-05-16T05:30:01Z|10745de2-7ca1-43b9-a387-f3ea963485f0|a0c00844df6fc52cdfb527719c8be5962e5ce7108149034fc33f32bec949640c|baseball_mlb|spread|2026-05-16T23:10:00Z
2026-05-16T06:30:02Z|2fd3b0df-661c-4891-929c-20ad1255caaa|7fd4a145f8ed1bff8ecd18ca7389c77f54b0825fd056533459d2df415a7faa4a|baseball_mlb|spread|2026-05-16T22:10:00Z
2026-05-16T06:30:02Z|62dfa1ff-b46d-4d70-b036-83b42e7f71c2|764d99272058d64ab87c820d523dbe4f0b84cb245c5644ad77a0cca49027eafc|baseball_mlb|spread|2026-05-16T23:15:00Z
2026-05-16T07:30:02Z|51abc8d4-8a78-4ef7-bb47-5b84ffa3c214|5ce87797663967aed80a55449a6832cd33469501ae32e3347991f3f31554a3c0|baseball_mlb|spread|2026-05-16T17:10:00Z
2026-05-16T07:30:02Z|9400feb7-778a-4deb-a27b-ebfd967d299a|c9d3a7d42bd566f7771128bae9f66e7d8030610d085e453c267888e055b11f24|baseball_mlb|spread|2026-05-16T23:15:00Z
2026-05-16T08:30:01Z|c6257976-01b6-4c30-a7f1-599652ef3f48|e99ee30ac65743cd145a07635ac56b2a4c0d4cea6f0d53fd0e0eb6ed77895883|baseball_mlb|spread|2026-05-16T20:05:00Z
2026-05-16T08:30:01Z|e5b2ea8a-a001-4cf5-aa15-af41bdd32801|d56cb9c39c5f9b092c463d852350cc650e8da4628e57a473928e26edf585d452|baseball_mlb|spread|2026-05-16T20:05:00Z
2026-05-16T08:30:01Z|bd963bdc-fcc1-42e1-894f-38356a1cc8ad|e869e142ee73547bdd02a84d3c2568bcc9cbe0d73b9224d3dad14d20d32ed618|baseball_mlb|spread|2026-05-16T18:15:00Z
2026-05-16T08:30:01Z|4133aec1-3af1-464c-a90d-1723312de1c4|ae341926537f9936120525599d673b85582bc0c4c80b6066905144074e58199f|baseball_mlb|spread|2026-05-16T23:15:00Z
2026-05-16T08:30:01Z|082d2905-abf0-487e-ac0d-a03d398bdd69|f77e3088df61fd8257af6212e98e54436c9c6f8690b4bce8a16660bd263c4a5c|baseball_mlb|spread|2026-05-17T01:38:00Z
2026-05-16T09:00:01Z|51a1485e-47e6-4cc1-be7d-4fe06938eb4b|cdd7ba581f001f152277a2e6792c75adf60793513d9610fbaddb57624457f067|baseball_mlb|spread|2026-05-16T23:10:00Z
2026-05-16T09:30:01Z|6b253799-412b-46aa-8c16-0ebb4a394dae|e22b454d69dc5ee06c8391521d58b3c1ad42a2d6a8e81f3000b1299b20a7f881|baseball_mlb|spread|2026-05-16T23:10:00Z
2026-05-16T09:30:01Z|49eabd0b-8242-469a-9603-4c10051ba53d|c77b8c28573e1ad07e2369e832afb8061658dd59a3dfd2cde9ba8d28c682a6c4|baseball_mlb|spread|2026-05-16T20:10:00Z
2026-05-16T09:30:01Z|ee007e66-8b11-44cb-948b-dabb53cbf810|63972c21d21e0842e888c5a2b565d81fec3747cd0fba427c7c339bb0d5b5aba0|baseball_mlb|spread|2026-05-16T19:10:00Z
2026-05-16T10:00:01Z|eb93aed4-2a1b-4424-b5f0-130cd435c053|38f3fdb7a1872945fd90683cdb6cd66cc2331b817177af5d6a13eca2d2688f90|baseball_mlb|spread|2026-05-17T01:40:00Z
2026-05-16T10:30:01Z|c240aba0-abf9-4898-8fce-30b0fbd52d75|55b371372dc78fe5e95e8a26988a0d7ec44c369258c32088823cb23dbcb4815a|baseball_mlb|spread|2026-05-16T22:10:00Z
2026-05-16T10:30:01Z|0ba8feba-3d05-4cbd-97fb-1c08e1367db9|fda79249ecdbbe409dfcf63a834983fcda364e708bea8c74be52193afcc3bd37|baseball_mlb|spread|2026-05-16T23:15:00Z
2026-05-16T10:30:01Z|e76d965c-fef5-4084-9d67-cfa45abc85b6|9f0cb5ba95347a1eb7247144dcc4d32662797081c2bcd32357ea98909606e545|baseball_mlb|spread|2026-05-16T23:10:00Z
2026-05-16T11:30:01Z|0f68e7ab-214b-4700-ae03-f28b2d82c008|42912143521bb274537d391c01b305f6e2231c5ba452a92b9b98118eb7082290|baseball_mlb|spread|2026-05-16T17:10:00Z
2026-05-16T11:30:01Z|343f395a-c23b-497c-9d5c-93543400b4b9|81ceffb5730d9c8078d7986aa753cc55e0cabe39d74f43a1428b31128ec95538|baseball_mlb|spread|2026-05-16T23:15:00Z
2026-05-16T12:30:01Z|6dc7f95e-61ae-4e4a-b262-d367510d02e0|3cda818b45931b2383889a334a0c5253739bfd3956d1466a76cfda6cdc133454|baseball_mlb|spread|2026-05-16T23:10:00Z
2026-05-16T12:30:01Z|08514499-8bcb-43ad-b097-a669ce96f69f|fb266402c0cf273ece801d8d7a6465cfbac4f3812ee625e84876823924bf4c6a|baseball_mlb|spread|2026-05-16T23:15:00Z
2026-05-16T12:30:01Z|a4b696fc-f0e8-4eef-ac12-f27d1b136f82|7b4ad3d9af498786226be32e669a29b00368f1d90345af6cfe11cf215064d2fc|baseball_mlb|spread|2026-05-16T20:05:00Z
2026-05-16T12:30:01Z|4322f7b5-df55-4d67-8501-0e4e079b0e99|07bf8c3e0fdf149b7f520ed4ce98c8eabec2841c0421a5f28da9bfaf06a5948c|baseball_mlb|spread|2026-05-16T20:05:00Z
2026-05-16T13:00:01Z|cc2deee8-72fe-464d-8bc9-2eb6a66f1767|e748199689416fcc153aca249e3d9c71c070907e621957d5c7235901851da75d|baseball_mlb|spread|2026-05-17T01:38:00Z
2026-05-16T13:30:01Z|8b86d176-a5a7-430a-88c3-4c86d49a507d|a30ef1222dd4a6e59a1038b670ae97a31af2e573aa4304974d65facaaa1231cb|baseball_mlb|spread|2026-05-16T20:10:00Z
2026-05-16T13:30:01Z|15c2b1e2-fa6e-4997-8199-ac25dfd737fe|ad64a22c1abebcad7a61ff16b385f87e359574185b6fa31a24c6ac40b4c6db9c|baseball_mlb|spread|2026-05-16T23:10:00Z
2026-05-16T15:00:02Z|7d88bc06-2ca2-44d7-9860-d1c79b63f827|28b6d0dc5c1c943d1d06f66d21d55484cde2ce405616c81232e4fcc243c7ba1f|baseball_mlb|spread|2026-05-17T01:40:00Z
2026-05-16T15:00:02Z|0710723f-154d-480f-941b-fb0461a8ab3d|1793d1b8d4e69f1825e5e06ad90aef66f1c0664760d80892b68c28b9c7b8798f|baseball_mlb|spread|2026-05-16T23:10:00Z
2026-05-16T16:00:01Z|49767aca-b8fb-41be-a0d3-9c6626a86dfb|adbdc40ddada79ed0fe05c09d70a54e5f1b48b4a35c77b64a33cb1a87262faaf|baseball_mlb|spread|2026-05-16T17:10:00Z
2026-05-16T18:30:01Z|8400500e-cf53-4b4a-b02b-6a66bdb8eba5|5921dea0f66ce1fee195d7e2dfeecaab6dac9b415b03d7e94342be6c74876a26|baseball_mlb|spread|2026-05-17T16:15:00Z
2026-05-16T18:30:01Z|5df15a31-0e18-4d5e-891c-27e3269a73dc|389d72dedf4fb0199b2f51b703f982fdc3b9e81c7c69d5a5a3e69d8474775f80|baseball_mlb|spread|2026-05-17T17:35:00Z
2026-05-16T18:30:01Z|d678c0de-b069-4c2e-a389-05d72d9b54a9|a87f789242c71f424348b60c53e3f0d2dd8ebc534a3c546aab54dcac0589ab42|baseball_mlb|spread|2026-05-16T23:15:00Z
2026-05-16T18:30:01Z|158e2b4c-bf31-4697-8f45-ff2efb13e985|e00ef5ef1c4444c814b257e13dcb7c9d5ac621978657c1a516bb1b88647bb77c|baseball_mlb|moneyline|2026-05-17T16:15:00Z
2026-05-16T18:30:01Z|57851bac-d0cc-420b-8f16-fe63f37d30a2|e62174080eded4d5a54648d4b699c361883df93dab0db28470d3e404e103e7cb|baseball_mlb|moneyline|2026-05-17T17:35:00Z
2026-05-16T19:30:01Z|efffa75f-d273-444c-bb53-a0168fe236fb|a9bca99c4b0df355f10d2134ed3fb0838bdddfb572be6ab922c2fb794b2ba5dd|baseball_mlb|spread|2026-05-17T17:35:00Z
2026-05-16T19:30:01Z|59853adb-d10f-4571-a023-499371f7ccf9|957638f7d5a2fea9fa043b8faf56085b836c1c5fc01012c16aa4f3e8c7d677df|baseball_mlb|moneyline|2026-05-17T17:35:00Z
2026-05-16T20:30:01Z|5289953c-3789-4de6-9073-2782f7d7ec5d|aeba427c09c941217ef6b6133d30444367d5bebfa71dc27ff88ae27ab173687b|baseball_mlb|spread|2026-05-17T17:40:00Z
2026-05-16T20:30:01Z|3189c383-6efb-4474-8e1c-72d963e0a5ca|76169dc7d81315f50fa2e3973b4ffee94325252ec7c250a5ab7e4f4b9d7b18ee|baseball_mlb|spread|2026-05-17T17:40:00Z
2026-05-16T20:30:01Z|2f864fb8-16f8-49b4-a7a9-73c560cc47ad|aaa7dfa46f6d2a0dc4ee60bd05174e9519ec9b0a2a5b8330b2f5ba19663d84f5|baseball_mlb|spread|2026-05-17T17:40:00Z
2026-05-16T20:30:01Z|40824ba0-55b6-4f05-8efb-cd9914c4254f|53adb95a542499f3ded23fbbb48d20940b402ec3cdc74b170ebed4ad772d64e7|baseball_mlb|moneyline|2026-05-17T17:40:00Z
2026-05-16T20:30:01Z|5889b410-54d8-4ff0-90ff-213404600e81|3cf05d96d71338a138f6e14023c7f6021cd929222ca0078a17e314514dd1dcf3|baseball_mlb|spread|2026-05-17T18:10:00Z
2026-05-16T20:30:01Z|94bfbefd-6145-444b-a469-1f3f0e628321|09f62dfa827769102c1b272c2fa2822da6b50402b935ca919e28f347e9f3726b|baseball_mlb|spread|2026-05-17T18:15:00Z
2026-05-16T20:30:01Z|6a29ec79-3e3c-44a5-8594-2d62d88a29bc|94ce80ad9772025b59e4b2d48dbb7006434cf8d2083cbaba93ae1d8e936b239e|baseball_mlb|moneyline|2026-05-17T18:10:00Z
2026-05-16T20:30:01Z|5016c292-a61c-40f4-b2ac-a3c1a81f9b9f|81f1ae706e56693d4c60c1e1fa7bb291bac20c39ab4db2b8867bb8ddbd3ac4f7|baseball_mlb|spread|2026-05-17T20:07:00Z
2026-05-16T20:30:01Z|cb777444-4d3f-47e0-81f6-a6eeea89b573|233b76e8481178f2ee0cf67087203c37b2923b3629831856ea422b192db99e39|baseball_mlb|spread|2026-05-17T20:05:00Z
2026-05-16T20:30:01Z|a89c7f3a-d1de-4662-be07-4fc2d77496e8|80122070352f528d6974aac40b30146d25562763b4342e43ddaf50ee5e287d20|baseball_mlb|moneyline|2026-05-17T17:40:00Z
2026-05-16T20:30:01Z|3f296cfa-c19e-4c20-85b8-2bfc183817c0|2046b5e9bb844ae1c52de5ee4ba70f10076101f194cb9a24d6ab4f784722d812|baseball_mlb|moneyline|2026-05-17T18:15:00Z
2026-05-16T20:30:01Z|70aa5a7a-1ebf-45ef-8ade-5a3ddc76765a|c3ef8109763ddb1aeb628d703933dd9b866d440849ec48e24b4887ffd2de3ad1|baseball_mlb|spread|2026-05-17T23:20:00Z
2026-05-16T21:00:01Z|b2070ded-de4b-4c10-8b21-822f1a2d8a7d|4eb4b3c091fb98cf70382b27dc17ce68e92fb76f6742ee38121816f2012f6f37|baseball_mlb|spread|2026-05-17T19:10:00Z
2026-05-16T21:00:01Z|7c7d0356-be5c-4fb2-b16c-9e3b07c7fd1a|d94db665374f63e2031966ab1e3e5a4d7779a1a0c332c2e06a1759c05ec534a7|baseball_mlb|moneyline|2026-05-17T17:40:00Z
2026-05-16T21:00:01Z|8ebc20ab-00ae-4fe0-91d2-4e6ae91e25c5|1cb3b0b7a100c895f2b3e80ec5bd50e8aef89a731072c8f99891d80cc5a95d42|baseball_mlb|moneyline|2026-05-17T20:05:00Z
2026-05-16T21:00:01Z|fedb1812-174a-4199-ab7c-81ca9dcd1f9a|2309e37d930083eb0ed5a7bdeaab75c4b8c3aef074d44d42e2731f6cae9b1313|baseball_mlb|moneyline|2026-05-17T19:10:00Z
2026-05-16T21:00:01Z|c4f1fa82-680d-45a3-909a-893021ac24cd|b9f044d375bcb7b63b291ea2766640ffbf521d581683753e79e85569a98702bb|baseball_mlb|moneyline|2026-05-17T20:07:00Z
2026-05-16T21:00:01Z|e79f702b-ec7c-468a-aba1-ae81d6b69024|3d49a179d3b19bd5e338d22881c5961782e2b1cad729cc5dbea29ba434e8d22e|baseball_mlb|moneyline|2026-05-17T23:20:00Z
2026-05-16T22:30:01Z|9374efb9-93e0-4729-a876-551282ed9e59|325919191bfcb3f00dba159cfd1526e4fc77e86b8fa19358c514d3d660a2e3d0|baseball_mlb|spread|2026-05-16T23:15:00Z
