2026-07-07T00:00:01Z|2ad03d5a-0adb-42ba-b2f7-49ef7c259321|4f90eec70f167bdb67466bb14d7a7e3a75dde04e101f1c9969da6bae58e3221c|baseball_mlb|moneyline|2026-07-07T22:40:00Z
2026-07-07T00:00:01Z|23865ff2-d7f0-4361-8235-cc4b2decec34|6ef6a59f1b9fe0a89f5f8648d8d85cb6baa3e01f04fcc78e3ae667a0354825db|baseball_mlb|moneyline|2026-07-07T22:40:00Z
2026-07-07T00:30:01Z|f262edea-7c54-4c4d-b2b5-3281e9a17aed|2d7c68eca056c9b6684b937a7b0a93eac17bc6ddaacee6dad2bb19c18e756326|baseball_mlb|total|2026-07-07T23:10:00Z
2026-07-07T00:30:01Z|ac01806e-6b21-4bdb-8161-56796ac5e95b|d10ba3ceb40134f9b9abc1f55ab15e24950340a1e9973633c807f4093b02c6c3|baseball_mlb|moneyline|2026-07-07T18:15:00Z
2026-07-07T00:30:01Z|af0eda51-81e2-4de8-822c-9c8ac4c11cd3|28fc3aad8e29470c98473b595ee31d54abecb0bf19e0ef46f986523db5e5ad7c|baseball_mlb|spread|2026-07-07T22:40:00Z
2026-07-07T01:00:02Z|9376c5da-eb25-4c62-95b6-e4b46193943f|de4acbf9d9470e2541612e9cabc069710d0d87beab568d40c65af05cdbb1ed97|baseball_mlb|moneyline|2026-07-07T22:40:00Z
2026-07-07T01:00:02Z|8be6e167-0964-43e6-98cf-6e8897fa0f93|691838a592b37c117eee7cfa008aa352ab995741a35930d798da9a3559696193|baseball_mlb|spread|2026-07-07T23:40:00Z
2026-07-07T01:30:01Z|c3b37494-fd74-4d73-bef9-37b1630916e2|9b52ec7de3b70b2038cf4e5661bb23c946bf5d3743f3895b20b8b9167603d6a1|baseball_mlb|moneyline|2026-07-07T23:10:00Z
2026-07-07T01:30:01Z|1c049289-73f4-4f1a-b8ee-695cff00cfd2|60a7ee01cfadbd9b095c59dc31a0cb1eb38a5a041f409a09c1e7659faa4285d6|baseball_mlb|spread|2026-07-07T22:45:00Z
2026-07-07T02:30:01Z|772518e7-b77c-4db3-bd5a-6977cf837e22|26f9b2e71f36c57dde1f67551b0730d527a706bcfe8a49557d3e6f06394b65e3|baseball_mlb|spread|2026-07-07T22:40:00Z
2026-07-07T02:30:01Z|1fd68534-5df6-467d-9f98-6d0fe6a4327a|20a6f602579ad1c301d62158a8e1eb8cf0f9030c15715fbb526072d24d847759|baseball_mlb|spread|2026-07-07T23:10:00Z
2026-07-07T03:00:01Z|c2cdea0e-06ba-40a0-a4e0-3cefd54efcf5|d5a684b90aaa6a43935c49f0ced11308a5f1af118cae16cc0914fefdcb3b5d57|baseball_mlb|spread|2026-07-07T18:15:00Z
2026-07-07T03:00:01Z|33be4b40-a5ce-4d24-a44a-138bd249925b|e49b35ddd29c479192c2fa2b9135028ff311de73d7ca27d76d7ec573fb3f84bb|baseball_mlb|spread|2026-07-07T22:35:00Z
2026-07-07T03:30:02Z|c60b7ef2-b6ce-4fcb-909d-0c1d5d7c9b62|b599148941e033a90e9437f3c8c7525da7121ad295b86ec6371f817fdbf41861|baseball_mlb|spread|2026-07-07T22:40:00Z
2026-07-07T03:30:02Z|ee589767-ff39-4542-8a20-e5fad02ff821|6ac1cdbd8d306390ed44c7a789bd4a628ceba1dc6f6a60d5472cfeb99d5c3890|baseball_mlb|spread|2026-07-07T23:10:00Z
2026-07-07T03:30:02Z|6224c069-c945-4d5f-9491-f41d222fa481|8885105c6ae53ec3909c102946740d4c3f23fcf0b1ae40bdf28d7c28ae0dacb2|baseball_mlb|spread|2026-07-07T23:40:00Z
2026-07-07T04:00:02Z|756c4c87-e9f5-4262-9188-b8bebbe3f56e|c7c94c6dc567f58467607103835a6d1d7014d49d705f54aebd0ec280013cc43a|baseball_mlb|spread|2026-07-07T22:40:00Z
2026-07-07T04:00:02Z|20e5e5d4-8d01-44f9-931f-a272945d0d15|d6c0c5fc237f929c607175aafdac24729e3c6a56c7a887d90691783d5ab5872c|baseball_mlb|total|2026-07-07T23:10:00Z
2026-07-07T04:30:01Z|d6fab4a8-ad10-4d54-ba92-eac6a40ae94e|3bc1a5585f514663bff44819d01bd5bce2b4a7406156231d7ac327ea6fdc98fb|baseball_mlb|spread|2026-07-07T23:40:00Z
2026-07-07T04:30:01Z|68b36b8a-7e30-4dff-ab41-6d80a4bfcdb6|610483a8f4f69fad41e128668f80b90bd5b8df3ddf8ec8628b1ffa9450e62189|baseball_mlb|spread|2026-07-08T01:40:00Z
2026-07-07T04:30:01Z|96435dba-c610-489f-8ac9-0b39a82aa7d6|10ce9cd1bd65629db5ed49cd9cc23df5efe6b2ef88d3601be65d8be063bb57d0|baseball_mlb|spread|2026-07-08T01:45:00Z
2026-07-07T04:30:01Z|437dc58e-a140-44d6-b503-0a58bdf94e0b|29492d8488d17deaf8278d3ee630ac349d08414832c4ebe74f97c4a48a99927f|baseball_mlb|spread|2026-07-08T02:10:00Z
2026-07-07T05:00:01Z|41d54555-56ed-440b-99d9-8c61fe7f1309|8b159ef3408cb0f3d5368829fa2cde04c286d0d53749720ef83064e336ac8d7a|baseball_mlb|spread|2026-07-07T22:45:00Z
2026-07-07T05:00:01Z|92dc93b8-8572-4a48-a9cb-75dba7e8842c|2a83448c228a4ac3fd0a5649c707542305eb44f50ae9c3dce272a56209a08672|baseball_mlb|moneyline|2026-07-08T00:05:00Z
2026-07-07T05:00:01Z|91f8194f-c8d8-4f44-af7c-fb9455fa5ec4|256de812d16e7aff5e1b75586d88e426a63573d314c9b1916119717281c9f341|baseball_mlb|moneyline|2026-07-08T01:40:00Z
2026-07-07T05:00:01Z|ab006874-bf18-4155-bdef-f7a41684a842|bbace6950f372cc46ead8d1ac0d3cf5c4b9f621dab6fcb3b494b5adb878f78c2|baseball_mlb|total|2026-07-08T01:45:00Z
2026-07-07T05:00:01Z|c3271768-86b8-481e-8418-1e89fb6a97ee|979a0e7bbfe93470e67293f65b3fb09076547367748da26ed68d94c92cf06f2c|baseball_mlb|total|2026-07-08T02:10:00Z
2026-07-07T05:30:01Z|3ec1ce23-d0c0-4acd-9a36-eb292ff2a4eb|4023d0eec97c1bc499e3758c89902fbc282472a42475a9211446df4c650794f3|baseball_mlb|moneyline|2026-07-08T01:45:00Z
2026-07-07T06:30:01Z|59cf2b64-6aa9-48e4-9dfa-cba93dbd0c84|28bf36f88fdb1eb30552f44ee265e4d2be2859682e1ac0d67bb842e8ab2e0b32|baseball_mlb|moneyline|2026-07-08T02:10:00Z
2026-07-07T06:30:01Z|cfd565ae-8705-4a51-814e-ebf185beb105|8d208a969f4d3bd90880c5fe60991fd02d594c3965e113c578698079fe138ddf|baseball_mlb|spread|2026-07-07T22:40:00Z
2026-07-07T07:00:01Z|2bb5f2e4-5345-458a-a7ca-2094a99f7d1a|b5199d26c85b2ef01f3abbdd9d590191c146c8bd46c07863797c590b12155d53|baseball_mlb|moneyline|2026-07-07T23:10:00Z
2026-07-07T07:30:02Z|d375ee75-0bb2-463a-b05d-9f56c3a67d9d|807f70dac8d1f1687b73e3edeb0ba3aa29d1a246c6ecc38ed72d8e6168dd1486|baseball_mlb|spread|2026-07-07T18:15:00Z
2026-07-07T07:30:02Z|2cfadc22-e595-482e-85ea-32e8f2ed53a5|5a67622090d061851bd665400bbb039dbc977525dbdf731105cd6e98a7a66af2|baseball_mlb|spread|2026-07-07T23:10:00Z
2026-07-07T09:30:01Z|939592d0-0475-46e5-a9e1-975cecddbe43|6d002ba152e8269e46ef4d4574f0dcbfc97029a33abab9772f2d123240558c5c|baseball_mlb|spread|2026-07-08T00:05:00Z
2026-07-07T09:30:01Z|5d7578c4-4259-4691-9ab3-877dbc2a8222|3d1216de4f344fe4668562056526188d39a44aabbb82b1738dee6011d9479121|baseball_mlb|spread|2026-07-07T22:45:00Z
2026-07-07T09:30:01Z|740136f7-7a7e-4750-8068-74d29c220df3|1e11e307ad740a762dab3919813ffbd9c8054760a3b5631dd431ec77c3465cf9|baseball_mlb|spread|2026-07-08T01:40:00Z
2026-07-07T10:30:01Z|ae8279df-0733-40f0-bff7-7d7206f9add1|bc72c9e365c69208442ecd57d0162f4458d5d6034b49c3a68fad8b65059e84e8|baseball_mlb|spread|2026-07-07T22:40:00Z
2026-07-07T10:30:01Z|08d83ba5-4653-46d7-9b5b-584f731be753|26e9a7d757c3fbcafd1b4d36c0a0fd3c5444611555021220d24e5b376555638b|baseball_mlb|spread|2026-07-07T18:15:00Z
2026-07-07T11:00:01Z|8705ab0a-d50b-4f62-8135-2577dfa66ee8|9a5c14d84cb935d5ed4820309d19a2363555a57c5eb60dc516d92a51fba3028b|baseball_mlb|spread|2026-07-07T23:10:00Z
2026-07-07T11:30:01Z|a3da0020-de0b-4a47-8d5b-c4175886e175|d92a3602246a72c62291af77f07784c82308418f8cc01ba2d3292f1ec02b5a23|baseball_mlb|spread|2026-07-07T22:40:00Z
2026-07-07T11:30:01Z|7ab8e30d-9a4e-485e-9089-4896cfc7706b|115e9648d69bcc29801686e0fa50d25ba70df714c7c21d612b5b63e10ce9f31f|baseball_mlb|spread|2026-07-07T23:40:00Z
2026-07-07T11:30:01Z|4987c200-94ad-49f3-a281-43d775072f0d|f73cc875757554f924d352e5f1c5ce6f3da07eacf47aed14e0ef1f39a0a6393b|baseball_mlb|spread|2026-07-07T23:10:00Z
2026-07-07T13:30:01Z|733179d1-a298-4e4a-965f-6c0db2477fec|0d596c0f0747fdb10904c753fb4088043b468c8d6b15de8a9c22366a39be50f6|baseball_mlb|spread|2026-07-08T00:05:00Z
2026-07-07T13:30:01Z|2350f3b7-6fe7-48c5-8a0a-f286cf3dcf34|2dbcf690968693dc4183d0b96f8bf949be7d8aad8623cda61e8e321260d15b00|baseball_mlb|spread|2026-07-07T22:40:00Z
2026-07-07T13:30:01Z|d34e769b-95e3-4b18-aa75-cd3e3ae97024|8af6c3282d8c8ec6b26222ccb6fbb5992fc588fc097046852e94f763f40cabae|baseball_mlb|spread|2026-07-07T23:40:00Z
2026-07-07T13:30:01Z|e0b58f46-086d-4564-86e9-1dbef9eb9f28|6d3e9cbc515995f8b7aac0a6369d246bcc031661171f7c9a34a5c93d5a1921a6|baseball_mlb|spread|2026-07-08T01:45:00Z
2026-07-07T14:30:01Z|abbb780d-5ad1-4fc7-9c93-48fe6b76a961|c0ce255c89d2a7a260821c0df40440f0013dc84dd30b402cd0dc9a502e33593f|baseball_mlb|spread|2026-07-07T23:45:00Z
2026-07-07T14:30:01Z|18a28324-fc6c-4c0a-850b-1ce26ce9fc98|349d7b47752a80fdbddbbecc4d66155bde512f2b4008bcd9ec943972dffad666|baseball_mlb|spread|2026-07-07T22:45:00Z
2026-07-07T15:00:01Z|31128872-4f7f-4000-aec2-f26e7d123e4b|f2a7fd6034ffa9897e4141d49a2fb84b0d3d60312566ec01faa9b4f97ee5cafe|baseball_mlb|moneyline|2026-07-07T23:45:00Z
2026-07-07T16:30:01Z|07cde199-5bee-4b4b-8f71-a9839485d0f9|beede00e819eb321dddc9b5a51a59c3cc95805554ffbd4afe51a97ecad521940|baseball_mlb|spread|2026-07-07T23:10:00Z
2026-07-07T17:30:01Z|b522ed23-7d06-4f04-8557-6f20f0741e14|7704d91a160e14b7f0253c4910cd136c98f291ae5981cf5ab007ea7bc73981f3|baseball_mlb|spread|2026-07-07T22:40:00Z
2026-07-07T18:30:01Z|8894b2a3-847b-4868-a884-e5d8eaba4b55|55713fff3d582fd8321d7459f382525e2346081a124436bea6f2942d2183695c|baseball_mlb|spread|2026-07-08T19:45:00Z
2026-07-07T18:30:01Z|0350ab36-763a-4f2c-a5da-7cca914d31ba|a0ae6aae0c975f96ed6d3241bf109aadfb133aecdfb00237257aa8d8b22e5274|baseball_mlb|spread|2026-07-08T22:35:00Z
2026-07-07T18:30:01Z|c3559d5c-d8ea-43a5-b3bf-4e94b4738c58|85bd92eeddf033cce9c1519c62de9300a779b3d43388c8026773bb9d4064683c|baseball_mlb|spread|2026-07-07T22:45:00Z
2026-07-07T18:30:01Z|e9378842-1f6f-46d4-9c6b-d9d9c77500c9|88f96b6424367724470813ade545151be8e2de02b8eca415b1efbf904ddd9f6b|baseball_mlb|spread|2026-07-08T22:40:00Z
2026-07-07T18:30:01Z|fc7204a9-cddb-4965-82f5-a62ce6053913|3076aa9bc601f78ea15946d193e8cd9786d4bd7ed512030bf910b5a808e87791|baseball_mlb|spread|2026-07-08T22:40:00Z
2026-07-07T18:30:01Z|e07dc436-3f6f-40e5-994e-c839c3950862|6d991c40124d7322b41decfc621100de277b6618ff007fa24254c1b5e609b0dc|baseball_mlb|spread|2026-07-08T22:40:00Z
2026-07-07T18:30:01Z|778cdd3c-7198-4d80-b606-07b5425ee22f|4a03ed13150d2f6de6e403584d844b9174405f5bb41cf32b787c9d70dbfe6009|baseball_mlb|spread|2026-07-08T22:45:00Z
2026-07-07T18:30:01Z|798a821d-8665-49c1-9082-9df41103f1ff|01e2a4fa68ae884eb6535cc63cfb70bbb3f3e58e6040bb11ab4e3efe0daa16fc|baseball_mlb|spread|2026-07-08T23:40:00Z
2026-07-07T18:30:01Z|121c9e59-30b3-4ea7-8d4f-0a166d323714|3ab050967b6e206e5dd7647ecef88a346389f187f8bb62636db879fa69fafe3d|baseball_mlb|spread|2026-07-08T23:40:00Z
2026-07-07T18:30:01Z|d88e0be9-4cb4-446d-bf67-0fd04c47d486|def9e53adbb5f6b2518691e05ba5aedbdcbf0732d14f79d75646c8360551c4a0|baseball_mlb|spread|2026-07-08T23:45:00Z
2026-07-07T19:00:02Z|6c131dbc-76fc-4d2b-b352-824778daeeed|50a480a031307186a0efbfc718c80947b6f2a5ecd0c3a9ca01d851c5abbbc044|baseball_mlb|moneyline|2026-07-08T22:40:00Z
2026-07-07T19:00:02Z|1ad73b77-0962-4062-9529-fe4cc97d8d87|67003cd86a57c6ba79eadb51521f851e80ca011058e64034cdcaf8bd30f2cc9e|baseball_mlb|moneyline|2026-07-08T19:45:00Z
2026-07-07T19:00:02Z|80232031-5949-4fc0-8620-75da37da6341|ff0f12e5c5946714ae80142370012b05f42d03f8fa331f514d024ae12172d172|baseball_mlb|moneyline|2026-07-08T22:35:00Z
2026-07-07T19:00:02Z|eff07230-0ca5-4b40-86a8-d3221bfed479|960af77a7d55e5c900a3bf2204261a01794d49506a8c7cf81b22b83c7dcb749d|baseball_mlb|moneyline|2026-07-08T22:40:00Z
2026-07-07T19:00:02Z|9c48936b-e829-48da-96e8-fc492009baf8|024215991ddb38d2b8616eb755c39f02c3ce06d03444b346a6facab466878bb3|baseball_mlb|moneyline|2026-07-08T22:45:00Z
2026-07-07T19:00:02Z|a1c1f0ed-2a11-491f-a9a4-5137056fb762|28da2db4a7a5d66071da9d40a2b3e74b43e50cde7209ca424cf2e95106daa91b|baseball_mlb|moneyline|2026-07-08T22:40:00Z
2026-07-07T19:00:02Z|a4c23cda-0e72-4bcc-9226-aa72441a84d4|f3c48a662589d1688d6b180185759b2d195966d491fbb05085fdee4a1de8da5a|baseball_mlb|moneyline|2026-07-08T23:40:00Z
2026-07-07T19:00:02Z|f29d377e-16f2-4066-8f77-7ad4cbb48ff0|66c0babe27138b2daa70d0c8c457883951b620bbd1604d86a1f00d91f29d5eb1|baseball_mlb|moneyline|2026-07-08T23:45:00Z
2026-07-07T19:30:01Z|faf9657f-b784-47d3-88e0-7ffd2a7153f2|587499abe3a8ddf9ebe2e5bcd2eeb0a1581fa22c51835d1aae81be12ce1e4d80|baseball_mlb|total|2026-07-08T23:40:00Z
2026-07-07T19:30:01Z|2583759b-04b1-4888-8142-075af6b080ba|adbc078734f1518227830c7f1da0f56eb6e24e63fb77b64f0f1fdd701731b55c|baseball_mlb|spread|2026-07-08T01:40:00Z
2026-07-07T21:30:02Z|7fd73175-b5b3-4dd7-85a5-be9b52cf76f4|d34f0fc4f48a5c3c6a0c329eeecf56e69e14668c9f6471d121d6f7b7eb85c899|baseball_mlb|moneyline|2026-07-08T23:40:00Z
2026-07-07T21:30:02Z|991d0b88-5934-4a46-a756-32541aae7bb0|45fc7559dd5e772ca8abc8a89033cbc8fc5dd18b66e58eb291e4d1cf071c7e77|baseball_mlb|spread|2026-07-08T22:40:00Z
2026-07-07T21:30:02Z|512b360b-3063-465e-b7cc-261dea24911e|7a83aec2dc6eafbc6e78c1ab3f5382e42f92dd2eec2c6343939e618b9a9fb042|baseball_mlb|spread|2026-07-07T23:45:00Z
