2026-05-12T01:00:01Z|e6921fef-edf9-4b05-aa32-be37700d1916|58bbfe37bbe0d104ac50acf357aa5d55ceaabc661748807895ff4951c26e80df|baseball_mlb|spread|2026-05-12T23:10:00Z
2026-05-12T01:30:01Z|a03c1ae6-3340-4eaa-b9b5-4a532996a965|80207404b3e4d2dc0d0272830e12d1d4456201ac74441a6373c600ba54770d7b|baseball_mlb|spread|2026-05-12T23:40:00Z
2026-05-12T01:30:01Z|8689d836-3f42-4a10-8664-48543a854d07|25d189ffae1d690fe56a63dd0311ab0288dc480de8dfa8d03a09c1c83df553f2|baseball_mlb|spread|2026-05-12T23:40:00Z
2026-05-12T01:30:01Z|27c8cc1a-fdba-4ab8-936a-c028a3a05dcb|12c3f9727af4624c5667a0218fd84608f9db8df17798dcafee5b66ca8f7fd21a|baseball_mlb|spread|2026-05-12T22:45:00Z
2026-05-12T03:00:01Z|9feb82c7-2150-4d94-9159-365026fd6272|b817a3381ec24ae9b44e6a427598c75937b94850da98964803f9e907bb419497|baseball_mlb|spread|2026-05-12T23:40:00Z
2026-05-12T03:00:01Z|9f0431ea-72f3-4a47-89e9-3a4b0b373212|913ec6c3faa25bb61ee6706c2c1e7e72e315d68e873206204393a582252c0b7b|baseball_mlb|spread|2026-05-12T22:40:00Z
2026-05-12T03:00:01Z|2c1fb80d-5313-4bbb-b8bf-25e8ad0821d9|44d5eabcbcddf0dac80c827f31a06087f01a04f4798fc92791e5870cab1c9a85|baseball_mlb|spread|2026-05-12T22:40:00Z
2026-05-12T03:30:01Z|4275a7b5-7fd0-479e-b38b-101d32769723|e5446c9cf50a66864b695a32bf7ebbe76895dc75e894ef34be2352f51d2940da|baseball_mlb|spread|2026-05-12T23:15:00Z
2026-05-12T03:30:01Z|f61e1fc2-3d33-4444-b450-6a0888582041|0cb03b78c55939e4d763583ba4bc6c72b21fdc991ec143387bf4c2c60514c3e4|baseball_mlb|spread|2026-05-12T23:07:00Z
2026-05-12T04:00:01Z|2bfa4b62-0694-4591-ba5c-8af1b5b67019|5c8ed759137b01e412be78610d34a47d90a58f1a581d1db022048794c6269244|baseball_mlb|spread|2026-05-12T22:10:00Z
2026-05-12T04:00:01Z|b8e68f69-4a58-47b5-a992-80046c0eb122|ac3681ad6c247ca419b598c78d0fecf107a7bb7dcb075934a7cd2489cf648016|baseball_mlb|spread|2026-05-12T22:35:00Z
2026-05-12T04:00:01Z|9d2a9d71-7dd0-4347-82db-813c26bfe4a1|23732ad88a52a06e03430634382464ce7e8a821a19fa870909fd27dd21c78302|baseball_mlb|spread|2026-05-12T23:40:00Z
2026-05-12T04:00:01Z|516bb614-a81e-4354-8fac-2b13b96729a7|f0a547c43003c11643adfc998b7d8a52c565666310bb778ae4b7c414fb27e948|baseball_mlb|spread|2026-05-12T23:15:00Z
2026-05-12T04:30:02Z|2b30f7ee-fe15-4a58-8487-39916008dbaf|5127bfbe95bfe06c4a0cbf13c9d035a7cd400dc0f4cfccb371f545beab8d0c51|basketball_nba|moneyline|2026-05-13T04:00:00Z
2026-05-12T04:30:02Z|dd7253d3-5df5-4671-b7f5-088404a8994f|8ac47381407f89bce0e0b78bcd7454f7f7babfabf319c16e54c9f18b05092e77|soccer_epl|moneyline|2026-05-13T19:00:00Z
2026-05-12T04:30:02Z|6ed50fc0-df7d-4c0a-a774-767d9dca383b|c3e364cf1ee864903039ef1efd9972a526f0df7b7a7393f89f1f3552ea5ede14|icehockey_nhl|spread|2026-05-14T00:00:00Z
2026-05-12T04:30:02Z|ba598f92-cc2a-4a1c-ab16-b3266bd0da13|8f26bd5f9c2fba68bfde7bc8287a8fb449ffb8cd8ea081023421d2fb7e87c65f|basketball_nba|spread|2026-05-13T04:00:00Z
2026-05-12T04:30:02Z|627bf989-9b30-4ac5-9c3f-bd6cd2646168|b200826128e106ea63c70aedf9110fe8ae26a722e37fcbe895575940b2f69e99|baseball_mlb|spread|2026-05-12T22:35:00Z
2026-05-12T04:30:02Z|033ca6c3-fd2a-4d6a-9058-7281f6344ad6|18973d62cf274369559305a552746637194a561ce7c53244251fccc4a6d7a6c6|baseball_mlb|spread|2026-05-13T00:10:00Z
2026-05-12T04:30:02Z|4c847e3a-64f1-4f79-bf69-aedea5e3a7b1|4d5eb0cd2e0ea2ee767eb8ab1b51e227b3b1613bf808ef937d44c4eb2943308d|baseball_mlb|moneyline|2026-05-13T01:40:00Z
2026-05-12T04:30:02Z|20dcc481-6fa0-4d34-b935-414e9edb69a6|374a71ae2bd7b0c8d6e5793dfed8a503a1558a188060f86e47e026ab86f07591|baseball_mlb|moneyline|2026-05-13T02:10:00Z
2026-05-12T04:30:02Z|e8721150-9c2a-47bd-b14e-636bc6f5a9b2|6589f5b4a5401661b4bb9b93fc4c59ad8524114276b893f5703873794ec6276b|baseball_mlb|spread|2026-05-13T00:05:00Z
2026-05-12T04:30:02Z|cb71e66f-2fb4-4812-8b06-7d1391573978|055deed4d32a64ae8b9bf65887e66f30a879cd6010e0b9c152e7de146e85cb5e|baseball_mlb|spread|2026-05-12T23:40:00Z
2026-05-12T04:30:02Z|b6bd273b-4145-4106-bea5-da70b8bbce7d|2a3f5159b69a60ac1541a5e2b48dae763054140bc6d774fdb1f3ad66d2d05238|baseball_mlb|moneyline|2026-05-13T00:05:00Z
2026-05-12T04:30:02Z|0f1f0c2f-30ad-4d06-ad8a-3240129711a5|2eddeaed2ce2bcc4a2bd99fad988d92b078981917724f246792d391e11d49102|baseball_mlb|moneyline|2026-05-13T00:10:00Z
2026-05-12T04:30:02Z|07d3aa9a-9b29-4d12-9d0f-6e528e4fae5a|6e32ccca11df3b53d12ef81a582b07be8aa4aaecdf6867550b53ae48b0fa807b|baseball_mlb|spread|2026-05-13T02:10:00Z
2026-05-12T04:30:02Z|5b98f41d-de38-4366-a00c-a4da4e8f926c|9af7002c72a8cd2d52038d912a61fc025202c5a1bb9a11322ab68240ed5972a3|baseball_mlb|moneyline|2026-05-13T17:10:00Z
2026-05-12T04:30:02Z|9f80ae80-d410-4b33-af13-1da151151185|b04bc9742a35d95c1631cf37c2f8e23b7bb0de013c76a8d37776aa615ceed1d5|baseball_mlb|spread|2026-05-13T01:40:00Z
2026-05-12T04:30:02Z|7df420c2-29e9-4d50-a46c-c5ddcc04bd8e|13c5afba225c99e2f37ec9f08fa18af363fa3628ce3ca5dd1e319a76e6c7b0d0|baseball_mlb|moneyline|2026-05-13T22:35:00Z
2026-05-12T04:30:02Z|39956442-ec48-421d-8a96-f9a6b931df39|c57ed3a24ed59abaf72d64ae4cffffc66e11d3aeedea38ed76e3d4b457b2eb47|basketball_nba|moneyline|2026-05-13T04:00:00Z
2026-05-12T04:30:02Z|d4f12aa4-8e21-4ec6-95c2-f527316a6567|c29cd7a52adb305358c679739b64a726e5a58e18e948842ac01989985550a1bf|baseball_mlb|moneyline|2026-05-13T22:40:00Z
2026-05-12T04:30:02Z|8a13c76d-a489-4f53-b9c1-b35a26a30061|8cc12a80fd689c3d1858728622238b2fac675d45d1ecd7265217dc1faf095050|baseball_mlb|moneyline|2026-05-13T22:45:00Z
2026-05-12T04:30:02Z|6da45d4b-3286-4b3e-9e75-0d0016a57e26|f27ae3ae770241bbaa23839823c804cdd77eb71bf4a004c34f8b516b700332b2|baseball_mlb|moneyline|2026-05-13T22:40:00Z
2026-05-12T04:30:02Z|10e6e7ae-a905-436d-8af4-08a07f1ad950|51d91079e6a7e3e4e515398a8f5f76a47defd298501fc75b55111d8899c3b412|baseball_mlb|moneyline|2026-05-13T23:07:00Z
2026-05-12T04:30:02Z|fb3166c0-3574-4f6d-af86-207e76574476|1cde7702cdb58056952c68a82086918791daf24d83b152b9302db145ffa985f9|baseball_mlb|moneyline|2026-05-13T23:15:00Z
2026-05-12T04:30:02Z|2bef2c13-e446-4f53-b5b0-35b144a5ce58|2ed2d2d74fd17bef5c7221f863738b46ad1ede90e9a5410c5de0a5cac60af99b|baseball_mlb|moneyline|2026-05-13T23:10:00Z
2026-05-12T04:30:02Z|98f0bfc1-c5e4-473c-9353-177b908ced53|342f8f2bf9a02105b5f6eeffb13d9324b0593ce1e537dab3695829ebc0feecc8|baseball_mlb|moneyline|2026-05-13T23:40:00Z
2026-05-12T04:30:02Z|ea170d45-19f6-4f6a-8faf-dc5aaf2fd96e|5e20d54e2a544c565adaa898c1fc00cd033b440a83ad38ff28f6a5f819110eb8|baseball_mlb|moneyline|2026-05-13T23:40:00Z
2026-05-12T04:30:02Z|e192d206-ca0d-4f2c-bb5b-fe964a8708c5|a23839619b33d934fb31861fac291deed0a959437d6da02ae94a0f5adfe02321|baseball_mlb|moneyline|2026-05-13T23:40:00Z
2026-05-12T04:30:02Z|8a32b30d-5f39-4ed1-9560-164cce789b7e|23b69fcfe70f5297081ea397ba1c91af625c1996f52bf7fd6487e5b2b9956827|soccer_epl|spread|2026-05-13T19:00:00Z
2026-05-12T05:00:02Z|83ee0b4a-c6fd-4ee9-83bc-eff1bf9ddd1f|0daf9d1386096f2da4bd3c3093079543d60348647347827c601cc36cd1d8a875|icehockey_nhl|moneyline|2026-05-14T00:00:00Z
2026-05-12T05:30:02Z|d718268e-16e6-43ed-9b3a-1cdd98a58c52|2e9fa41f1e9e89ab23910c68e3217e26d8dbda105f2b92d519d06c57ff80266b|baseball_mlb|spread|2026-05-12T22:45:00Z
2026-05-12T05:30:02Z|21f5c198-d252-48fe-b60f-3a9954a0454f|4c2814480a7cf22f81a26d5b01fd7c6c9b986a5ce7ec18e3318efea984dc82f6|baseball_mlb|spread|2026-05-12T23:10:00Z
2026-05-12T05:30:02Z|f61b4ede-68f0-4082-af49-39dcd6766e1d|aa27b9cec35569d9310e64fd8ffbb604f394846cd34c26c085f1fc6b0624cc7a|baseball_mlb|spread|2026-05-12T23:07:00Z
2026-05-12T06:30:02Z|ba559bb2-5d70-41db-920e-bb06578c3be6|77cc4fe6cbf45bf769bdf1c2c47a4fc591aff8a0fa5c5e809bb837d7558ad33e|baseball_mlb|spread|2026-05-12T22:40:00Z
2026-05-12T07:30:01Z|c7ffda3b-3df5-4a24-b16e-729ecf5e56ce|58a3d4c14b66cf2339422ef2b503f534d9309fc7e8df217df738fb2adb33857b|baseball_mlb|spread|2026-05-12T23:40:00Z
2026-05-12T07:30:01Z|e1b160dc-8486-4150-8257-0b632f73cd72|262c2b06085fd6c214be3c21d974e0810781ce6ce1a119665ec005858c27d4b6|baseball_mlb|spread|2026-05-12T22:10:00Z
2026-05-12T07:30:01Z|3c35e929-cecb-45ce-b22c-a9b8bad5d9ed|220b72e08688c642d9e06de765fbfeb59f924af09c0f0890a0caf05d60aef2e7|baseball_mlb|spread|2026-05-12T22:40:00Z
2026-05-12T08:30:01Z|0889009f-2845-483c-8b04-87d4f258b09f|ac1707535d9cf7edab0c027d797f3649745422430b409d905c7b39e07a921334|icehockey_nhl|spread|2026-05-14T00:00:00Z
2026-05-12T08:30:01Z|43eedf12-d14e-44f1-96d7-947b01bd41f9|19bf4eef8357a21d47bf74f65a548d1eda15309b14a18c0265dd2a61ea496645|baseball_mlb|spread|2026-05-13T00:05:00Z
2026-05-12T08:30:01Z|03c1c8bf-5706-456e-aa15-870e4da43b2b|a90ec3c2bb201235ca87663158191c4ae697d7151d0a62a5385bb759e477a533|baseball_mlb|spread|2026-05-12T22:35:00Z
2026-05-12T08:30:01Z|98c95f59-0bc4-4a5b-b624-dc88da663a56|4222fb12cf92c538a8940b04918aef146df26dc2d2336b699f29cfb112240945|basketball_nba|spread|2026-05-13T04:00:00Z
2026-05-12T08:30:01Z|7bb61362-c744-40e8-ae91-58aa701ca124|7131cd0653ab48ef0c53efd9ea22fea94ffcb7e952eaebf403a96c6803ea5704|baseball_mlb|spread|2026-05-13T01:40:00Z
2026-05-12T10:00:02Z|1f27859d-87ba-4942-88e7-510ab7d8cef8|e5d542e2ca06bcd1634b257e1e8f3ec0667f4a1b5b465b7f2e1ff74bd42b3242|baseball_mlb|spread|2026-05-12T22:45:00Z
2026-05-12T11:00:01Z|7dc01048-7377-41dc-a609-4c1e17c978d3|8ce78608f5f6ec51259d201a834aaf81b4b018af3b29a3e145d8da8f203eaa57|baseball_mlb|spread|2026-05-12T23:07:00Z
2026-05-12T11:00:01Z|c3a90043-b8ca-43c2-9678-5dd30347ebd9|e761a48bb7c33d4aba97401e8d7fd409b51c427888fa6162e25a1d3d6c6f3872|baseball_mlb|spread|2026-05-12T23:10:00Z
