2026-07-06T03:00:01Z|050af1cf-ef5c-477e-a4cc-582f4c5f2caa|e6374a064f10841134ea328b33db1bc76b08cf867e545e072186584ffdd753cd|baseball_mlb|spread|2026-07-06T18:10:00Z
2026-07-06T03:30:01Z|38372c58-8192-4c03-9e66-ea107bb5d933|444ab4a7db59a0b552cee5387f8cd9c41c5f6e0e474d638b8748dabe4079f489|baseball_mlb|spread|2026-07-06T22:45:00Z
2026-07-06T04:30:01Z|c5167d04-844d-42d4-bcf2-abee183eb2ba|2cb33c5f5437b9ab9f51467896abac61423aa7b4e610925b3a0a47172aed9a40|baseball_mlb|spread|2026-07-06T23:45:00Z
2026-07-06T04:30:01Z|04a20bfa-45e7-48c0-b769-f534825fcd6e|0442cb7f7db00e8ddc56deb702319506afd48453b5dad08e11256d8042a86f0d|baseball_mlb|spread|2026-07-07T01:40:00Z
2026-07-06T04:30:01Z|ff20bfd3-0fe5-47f2-9493-4393867ef87e|c8ec8a89ab03e2d3e1f1056fa075821db0d0a48996d2b70d9383b8b7e43425ef|baseball_mlb|spread|2026-07-07T01:45:00Z
2026-07-06T05:00:01Z|d9a08219-96af-481d-ba7d-eb96ddcecf38|3c3e75ed731dfb9c9d9545a9dc92e513e7bc8e6eff44480ee8a175b3c7f0bddf|baseball_mlb|moneyline|2026-07-07T01:40:00Z
2026-07-06T05:00:01Z|7b0cc218-f0c4-4294-aeab-ae9cae942ce3|17afb499c043652583f51169df4c8569593f8603d9c190ae5e9fb449d40da509|baseball_mlb|total|2026-07-07T01:45:00Z
2026-07-06T05:30:01Z|adecaa9c-59b2-449e-a99f-5bc94f855a71|53154f913e83051c8dbe809a371344c46ecfd79290e9314855f3ab393291b1d0|baseball_mlb|moneyline|2026-07-07T02:10:00Z
2026-07-06T05:30:01Z|493b5ea8-1233-4317-bd23-873545f98b8e|a927515687a5c17269e447dd1343966716adc9a032835b741774eac6dafc6b50|baseball_mlb|spread|2026-07-06T22:45:00Z
2026-07-06T06:00:02Z|db82c8ab-8175-401d-b446-659b3bf27e53|3cea9bc617f05344f6d6195432845eecdcdc6e8c243f234149cf34434aff7521|baseball_mlb|moneyline|2026-07-07T01:45:00Z
2026-07-06T06:30:02Z|eec1cfd0-ab96-45f8-b0fd-43b4cd228289|b2173666aad5a73c79bbae01df64ebe17862f505eba8edbaeb56356ea28fb96a|baseball_mlb|spread|2026-07-07T02:10:00Z
2026-07-06T10:30:01Z|75d445ae-dea4-42f8-9abb-b81598a5d092|4e33cb89dadc3895c6026253097385c31c0e0fa288ff22945739a6535045c6dc|baseball_mlb|spread|2026-07-06T18:10:00Z
2026-07-06T12:30:01Z|e95cea18-2aa1-4530-86d4-db3edafad0dd|5acce005596d04e522c9be3cca09dda1978c62ed6973a5d2e35b018cccfed4e6|baseball_mlb|spread|2026-07-06T23:45:00Z
2026-07-06T13:00:02Z|8c0ea0d3-2108-472d-8c1c-c3e62cba60c5|c734845d1b444ef453c20bb4408b6947e8ca7c928ab517af600b2a2ba6e0963f|baseball_mlb|spread|2026-07-07T02:10:00Z
2026-07-06T18:00:01Z|967d5a3d-5951-4f88-9f0e-2d899e553d88|ae6968bac5cb6437aa402a71dcf4a8317a6fd9bd29a7b04db48bd60009868044|baseball_mlb|spread|2026-07-07T22:35:00Z
2026-07-06T18:00:01Z|3598deee-0fb5-430c-8d51-5088202a6db8|996a6d4a93abf78db5f4e1996b6329eee169c7f7bac610ab3c603040f8fdd491|baseball_mlb|spread|2026-07-07T23:40:00Z
2026-07-06T18:30:01Z|6d31843d-8cbc-4a79-977f-98aa2890cbf0|ec5b9980286d0e813dbfef05b722536b14f0cde5e2cf4a536b249628d5ded3f3|baseball_mlb|moneyline|2026-07-07T22:35:00Z
2026-07-06T18:30:01Z|450b80aa-b244-4143-b300-f86ac7636c23|fc031a71c9434de6ec5f646f44d636526f673277dc553b10199cb09443001254|baseball_mlb|moneyline|2026-07-07T23:40:00Z
2026-07-06T18:30:01Z|a9bef199-8d2f-4b7f-935c-dd025e8214f4|f24b2cdc4d81b6cf217b75a5d2fffa1acee6bd2727b2042b6d87a39b0f904240|baseball_mlb|spread|2026-07-07T22:45:00Z
2026-07-06T18:30:01Z|983b876d-1e06-46dd-8b63-976c3f682c86|9677e2ec38ffb2485572fca12a32442aa19de68d0c117340fb6c530e80e26fd8|baseball_mlb|spread|2026-07-07T22:40:00Z
2026-07-06T18:30:01Z|84b49f31-de61-402a-9e08-cb69c664add6|ffffc52e71dd0d601f1d77b9cd99315e90a4fbdd3510da844029160a35991fda|baseball_mlb|spread|2026-07-07T23:40:00Z
2026-07-06T19:00:01Z|e25fd056-6756-4484-affa-7f3a10f14ae7|2a44dc77d1588fd55b443a8922d7df78deb2147ec7770bbdeedb0bb08ad80e83|baseball_mlb|moneyline|2026-07-07T22:40:00Z
2026-07-06T19:00:01Z|5156cac4-b71e-4ef9-80a7-cc4b17bd1113|385aa69a97d2afb12e1ce5197eb9efec0926da69eb486ab017540f7e59e73b5e|baseball_mlb|moneyline|2026-07-07T22:45:00Z
2026-07-06T19:00:01Z|2705e9d2-792d-4f4f-8edc-a7b6a3d5dbea|4f379306f33f46a728469c5d421d5803c62a4a10373d6b4bf0d3f8611d79ae3e|baseball_mlb|total|2026-07-07T23:40:00Z
2026-07-06T19:30:01Z|a6a4da51-6713-4b2a-8393-c9d2d6f84b9a|f34a6a326a653852ed0301f5e1dfb984f12670b8e37f156154bba93707b21bef|baseball_mlb|moneyline|2026-07-07T23:40:00Z
2026-07-06T20:00:01Z|df9286a6-89b5-4884-a588-6892bfa7b2e6|5a64d5b6cbdc7e5840cf2f0c28793dbb982a9de8f037c3197d5f474229a299c4|baseball_mlb|spread|2026-07-07T23:40:00Z
2026-07-06T21:30:02Z|641f2866-3513-489e-aa72-b6aa66b495fc|0f59b6b2d87c480eeeae3abe4055f725f59f7d63804feb81533361664d1ef308|baseball_mlb|spread|2026-07-06T22:40:00Z
2026-07-06T23:00:01Z|bcb325e9-5bd2-4b39-b830-62a7cb7251bf|c8a19b9ee14f8e54be7b46323b55ef0403afe7ce9449c5971882fded15485d81|baseball_mlb|spread|2026-07-07T22:35:00Z
2026-07-06T23:30:01Z|6ea683a9-7c4a-4c9a-8d32-c9b15f0a85e9|0978bf3c72bf0e0bbd5ee99640e311a0864c5c77e8ddeea06a6d32a2f42c4756|baseball_mlb|spread|2026-07-07T18:15:00Z
2026-07-06T23:30:01Z|f09ae0e2-ac61-4df2-aeac-11234bbb9c9d|3f9121b62b6fa2e415f926c8592d7357f8c8c1086b3a86c743cddcd2f02b8de3|baseball_mlb|spread|2026-07-07T22:40:00Z
2026-07-06T23:30:01Z|c5c009e2-0d4b-488a-b799-4efbf6250315|d9c9d25a2337150ed35346b0cde7e3446729454ef5783a19d9b63e7812ecb0af|baseball_mlb|spread|2026-07-07T01:40:00Z
2026-07-06T23:30:01Z|77e05d69-daf0-4b5c-bc12-50c2db57c639|dddc3b349fc1c108048c088e4804b213fb7f4f49864c0ffa9b84edffa34a08c8|baseball_mlb|spread|2026-07-07T22:40:00Z
2026-07-06T23:30:01Z|7530b426-0a91-4238-a5ac-062e8dfaf016|c54a3d70bf115f926fb362b5075d5f7bbab6e876766e9661e056e707f9bd0a47|baseball_mlb|spread|2026-07-07T22:40:00Z
2026-07-06T23:30:01Z|3ff07d2d-fb40-4053-8057-94fb865dbf76|6ac235ce80444d3ee2f4366ce9d9ed9db970cdad5575a280271d3f22ce4cd2b3|baseball_mlb|spread|2026-07-07T23:10:00Z
2026-07-06T23:30:01Z|ec3445ac-6afa-48d1-90ea-71f15f951dc6|d5482cd36199ce28bd8947e34496082dc90cc17976e77bd77f220191ba478408|baseball_mlb|spread|2026-07-07T23:40:00Z
