2026-05-25T02:30:01Z|16bf7e1a-a104-4864-b3e3-be0f28d9b1d7|d584e4262c257d1a3153abddd52a847c0c83ff1cc85f6354cd6cf962f3ecc164|baseball_mlb|spread|2026-05-25T17:35:00Z
2026-05-25T02:30:01Z|75b48032-8f65-4d67-93a0-da3148edafee|f65a6f5d74b1974a54d76f4ba97766c9050d3ae8cc00a77bddf35db4d477f1ce|baseball_mlb|spread|2026-05-25T18:10:00Z
2026-05-25T02:30:01Z|79c35437-8fdb-4546-ac4a-5cf5a2a62133|04bb4f01d50388e5af3198b309a000abcab89023ce765763d74f9c36958a20d1|baseball_mlb|spread|2026-05-25T17:35:00Z
2026-05-25T02:30:01Z|816486d6-b871-4cd8-a1fb-cec802ff9d36|ee577ddb21f6116bc642741ed9ee5094cfa412d0eb623e3bbf594020719dc22e|baseball_mlb|spread|2026-05-25T21:05:00Z
2026-05-25T03:00:02Z|23a894ec-65b5-42cc-94c0-dc60f7f9a11c|e264f13c2f7b650b340479fba81aaabf293e85d525572e16819da253f8d0ab7c|baseball_mlb|spread|2026-05-25T22:40:00Z
2026-05-25T03:00:02Z|f09e5b9e-2944-4623-bbd0-77cea4b74a69|6cb82141d92e144748606619f7645791753b4d46278056b4be3eb3bfa633e4ff|baseball_mlb|spread|2026-05-25T22:10:00Z
2026-05-25T03:00:02Z|296c5c5c-8db8-4876-b47e-e4fbe256d587|f15f5d38b7912e2b571da434c428fc26e2fefbaa2aa48b66c3a0c345c69b7d0f|baseball_mlb|spread|2026-05-25T20:10:00Z
2026-05-25T03:00:02Z|ab284ddd-256c-42e9-b9f1-04380dada4e8|d73164d2e8114a0abaf3c31779f4ef4565e337c7a626a70d5e9cb96f84dde5f3|baseball_mlb|spread|2026-05-25T18:10:00Z
2026-05-25T03:00:02Z|b5970569-bf5c-4c44-a665-3f91ab68ba95|56b43ed8c8e102cd179b95d49b9504071f8b395b9fbe90ca93efbd18dcd2446f|baseball_mlb|spread|2026-05-25T23:05:00Z
2026-05-25T03:30:01Z|a449526d-54fb-412c-bb88-df699a1ee930|9f49bb0ff559f9e4386bcbe9bf0d949a28d299868dcdf6b7973975dfb18cea89|baseball_mlb|spread|2026-05-25T19:40:00Z
2026-05-25T04:30:01Z|c1b38d01-999c-4744-ae6b-b130113d7c3d|8cb298d136c821fd7ec6d1771a0c658a25a1e45dc3c33fb5fd173a142a2cedfb|baseball_mlb|spread|2026-05-25T18:10:00Z
2026-05-25T04:30:01Z|36a599dd-632d-4e23-9c3f-995fb817a8d2|525a8cf21d7eef9ee89c3004ac908a77a6f115191c7c403ca8dfa64801094b36|basketball_nba|spread|2026-05-27T00:30:00Z
2026-05-25T04:30:01Z|8adb26d2-1d15-4c02-af7c-ba31d0d1754c|c2db82bebecb179d59eb05705fcd785efb46825004283a924f3955a88c432753|baseball_mlb|spread|2026-05-25T22:10:00Z
2026-05-25T04:30:01Z|bf561655-b69d-419b-ad45-d278b806bb75|44827bab4670196555038d3fb5d49c5007f51e81616b282bfd08e059a34ed30c|icehockey_nhl|spread|2026-05-27T01:00:00Z
2026-05-25T04:30:01Z|25da7a6a-4ce7-468f-9676-be1d392c9929|8491e1a71b2a87a964b496594639e2c9145e218df88fb08a80e0b9735a72fc83|baseball_mlb|total|2026-05-26T01:10:00Z
2026-05-25T04:30:01Z|652c648e-4d9d-454d-aefe-c45f51ff0d01|0b5d56192ed910c3de7c9d36e4c9e0f89cabdc97b8fa8cc7e9c2eb8f62640c15|baseball_mlb|moneyline|2026-05-26T01:40:00Z
2026-05-25T04:30:01Z|5df9bfd6-cb31-4f00-aa6c-7c07d4916c6a|d3ac69d5aa8e0975953b25366866efb3248a15c57271cb69fb9b81336885f5c3|baseball_mlb|spread|2026-05-25T22:40:00Z
2026-05-25T04:30:01Z|7644f493-fbb5-463e-94e5-92f0996529d3|6e02807931e35263342f80a0adda712093018a1f3b71e2374177fbb2797d4be9|baseball_mlb|spread|2026-05-26T01:10:00Z
2026-05-25T04:30:01Z|4096075d-61d1-4504-81d9-ef4deec5f102|c9006cf3a8e77befce32c9735e28f7ed5345db131c9e70dd1a9fdc1bb04a0c4d|baseball_mlb|spread|2026-05-25T23:05:00Z
2026-05-25T04:30:01Z|2537c691-40e5-490c-bded-f02af8a41585|39bbdd771229d647dae5d4c875a9cbc53872fb752fd9e2202df77a375ba231c8|baseball_mlb|spread|2026-05-26T01:40:00Z
2026-05-25T04:30:01Z|4528d1b7-5ae7-4f38-b5c0-3102b07ceb9f|23b2ce319ebe93efc14f8ca8c60109061f2d8f7abe615ac0a1309eabc43d9441|icehockey_nhl|moneyline|2026-05-27T01:00:00Z
2026-05-25T04:30:01Z|1a63a228-e704-4b72-b2d2-d4350dfe9909|18d1f822a49acd95421d6e77cef667fd79f98bd5a30d79fafe56d57f20013413|basketball_nba|total|2026-05-27T00:30:00Z
