2026-07-17T00:00:01Z|3a7b6568-cca6-4985-9cf4-712dcfe428de|7dfe1195b36f285562b4ae5ddeb3e92d9d3deb2e82ceda5d1810371fc34e91f0|baseball_mlb|moneyline|2026-07-17T23:15:00Z
2026-07-17T00:00:01Z|e748c470-07dc-4513-8e99-eb07d8c59fe6|e18d0f92c1719a5b50ff25bc569d47a3edcf6c8c0a134918130d744579e5093a|baseball_mlb|moneyline|2026-07-17T23:05:00Z
2026-07-17T00:00:01Z|678391db-0302-41c2-8c7a-6df030e79b52|c27fceddfd4de6ecfe22563c11029d812dc0d042081393f66408e7e52cbe6d7f|baseball_mlb|moneyline|2026-07-17T23:15:00Z
2026-07-17T01:30:01Z|1eb1e3e8-ad8a-47fa-a6d8-9850aef440c3|a65c536db8d0c22c4e9fdf42bbafc9e32e7024df5c120ffb3a16d65afad6700f|baseball_mlb|moneyline|2026-07-17T23:10:00Z
2026-07-17T01:30:01Z|d657eced-5f42-4fa4-83aa-45d0c99038ef|f661d4e5b717bf3bd8144cf1b68ff67f99dfdd2bc00252ae37f09e790798a6cb|baseball_mlb|spread|2026-07-17T23:05:00Z
2026-07-17T03:30:01Z|bb896372-dac6-48ef-ac23-2dd3c4715bf0|b5e4d71c56a26043ff7918e45a0a9c2da30c135162204130c6a1cfecc40bd1a0|baseball_mlb|spread|2026-07-17T23:15:00Z
2026-07-17T03:30:01Z|8565407e-a1bc-4a51-9b3c-09e3bf9ebb61|008a6421593248eba1685f2898a52a2c9f0e3b388434ae96ef1331f27c92f03c|baseball_mlb|spread|2026-07-17T23:40:00Z
2026-07-17T03:30:01Z|02dacc79-d5d4-4aa5-a8c3-27d9afd729c1|3f54722d334822d922fecd0480f89a5e375701558fadbf4180312c172f10a46e|baseball_mlb|spread|2026-07-17T23:10:00Z
2026-07-17T04:30:02Z|c74d0b28-980d-442f-b9fd-10e6671be692|7e97abdc50b9d6abc4b0863b16b7dd8cef2422c2cdbb5c98c1cedba3e005e03a|baseball_mlb|spread|2026-07-18T00:10:00Z
2026-07-17T04:30:02Z|55621701-feec-47a3-92cd-25813a074c25|f2e653ea71757aa004d0741bb0f3b491052537947f3520334a96a0b0197ab1ae|baseball_mlb|spread|2026-07-18T00:05:00Z
2026-07-17T04:30:02Z|6bf984e5-1b70-4008-ab5a-5613e04748b2|20ca5ab78d5dd9c7462e3338da5c7159a25f60bbf3c1307254e995d822b4350c|baseball_mlb|spread|2026-07-18T00:10:00Z
2026-07-17T04:30:02Z|3443cb6b-12ae-4279-8f23-125de2b8029c|af9d4a60fdfcadfecca2ef46be91e46b61d3c4e27ef2e788697d00cf5b9a0b75|baseball_mlb|spread|2026-07-18T00:40:00Z
2026-07-17T04:30:02Z|4c2c00e8-22f3-4372-b01d-46c7ab2f22b5|f127290c2f0477a84ec6561be70ac9a4a399350053074d7f55a26b4229f1ccd0|baseball_mlb|spread|2026-07-18T01:38:00Z
2026-07-17T04:30:02Z|0eba91d9-8e3c-43fb-b412-60c1a23a9b20|37326c6fbbbbc2d8b12a4531a1efefd0aef265352dafeeb9d86964496f4c97cf|baseball_mlb|spread|2026-07-18T01:40:00Z
2026-07-17T04:30:02Z|1bee4fa2-d307-483d-a700-6666c9193b29|377139368b59556562385d7eb948a54b5d7eab531dd65e3dd3eeb8349c29e69a|baseball_mlb|spread|2026-07-18T01:40:00Z
2026-07-17T04:30:02Z|611eeb6d-dec5-46d4-832b-19b388c7c469|080e029d2f8087e6b7fbc1d97ed869a39c1d4f25611a31f3ddd93970f36c9d43|baseball_mlb|spread|2026-07-18T02:10:00Z
2026-07-17T05:00:01Z|0fd19d79-fe2f-49ba-b02f-d240dc4ca71e|abefa9798952b6e28a95a0218fe89afec692cc8eedf129d09c0989d903ded2a0|baseball_mlb|moneyline|2026-07-18T00:05:00Z
2026-07-17T05:00:01Z|150551d7-d2a3-4210-9630-96fb72b29b18|88b44af83ad1215d7c55ad6cec2bffdfe88a421ce1054534ebc64a9dcbf2bef2|baseball_mlb|total|2026-07-18T00:10:00Z
2026-07-17T05:00:01Z|69c529dc-9a97-46c5-b2f7-755aaef183c4|0668285625f65f6b0602454dd46491c7babd84d07364a753f3404297d06f8765|baseball_mlb|total|2026-07-18T00:10:00Z
2026-07-17T05:00:01Z|74015932-98da-4a07-a44c-739ae92559cf|18168384b0851ac5ea845b7003960d9ee961e55827e21b6f4cb6e090f892dcfb|baseball_mlb|total|2026-07-18T00:40:00Z
2026-07-17T05:00:01Z|1f1dbf5f-59d0-49d6-b024-0aff4a74024f|1857e5791461f302877bf3eb6384f334decd3fe10ca93cf5c7ac9257cec6e89b|baseball_mlb|total|2026-07-18T01:38:00Z
2026-07-17T05:00:01Z|ca559c31-89e4-406a-b6f9-b38431854558|a3509d3ebd702337e9fa121dc59f27e54a73ed5fcd8174e2247398b75b1d4520|baseball_mlb|moneyline|2026-07-18T01:40:00Z
2026-07-17T05:00:01Z|a48646a2-b0f7-4225-bba0-16179bd1e7fc|c63a06bc4b86a73e8e61dded101c84d346833ff51ccccdc4ce33405fee94bdd2|baseball_mlb|total|2026-07-18T01:40:00Z
2026-07-17T05:00:01Z|c24980d6-8fd5-46e9-994e-1481375e5d7a|3b4a633c79132fc16c1c9b0a028801730fc0318e1761e67e8a2a03c39b53b1b9|baseball_mlb|moneyline|2026-07-18T02:10:00Z
2026-07-17T05:30:01Z|12020f8a-f1a4-4c5b-90de-a219291b9116|b3c2cf1c3d94e5db0794b1d460af3e346eb98113767ff9aa7ac88599dca040fc|baseball_mlb|moneyline|2026-07-18T00:10:00Z
2026-07-17T05:30:01Z|065d5577-4e7f-4436-a89e-8f441be3f931|67378fd81f8f9cd43b8da21a02e98158f7699e89f242eb030d3796aafed95450|baseball_mlb|moneyline|2026-07-18T00:40:00Z
2026-07-17T05:30:01Z|b70c96a6-69af-4729-910f-5f51fde08108|068594f7fc951f553ba7c684669750b2321fb3ede162a7da936e33a5397d5508|baseball_mlb|moneyline|2026-07-18T00:10:00Z
2026-07-17T05:30:01Z|a9c8a062-ec46-469b-9a6a-b6ac17d24120|9f1f609065460f39fd3d6df70bf8232e24833edd777a68b37f1fca0b2b98db2a|baseball_mlb|moneyline|2026-07-18T01:38:00Z
2026-07-17T06:30:01Z|1095fd11-f7bf-423f-b00b-6861d6a17c89|100018441c3b8d4a971cf446206c03981f8021683de3d46711fa02c567a83493|baseball_mlb|moneyline|2026-07-18T01:40:00Z
2026-07-17T08:30:01Z|6e044cf0-5632-49a3-9436-2e2bbf09957b|32cf2999b92e302bbccbae9f1c5a204a95c42bb2456e30efaa5c43180991656d|baseball_mlb|spread|2026-07-18T01:40:00Z
2026-07-17T08:30:01Z|62eeeb66-254e-46ad-82b9-be8ae81e6c54|0cb2ca53d9476fdc6a8fb1ca164ea7c8c0379e6b723fc42f2d9e5344917eacea|baseball_mlb|spread|2026-07-18T00:10:00Z
2026-07-17T08:30:01Z|bd1a3365-d675-4210-ade8-4b8a5f3c9164|38b337c61d1c58ebb17019643955d0c26c9ed8bdb57cdeb375fcd90440c7104f|baseball_mlb|spread|2026-07-17T23:15:00Z
2026-07-17T09:30:02Z|7e04bcb4-076b-4c98-a49c-83ea5722a7d6|1615e74f58c732d29eb3682f17afc3f0b7fb0fea766c40e6787f93d7ac78d234|baseball_mlb|spread|2026-07-17T23:10:00Z
2026-07-17T10:00:01Z|66b308ee-2b74-4a3e-b24c-4dd2edb8bbdc|94898ac2432bdfdca4c44bd4c1d4656eb0e0981037f96414852aad7722a988d8|baseball_mlb|total|2026-07-17T23:10:00Z
2026-07-17T10:30:01Z|83f5f992-7786-40f2-9398-0bff2db2a973|7ad59853420850f4304382394101aa1af404de53a9448e9a63c9278956194e33|baseball_mlb|spread|2026-07-17T17:35:00Z
2026-07-17T11:30:02Z|d036f3bc-79e5-44a3-8f86-0c61efca9ae4|bf615618e5f54d6c772340c357efe03009fe175612112ec651dfdc58722d47aa|baseball_mlb|moneyline|2026-07-17T23:10:00Z
2026-07-17T11:30:02Z|394bf016-ce63-4d4e-af57-ea94faccdfec|533ba459a8c9c45ccbb5b3a55c3f1ad696d8f5325fc7c879e177e8c7f4e72b20|baseball_mlb|spread|2026-07-17T23:10:00Z
2026-07-17T11:30:02Z|dd0fe137-83bd-4018-9bc0-72be6ae52d21|d7b1d3c0bdcbfce6c02ba587f076b436964a48a7ccbbd5eaed77a3e6567ad0af|baseball_mlb|spread|2026-07-17T23:15:00Z
2026-07-17T13:30:02Z|d6afc6db-d0c1-4cb5-9f88-24ed99880bae|d590090973b52984d721bced84d3c2a436481ca576ff87a7a0531bfd776c7884|baseball_mlb|spread|2026-07-18T02:10:00Z
2026-07-17T13:30:02Z|20f79772-a836-4929-a3fc-d21cf84fc8dc|108e9e3e8a63846cc4d5d477fd5279c706a129fc075583c8c3440a4caedf232e|baseball_mlb|spread|2026-07-18T00:40:00Z
2026-07-17T13:30:02Z|f332b572-6ce9-4a23-aabc-22137b4cf368|526e99f08374ced6d3cef4c1ca72d43cf713b4a71e59eb5e26d0342310902fea|baseball_mlb|spread|2026-07-18T00:10:00Z
2026-07-17T16:30:01Z|838293f6-b351-4744-a587-7600325ec9fd|f85fa3e785710af6f307b1127c2bac4f2fe0ce34826cbb6d766edc20b166bc85|baseball_mlb|spread|2026-07-17T17:35:00Z
2026-07-17T18:30:01Z|7d4617ce-afaf-4d1b-b08a-13cc655c0b14|685996dd18a1e24da9731320b65ae06e3becfa55a45d758f4a29982fb9ee19a5|baseball_mlb|spread|2026-07-18T19:07:00Z
2026-07-17T18:30:01Z|7eac2b32-38b6-4bbe-8ce8-c0f092f40e15|535e37534a9f03f201f41f0c332d9b4db45c683ce30d6b6d2922a36e923c0b86|baseball_mlb|spread|2026-07-18T18:20:00Z
2026-07-17T18:30:01Z|463bc79b-bdd7-4fe9-964a-79f522bb8ff5|3a031ffeeaf075c25cf3da821f64ee5a3fc85a9874d87dc1ade53e96c315e155|baseball_mlb|spread|2026-07-18T01:40:00Z
2026-07-17T18:30:01Z|be1472d2-3c36-4672-a111-a67d1800e42e|4bb240f9529fe00dec7d613d9187e45ba109385d522d3574e9ed5ccad0d3e228|baseball_mlb|spread|2026-07-18T20:05:00Z
2026-07-17T18:30:01Z|70ade7c2-3806-4b3c-bcd2-7eb9bd623b90|3875e1fe3582515989e36e540c02194ccab883d9eee80184bf98489152531db2|baseball_mlb|spread|2026-07-18T20:10:00Z
2026-07-17T18:30:01Z|32db81b8-60ae-431e-8236-984ea3b270cd|2a21d3ab1fa72f06145cdfb240d74d961aed58edcc8c2f3a9ad2964b8a785fe6|baseball_mlb|spread|2026-07-18T20:10:00Z
2026-07-17T18:30:01Z|95742e62-7eca-4ce0-9435-808fedef5388|cd92016c753a6652c76b3b73e3b42193b25be76733340351655b4339b90f4e80|baseball_mlb|spread|2026-07-18T20:10:00Z
2026-07-17T18:30:01Z|70b570c1-ae68-49f2-9e73-911d32bdc202|c3e678a34033d52f294b3085566588af98503b578509c8cdbcb28c267c3c2ff9|baseball_mlb|spread|2026-07-18T20:10:00Z
2026-07-17T18:30:01Z|d428b7f4-514a-4a23-a145-e1a0ff8d5da4|641d16286acf8c63e638c5d6c803849595fa6c072a6ac6eb90eab2a50ac7284b|baseball_mlb|spread|2026-07-18T20:10:00Z
2026-07-17T18:30:01Z|a15fcbfe-5b1a-4624-ad5e-51f66575c9d1|fb58c6341c8336992497a411688d57bef9c6f3c8d242c0b8f65eaded6be82f88|baseball_mlb|spread|2026-07-18T20:10:00Z
