2026-07-22T00:30:01Z|c7391abb-4ae8-43d2-af52-9ed44bf13793|21b6d0a1ba51c4cda75bb9c2181da96a0556e26110a5cb73b9b9f31de8b7be54|baseball_mlb|moneyline|2026-07-22T17:35:00Z
2026-07-22T01:30:01Z|a7dca74a-8bcb-4992-9c5a-a11692b12021|dcfcd01c42628d83954ae7bb7a561d31f4532ef2451c206e581dfbf5c095e133|baseball_mlb|spread|2026-07-22T19:40:00Z
2026-07-22T01:30:01Z|956eaabb-0503-467b-852e-677efd9acd2a|d6e777e3a07f67ceba8b22f35322ad3066ed914f999b400cf08b0d904fa1d872|baseball_mlb|spread|2026-07-22T18:10:00Z
2026-07-22T02:00:02Z|0db2d004-85b7-4dc6-992a-6a6ee36b7a8d|c5a2469c38f5102a2e8d8cc1ead01b9ea9a6883e48c103bd7e14e1d5f9a3e002|baseball_mlb|spread|2026-07-22T18:10:00Z
2026-07-22T02:30:01Z|3f12af93-a276-414c-a3ec-63994c73016a|bb62cd0f02dbf821eb88823a39307a71d47945dd4c4ccbbc8ca5af3276b60502|baseball_mlb|spread|2026-07-22T22:40:00Z
2026-07-22T03:30:01Z|eb8da4cc-540d-4d6d-bef9-44508dd3d576|707b132d56e3825c01acf63cb21729dc3b07f4619e9c4317d88f04febd554a68|baseball_mlb|spread|2026-07-22T17:35:00Z
2026-07-22T03:30:01Z|2f900d30-d000-4cc2-b5cf-ba0b7ae6348a|859241277cab7dbe125113169bd8516c36fce987bfb9f64d37f1f38e54cf9bf1|baseball_mlb|spread|2026-07-22T23:15:00Z
2026-07-22T03:30:01Z|19fdaa95-abb3-4b18-857d-8e95beb4c367|9fd4551b6783d7e6f4dda32073c430e4a9885afe8b4d0b455c93dba2ea02a0a1|baseball_mlb|spread|2026-07-22T23:07:00Z
2026-07-22T03:30:01Z|5cba57c6-aac2-4d47-865d-668599fc249a|341f605764977531659505ac1c92f580ab1b5ceb96d5a24c83ad9d8db8129519|baseball_mlb|spread|2026-07-22T23:05:00Z
2026-07-22T04:00:01Z|12b18a22-f8d4-4b92-806a-c3eae40d4d29|b52a1bb156bf2ba3d985fe8de9aa457d2ec5d8132cf4efeb5605ebfd083db097|baseball_mlb|total|2026-07-22T23:05:00Z
2026-07-22T04:00:01Z|6fcfb24f-e3b5-43ce-a0cd-ff8025f28ba7|2debfcd84beabe3c0c62faa8f329510d6d09b52a58c2a65ab5436543b0778bf3|baseball_mlb|moneyline|2026-07-22T23:15:00Z
2026-07-22T04:00:01Z|b56f1275-cdab-453d-a8f9-7bf409c42f83|31466623636291ef6fa7548e07b585785f91990e9ea68acc3a52477b5fc11ee8|baseball_mlb|moneyline|2026-07-22T23:07:00Z
2026-07-22T04:30:01Z|2fd59f5b-bec2-4446-8bd2-ef1a749e030f|c1d9229e2e5d37856bb40597840f0e67a365d6183c40ea8bf1a5d429012f3873|baseball_mlb|moneyline|2026-07-22T23:05:00Z
2026-07-22T04:30:01Z|276c32eb-4b13-47fc-b86b-514261e70136|1d8ee5a841ad001c8bfb857600d705893796348304704b4d65ab4d2e07d15e7f|baseball_mlb|spread|2026-07-22T19:10:00Z
2026-07-22T04:30:01Z|c22c4a32-dacd-432a-bddf-b03f5d3fc901|7ad90c293f0db1a35fe96429bf0f1bca8aa56d9cc8b408b0af3019b329b710ef|baseball_mlb|spread|2026-07-23T00:05:00Z
2026-07-22T04:30:01Z|ae9868ac-d605-4da9-b180-63f5b4d27541|9c2c174e6a7b0f395b9f49735371e574503c4e55d61bdc959eb69a62e25c6f1a|baseball_mlb|spread|2026-07-23T00:00:00Z
2026-07-22T05:00:01Z|487322c0-044a-4ec6-8251-158f2866aece|0c09cfb04bef8e5863da2a7947c17560c50978a9df4f39f5fe744e84b1a95ace|baseball_mlb|spread|2026-07-22T19:40:00Z
2026-07-22T05:00:01Z|04f5cef4-3998-46f8-b7d0-8d1387ccbf67|4ba37baabd4d23c21ae172b551adeae58b3cb0191edabc63f17f6067a6ae7a11|baseball_mlb|spread|2026-07-22T20:07:00Z
2026-07-22T05:00:01Z|11e6111f-67f7-4514-bfc1-f1bc3633e025|182327f26cb90602395998bc2fcc0c82392428a7faa23819bfa41cf680826363|baseball_mlb|spread|2026-07-22T23:07:00Z
2026-07-22T05:00:01Z|3d1abc97-3dcf-40dc-92d9-2edc2433fdad|34ee7ab14986638bda0d9c898dd4e2e3712511f2e8b788be144c2e7afe4e9ba9|baseball_mlb|moneyline|2026-07-23T00:10:00Z
2026-07-22T05:00:01Z|f2656d31-6470-4fcb-93d0-6a9299212947|c8d553acf55104eaa7bf99d299b2140dbe84547c370918be11c31f986f79c248|baseball_mlb|total|2026-07-23T00:05:00Z
2026-07-22T05:00:01Z|46fb4027-03b2-4cb8-91a7-a373316d26c5|b39f4903085c2faeb7556ff9d76df25e9efea91bc567c2490b311e588bc70a76|baseball_mlb|moneyline|2026-07-23T00:00:00Z
2026-07-22T05:00:01Z|375ebb0e-2b0f-49e7-ab7e-197f18feaedb|c9dc923839f2e7a060a1449c724aedad5819a82e1d2ee83c588012b3f2e65890|baseball_mlb|spread|2026-07-22T22:40:00Z
2026-07-22T05:30:01Z|98c4d654-6e0c-4bf2-a881-3d782bb3ea71|bc6ba6b1c76e7396b9879195cbc455d1503bc0900fc49378544fdbd019b12514|baseball_mlb|moneyline|2026-07-23T00:05:00Z
2026-07-22T05:30:01Z|b712ce88-e4f1-4646-b31c-6b0d383389c8|ee890e6f7024afa8e9ff75cac96e046c9bedcce67526e875f644e9ef9e7adc1e|baseball_mlb|spread|2026-07-22T18:10:00Z
2026-07-22T05:30:01Z|e3c824ed-4cad-4e1d-8279-74fd19767aad|da8c647d6cf5b20b8f4fbb4001ba5793d98aea1a584777c3c29a23e7f52783fa|baseball_mlb|spread|2026-07-22T19:40:00Z
2026-07-22T06:30:01Z|835795d2-a506-41ee-b08f-5a5482003d17|6df9131e9fc1a1d38622839875870d88dc3b2dc106baf210b01cfc4d5bf5c298|baseball_mlb|spread|2026-07-23T00:10:00Z
2026-07-22T06:30:01Z|2acbf28b-66bb-4f47-abbb-af5a30ccad72|2cbe7b89a56eeac27870bd890098ea0e50655194b2b954d779d38934e7aabfc8|baseball_mlb|spread|2026-07-22T23:15:00Z
2026-07-22T06:30:01Z|1c6e5f45-7710-4d35-a0ea-db68a5b2972f|096194c6ad2020897ae150ce6ac30e006f4a837d1e231b3927d6db4baa84b6b0|baseball_mlb|spread|2026-07-22T18:10:00Z
2026-07-22T07:30:02Z|8c9390d7-dec8-4eaf-8aff-a95ffc0fdc74|65352c1b438bafc58e2b18440d5dc612707310d786d9efb16b0d8105643a986c|baseball_mlb|spread|2026-07-22T22:40:00Z
2026-07-22T08:30:01Z|ff559219-c0af-4fb3-b0d9-e7630e91bf23|88366f18d505e426185fadb2a9a76b9e93efa97fe732f7d14dd6fb8eb6a8e809|baseball_mlb|spread|2026-07-22T22:40:00Z
2026-07-22T08:30:01Z|23f5cddc-5917-465e-bf9b-293a4b43be4a|e7a4f67911e12900d55e0a3a49196b3c76fd29f1c71f38e4d8f21cfe8c9f0ace|baseball_mlb|spread|2026-07-22T23:07:00Z
2026-07-22T08:30:01Z|24e83c20-0400-46ee-9f98-39064316fe9c|c2f0c892d3a73de0321871ef94b33e68adccf5d29433071d57573081cde8f1dc|baseball_mlb|spread|2026-07-23T00:00:00Z
2026-07-22T08:30:01Z|bafb3ddb-e458-463e-8a8b-988ac0f3775e|03a62c670e554fa38041abaedd86c9a6f1d3a6d52a53a9734fe9c1117287062c|baseball_mlb|spread|2026-07-23T00:05:00Z
2026-07-22T09:00:02Z|260b067d-5eb4-4262-8b5b-f3fa08d8a16a|fab313800eebc75673643834eb88f26f33ced642d59cd44a93adc77ced4b482e|baseball_mlb|spread|2026-07-22T20:07:00Z
2026-07-22T09:00:02Z|d31faf59-908b-4dbb-8cf0-af3d4eaa6a78|5d03cb6405eef785eaf182184325de5a42d31c1c3edff35b373a8bc4ff8b5358|baseball_mlb|spread|2026-07-22T19:40:00Z
2026-07-22T09:30:01Z|f736ab7d-4885-456c-bc85-2a018b3a0702|714265f86b12f38fdf1bb23fb488f8c2b5f0f4319dd0040ece8e9421f832c976|baseball_mlb|spread|2026-07-23T00:10:00Z
2026-07-22T09:30:01Z|90053970-ccda-4cf7-b7b6-dc67d1bbb6f2|6f2d31f0be4d7d4d819e8b6210be558d021afa5e286f6d8ad8c912c73dca32cc|baseball_mlb|spread|2026-07-22T19:10:00Z
2026-07-22T10:00:01Z|d062e773-de67-44ee-8aaa-aeca40f0553b|392155be16958238bdd070a11fd739912b2e8346ec5720cebd0460e88f158f53|baseball_mlb|spread|2026-07-22T17:35:00Z
2026-07-22T10:30:01Z|279e6ad7-3164-4dab-938f-7ae5415c50f5|7fd56128cdbcde5d4562ce193fe85fb7fd1641b55a0bd40a978d6193ecbf3615|baseball_mlb|spread|2026-07-22T23:15:00Z
2026-07-22T12:30:01Z|046f438e-1c46-4bda-b494-df80e6fe0572|d37ab61c24abf949f74529a44dd8b6aacb29878632cc3f783f50b76b97e6634b|baseball_mlb|spread|2026-07-22T17:35:00Z
2026-07-22T12:30:01Z|e9b645a7-90d2-4d52-8ba5-7c38ec43d6a4|efb54ecd9293b18531717c18cda6d48c42abd07637b84ef45d82297aa0860bd2|baseball_mlb|spread|2026-07-22T23:07:00Z
2026-07-22T12:30:01Z|549716ac-9259-4479-a241-fedda394b017|0ecc2ee66fd58243aa1efcb5bc8e8080e99a01d62aea637ebb51e8b381f422c2|baseball_mlb|spread|2026-07-22T22:40:00Z
2026-07-22T13:00:01Z|ee1f4c35-13a7-4610-886f-64c491f46771|f9e8d6dacb8ae1aa22fc143ff2cfd07c32f86e81cdbccbba69ac2d0252395bbb|baseball_mlb|spread|2026-07-22T23:10:00Z
2026-07-22T13:00:01Z|73dad141-1e6e-4a05-993e-5873f439c6bf|b20d5c159289f7c0e232bd963b647167214e851889957f97152aa79e136ad55b|baseball_mlb|spread|2026-07-22T23:05:00Z
2026-07-22T13:30:01Z|7cb7ebc3-22d7-4133-aecc-44d8bb05e22b|ad5c89fcd4227bcb65c47b28eb6f40cbfed8cff424e5f479fdd99fadd0c4e908|baseball_mlb|spread|2026-07-22T19:10:00Z
2026-07-22T14:30:01Z|d21d9129-1fe3-4ae0-ae54-ee723e407710|477e8f1ccafb0cf203fe8f2070ff0b157151daaf1c0216bd856e84333e4c23a8|baseball_mlb|spread|2026-07-22T20:07:00Z
2026-07-22T15:30:02Z|e58aca95-5fbc-4383-abfd-15ee16bbc03d|ac9671a1bcac6c10ee7e345f1452da47fc9eed648f99cc150865fde4ff638e90|baseball_mlb|spread|2026-07-22T19:40:00Z
